[ 2016-07-21T09:39:26+08:00 ] 127.0.0.1 /index.php/Home/index/register.html
INFO: [ app_begin ] --START--
INFO: Run Behavior\ReadHtmlCacheBehavior [ RunTime:0.000000s ]
INFO: [ app_begin ] --END-- [ RunTime:0.001000s ]
SQL: SHOW COLUMNS FROM `jsb_user` [ RunTime:0.0020s ]
NOTIC: [8] Use of undefined constant IS_AjAX - assumed 'IS_AjAX' D:\xampps\jsb\Application\Home\Controller\IndexController.class.php 第 45 行.
SQL: SELECT * FROM `jsb_user` WHERE `username` = '' LIMIT 1   [ RunTime:0.0000s ]

[ 2016-07-21T09:39:27+08:00 ] 127.0.0.1 /index.php/Home/index/register.html
INFO: [ app_begin ] --START--
INFO: Run Behavior\ReadHtmlCacheBehavior [ RunTime:0.000000s ]
INFO: [ app_begin ] --END-- [ RunTime:0.001000s ]
SQL: SHOW COLUMNS FROM `jsb_user` [ RunTime:0.0000s ]
NOTIC: [8] Use of undefined constant IS_AjAX - assumed 'IS_AjAX' D:\xampps\jsb\Application\Home\Controller\IndexController.class.php 第 45 行.
SQL: SELECT * FROM `jsb_user` WHERE `username` = '' LIMIT 1   [ RunTime:0.0000s ]

[ 2016-07-21T09:39:27+08:00 ] 127.0.0.1 /index.php/Home/index/register.html
INFO: [ app_begin ] --START--
INFO: Run Behavior\ReadHtmlCacheBehavior [ RunTime:0.000000s ]
INFO: [ app_begin ] --END-- [ RunTime:0.001000s ]
SQL: SHOW COLUMNS FROM `jsb_user` [ RunTime:0.0020s ]
NOTIC: [8] Use of undefined constant IS_AjAX - assumed 'IS_AjAX' D:\xampps\jsb\Application\Home\Controller\IndexController.class.php 第 45 行.
SQL: SELECT * FROM `jsb_user` WHERE `username` = '' LIMIT 1   [ RunTime:0.0000s ]

[ 2016-07-21T09:39:27+08:00 ] 127.0.0.1 /index.php/Home/index/register.html
INFO: [ app_begin ] --START--
INFO: Run Behavior\ReadHtmlCacheBehavior [ RunTime:0.001000s ]
INFO: [ app_begin ] --END-- [ RunTime:0.001000s ]
SQL: SHOW COLUMNS FROM `jsb_user` [ RunTime:0.0020s ]
NOTIC: [8] Use of undefined constant IS_AjAX - assumed 'IS_AjAX' D:\xampps\jsb\Application\Home\Controller\IndexController.class.php 第 45 行.
SQL: SELECT * FROM `jsb_user` WHERE `username` = '' LIMIT 1   [ RunTime:0.0000s ]

[ 2016-07-21T09:39:27+08:00 ] 127.0.0.1 /index.php/Home/index/register.html
INFO: [ app_begin ] --START--
INFO: Run Behavior\ReadHtmlCacheBehavior [ RunTime:0.000000s ]
INFO: [ app_begin ] --END-- [ RunTime:0.000000s ]
SQL: SHOW COLUMNS FROM `jsb_user` [ RunTime:0.0000s ]
NOTIC: [8] Use of undefined constant IS_AjAX - assumed 'IS_AjAX' D:\xampps\jsb\Application\Home\Controller\IndexController.class.php 第 45 行.
SQL: SELECT * FROM `jsb_user` WHERE `username` = '' LIMIT 1   [ RunTime:0.0000s ]

[ 2016-07-21T09:39:27+08:00 ] 127.0.0.1 /index.php/Home/index/register.html
INFO: [ app_begin ] --START--
INFO: Run Behavior\ReadHtmlCacheBehavior [ RunTime:0.001000s ]
INFO: [ app_begin ] --END-- [ RunTime:0.001000s ]
SQL: SHOW COLUMNS FROM `jsb_user` [ RunTime:0.0020s ]
NOTIC: [8] Use of undefined constant IS_AjAX - assumed 'IS_AjAX' D:\xampps\jsb\Application\Home\Controller\IndexController.class.php 第 45 行.
SQL: SELECT * FROM `jsb_user` WHERE `username` = '' LIMIT 1   [ RunTime:0.0000s ]

[ 2016-07-21T09:39:27+08:00 ] 127.0.0.1 /index.php/Home/index/register.html
INFO: [ app_begin ] --START--
INFO: Run Behavior\ReadHtmlCacheBehavior [ RunTime:0.001000s ]
INFO: [ app_begin ] --END-- [ RunTime:0.001000s ]
SQL: SHOW COLUMNS FROM `jsb_user` [ RunTime:0.0020s ]
NOTIC: [8] Use of undefined constant IS_AjAX - assumed 'IS_AjAX' D:\xampps\jsb\Application\Home\Controller\IndexController.class.php 第 45 行.
SQL: SELECT * FROM `jsb_user` WHERE `username` = '' LIMIT 1   [ RunTime:0.0000s ]

[ 2016-07-21T09:39:34+08:00 ] 127.0.0.1 /index.php/Home/index/verify.html
INFO: [ app_begin ] --START--
INFO: Run Behavior\ReadHtmlCacheBehavior [ RunTime:0.001000s ]
INFO: [ app_begin ] --END-- [ RunTime:0.001000s ]
SQL: SHOW COLUMNS FROM `jsb_user` [ RunTime:0.0020s ]
INFO: [ app_end ] --START--
INFO: Run Behavior\ShowPageTraceBehavior [ RunTime:0.001000s ]
INFO: [ app_end ] --END-- [ RunTime:0.001000s ]

[ 2016-07-21T09:39:45+08:00 ] 127.0.0.1 /index.php/Home/index/register.html
INFO: [ app_begin ] --START--
INFO: Run Behavior\ReadHtmlCacheBehavior [ RunTime:0.000000s ]
INFO: [ app_begin ] --END-- [ RunTime:0.001000s ]
SQL: SHOW COLUMNS FROM `jsb_user` [ RunTime:0.0020s ]
NOTIC: [8] Use of undefined constant IS_AjAX - assumed 'IS_AjAX' D:\xampps\jsb\Application\Home\Controller\IndexController.class.php 第 45 行.
SQL: SELECT * FROM `jsb_user` WHERE `username` = '' LIMIT 1   [ RunTime:0.0000s ]

[ 2016-07-21T09:39:45+08:00 ] 127.0.0.1 /index.php/Home/index/register.html
INFO: [ app_begin ] --START--
INFO: Run Behavior\ReadHtmlCacheBehavior [ RunTime:0.001001s ]
INFO: [ app_begin ] --END-- [ RunTime:0.001001s ]
SQL: SHOW COLUMNS FROM `jsb_user` [ RunTime:0.0020s ]
NOTIC: [8] Use of undefined constant IS_AjAX - assumed 'IS_AjAX' D:\xampps\jsb\Application\Home\Controller\IndexController.class.php 第 45 行.
SQL: SELECT * FROM `jsb_user` WHERE `username` = '' LIMIT 1   [ RunTime:0.0000s ]

[ 2016-07-21T09:39:45+08:00 ] 127.0.0.1 /index.php/Home/index/register.html
INFO: [ app_begin ] --START--
INFO: Run Behavior\ReadHtmlCacheBehavior [ RunTime:0.000000s ]
INFO: [ app_begin ] --END-- [ RunTime:0.000000s ]
SQL: SHOW COLUMNS FROM `jsb_user` [ RunTime:0.0030s ]
NOTIC: [8] Use of undefined constant IS_AjAX - assumed 'IS_AjAX' D:\xampps\jsb\Application\Home\Controller\IndexController.class.php 第 45 行.
SQL: SELECT * FROM `jsb_user` WHERE `username` = '' LIMIT 1   [ RunTime:0.0000s ]

[ 2016-07-21T09:39:45+08:00 ] 127.0.0.1 /index.php/Home/index/register.html
INFO: [ app_begin ] --START--
INFO: Run Behavior\ReadHtmlCacheBehavior [ RunTime:0.001000s ]
INFO: [ app_begin ] --END-- [ RunTime:0.001000s ]
SQL: SHOW COLUMNS FROM `jsb_user` [ RunTime:0.0020s ]
NOTIC: [8] Use of undefined constant IS_AjAX - assumed 'IS_AjAX' D:\xampps\jsb\Application\Home\Controller\IndexController.class.php 第 45 行.
SQL: SELECT * FROM `jsb_user` WHERE `username` = '' LIMIT 1   [ RunTime:0.0000s ]

[ 2016-07-21T09:39:45+08:00 ] 127.0.0.1 /index.php/Home/index/register.html
INFO: [ app_begin ] --START--
INFO: Run Behavior\ReadHtmlCacheBehavior [ RunTime:0.000000s ]
INFO: [ app_begin ] --END-- [ RunTime:0.000000s ]
SQL: SHOW COLUMNS FROM `jsb_user` [ RunTime:0.0020s ]
NOTIC: [8] Use of undefined constant IS_AjAX - assumed 'IS_AjAX' D:\xampps\jsb\Application\Home\Controller\IndexController.class.php 第 45 行.
SQL: SELECT * FROM `jsb_user` WHERE `username` = '' LIMIT 1   [ RunTime:0.0000s ]

[ 2016-07-21T09:39:45+08:00 ] 127.0.0.1 /index.php/Home/index/register.html
INFO: [ app_begin ] --START--
INFO: Run Behavior\ReadHtmlCacheBehavior [ RunTime:0.000000s ]
INFO: [ app_begin ] --END-- [ RunTime:0.000000s ]
SQL: SHOW COLUMNS FROM `jsb_user` [ RunTime:0.0020s ]
NOTIC: [8] Use of undefined constant IS_AjAX - assumed 'IS_AjAX' D:\xampps\jsb\Application\Home\Controller\IndexController.class.php 第 45 行.
SQL: SELECT * FROM `jsb_user` WHERE `username` = '' LIMIT 1   [ RunTime:0.0000s ]

[ 2016-07-21T09:39:52+08:00 ] 127.0.0.1 /index.php/Home/index/verify.html
INFO: [ app_begin ] --START--
INFO: Run Behavior\ReadHtmlCacheBehavior [ RunTime:0.001000s ]
INFO: [ app_begin ] --END-- [ RunTime:0.001000s ]
SQL: SHOW COLUMNS FROM `jsb_user` [ RunTime:0.0020s ]
INFO: [ app_end ] --START--
INFO: Run Behavior\ShowPageTraceBehavior [ RunTime:0.000000s ]
INFO: [ app_end ] --END-- [ RunTime:0.000000s ]

[ 2016-07-21T09:40:25+08:00 ] 127.0.0.1 /index.php/Home/index/namerepeat.html
INFO: [ app_begin ] --START--
INFO: Run Behavior\ReadHtmlCacheBehavior [ RunTime:0.000000s ]
INFO: [ app_begin ] --END-- [ RunTime:0.001000s ]
SQL: SHOW COLUMNS FROM `jsb_user` [ RunTime:0.0020s ]
SQL: SELECT * FROM `jsb_user` WHERE `username` = '123123' LIMIT 1   [ RunTime:0.0000s ]

[ 2016-07-21T09:40:25+08:00 ] 127.0.0.1 /index.php/Home/index/namerepeat.html
INFO: [ app_begin ] --START--
INFO: Run Behavior\ReadHtmlCacheBehavior [ RunTime:0.000000s ]
INFO: [ app_begin ] --END-- [ RunTime:0.000000s ]
SQL: SHOW COLUMNS FROM `jsb_user` [ RunTime:0.0020s ]
SQL: SELECT * FROM `jsb_user` WHERE `username` = '123123' LIMIT 1   [ RunTime:0.0000s ]

[ 2016-07-21T09:40:25+08:00 ] 127.0.0.1 /index.php/Home/index/namerepeat.html
INFO: [ app_begin ] --START--
INFO: Run Behavior\ReadHtmlCacheBehavior [ RunTime:0.000000s ]
INFO: [ app_begin ] --END-- [ RunTime:0.000000s ]
SQL: SHOW COLUMNS FROM `jsb_user` [ RunTime:0.0010s ]
SQL: SELECT * FROM `jsb_user` WHERE `username` = '123123' LIMIT 1   [ RunTime:0.0000s ]

[ 2016-07-21T09:40:29+08:00 ] 127.0.0.1 /index.php/Home/index/register.html
INFO: [ app_begin ] --START--
INFO: Run Behavior\ReadHtmlCacheBehavior [ RunTime:0.001000s ]
INFO: [ app_begin ] --END-- [ RunTime:0.001000s ]
SQL: SHOW COLUMNS FROM `jsb_user` [ RunTime:0.0020s ]
NOTIC: [8] Use of undefined constant IS_AjAX - assumed 'IS_AjAX' D:\xampps\jsb\Application\Home\Controller\IndexController.class.php 第 45 行.
SQL: SELECT * FROM `jsb_user` WHERE `username` = '123123' LIMIT 1   [ RunTime:0.0000s ]
SQL: INSERT INTO `jsb_user` (`username`,`password`,`rand_code`) VALUES ('123123','ff0ad246f4fce84436a0a6daa621e13f','V5AHKU') [ RunTime:0.0040s ]
NOTIC: [8] Undefined variable: dataReturn D:\xampps\jsb\Application\Home\Controller\IndexController.class.php 第 58 行.

[ 2016-07-21T09:41:17+08:00 ] 127.0.0.1 /index.php/Home/index/namerepeat.html
INFO: [ app_begin ] --START--
INFO: Run Behavior\ReadHtmlCacheBehavior [ RunTime:0.000000s ]
INFO: [ app_begin ] --END-- [ RunTime:0.001000s ]
SQL: SHOW COLUMNS FROM `jsb_user` [ RunTime:0.0010s ]
SQL: SELECT * FROM `jsb_user` WHERE `username` = '123123' LIMIT 1   [ RunTime:0.0000s ]

[ 2016-07-21T09:41:17+08:00 ] 127.0.0.1 /index.php/Home/index/namerepeat.html
INFO: [ app_begin ] --START--
INFO: Run Behavior\ReadHtmlCacheBehavior [ RunTime:0.000000s ]
INFO: [ app_begin ] --END-- [ RunTime:0.000000s ]
SQL: SHOW COLUMNS FROM `jsb_user` [ RunTime:0.0020s ]
SQL: SELECT * FROM `jsb_user` WHERE `username` = '123123' LIMIT 1   [ RunTime:0.0010s ]

[ 2016-07-21T09:41:17+08:00 ] 127.0.0.1 /index.php/Home/index/namerepeat.html
INFO: [ app_begin ] --START--
INFO: Run Behavior\ReadHtmlCacheBehavior [ RunTime:0.001000s ]
INFO: [ app_begin ] --END-- [ RunTime:0.001000s ]
SQL: SHOW COLUMNS FROM `jsb_user` [ RunTime:0.0010s ]
SQL: SELECT * FROM `jsb_user` WHERE `username` = '123123' LIMIT 1   [ RunTime:0.0000s ]

[ 2016-07-21T09:41:20+08:00 ] 127.0.0.1 /index.php/Home/index/register.html
INFO: [ app_begin ] --START--
INFO: Run Behavior\ReadHtmlCacheBehavior [ RunTime:0.001000s ]
INFO: [ app_begin ] --END-- [ RunTime:0.001000s ]
SQL: SHOW COLUMNS FROM `jsb_user` [ RunTime:0.0020s ]
NOTIC: [8] Use of undefined constant IS_AjAX - assumed 'IS_AjAX' D:\xampps\jsb\Application\Home\Controller\IndexController.class.php 第 45 行.
SQL: SELECT * FROM `jsb_user` WHERE `username` = '123123' LIMIT 1   [ RunTime:0.0000s ]

[ 2016-07-21T09:41:39+08:00 ] 127.0.0.1 /index.php/Home/index/namerepeat.html
INFO: [ app_begin ] --START--
INFO: Run Behavior\ReadHtmlCacheBehavior [ RunTime:0.001000s ]
INFO: [ app_begin ] --END-- [ RunTime:0.001000s ]
SQL: SHOW COLUMNS FROM `jsb_user` [ RunTime:0.0020s ]
SQL: SELECT * FROM `jsb_user` WHERE `username` = '123123' LIMIT 1   [ RunTime:0.0000s ]

[ 2016-07-21T09:41:39+08:00 ] 127.0.0.1 /index.php/Home/index/namerepeat.html
INFO: [ app_begin ] --START--
INFO: Run Behavior\ReadHtmlCacheBehavior [ RunTime:0.000000s ]
INFO: [ app_begin ] --END-- [ RunTime:0.001000s ]
SQL: SHOW COLUMNS FROM `jsb_user` [ RunTime:0.0020s ]
SQL: SELECT * FROM `jsb_user` WHERE `username` = '123123' LIMIT 1   [ RunTime:0.0000s ]

[ 2016-07-21T09:41:39+08:00 ] 127.0.0.1 /index.php/Home/index/namerepeat.html
INFO: [ app_begin ] --START--
INFO: Run Behavior\ReadHtmlCacheBehavior [ RunTime:0.001000s ]
INFO: [ app_begin ] --END-- [ RunTime:0.001000s ]
SQL: SHOW COLUMNS FROM `jsb_user` [ RunTime:0.0020s ]
SQL: SELECT * FROM `jsb_user` WHERE `username` = '123123' LIMIT 1   [ RunTime:0.0010s ]

[ 2016-07-21T09:41:43+08:00 ] 127.0.0.1 /index.php/Home/index/register.html
INFO: [ app_begin ] --START--
INFO: Run Behavior\ReadHtmlCacheBehavior [ RunTime:0.000000s ]
INFO: [ app_begin ] --END-- [ RunTime:0.000000s ]
SQL: SHOW COLUMNS FROM `jsb_user` [ RunTime:0.0030s ]
NOTIC: [8] Use of undefined constant IS_AjAX - assumed 'IS_AjAX' D:\xampps\jsb\Application\Home\Controller\IndexController.class.php 第 45 行.
SQL: SELECT * FROM `jsb_user` WHERE `username` = '123123' LIMIT 1   [ RunTime:0.0000s ]

[ 2016-07-21T09:42:58+08:00 ] 127.0.0.1 /index.php/Home/index/namerepeat.html
INFO: [ app_begin ] --START--
INFO: Run Behavior\ReadHtmlCacheBehavior [ RunTime:0.000000s ]
INFO: [ app_begin ] --END-- [ RunTime:0.000000s ]
SQL: SHOW COLUMNS FROM `jsb_user` [ RunTime:0.0020s ]
SQL: SELECT * FROM `jsb_user` WHERE `username` = '123123' LIMIT 1   [ RunTime:0.0000s ]

[ 2016-07-21T09:42:58+08:00 ] 127.0.0.1 /index.php/Home/index/namerepeat.html
INFO: [ app_begin ] --START--
INFO: Run Behavior\ReadHtmlCacheBehavior [ RunTime:0.001000s ]
INFO: [ app_begin ] --END-- [ RunTime:0.001000s ]
SQL: SHOW COLUMNS FROM `jsb_user` [ RunTime:0.0020s ]
SQL: SELECT * FROM `jsb_user` WHERE `username` = '123123' LIMIT 1   [ RunTime:0.0000s ]

[ 2016-07-21T09:42:58+08:00 ] 127.0.0.1 /index.php/Home/index/namerepeat.html
INFO: [ app_begin ] --START--
INFO: Run Behavior\ReadHtmlCacheBehavior [ RunTime:0.000000s ]
INFO: [ app_begin ] --END-- [ RunTime:0.001000s ]
SQL: SHOW COLUMNS FROM `jsb_user` [ RunTime:0.0020s ]
SQL: SELECT * FROM `jsb_user` WHERE `username` = '123123' LIMIT 1   [ RunTime:0.0000s ]

[ 2016-07-21T09:43:05+08:00 ] 127.0.0.1 /index.php/Home/index/register.html
INFO: [ app_begin ] --START--
INFO: Run Behavior\ReadHtmlCacheBehavior [ RunTime:0.001000s ]
INFO: [ app_begin ] --END-- [ RunTime:0.001000s ]
SQL: SHOW COLUMNS FROM `jsb_user` [ RunTime:0.0020s ]
NOTIC: [8] Use of undefined constant IS_AjAX - assumed 'IS_AjAX' D:\xampps\jsb\Application\Home\Controller\IndexController.class.php 第 45 行.
SQL: SELECT * FROM `jsb_user` WHERE `username` = '' LIMIT 1   [ RunTime:0.0000s ]
SQL: INSERT INTO `jsb_user` (`username`,`password`,`rand_code`) VALUES ('','ebed7c275173550a1e8c1221540df5f2','HJT4PA') [ RunTime:0.0040s ]
NOTIC: [8] Undefined variable: dataReturn D:\xampps\jsb\Application\Home\Controller\IndexController.class.php 第 58 行.

[ 2016-07-21T09:43:11+08:00 ] 127.0.0.1 /index.php/Home/index/namerepeat.html
INFO: [ app_begin ] --START--
INFO: Run Behavior\ReadHtmlCacheBehavior [ RunTime:0.000000s ]
INFO: [ app_begin ] --END-- [ RunTime:0.000000s ]
SQL: SHOW COLUMNS FROM `jsb_user` [ RunTime:0.0020s ]
SQL: SELECT * FROM `jsb_user` WHERE `username` = '123123' LIMIT 1   [ RunTime:0.0000s ]

[ 2016-07-21T09:43:22+08:00 ] 127.0.0.1 /index.php/Home/index/register.html
INFO: [ app_begin ] --START--
INFO: Run Behavior\ReadHtmlCacheBehavior [ RunTime:0.001000s ]
INFO: [ app_begin ] --END-- [ RunTime:0.001000s ]
SQL: SHOW COLUMNS FROM `jsb_user` [ RunTime:0.0030s ]
NOTIC: [8] Use of undefined constant IS_AjAX - assumed 'IS_AjAX' D:\xampps\jsb\Application\Home\Controller\IndexController.class.php 第 45 行.
SQL: SELECT * FROM `jsb_user` WHERE `username` = '123123' LIMIT 1   [ RunTime:0.0000s ]

[ 2016-07-21T09:43:40+08:00 ] 127.0.0.1 /index.php/Home/index/namerepeat.html
INFO: [ app_begin ] --START--
INFO: Run Behavior\ReadHtmlCacheBehavior [ RunTime:0.001000s ]
INFO: [ app_begin ] --END-- [ RunTime:0.001000s ]
SQL: SHOW COLUMNS FROM `jsb_user` [ RunTime:0.0020s ]
SQL: SELECT * FROM `jsb_user` WHERE `username` = '123456' LIMIT 1   [ RunTime:0.0000s ]

[ 2016-07-21T09:43:40+08:00 ] 127.0.0.1 /index.php/Home/index/namerepeat.html
INFO: [ app_begin ] --START--
INFO: Run Behavior\ReadHtmlCacheBehavior [ RunTime:0.001000s ]
INFO: [ app_begin ] --END-- [ RunTime:0.001000s ]
SQL: SHOW COLUMNS FROM `jsb_user` [ RunTime:0.0020s ]
SQL: SELECT * FROM `jsb_user` WHERE `username` = '123456' LIMIT 1   [ RunTime:0.0000s ]

[ 2016-07-21T09:45:01+08:00 ] 127.0.0.1 /index.php/Home/index/namerepeat.html
INFO: [ app_begin ] --START--
INFO: Run Behavior\ReadHtmlCacheBehavior [ RunTime:0.000000s ]
INFO: [ app_begin ] --END-- [ RunTime:0.000000s ]
SQL: SHOW COLUMNS FROM `jsb_user` [ RunTime:0.0020s ]
SQL: SELECT * FROM `jsb_user` WHERE `username` = '123123' LIMIT 1   [ RunTime:0.0000s ]

[ 2016-07-21T09:45:01+08:00 ] 127.0.0.1 /index.php/Home/index/namerepeat.html
INFO: [ app_begin ] --START--
INFO: Run Behavior\ReadHtmlCacheBehavior [ RunTime:0.000000s ]
INFO: [ app_begin ] --END-- [ RunTime:0.000000s ]
SQL: SHOW COLUMNS FROM `jsb_user` [ RunTime:0.0020s ]
SQL: SELECT * FROM `jsb_user` WHERE `username` = '123123' LIMIT 1   [ RunTime:0.0010s ]

[ 2016-07-21T09:45:01+08:00 ] 127.0.0.1 /index.php/Home/index/namerepeat.html
INFO: [ app_begin ] --START--
INFO: Run Behavior\ReadHtmlCacheBehavior [ RunTime:0.001000s ]
INFO: [ app_begin ] --END-- [ RunTime:0.001000s ]
SQL: SHOW COLUMNS FROM `jsb_user` [ RunTime:0.0020s ]
SQL: SELECT * FROM `jsb_user` WHERE `username` = '123123' LIMIT 1   [ RunTime:0.0010s ]

[ 2016-07-21T09:45:08+08:00 ] 127.0.0.1 /index.php/Home/index/namerepeat.html
INFO: [ app_begin ] --START--
INFO: Run Behavior\ReadHtmlCacheBehavior [ RunTime:0.000000s ]
INFO: [ app_begin ] --END-- [ RunTime:0.000000s ]
SQL: SHOW COLUMNS FROM `jsb_user` [ RunTime:0.0020s ]
SQL: SELECT * FROM `jsb_user` WHERE `username` = '1231231' LIMIT 1   [ RunTime:0.0000s ]
NOTIC: [8] Undefined variable: dataReturn D:\xampps\jsb\Application\Home\Controller\IndexController.class.php 第 69 行.

[ 2016-07-21T09:45:20+08:00 ] 127.0.0.1 /index.php/Home/index/namerepeat.html
INFO: [ app_begin ] --START--
INFO: Run Behavior\ReadHtmlCacheBehavior [ RunTime:0.010000s ]
INFO: [ app_begin ] --END-- [ RunTime:0.010000s ]
SQL: SHOW COLUMNS FROM `jsb_user` [ RunTime:0.0020s ]
SQL: SELECT * FROM `jsb_user` WHERE `username` = '123123' LIMIT 1   [ RunTime:0.0000s ]

[ 2016-07-21T09:45:20+08:00 ] 127.0.0.1 /index.php/Home/index/namerepeat.html
INFO: [ app_begin ] --START--
INFO: Run Behavior\ReadHtmlCacheBehavior [ RunTime:0.001000s ]
INFO: [ app_begin ] --END-- [ RunTime:0.001000s ]
SQL: SHOW COLUMNS FROM `jsb_user` [ RunTime:0.0020s ]
SQL: SELECT * FROM `jsb_user` WHERE `username` = '1231231' LIMIT 1   [ RunTime:0.0000s ]
NOTIC: [8] Undefined variable: dataReturn D:\xampps\jsb\Application\Home\Controller\IndexController.class.php 第 69 行.

[ 2016-07-21T09:45:21+08:00 ] 127.0.0.1 /index.php/Home/index/namerepeat.html
INFO: [ app_begin ] --START--
INFO: Run Behavior\ReadHtmlCacheBehavior [ RunTime:0.000000s ]
INFO: [ app_begin ] --END-- [ RunTime:0.000000s ]
SQL: SHOW COLUMNS FROM `jsb_user` [ RunTime:0.0020s ]
SQL: SELECT * FROM `jsb_user` WHERE `username` = '12312311' LIMIT 1   [ RunTime:0.0000s ]
NOTIC: [8] Undefined variable: dataReturn D:\xampps\jsb\Application\Home\Controller\IndexController.class.php 第 69 行.

[ 2016-07-21T09:45:21+08:00 ] 127.0.0.1 /index.php/Home/index/namerepeat.html
INFO: [ app_begin ] --START--
INFO: Run Behavior\ReadHtmlCacheBehavior [ RunTime:0.000000s ]
INFO: [ app_begin ] --END-- [ RunTime:0.001000s ]
SQL: SHOW COLUMNS FROM `jsb_user` [ RunTime:0.0020s ]
SQL: SELECT * FROM `jsb_user` WHERE `username` = '123123111' LIMIT 1   [ RunTime:0.0000s ]
NOTIC: [8] Undefined variable: dataReturn D:\xampps\jsb\Application\Home\Controller\IndexController.class.php 第 69 行.

[ 2016-07-21T09:45:21+08:00 ] 127.0.0.1 /index.php/Home/index/namerepeat.html
INFO: [ app_begin ] --START--
INFO: Run Behavior\ReadHtmlCacheBehavior [ RunTime:0.001000s ]
INFO: [ app_begin ] --END-- [ RunTime:0.001000s ]
SQL: SHOW COLUMNS FROM `jsb_user` [ RunTime:0.0020s ]
SQL: SELECT * FROM `jsb_user` WHERE `username` = '1231231111' LIMIT 1   [ RunTime:0.0000s ]
NOTIC: [8] Undefined variable: dataReturn D:\xampps\jsb\Application\Home\Controller\IndexController.class.php 第 69 行.

[ 2016-07-21T09:45:22+08:00 ] 127.0.0.1 /index.php/Home/index/namerepeat.html
INFO: [ app_begin ] --START--
INFO: Run Behavior\ReadHtmlCacheBehavior [ RunTime:0.001000s ]
INFO: [ app_begin ] --END-- [ RunTime:0.001000s ]
SQL: SHOW COLUMNS FROM `jsb_user` [ RunTime:0.0020s ]
SQL: SELECT * FROM `jsb_user` WHERE `username` = '12312311111' LIMIT 1   [ RunTime:0.0000s ]
NOTIC: [8] Undefined variable: dataReturn D:\xampps\jsb\Application\Home\Controller\IndexController.class.php 第 69 行.

[ 2016-07-21T09:45:22+08:00 ] 127.0.0.1 /index.php/Home/index/namerepeat.html
INFO: [ app_begin ] --START--
INFO: Run Behavior\ReadHtmlCacheBehavior [ RunTime:0.000000s ]
INFO: [ app_begin ] --END-- [ RunTime:0.001001s ]
SQL: SHOW COLUMNS FROM `jsb_user` [ RunTime:0.0020s ]
SQL: SELECT * FROM `jsb_user` WHERE `username` = '123123111111' LIMIT 1   [ RunTime:0.0000s ]
NOTIC: [8] Undefined variable: dataReturn D:\xampps\jsb\Application\Home\Controller\IndexController.class.php 第 69 行.

[ 2016-07-21T09:52:47+08:00 ] 127.0.0.1 /index.php/Home/index/register.html
INFO: [ app_begin ] --START--
INFO: Run Behavior\ReadHtmlCacheBehavior [ RunTime:0.000000s ]
INFO: [ app_begin ] --END-- [ RunTime:0.000000s ]
SQL: SHOW COLUMNS FROM `jsb_user` [ RunTime:0.0020s ]
NOTIC: [8] Use of undefined constant IS_AjAX - assumed 'IS_AjAX' D:\xampps\jsb\Application\Home\Controller\IndexController.class.php 第 45 行.
SQL: SELECT * FROM `jsb_user` WHERE `username` = '' LIMIT 1   [ RunTime:0.0000s ]

[ 2016-07-21T09:52:47+08:00 ] 127.0.0.1 /index.php/Home/index/register.html
INFO: [ app_begin ] --START--
INFO: Run Behavior\ReadHtmlCacheBehavior [ RunTime:0.001000s ]
INFO: [ app_begin ] --END-- [ RunTime:0.001000s ]
SQL: SHOW COLUMNS FROM `jsb_user` [ RunTime:0.0030s ]
NOTIC: [8] Use of undefined constant IS_AjAX - assumed 'IS_AjAX' D:\xampps\jsb\Application\Home\Controller\IndexController.class.php 第 45 行.
SQL: SELECT * FROM `jsb_user` WHERE `username` = '' LIMIT 1   [ RunTime:0.0000s ]

[ 2016-07-21T09:52:47+08:00 ] 127.0.0.1 /index.php/Home/index/register.html
INFO: [ app_begin ] --START--
INFO: Run Behavior\ReadHtmlCacheBehavior [ RunTime:0.000000s ]
INFO: [ app_begin ] --END-- [ RunTime:0.001000s ]
SQL: SHOW COLUMNS FROM `jsb_user` [ RunTime:0.0020s ]
NOTIC: [8] Use of undefined constant IS_AjAX - assumed 'IS_AjAX' D:\xampps\jsb\Application\Home\Controller\IndexController.class.php 第 45 行.
SQL: SELECT * FROM `jsb_user` WHERE `username` = '' LIMIT 1   [ RunTime:0.0000s ]

[ 2016-07-21T09:52:49+08:00 ] 127.0.0.1 /index.php/Home/index/namerepeat.html
INFO: [ app_begin ] --START--
INFO: Run Behavior\ReadHtmlCacheBehavior [ RunTime:0.001000s ]
INFO: [ app_begin ] --END-- [ RunTime:0.001000s ]
SQL: SHOW COLUMNS FROM `jsb_user` [ RunTime:0.0020s ]
ERR: 非法操作:namerepeat

[ 2016-07-21T09:52:49+08:00 ] 127.0.0.1 /index.php/Home/index/namerepeat.html
INFO: [ app_begin ] --START--
INFO: Run Behavior\ReadHtmlCacheBehavior [ RunTime:0.001000s ]
INFO: [ app_begin ] --END-- [ RunTime:0.001000s ]
SQL: SHOW COLUMNS FROM `jsb_user` [ RunTime:0.0030s ]
ERR: 非法操作:namerepeat

[ 2016-07-21T09:52:49+08:00 ] 127.0.0.1 /index.php/Home/index/namerepeat.html
INFO: [ app_begin ] --START--
INFO: Run Behavior\ReadHtmlCacheBehavior [ RunTime:0.000000s ]
INFO: [ app_begin ] --END-- [ RunTime:0.000000s ]
SQL: SHOW COLUMNS FROM `jsb_user` [ RunTime:0.0030s ]
ERR: 非法操作:namerepeat

[ 2016-07-21T09:52:54+08:00 ] 127.0.0.1 /index.php/Home/index/register.html
INFO: [ app_begin ] --START--
INFO: Run Behavior\ReadHtmlCacheBehavior [ RunTime:0.000000s ]
INFO: [ app_begin ] --END-- [ RunTime:0.001000s ]
SQL: SHOW COLUMNS FROM `jsb_user` [ RunTime:0.0020s ]
NOTIC: [8] Use of undefined constant IS_AjAX - assumed 'IS_AjAX' D:\xampps\jsb\Application\Home\Controller\IndexController.class.php 第 45 行.
SQL: SELECT * FROM `jsb_user` WHERE `username` = '123123' LIMIT 1   [ RunTime:0.0010s ]

[ 2016-07-21T10:48:58+08:00 ] 127.0.0.1 /index.php/Home/index/verify.html
INFO: [ app_begin ] --START--
INFO: Run Behavior\ReadHtmlCacheBehavior [ RunTime:0.001001s ]
INFO: [ app_begin ] --END-- [ RunTime:0.001001s ]
SQL: SHOW COLUMNS FROM `jsb_user` [ RunTime:0.0020s ]
INFO: [ app_end ] --START--
INFO: Run Behavior\ShowPageTraceBehavior [ RunTime:0.001000s ]
INFO: [ app_end ] --END-- [ RunTime:0.001000s ]

[ 2016-07-21T10:48:59+08:00 ] 127.0.0.1 /index.php/Home/index/register.html
INFO: [ app_begin ] --START--
INFO: Run Behavior\ReadHtmlCacheBehavior [ RunTime:0.000000s ]
INFO: [ app_begin ] --END-- [ RunTime:0.000000s ]
SQL: SHOW COLUMNS FROM `jsb_user` [ RunTime:0.0020s ]
NOTIC: [8] Use of undefined constant IS_AjAX - assumed 'IS_AjAX' D:\xampps\jsb\Application\Home\Controller\IndexController.class.php 第 56 行.
SQL: SELECT * FROM `jsb_user` WHERE `username` = '' LIMIT 1   [ RunTime:0.0000s ]

[ 2016-07-21T10:48:59+08:00 ] 127.0.0.1 /index.php/Home/index/register.html
INFO: [ app_begin ] --START--
INFO: Run Behavior\ReadHtmlCacheBehavior [ RunTime:0.000000s ]
INFO: [ app_begin ] --END-- [ RunTime:0.000000s ]
SQL: SHOW COLUMNS FROM `jsb_user` [ RunTime:0.0020s ]
NOTIC: [8] Use of undefined constant IS_AjAX - assumed 'IS_AjAX' D:\xampps\jsb\Application\Home\Controller\IndexController.class.php 第 56 行.
SQL: SELECT * FROM `jsb_user` WHERE `username` = '' LIMIT 1   [ RunTime:0.0000s ]

[ 2016-07-21T10:49:00+08:00 ] 127.0.0.1 /index.php/Home/index/register.html
INFO: [ app_begin ] --START--
INFO: Run Behavior\ReadHtmlCacheBehavior [ RunTime:0.001000s ]
INFO: [ app_begin ] --END-- [ RunTime:0.001000s ]
SQL: SHOW COLUMNS FROM `jsb_user` [ RunTime:0.0020s ]
NOTIC: [8] Use of undefined constant IS_AjAX - assumed 'IS_AjAX' D:\xampps\jsb\Application\Home\Controller\IndexController.class.php 第 56 行.
SQL: SELECT * FROM `jsb_user` WHERE `username` = '' LIMIT 1   [ RunTime:0.0000s ]

[ 2016-07-21T10:49:00+08:00 ] 127.0.0.1 /index.php/Home/index/register.html
INFO: [ app_begin ] --START--
INFO: Run Behavior\ReadHtmlCacheBehavior [ RunTime:0.000000s ]
INFO: [ app_begin ] --END-- [ RunTime:0.000000s ]
SQL: SHOW COLUMNS FROM `jsb_user` [ RunTime:0.0020s ]
NOTIC: [8] Use of undefined constant IS_AjAX - assumed 'IS_AjAX' D:\xampps\jsb\Application\Home\Controller\IndexController.class.php 第 56 行.
SQL: SELECT * FROM `jsb_user` WHERE `username` = '' LIMIT 1   [ RunTime:0.0000s ]

[ 2016-07-21T10:49:00+08:00 ] 127.0.0.1 /index.php/Home/index/register.html
INFO: [ app_begin ] --START--
INFO: Run Behavior\ReadHtmlCacheBehavior [ RunTime:0.000000s ]
INFO: [ app_begin ] --END-- [ RunTime:0.001000s ]
SQL: SHOW COLUMNS FROM `jsb_user` [ RunTime:0.0020s ]
NOTIC: [8] Use of undefined constant IS_AjAX - assumed 'IS_AjAX' D:\xampps\jsb\Application\Home\Controller\IndexController.class.php 第 56 行.
SQL: SELECT * FROM `jsb_user` WHERE `username` = '' LIMIT 1   [ RunTime:0.0000s ]

[ 2016-07-21T10:49:00+08:00 ] 127.0.0.1 /index.php/Home/index/register.html
INFO: [ app_begin ] --START--
INFO: Run Behavior\ReadHtmlCacheBehavior [ RunTime:0.000000s ]
INFO: [ app_begin ] --END-- [ RunTime:0.000000s ]
SQL: SHOW COLUMNS FROM `jsb_user` [ RunTime:0.0020s ]
NOTIC: [8] Use of undefined constant IS_AjAX - assumed 'IS_AjAX' D:\xampps\jsb\Application\Home\Controller\IndexController.class.php 第 56 行.
SQL: SELECT * FROM `jsb_user` WHERE `username` = '' LIMIT 1   [ RunTime:0.0000s ]

[ 2016-07-21T10:49:09+08:00 ] 127.0.0.1 /index.php/Home/index/register.html
INFO: [ app_begin ] --START--
INFO: Run Behavior\ReadHtmlCacheBehavior [ RunTime:0.000000s ]
INFO: [ app_begin ] --END-- [ RunTime:0.000000s ]
SQL: SHOW COLUMNS FROM `jsb_user` [ RunTime:0.0020s ]
NOTIC: [8] Use of undefined constant IS_AjAX - assumed 'IS_AjAX' D:\xampps\jsb\Application\Home\Controller\IndexController.class.php 第 56 行.
SQL: SELECT * FROM `jsb_user` WHERE `username` = '' LIMIT 1   [ RunTime:0.0000s ]

[ 2016-07-21T10:49:10+08:00 ] 127.0.0.1 /index.php/Home/index/register.html
INFO: [ app_begin ] --START--
INFO: Run Behavior\ReadHtmlCacheBehavior [ RunTime:0.001000s ]
INFO: [ app_begin ] --END-- [ RunTime:0.001000s ]
SQL: SHOW COLUMNS FROM `jsb_user` [ RunTime:0.0020s ]
NOTIC: [8] Use of undefined constant IS_AjAX - assumed 'IS_AjAX' D:\xampps\jsb\Application\Home\Controller\IndexController.class.php 第 56 行.
SQL: SELECT * FROM `jsb_user` WHERE `username` = '' LIMIT 1   [ RunTime:0.0000s ]

[ 2016-07-21T10:49:10+08:00 ] 127.0.0.1 /index.php/Home/index/register.html
INFO: [ app_begin ] --START--
INFO: Run Behavior\ReadHtmlCacheBehavior [ RunTime:0.001000s ]
INFO: [ app_begin ] --END-- [ RunTime:0.001000s ]
SQL: SHOW COLUMNS FROM `jsb_user` [ RunTime:0.0020s ]
NOTIC: [8] Use of undefined constant IS_AjAX - assumed 'IS_AjAX' D:\xampps\jsb\Application\Home\Controller\IndexController.class.php 第 56 行.
SQL: SELECT * FROM `jsb_user` WHERE `username` = '' LIMIT 1   [ RunTime:0.0000s ]

[ 2016-07-21T10:49:10+08:00 ] 127.0.0.1 /index.php/Home/index/register.html
INFO: [ app_begin ] --START--
INFO: Run Behavior\ReadHtmlCacheBehavior [ RunTime:0.000000s ]
INFO: [ app_begin ] --END-- [ RunTime:0.000000s ]
SQL: SHOW COLUMNS FROM `jsb_user` [ RunTime:0.0020s ]
NOTIC: [8] Use of undefined constant IS_AjAX - assumed 'IS_AjAX' D:\xampps\jsb\Application\Home\Controller\IndexController.class.php 第 56 行.
SQL: SELECT * FROM `jsb_user` WHERE `username` = '' LIMIT 1   [ RunTime:0.0000s ]

[ 2016-07-21T10:49:10+08:00 ] 127.0.0.1 /index.php/Home/index/register.html
INFO: [ app_begin ] --START--
INFO: Run Behavior\ReadHtmlCacheBehavior [ RunTime:0.001000s ]
INFO: [ app_begin ] --END-- [ RunTime:0.001000s ]
SQL: SHOW COLUMNS FROM `jsb_user` [ RunTime:0.0020s ]
NOTIC: [8] Use of undefined constant IS_AjAX - assumed 'IS_AjAX' D:\xampps\jsb\Application\Home\Controller\IndexController.class.php 第 56 行.
SQL: SELECT * FROM `jsb_user` WHERE `username` = '' LIMIT 1   [ RunTime:0.0000s ]

[ 2016-07-21T10:49:10+08:00 ] 127.0.0.1 /index.php/Home/index/register.html
INFO: [ app_begin ] --START--
INFO: Run Behavior\ReadHtmlCacheBehavior [ RunTime:0.000000s ]
INFO: [ app_begin ] --END-- [ RunTime:0.000000s ]
SQL: SHOW COLUMNS FROM `jsb_user` [ RunTime:0.0020s ]
NOTIC: [8] Use of undefined constant IS_AjAX - assumed 'IS_AjAX' D:\xampps\jsb\Application\Home\Controller\IndexController.class.php 第 56 行.
SQL: SELECT * FROM `jsb_user` WHERE `username` = '' LIMIT 1   [ RunTime:0.0000s ]

[ 2016-07-21T10:49:57+08:00 ] 127.0.0.1 /index.php/Home/index/namerepeat.html
INFO: [ app_begin ] --START--
INFO: Run Behavior\ReadHtmlCacheBehavior [ RunTime:0.000000s ]
INFO: [ app_begin ] --END-- [ RunTime:0.000000s ]

[ 2016-07-21T10:49:57+08:00 ] 127.0.0.1 /index.php/Home/Index/login.html
INFO: [ app_begin ] --START--
INFO: Run Behavior\ReadHtmlCacheBehavior [ RunTime:0.000000s ]
INFO: [ app_begin ] --END-- [ RunTime:0.001000s ]
SQL: SHOW COLUMNS FROM `jsb_user` [ RunTime:0.0020s ]
INFO: [ view_parse ] --START--
INFO: [ template_filter ] --START--
INFO: Run Behavior\ContentReplaceBehavior [ RunTime:0.000000s ]
INFO: [ template_filter ] --END-- [ RunTime:0.000000s ]
INFO: Run Behavior\ParseTemplateBehavior [ RunTime:0.005001s ]
INFO: [ view_parse ] --END-- [ RunTime:0.005001s ]
INFO: [ view_filter ] --START--
INFO: Run Behavior\WriteHtmlCacheBehavior [ RunTime:0.001000s ]
INFO: [ view_filter ] --END-- [ RunTime:0.001000s ]
INFO: [ app_end ] --START--
INFO: Run Behavior\ShowPageTraceBehavior [ RunTime:0.001000s ]
INFO: [ app_end ] --END-- [ RunTime:0.001000s ]

[ 2016-07-21T10:49:57+08:00 ] 127.0.0.1 /index.php/Home/index/namerepeat.html
INFO: [ app_begin ] --START--
INFO: Run Behavior\ReadHtmlCacheBehavior [ RunTime:0.000000s ]
INFO: [ app_begin ] --END-- [ RunTime:0.001000s ]

[ 2016-07-21T10:49:57+08:00 ] 127.0.0.1 /index.php/Home/Index/login.html
INFO: [ app_begin ] --START--
INFO: Run Behavior\ReadHtmlCacheBehavior [ RunTime:0.000000s ]
INFO: [ app_begin ] --END-- [ RunTime:0.000000s ]
SQL: SHOW COLUMNS FROM `jsb_user` [ RunTime:0.0020s ]
INFO: [ view_parse ] --START--
INFO: [ template_filter ] --START--
INFO: Run Behavior\ContentReplaceBehavior [ RunTime:0.000000s ]
INFO: [ template_filter ] --END-- [ RunTime:0.000000s ]
INFO: Run Behavior\ParseTemplateBehavior [ RunTime:0.005000s ]
INFO: [ view_parse ] --END-- [ RunTime:0.005000s ]
INFO: [ view_filter ] --START--
INFO: Run Behavior\WriteHtmlCacheBehavior [ RunTime:0.001000s ]
INFO: [ view_filter ] --END-- [ RunTime:0.001000s ]
INFO: [ app_end ] --START--
INFO: Run Behavior\ShowPageTraceBehavior [ RunTime:0.000000s ]
INFO: [ app_end ] --END-- [ RunTime:0.000000s ]

[ 2016-07-21T10:49:57+08:00 ] 127.0.0.1 /index.php/Home/index/namerepeat.html
INFO: [ app_begin ] --START--
INFO: Run Behavior\ReadHtmlCacheBehavior [ RunTime:0.000000s ]
INFO: [ app_begin ] --END-- [ RunTime:0.001000s ]

[ 2016-07-21T10:49:57+08:00 ] 127.0.0.1 /index.php/Home/Index/login.html
INFO: [ app_begin ] --START--
INFO: Run Behavior\ReadHtmlCacheBehavior [ RunTime:0.000000s ]
INFO: [ app_begin ] --END-- [ RunTime:0.000000s ]
SQL: SHOW COLUMNS FROM `jsb_user` [ RunTime:0.0020s ]
INFO: [ view_parse ] --START--
INFO: [ template_filter ] --START--
INFO: Run Behavior\ContentReplaceBehavior [ RunTime:0.000000s ]
INFO: [ template_filter ] --END-- [ RunTime:0.000000s ]
INFO: Run Behavior\ParseTemplateBehavior [ RunTime:0.005000s ]
INFO: [ view_parse ] --END-- [ RunTime:0.005000s ]
INFO: [ view_filter ] --START--
INFO: Run Behavior\WriteHtmlCacheBehavior [ RunTime:0.000000s ]
INFO: [ view_filter ] --END-- [ RunTime:0.000000s ]
INFO: [ app_end ] --START--
INFO: Run Behavior\ShowPageTraceBehavior [ RunTime:0.000000s ]
INFO: [ app_end ] --END-- [ RunTime:0.001000s ]

[ 2016-07-21T10:50:07+08:00 ] 127.0.0.1 /index.php/Home/index/register.html
INFO: [ app_begin ] --START--
INFO: Run Behavior\ReadHtmlCacheBehavior [ RunTime:0.000000s ]
INFO: [ app_begin ] --END-- [ RunTime:0.001000s ]
SQL: SHOW COLUMNS FROM `jsb_user` [ RunTime:0.0020s ]
NOTIC: [8] Use of undefined constant IS_AjAX - assumed 'IS_AjAX' D:\xampps\jsb\Application\Home\Controller\IndexController.class.php 第 56 行.
SQL: SELECT * FROM `jsb_user` WHERE `username` = '' LIMIT 1   [ RunTime:0.0010s ]

[ 2016-07-21T10:50:10+08:00 ] 127.0.0.1 /index.php/Home/index/register.html
INFO: [ app_begin ] --START--
INFO: Run Behavior\ReadHtmlCacheBehavior [ RunTime:0.000000s ]
INFO: [ app_begin ] --END-- [ RunTime:0.000000s ]
SQL: SHOW COLUMNS FROM `jsb_user` [ RunTime:0.0020s ]
NOTIC: [8] Use of undefined constant IS_AjAX - assumed 'IS_AjAX' D:\xampps\jsb\Application\Home\Controller\IndexController.class.php 第 56 行.
SQL: SELECT * FROM `jsb_user` WHERE `username` = '' LIMIT 1   [ RunTime:0.0000s ]

[ 2016-07-21T10:50:10+08:00 ] 127.0.0.1 /index.php/Home/index/register.html
INFO: [ app_begin ] --START--
INFO: Run Behavior\ReadHtmlCacheBehavior [ RunTime:0.000000s ]
INFO: [ app_begin ] --END-- [ RunTime:0.000000s ]
SQL: SHOW COLUMNS FROM `jsb_user` [ RunTime:0.0020s ]
NOTIC: [8] Use of undefined constant IS_AjAX - assumed 'IS_AjAX' D:\xampps\jsb\Application\Home\Controller\IndexController.class.php 第 56 行.
SQL: SELECT * FROM `jsb_user` WHERE `username` = '' LIMIT 1   [ RunTime:0.0000s ]

[ 2016-07-21T10:50:10+08:00 ] 127.0.0.1 /index.php/Home/index/register.html
INFO: [ app_begin ] --START--
INFO: Run Behavior\ReadHtmlCacheBehavior [ RunTime:0.000000s ]
INFO: [ app_begin ] --END-- [ RunTime:0.001000s ]
SQL: SHOW COLUMNS FROM `jsb_user` [ RunTime:0.0020s ]
NOTIC: [8] Use of undefined constant IS_AjAX - assumed 'IS_AjAX' D:\xampps\jsb\Application\Home\Controller\IndexController.class.php 第 56 行.
SQL: SELECT * FROM `jsb_user` WHERE `username` = '' LIMIT 1   [ RunTime:0.0000s ]

[ 2016-07-21T10:50:11+08:00 ] 127.0.0.1 /index.php/Home/index/register.html
INFO: [ app_begin ] --START--
INFO: Run Behavior\ReadHtmlCacheBehavior [ RunTime:0.000000s ]
INFO: [ app_begin ] --END-- [ RunTime:0.000000s ]
SQL: SHOW COLUMNS FROM `jsb_user` [ RunTime:0.0020s ]
NOTIC: [8] Use of undefined constant IS_AjAX - assumed 'IS_AjAX' D:\xampps\jsb\Application\Home\Controller\IndexController.class.php 第 56 行.
SQL: SELECT * FROM `jsb_user` WHERE `username` = '' LIMIT 1   [ RunTime:0.0000s ]

[ 2016-07-21T10:50:11+08:00 ] 127.0.0.1 /index.php/Home/index/register.html
INFO: [ app_begin ] --START--
INFO: Run Behavior\ReadHtmlCacheBehavior [ RunTime:0.001000s ]
INFO: [ app_begin ] --END-- [ RunTime:0.001000s ]
SQL: SHOW COLUMNS FROM `jsb_user` [ RunTime:0.0020s ]
NOTIC: [8] Use of undefined constant IS_AjAX - assumed 'IS_AjAX' D:\xampps\jsb\Application\Home\Controller\IndexController.class.php 第 56 行.
SQL: SELECT * FROM `jsb_user` WHERE `username` = '' LIMIT 1   [ RunTime:0.0000s ]

[ 2016-07-21T10:50:11+08:00 ] 127.0.0.1 /index.php/Home/index/register.html
INFO: [ app_begin ] --START--
INFO: Run Behavior\ReadHtmlCacheBehavior [ RunTime:0.000000s ]
INFO: [ app_begin ] --END-- [ RunTime:0.000000s ]
SQL: SHOW COLUMNS FROM `jsb_user` [ RunTime:0.0020s ]
NOTIC: [8] Use of undefined constant IS_AjAX - assumed 'IS_AjAX' D:\xampps\jsb\Application\Home\Controller\IndexController.class.php 第 56 行.
SQL: SELECT * FROM `jsb_user` WHERE `username` = '' LIMIT 1   [ RunTime:0.0010s ]

[ 2016-07-21T10:50:26+08:00 ] 127.0.0.1 /index.php/Home/index/verify.html
INFO: [ app_begin ] --START--
INFO: Run Behavior\ReadHtmlCacheBehavior [ RunTime:0.000000s ]
INFO: [ app_begin ] --END-- [ RunTime:0.000000s ]
SQL: SHOW COLUMNS FROM `jsb_user` [ RunTime:0.0020s ]
INFO: [ app_end ] --START--
INFO: Run Behavior\ShowPageTraceBehavior [ RunTime:0.000000s ]
INFO: [ app_end ] --END-- [ RunTime:0.000000s ]

[ 2016-07-21T10:51:35+08:00 ] 127.0.0.1 /index.php/Home/index/index.html
INFO: [ app_begin ] --START--
INFO: Run Behavior\ReadHtmlCacheBehavior [ RunTime:0.000000s ]
INFO: [ app_begin ] --END-- [ RunTime:0.001001s ]
SQL: SHOW COLUMNS FROM `jsb_user` [ RunTime:0.0020s ]
SQL: SELECT `rand_code` FROM `jsb_user` WHERE `username` = '' LIMIT 1   [ RunTime:0.0000s ]
NOTIC: [8] Array to string conversion D:\xampps\jsb\Application\Home\Controller\IndexController.class.php 第 35 行.
SQL: SELECT `user_id` FROM `jsb_user` WHERE `username` = '' AND `password` = '4410ec34d9e6c1a68100ca0ce033fb17' LIMIT 1   [ RunTime:0.0000s ]

[ 2016-07-21T10:52:23+08:00 ] 127.0.0.1 /index.php/Home/index/index.html
INFO: [ app_begin ] --START--
INFO: Run Behavior\ReadHtmlCacheBehavior [ RunTime:0.001000s ]
INFO: [ app_begin ] --END-- [ RunTime:0.001000s ]
SQL: SHOW COLUMNS FROM `jsb_user` [ RunTime:0.0020s ]

[ 2016-07-21T10:54:24+08:00 ] 127.0.0.1 /index.php/Home/index/index.html
INFO: [ app_begin ] --START--
INFO: Run Behavior\ReadHtmlCacheBehavior [ RunTime:0.000000s ]
INFO: [ app_begin ] --END-- [ RunTime:0.001000s ]
SQL: SHOW COLUMNS FROM `jsb_user` [ RunTime:0.0020s ]
SQL: SELECT `rand_code` FROM `jsb_user` WHERE `username` = '123123' LIMIT 1   [ RunTime:0.0000s ]
NOTIC: [8] Array to string conversion D:\xampps\jsb\Application\Home\Controller\IndexController.class.php 第 35 行.
SQL: SELECT `user_id` FROM `jsb_user` WHERE `username` = '123123' AND `password` = '8f4ed948f26542dd117af29f559a8f16' LIMIT 1   [ RunTime:0.0000s ]

[ 2016-07-21T10:55:06+08:00 ] 127.0.0.1 /index.php/Home/index/index.html
INFO: [ app_begin ] --START--
INFO: Run Behavior\ReadHtmlCacheBehavior [ RunTime:0.000000s ]
INFO: [ app_begin ] --END-- [ RunTime:0.001000s ]
SQL: SHOW COLUMNS FROM `jsb_user` [ RunTime:0.0020s ]
SQL: SELECT `rand_code` FROM `jsb_user` WHERE `username` = '123123' LIMIT 1   [ RunTime:0.0000s ]
NOTIC: [8] Array to string conversion D:\xampps\jsb\Application\Home\Controller\IndexController.class.php 第 35 行.
SQL: SELECT `user_id` FROM `jsb_user` WHERE `username` = '123123' AND `password` = '8f4ed948f26542dd117af29f559a8f16' LIMIT 1   [ RunTime:0.0000s ]

[ 2016-07-21T10:55:23+08:00 ] 127.0.0.1 /index.php/Home/index/index.html
INFO: [ app_begin ] --START--
INFO: Run Behavior\ReadHtmlCacheBehavior [ RunTime:0.000000s ]
INFO: [ app_begin ] --END-- [ RunTime:0.000000s ]
SQL: SHOW COLUMNS FROM `jsb_user` [ RunTime:0.0020s ]
SQL: SELECT `rand_code` FROM `jsb_user` WHERE `username` = '123123' LIMIT 1   [ RunTime:0.0010s ]
NOTIC: [8] Array to string conversion D:\xampps\jsb\Application\Home\Controller\IndexController.class.php 第 35 行.
SQL: SELECT `user_id` FROM `jsb_user` WHERE `username` = '123123' AND `password` = '8f4ed948f26542dd117af29f559a8f16' LIMIT 1   [ RunTime:0.0000s ]

[ 2016-07-21T10:55:51+08:00 ] 127.0.0.1 /index.php/Home/index/index.html
INFO: [ app_begin ] --START--
INFO: Run Behavior\ReadHtmlCacheBehavior [ RunTime:0.000000s ]
INFO: [ app_begin ] --END-- [ RunTime:0.001000s ]
SQL: SHOW COLUMNS FROM `jsb_user` [ RunTime:0.0020s ]
SQL: SELECT `rand_code` FROM `jsb_user` WHERE `username` = '123456' LIMIT 1   [ RunTime:0.0010s ]
NOTIC: [8] Array to string conversion D:\xampps\jsb\Application\Home\Controller\IndexController.class.php 第 35 行.
SQL: SELECT `user_id` FROM `jsb_user` WHERE `username` = '123456' AND `password` = '4e1b5d6efc335e422e096bc6ed414cd0' LIMIT 1   [ RunTime:0.0000s ]

[ 2016-07-21T10:56:09+08:00 ] 127.0.0.1 /index.php/Home/index/register.html
INFO: [ app_begin ] --START--
INFO: Run Behavior\ReadHtmlCacheBehavior [ RunTime:0.000000s ]
INFO: [ app_begin ] --END-- [ RunTime:0.001000s ]
SQL: SHOW COLUMNS FROM `jsb_user` [ RunTime:0.0030s ]
NOTIC: [8] Use of undefined constant IS_AjAX - assumed 'IS_AjAX' D:\xampps\jsb\Application\Home\Controller\IndexController.class.php 第 56 行.
SQL: SELECT * FROM `jsb_user` WHERE `username` = '111111' LIMIT 1   [ RunTime:0.0000s ]
SQL: INSERT INTO `jsb_user` (`username`,`password`,`rand_code`) VALUES ('111111','525a686846616985d006bc5985470e29','TP6O14') [ RunTime:0.0080s ]

[ 2016-07-21T10:56:24+08:00 ] 127.0.0.1 /index.php/Home/index/index.html
INFO: [ app_begin ] --START--
INFO: Run Behavior\ReadHtmlCacheBehavior [ RunTime:0.000000s ]
INFO: [ app_begin ] --END-- [ RunTime:0.000000s ]
SQL: SHOW COLUMNS FROM `jsb_user` [ RunTime:0.0020s ]
SQL: SELECT `rand_code` FROM `jsb_user` WHERE `username` = '111111' LIMIT 1   [ RunTime:0.0000s ]
NOTIC: [8] Array to string conversion D:\xampps\jsb\Application\Home\Controller\IndexController.class.php 第 35 行.
SQL: SELECT `user_id` FROM `jsb_user` WHERE `username` = '111111' AND `password` = '6a2a6f3b24a9ae8e652737484d9497d1' LIMIT 1   [ RunTime:0.0000s ]

[ 2016-07-21T10:57:25+08:00 ] 127.0.0.1 /index.php/Home/index/index.html
INFO: [ app_begin ] --START--
INFO: Run Behavior\ReadHtmlCacheBehavior [ RunTime:0.001000s ]
INFO: [ app_begin ] --END-- [ RunTime:0.001000s ]
SQL: SHOW COLUMNS FROM `jsb_user` [ RunTime:0.0020s ]
SQL: SELECT `rand_code` FROM `jsb_user` WHERE `username` = '111111' LIMIT 1   [ RunTime:0.0010s ]
NOTIC: [8] Array to string conversion D:\xampps\jsb\Application\Home\Controller\IndexController.class.php 第 35 行.

[ 2016-07-21T10:58:13+08:00 ] 127.0.0.1 /index.php/Home/index/index.html
INFO: [ app_begin ] --START--
INFO: Run Behavior\ReadHtmlCacheBehavior [ RunTime:0.000000s ]
INFO: [ app_begin ] --END-- [ RunTime:0.001000s ]
SQL: SHOW COLUMNS FROM `jsb_user` [ RunTime:0.0020s ]
SQL: SELECT `rand_code` FROM `jsb_user` WHERE `username` = '111111' LIMIT 1   [ RunTime:0.0000s ]

[ 2016-07-21T10:58:44+08:00 ] 127.0.0.1 /index.php/Home/index/index.html
INFO: [ app_begin ] --START--
INFO: Run Behavior\ReadHtmlCacheBehavior [ RunTime:0.000000s ]
INFO: [ app_begin ] --END-- [ RunTime:0.000000s ]
SQL: SHOW COLUMNS FROM `jsb_user` [ RunTime:0.0020s ]
SQL: SELECT `rand_code` FROM `jsb_user` WHERE `username` = '111111' LIMIT 1   [ RunTime:0.0000s ]
NOTIC: [8] Array to string conversion D:\xampps\jsb\Application\Home\Controller\IndexController.class.php 第 35 行.

[ 2016-07-21T10:59:13+08:00 ] 127.0.0.1 /index.php/Home/index/index.html
INFO: [ app_begin ] --START--
INFO: Run Behavior\ReadHtmlCacheBehavior [ RunTime:0.001000s ]
INFO: [ app_begin ] --END-- [ RunTime:0.001000s ]
SQL: SHOW COLUMNS FROM `jsb_user` [ RunTime:0.0020s ]
SQL: SELECT `rand_code` FROM `jsb_user` WHERE `username` = '111111' LIMIT 1   [ RunTime:0.0000s ]

[ 2016-07-21T11:00:05+08:00 ] 127.0.0.1 /index.php/Home/index/index.html
INFO: [ app_begin ] --START--
INFO: Run Behavior\ReadHtmlCacheBehavior [ RunTime:0.001000s ]
INFO: [ app_begin ] --END-- [ RunTime:0.001000s ]
SQL: SHOW COLUMNS FROM `jsb_user` [ RunTime:0.0020s ]
SQL: SELECT `rand_code` FROM `jsb_user` WHERE `username` = '111111' LIMIT 1   [ RunTime:0.0000s ]
SQL: SELECT `user_id` FROM `jsb_user` WHERE `username` = '111111' AND `password` = '525a686846616985d006bc5985470e29' LIMIT 1   [ RunTime:0.0010s ]

[ 2016-07-21T11:00:45+08:00 ] 127.0.0.1 /index.php/Home/index/index.html
INFO: [ app_begin ] --START--
INFO: Run Behavior\ReadHtmlCacheBehavior [ RunTime:0.000000s ]
INFO: [ app_begin ] --END-- [ RunTime:0.000000s ]
SQL: SHOW COLUMNS FROM `jsb_user` [ RunTime:0.0030s ]
SQL: SELECT `rand_code` FROM `jsb_user` WHERE `username` = '111111' LIMIT 1   [ RunTime:0.0010s ]
SQL: SELECT `user_id` FROM `jsb_user` WHERE `username` = '111111' AND `password` = '525a686846616985d006bc5985470e29' LIMIT 1   [ RunTime:0.0000s ]

[ 2016-07-21T11:01:18+08:00 ] 127.0.0.1 /index.php/Home/index/index.html
INFO: [ app_begin ] --START--
INFO: Run Behavior\ReadHtmlCacheBehavior [ RunTime:0.000000s ]
INFO: [ app_begin ] --END-- [ RunTime:0.001000s ]
SQL: SHOW COLUMNS FROM `jsb_user` [ RunTime:0.0020s ]
SQL: SELECT `rand_code` FROM `jsb_user` WHERE `username` = '111111' LIMIT 1   [ RunTime:0.0000s ]

[ 2016-07-21T11:01:43+08:00 ] 127.0.0.1 /index.php/Home/index/index.html
INFO: [ app_begin ] --START--
INFO: Run Behavior\ReadHtmlCacheBehavior [ RunTime:0.000000s ]
INFO: [ app_begin ] --END-- [ RunTime:0.001000s ]
SQL: SHOW COLUMNS FROM `jsb_user` [ RunTime:0.0020s ]
SQL: SELECT `rand_code` FROM `jsb_user` WHERE `username` = '111111' LIMIT 1   [ RunTime:0.0000s ]
SQL: SELECT `user_id` FROM `jsb_user` WHERE `username` = '111111' AND `password` = '525a686846616985d006bc5985470e29' LIMIT 1   [ RunTime:0.0010s ]

[ 2016-07-21T11:03:18+08:00 ] 127.0.0.1 /index.php/Home/index/index.html
INFO: [ app_begin ] --START--
INFO: Run Behavior\ReadHtmlCacheBehavior [ RunTime:0.001000s ]
INFO: [ app_begin ] --END-- [ RunTime:0.001000s ]
SQL: SHOW COLUMNS FROM `jsb_user` [ RunTime:0.0020s ]
SQL: SELECT `rand_code` FROM `jsb_user` WHERE `username` = '111111' LIMIT 1   [ RunTime:0.0000s ]

[ 2016-07-21T11:03:57+08:00 ] 127.0.0.1 /index.php/Home/index/index.html
INFO: [ app_begin ] --START--
INFO: Run Behavior\ReadHtmlCacheBehavior [ RunTime:0.000000s ]
INFO: [ app_begin ] --END-- [ RunTime:0.001000s ]
SQL: SHOW COLUMNS FROM `jsb_user` [ RunTime:0.0020s ]
SQL: SELECT `rand_code` FROM `jsb_user` WHERE `username` = '111111' LIMIT 1   [ RunTime:0.0000s ]
SQL: SELECT `user_id` FROM `jsb_user` WHERE `username` = '111111' AND `password` = '20862e10095b0280ef6d5f4b0b09921d' LIMIT 1   [ RunTime:0.0000s ]

[ 2016-07-21T11:04:07+08:00 ] 127.0.0.1 /index.php/Home/index/index.html
INFO: [ app_begin ] --START--
INFO: Run Behavior\ReadHtmlCacheBehavior [ RunTime:0.000000s ]
INFO: [ app_begin ] --END-- [ RunTime:0.001000s ]
SQL: SHOW COLUMNS FROM `jsb_user` [ RunTime:0.0020s ]
SQL: SELECT `rand_code` FROM `jsb_user` WHERE `username` = '111111' LIMIT 1   [ RunTime:0.0000s ]
SQL: SELECT `user_id` FROM `jsb_user` WHERE `username` = '111111' AND `password` = '525a686846616985d006bc5985470e29' LIMIT 1   [ RunTime:0.0010s ]

[ 2016-07-21T11:04:21+08:00 ] 127.0.0.1 /index.php/Home/index/index.html
INFO: [ app_begin ] --START--
INFO: Run Behavior\ReadHtmlCacheBehavior [ RunTime:0.001000s ]
INFO: [ app_begin ] --END-- [ RunTime:0.001000s ]
SQL: SHOW COLUMNS FROM `jsb_user` [ RunTime:0.0020s ]
SQL: SELECT `rand_code` FROM `jsb_user` WHERE `username` = '111111' LIMIT 1   [ RunTime:0.0010s ]
SQL: SELECT `user_id` FROM `jsb_user` WHERE `username` = '111111' AND `password` = '525a686846616985d006bc5985470e29' LIMIT 1   [ RunTime:0.0000s ]
SQL: SELECT * FROM `jsb_user` LIMIT 1   [ RunTime:0.0000s ]

[ 2016-07-21T11:13:09+08:00 ] 127.0.0.1 /
ERR: SQLSTATE[HY000] [1130] Host 'localhost' is not allowed to connect to this MySQL server

[ 2016-07-21T11:14:20+08:00 ] 127.0.0.1 /index.php/Home/index/index.html
INFO: [ app_begin ] --START--
INFO: Run Behavior\ReadHtmlCacheBehavior [ RunTime:0.000000s ]
INFO: [ app_begin ] --END-- [ RunTime:0.000000s ]
SQL: SHOW COLUMNS FROM `jsb_user` [ RunTime:0.0000s ]
SQL: SELECT `rand_code` FROM `jsb_user` WHERE `username` = '123456' LIMIT 1   [ RunTime:0.0000s ]
SQL: SELECT `user_id` FROM `jsb_user` WHERE `username` = '123456' AND `password` = 'b669d44497f67562c7005047983004d9' LIMIT 1   [ RunTime:0.0000s ]
SQL: SELECT * FROM `jsb_user` LIMIT 1   [ RunTime:0.0000s ]

[ 2016-07-21T11:15:22+08:00 ] 127.0.0.1 /index.php/Home/index/index.html
INFO: [ app_begin ] --START--
INFO: Run Behavior\ReadHtmlCacheBehavior [ RunTime:0.000000s ]
INFO: [ app_begin ] --END-- [ RunTime:0.002001s ]
SQL: SHOW COLUMNS FROM `jsb_user` [ RunTime:0.0000s ]
SQL: SELECT `rand_code` FROM `jsb_user` WHERE `username` = '123456' LIMIT 1   [ RunTime:0.0000s ]
SQL: SELECT `user_id` FROM `jsb_user` WHERE `username` = '123456' AND `password` = '859291ac946b1e0f43fdee7979b6316b' LIMIT 1   [ RunTime:0.0000s ]

[ 2016-07-21T11:15:31+08:00 ] 127.0.0.1 /index.php/Home/index/index.html
INFO: [ app_begin ] --START--
INFO: Run Behavior\ReadHtmlCacheBehavior [ RunTime:0.000000s ]
INFO: [ app_begin ] --END-- [ RunTime:0.001000s ]
SQL: SHOW COLUMNS FROM `jsb_user` [ RunTime:0.0000s ]
SQL: SELECT `rand_code` FROM `jsb_user` WHERE `username` = '123456' LIMIT 1   [ RunTime:0.0000s ]
SQL: SELECT `user_id` FROM `jsb_user` WHERE `username` = '123456' AND `password` = 'b669d44497f67562c7005047983004d9' LIMIT 1   [ RunTime:0.0000s ]

[ 2016-07-21T11:15:48+08:00 ] 127.0.0.1 /index.php/Home/index/index.html
INFO: [ app_begin ] --START--
INFO: Run Behavior\ReadHtmlCacheBehavior [ RunTime:0.001000s ]
INFO: [ app_begin ] --END-- [ RunTime:0.002000s ]
SQL: SHOW COLUMNS FROM `jsb_user` [ RunTime:0.0020s ]
SQL: SELECT `rand_code` FROM `jsb_user` WHERE `username` = '123456' LIMIT 1   [ RunTime:0.0000s ]
SQL: SELECT `user_id` FROM `jsb_user` WHERE `username` = '123456' AND `password` = 'c2a1161a0870bee7db2048448efc999d' LIMIT 1   [ RunTime:0.0000s ]

[ 2016-07-21T11:17:40+08:00 ] 127.0.0.1 /index.php/Home/index/index.html
INFO: [ app_begin ] --START--
INFO: Run Behavior\ReadHtmlCacheBehavior [ RunTime:0.000000s ]
INFO: [ app_begin ] --END-- [ RunTime:0.001000s ]
SQL: SHOW COLUMNS FROM `jsb_user` [ RunTime:0.0040s ]
SQL: SELECT `rand_code` FROM `jsb_user` WHERE `username` = '123456' LIMIT 1   [ RunTime:0.0000s ]
SQL: SELECT `user_id` FROM `jsb_user` WHERE `username` = '123456' AND `password` = '981758d888b282212caf4f0faebbcfb9' LIMIT 1   [ RunTime:0.0010s ]

[ 2016-07-21T11:19:51+08:00 ] 127.0.0.1 /index.php/Home/index/index.html
INFO: [ app_begin ] --START--
INFO: Run Behavior\ReadHtmlCacheBehavior [ RunTime:0.001000s ]
INFO: [ app_begin ] --END-- [ RunTime:0.002000s ]
SQL: SHOW COLUMNS FROM `jsb_user` [ RunTime:0.0030s ]
SQL: SELECT `rand_code` FROM `jsb_user` WHERE `username` = '1111111' LIMIT 1   [ RunTime:0.0000s ]
SQL: SELECT `user_id` FROM `jsb_user` WHERE `username` = '1111111' AND `password` = '9cdda04698e281868102a241b4a400e3' LIMIT 1   [ RunTime:0.0010s ]

[ 2016-07-21T11:20:04+08:00 ] 127.0.0.1 /index.php/Home/index/index.html
INFO: [ app_begin ] --START--
INFO: Run Behavior\ReadHtmlCacheBehavior [ RunTime:0.001000s ]
INFO: [ app_begin ] --END-- [ RunTime:0.002000s ]
SQL: SHOW COLUMNS FROM `jsb_user` [ RunTime:0.0000s ]
SQL: SELECT `rand_code` FROM `jsb_user` WHERE `username` = '1111111' LIMIT 1   [ RunTime:0.0000s ]
SQL: SELECT `user_id` FROM `jsb_user` WHERE `username` = '1111111' AND `password` = '1bbd886460827015e5d605ed44252251' LIMIT 1   [ RunTime:0.0000s ]

[ 2016-07-21T11:20:20+08:00 ] 127.0.0.1 /index.php/Home/index/index.html
INFO: [ app_begin ] --START--
INFO: Run Behavior\ReadHtmlCacheBehavior [ RunTime:0.001000s ]
INFO: [ app_begin ] --END-- [ RunTime:0.002000s ]
SQL: SHOW COLUMNS FROM `jsb_user` [ RunTime:0.0000s ]
SQL: SELECT `rand_code` FROM `jsb_user` WHERE `username` = '1111111' LIMIT 1   [ RunTime:0.0000s ]
SQL: SELECT `user_id` FROM `jsb_user` WHERE `username` = '1111111' AND `password` = '1bbd886460827015e5d605ed44252251' LIMIT 1   [ RunTime:0.0000s ]

[ 2016-07-21T11:20:39+08:00 ] 127.0.0.1 /index.php/Home/index/index.html
INFO: [ app_begin ] --START--
INFO: Run Behavior\ReadHtmlCacheBehavior [ RunTime:0.001000s ]
INFO: [ app_begin ] --END-- [ RunTime:0.002000s ]
SQL: SHOW COLUMNS FROM `jsb_user` [ RunTime:0.0030s ]
SQL: SELECT `rand_code` FROM `jsb_user` WHERE `username` = '123456' LIMIT 1   [ RunTime:0.0010s ]
SQL: SELECT `user_id` FROM `jsb_user` WHERE `username` = '123456' AND `password` = 'b669d44497f67562c7005047983004d9' LIMIT 1   [ RunTime:0.0000s ]
SQL: SELECT * FROM `jsb_user` LIMIT 1   [ RunTime:0.0000s ]

[ 2016-07-21T11:20:54+08:00 ] 127.0.0.1 /index.php/Home/index/index.html
INFO: [ app_begin ] --START--
INFO: Run Behavior\ReadHtmlCacheBehavior [ RunTime:0.001000s ]
INFO: [ app_begin ] --END-- [ RunTime:0.001000s ]
SQL: SHOW COLUMNS FROM `jsb_user` [ RunTime:0.0030s ]
SQL: SELECT `rand_code` FROM `jsb_user` WHERE `username` = '123456' LIMIT 1   [ RunTime:0.0000s ]
SQL: SELECT `user_id` FROM `jsb_user` WHERE `username` = '123456' AND `password` = 'b669d44497f67562c7005047983004d9' LIMIT 1   [ RunTime:0.0000s ]

[ 2016-07-21T11:21:03+08:00 ] 127.0.0.1 /index.php/Home/index/index.html
INFO: [ app_begin ] --START--
INFO: Run Behavior\ReadHtmlCacheBehavior [ RunTime:0.001000s ]
INFO: [ app_begin ] --END-- [ RunTime:0.002000s ]
SQL: SHOW COLUMNS FROM `jsb_user` [ RunTime:0.0030s ]
SQL: SELECT `rand_code` FROM `jsb_user` WHERE `username` = '123456' LIMIT 1   [ RunTime:0.0000s ]
SQL: SELECT `user_id` FROM `jsb_user` WHERE `username` = '123456' AND `password` = 'b669d44497f67562c7005047983004d9' LIMIT 1   [ RunTime:0.0010s ]
SQL: SELECT * FROM `jsb_user` LIMIT 1   [ RunTime:0.0000s ]

[ 2016-07-21T11:21:09+08:00 ] 127.0.0.1 /index.php/Home/index/index.html
INFO: [ app_begin ] --START--
INFO: Run Behavior\ReadHtmlCacheBehavior [ RunTime:0.001000s ]
INFO: [ app_begin ] --END-- [ RunTime:0.001000s ]
SQL: SHOW COLUMNS FROM `jsb_user` [ RunTime:0.0000s ]
SQL: SELECT `rand_code` FROM `jsb_user` WHERE `username` = '123456' LIMIT 1   [ RunTime:0.0000s ]
SQL: SELECT `user_id` FROM `jsb_user` WHERE `username` = '123456' AND `password` = '859291ac946b1e0f43fdee7979b6316b' LIMIT 1   [ RunTime:0.0000s ]

[ 2016-07-21T11:21:13+08:00 ] 127.0.0.1 /index.php/Home/index/index.html
INFO: [ app_begin ] --START--
INFO: Run Behavior\ReadHtmlCacheBehavior [ RunTime:0.000000s ]
INFO: [ app_begin ] --END-- [ RunTime:0.001000s ]
SQL: SHOW COLUMNS FROM `jsb_user` [ RunTime:0.0020s ]
SQL: SELECT `rand_code` FROM `jsb_user` WHERE `username` = '123456' LIMIT 1   [ RunTime:0.0010s ]
SQL: SELECT `user_id` FROM `jsb_user` WHERE `username` = '123456' AND `password` = '859291ac946b1e0f43fdee7979b6316b' LIMIT 1   [ RunTime:0.0000s ]

[ 2016-07-21T11:21:13+08:00 ] 127.0.0.1 /index.php/Home/index/index.html
INFO: [ app_begin ] --START--
INFO: Run Behavior\ReadHtmlCacheBehavior [ RunTime:0.001000s ]
INFO: [ app_begin ] --END-- [ RunTime:0.001000s ]
SQL: SHOW COLUMNS FROM `jsb_user` [ RunTime:0.0020s ]
SQL: SELECT `rand_code` FROM `jsb_user` WHERE `username` = '123456' LIMIT 1   [ RunTime:0.0000s ]
SQL: SELECT `user_id` FROM `jsb_user` WHERE `username` = '123456' AND `password` = '859291ac946b1e0f43fdee7979b6316b' LIMIT 1   [ RunTime:0.0000s ]

[ 2016-07-21T11:21:15+08:00 ] 127.0.0.1 /index.php/Home/index/index.html
INFO: [ app_begin ] --START--
INFO: Run Behavior\ReadHtmlCacheBehavior [ RunTime:0.000000s ]
INFO: [ app_begin ] --END-- [ RunTime:0.000000s ]
SQL: SHOW COLUMNS FROM `jsb_user` [ RunTime:0.0000s ]
SQL: SELECT `rand_code` FROM `jsb_user` WHERE `username` = '123456' LIMIT 1   [ RunTime:0.0000s ]
SQL: SELECT `user_id` FROM `jsb_user` WHERE `username` = '123456' AND `password` = '859291ac946b1e0f43fdee7979b6316b' LIMIT 1   [ RunTime:0.0000s ]

[ 2016-07-21T11:21:15+08:00 ] 127.0.0.1 /index.php/Home/index/index.html
INFO: [ app_begin ] --START--
INFO: Run Behavior\ReadHtmlCacheBehavior [ RunTime:0.001000s ]
INFO: [ app_begin ] --END-- [ RunTime:0.001000s ]
SQL: SHOW COLUMNS FROM `jsb_user` [ RunTime:0.0020s ]
SQL: SELECT `rand_code` FROM `jsb_user` WHERE `username` = '123456' LIMIT 1   [ RunTime:0.0010s ]
SQL: SELECT `user_id` FROM `jsb_user` WHERE `username` = '123456' AND `password` = '859291ac946b1e0f43fdee7979b6316b' LIMIT 1   [ RunTime:0.0000s ]

[ 2016-07-21T11:21:15+08:00 ] 127.0.0.1 /index.php/Home/index/index.html
INFO: [ app_begin ] --START--
INFO: Run Behavior\ReadHtmlCacheBehavior [ RunTime:0.001000s ]
INFO: [ app_begin ] --END-- [ RunTime:0.001000s ]
SQL: SHOW COLUMNS FROM `jsb_user` [ RunTime:0.0010s ]
SQL: SELECT `rand_code` FROM `jsb_user` WHERE `username` = '123456' LIMIT 1   [ RunTime:0.0000s ]
SQL: SELECT `user_id` FROM `jsb_user` WHERE `username` = '123456' AND `password` = '859291ac946b1e0f43fdee7979b6316b' LIMIT 1   [ RunTime:0.0000s ]

[ 2016-07-21T11:23:10+08:00 ] 127.0.0.1 /index.php/Home/index/index.html
INFO: [ app_begin ] --START--
INFO: Run Behavior\ReadHtmlCacheBehavior [ RunTime:0.001000s ]
INFO: [ app_begin ] --END-- [ RunTime:0.001000s ]
SQL: SHOW COLUMNS FROM `jsb_user` [ RunTime:0.0010s ]
SQL: SELECT `rand_code` FROM `jsb_user` WHERE `username` = '123456' LIMIT 1   [ RunTime:0.0000s ]
SQL: SELECT `user_id` FROM `jsb_user` WHERE `username` = '123456' AND `password` = 'b669d44497f67562c7005047983004d9' LIMIT 1   [ RunTime:0.0000s ]
SQL: SELECT * FROM `jsb_user` LIMIT 1   [ RunTime:0.0000s ]

[ 2016-07-21T11:23:50+08:00 ] 127.0.0.1 /index.php/Home/index/index.html
INFO: [ app_begin ] --START--
INFO: Run Behavior\ReadHtmlCacheBehavior [ RunTime:0.000000s ]
INFO: [ app_begin ] --END-- [ RunTime:0.001000s ]
SQL: SHOW COLUMNS FROM `jsb_user` [ RunTime:0.0040s ]
SQL: SELECT `rand_code` FROM `jsb_user` WHERE `username` = '123456' LIMIT 1   [ RunTime:0.0000s ]
SQL: SELECT `user_id` FROM `jsb_user` WHERE `username` = '123456' AND `password` = 'b669d44497f67562c7005047983004d9' LIMIT 1   [ RunTime:0.0000s ]

[ 2016-07-21T11:24:00+08:00 ] 127.0.0.1 /index.php/Home/index/index.html
INFO: [ app_begin ] --START--
INFO: Run Behavior\ReadHtmlCacheBehavior [ RunTime:0.000000s ]
INFO: [ app_begin ] --END-- [ RunTime:0.000000s ]
SQL: SHOW COLUMNS FROM `jsb_user` [ RunTime:0.0000s ]
SQL: SELECT `rand_code` FROM `jsb_user` WHERE `username` = '123456' LIMIT 1   [ RunTime:0.0000s ]
SQL: SELECT `user_id` FROM `jsb_user` WHERE `username` = '123456' AND `password` = 'b669d44497f67562c7005047983004d9' LIMIT 1   [ RunTime:0.0000s ]

[ 2016-07-21T11:24:02+08:00 ] 127.0.0.1 /index.php/Home/index/index.html
INFO: [ app_begin ] --START--
INFO: Run Behavior\ReadHtmlCacheBehavior [ RunTime:0.001000s ]
INFO: [ app_begin ] --END-- [ RunTime:0.002000s ]
SQL: SHOW COLUMNS FROM `jsb_user` [ RunTime:0.0030s ]
SQL: SELECT `rand_code` FROM `jsb_user` WHERE `username` = '123456' LIMIT 1   [ RunTime:0.0010s ]
SQL: SELECT `user_id` FROM `jsb_user` WHERE `username` = '123456' AND `password` = 'b669d44497f67562c7005047983004d9' LIMIT 1   [ RunTime:0.0000s ]

[ 2016-07-21T11:24:13+08:00 ] 127.0.0.1 /index.php/Home/index/index.html
INFO: [ app_begin ] --START--
INFO: Run Behavior\ReadHtmlCacheBehavior [ RunTime:0.000000s ]
INFO: [ app_begin ] --END-- [ RunTime:0.000000s ]
SQL: SHOW COLUMNS FROM `jsb_user` [ RunTime:0.0000s ]
SQL: SELECT `rand_code` FROM `jsb_user` WHERE `username` = '123456' LIMIT 1   [ RunTime:0.0000s ]
SQL: SELECT `user_id` FROM `jsb_user` WHERE `username` = '123456' AND `password` = 'b669d44497f67562c7005047983004d9' LIMIT 1   [ RunTime:0.0000s ]

[ 2016-07-21T11:24:15+08:00 ] 127.0.0.1 /index.php/Home/index/index.html
INFO: [ app_begin ] --START--
INFO: Run Behavior\ReadHtmlCacheBehavior [ RunTime:0.000000s ]
INFO: [ app_begin ] --END-- [ RunTime:0.002000s ]
SQL: SHOW COLUMNS FROM `jsb_user` [ RunTime:0.0040s ]
SQL: SELECT `rand_code` FROM `jsb_user` WHERE `username` = '123456' LIMIT 1   [ RunTime:0.0000s ]
SQL: SELECT `user_id` FROM `jsb_user` WHERE `username` = '123456' AND `password` = 'b669d44497f67562c7005047983004d9' LIMIT 1   [ RunTime:0.0000s ]

[ 2016-07-21T11:24:16+08:00 ] 127.0.0.1 /index.php/Home/index/index.html
INFO: [ app_begin ] --START--
INFO: Run Behavior\ReadHtmlCacheBehavior [ RunTime:0.001000s ]
INFO: [ app_begin ] --END-- [ RunTime:0.001000s ]
SQL: SHOW COLUMNS FROM `jsb_user` [ RunTime:0.0040s ]
SQL: SELECT `rand_code` FROM `jsb_user` WHERE `username` = '123456' LIMIT 1   [ RunTime:0.0000s ]
SQL: SELECT `user_id` FROM `jsb_user` WHERE `username` = '123456' AND `password` = 'b669d44497f67562c7005047983004d9' LIMIT 1   [ RunTime:0.0000s ]

[ 2016-07-21T11:24:16+08:00 ] 127.0.0.1 /index.php/Home/index/index.html
INFO: [ app_begin ] --START--
INFO: Run Behavior\ReadHtmlCacheBehavior [ RunTime:0.001000s ]
INFO: [ app_begin ] --END-- [ RunTime:0.002000s ]
SQL: SHOW COLUMNS FROM `jsb_user` [ RunTime:0.0020s ]
SQL: SELECT `rand_code` FROM `jsb_user` WHERE `username` = '123456' LIMIT 1   [ RunTime:0.0000s ]
SQL: SELECT `user_id` FROM `jsb_user` WHERE `username` = '123456' AND `password` = 'b669d44497f67562c7005047983004d9' LIMIT 1   [ RunTime:0.0000s ]

[ 2016-07-21T11:24:16+08:00 ] 127.0.0.1 /index.php/Home/index/index.html
INFO: [ app_begin ] --START--
INFO: Run Behavior\ReadHtmlCacheBehavior [ RunTime:0.001000s ]
INFO: [ app_begin ] --END-- [ RunTime:0.002000s ]
SQL: SHOW COLUMNS FROM `jsb_user` [ RunTime:0.0040s ]
SQL: SELECT `rand_code` FROM `jsb_user` WHERE `username` = '123456' LIMIT 1   [ RunTime:0.0000s ]
SQL: SELECT `user_id` FROM `jsb_user` WHERE `username` = '123456' AND `password` = 'b669d44497f67562c7005047983004d9' LIMIT 1   [ RunTime:0.0010s ]

[ 2016-07-21T11:24:17+08:00 ] 127.0.0.1 /index.php/Home/index/index.html
INFO: [ app_begin ] --START--
INFO: Run Behavior\ReadHtmlCacheBehavior [ RunTime:0.000000s ]
INFO: [ app_begin ] --END-- [ RunTime:0.001001s ]
SQL: SHOW COLUMNS FROM `jsb_user` [ RunTime:0.0000s ]
SQL: SELECT `rand_code` FROM `jsb_user` WHERE `username` = '123456' LIMIT 1   [ RunTime:0.0000s ]
SQL: SELECT `user_id` FROM `jsb_user` WHERE `username` = '123456' AND `password` = 'b669d44497f67562c7005047983004d9' LIMIT 1   [ RunTime:0.0000s ]

[ 2016-07-21T11:24:18+08:00 ] 127.0.0.1 /index.php/Home/index/index.html
INFO: [ app_begin ] --START--
INFO: Run Behavior\ReadHtmlCacheBehavior [ RunTime:0.000000s ]
INFO: [ app_begin ] --END-- [ RunTime:0.000000s ]
SQL: SHOW COLUMNS FROM `jsb_user` [ RunTime:0.0000s ]
SQL: SELECT `rand_code` FROM `jsb_user` WHERE `username` = '123456' LIMIT 1   [ RunTime:0.0000s ]
SQL: SELECT `user_id` FROM `jsb_user` WHERE `username` = '123456' AND `password` = 'b669d44497f67562c7005047983004d9' LIMIT 1   [ RunTime:0.0000s ]

[ 2016-07-21T11:24:19+08:00 ] 127.0.0.1 /index.php/Home/index/index.html
INFO: [ app_begin ] --START--
INFO: Run Behavior\ReadHtmlCacheBehavior [ RunTime:0.001000s ]
INFO: [ app_begin ] --END-- [ RunTime:0.002000s ]
SQL: SHOW COLUMNS FROM `jsb_user` [ RunTime:0.0000s ]
SQL: SELECT `rand_code` FROM `jsb_user` WHERE `username` = '123456' LIMIT 1   [ RunTime:0.0000s ]
SQL: SELECT `user_id` FROM `jsb_user` WHERE `username` = '123456' AND `password` = 'b669d44497f67562c7005047983004d9' LIMIT 1   [ RunTime:0.0000s ]

[ 2016-07-21T11:24:19+08:00 ] 127.0.0.1 /index.php/Home/index/index.html
INFO: [ app_begin ] --START--
INFO: Run Behavior\ReadHtmlCacheBehavior [ RunTime:0.001001s ]
INFO: [ app_begin ] --END-- [ RunTime:0.002001s ]
SQL: SHOW COLUMNS FROM `jsb_user` [ RunTime:0.0030s ]
SQL: SELECT `rand_code` FROM `jsb_user` WHERE `username` = '123456' LIMIT 1   [ RunTime:0.0000s ]
SQL: SELECT `user_id` FROM `jsb_user` WHERE `username` = '123456' AND `password` = 'b669d44497f67562c7005047983004d9' LIMIT 1   [ RunTime:0.0000s ]

[ 2016-07-21T11:24:20+08:00 ] 127.0.0.1 /index.php/Home/index/index.html
INFO: [ app_begin ] --START--
INFO: Run Behavior\ReadHtmlCacheBehavior [ RunTime:0.001000s ]
INFO: [ app_begin ] --END-- [ RunTime:0.002000s ]
SQL: SHOW COLUMNS FROM `jsb_user` [ RunTime:0.0000s ]
SQL: SELECT `rand_code` FROM `jsb_user` WHERE `username` = '123456' LIMIT 1   [ RunTime:0.0000s ]
SQL: SELECT `user_id` FROM `jsb_user` WHERE `username` = '123456' AND `password` = 'b669d44497f67562c7005047983004d9' LIMIT 1   [ RunTime:0.0000s ]

[ 2016-07-21T11:25:06+08:00 ] 127.0.0.1 /index.php/Home/index/index.html
INFO: [ app_begin ] --START--
INFO: Run Behavior\ReadHtmlCacheBehavior [ RunTime:0.001000s ]
INFO: [ app_begin ] --END-- [ RunTime:0.001000s ]
SQL: SHOW COLUMNS FROM `jsb_user` [ RunTime:0.0040s ]
SQL: SELECT `rand_code` FROM `jsb_user` WHERE `username` = '123456' LIMIT 1   [ RunTime:0.0010s ]
SQL: SELECT `user_id` FROM `jsb_user` WHERE `username` = '123456' AND `password` = 'b669d44497f67562c7005047983004d9' LIMIT 1   [ RunTime:0.0000s ]
SQL: SELECT * FROM `jsb_user` LIMIT 1   [ RunTime:0.0000s ]

[ 2016-07-21T11:25:20+08:00 ] 127.0.0.1 /index.php/Home/index/index.html
INFO: [ app_begin ] --START--
INFO: Run Behavior\ReadHtmlCacheBehavior [ RunTime:0.001000s ]
INFO: [ app_begin ] --END-- [ RunTime:0.001000s ]
SQL: SHOW COLUMNS FROM `jsb_user` [ RunTime:0.0040s ]
SQL: SELECT `rand_code` FROM `jsb_user` WHERE `username` = '123456' LIMIT 1   [ RunTime:0.0010s ]
SQL: SELECT `user_id` FROM `jsb_user` WHERE `username` = '123456' AND `password` = 'b669d44497f67562c7005047983004d9' LIMIT 1   [ RunTime:0.0000s ]

[ 2016-07-21T11:25:43+08:00 ] 127.0.0.1 /index.php/Home/index/index.html
INFO: [ app_begin ] --START--
INFO: Run Behavior\ReadHtmlCacheBehavior [ RunTime:0.001000s ]
INFO: [ app_begin ] --END-- [ RunTime:0.002000s ]
SQL: SHOW COLUMNS FROM `jsb_user` [ RunTime:0.0020s ]
SQL: SELECT `rand_code` FROM `jsb_user` WHERE `username` = '123456' LIMIT 1   [ RunTime:0.0000s ]
SQL: SELECT `user_id` FROM `jsb_user` WHERE `username` = '123456' AND `password` = 'b669d44497f67562c7005047983004d9' LIMIT 1   [ RunTime:0.0000s ]
SQL: SELECT * FROM `jsb_user` LIMIT 1   [ RunTime:0.0000s ]

[ 2016-07-21T14:05:12+08:00 ] 127.0.0.1 /index.php/Home/index/index.html
INFO: [ app_begin ] --START--
INFO: Run Behavior\ReadHtmlCacheBehavior [ RunTime:0.000000s ]
INFO: [ app_begin ] --END-- [ RunTime:0.000000s ]
SQL: SHOW COLUMNS FROM `jsb_user` [ RunTime:0.0000s ]
SQL: SELECT `rand_code` FROM `jsb_user` WHERE `username` = '123456545454156465651651' LIMIT 1   [ RunTime:0.0000s ]
SQL: SELECT `user_id` FROM `jsb_user` WHERE `username` = '123456545454156465651651' AND `password` = 'c975445567336c8d2efccc7fd4253b7d' LIMIT 1   [ RunTime:0.0000s ]

[ 2016-07-21T14:06:24+08:00 ] 127.0.0.1 /index.php/Home/index/index.html
INFO: [ app_begin ] --START--
INFO: Run Behavior\ReadHtmlCacheBehavior [ RunTime:0.000000s ]
INFO: [ app_begin ] --END-- [ RunTime:0.010000s ]
SQL: SHOW COLUMNS FROM `jsb_user` [ RunTime:0.0000s ]
SQL: SELECT `rand_code` FROM `jsb_user` WHERE `username` = 'admin' LIMIT 1   [ RunTime:0.0000s ]
SQL: SELECT `user_id` FROM `jsb_user` WHERE `username` = 'admin' AND `password` = '4eef1e1ea34879a2ae60c60815927ed9' LIMIT 1   [ RunTime:0.0000s ]

[ 2016-07-21T14:08:48+08:00 ] 127.0.0.1 /index.php/Home/index/index.html
INFO: [ app_begin ] --START--
INFO: Run Behavior\ReadHtmlCacheBehavior [ RunTime:0.000000s ]
INFO: [ app_begin ] --END-- [ RunTime:0.001000s ]
SQL: SHOW COLUMNS FROM `jsb_user` [ RunTime:0.0020s ]
SQL: SELECT `rand_code` FROM `jsb_user` WHERE `username` = '123456' LIMIT 1   [ RunTime:0.0000s ]
SQL: SELECT `user_id` FROM `jsb_user` WHERE `username` = '123456' AND `password` = 'b669d44497f67562c7005047983004d9' LIMIT 1   [ RunTime:0.0000s ]
SQL: SELECT * FROM `jsb_user` LIMIT 1   [ RunTime:0.0000s ]

[ 2016-07-21T14:46:47+08:00 ] 127.0.0.1 /index.php/Home/index/login.html
INFO: [ app_begin ] --START--
INFO: Run Behavior\ReadHtmlCacheBehavior [ RunTime:0.001000s ]
INFO: [ app_begin ] --END-- [ RunTime:0.001000s ]
SQL: SHOW COLUMNS FROM `jsb_user` [ RunTime:0.0020s ]
SQL: SELECT `rand_code` FROM `jsb_user` WHERE `username` = '123456' LIMIT 1   [ RunTime:0.0010s ]
SQL: SELECT `user_id` FROM `jsb_user` WHERE `username` = '123456' AND `password` = 'b669d44497f67562c7005047983004d9' LIMIT 1   [ RunTime:0.0000s ]
SQL: SELECT * FROM `jsb_user` LIMIT 1   [ RunTime:0.0010s ]

[ 2016-07-21T14:47:09+08:00 ] 127.0.0.1 /index.php/Home/index/register.html
INFO: [ app_begin ] --START--
INFO: Run Behavior\ReadHtmlCacheBehavior [ RunTime:0.000000s ]
INFO: [ app_begin ] --END-- [ RunTime:0.001000s ]
SQL: SHOW COLUMNS FROM `jsb_user` [ RunTime:0.0020s ]
NOTIC: [8] Use of undefined constant IS_AjAX - assumed 'IS_AjAX' D:\xampps\jsb\Application\Home\Controller\IndexController.class.php 第 68 行.
SQL: SELECT * FROM `jsb_user` WHERE `username` = '123456' LIMIT 1   [ RunTime:0.0000s ]

[ 2016-07-21T15:09:43+08:00 ] 127.0.0.1 /index.php/Home/index/login.html
INFO: [ app_begin ] --START--
INFO: Run Behavior\ReadHtmlCacheBehavior [ RunTime:0.000000s ]
INFO: [ app_begin ] --END-- [ RunTime:0.001000s ]
SQL: SHOW COLUMNS FROM `jsb_user` [ RunTime:0.0030s ]
SQL: SELECT `rand_code` FROM `jsb_user` WHERE `username` = '111111' LIMIT 1   [ RunTime:0.0000s ]
SQL: SELECT `user_id` FROM `jsb_user` WHERE `username` = '111111' AND `password` = '35aa365f56da41d03b0d9f71a22c9308' LIMIT 1   [ RunTime:0.0000s ]
SQL: SELECT * FROM `jsb_user` LIMIT 1   [ RunTime:0.0000s ]

[ 2016-07-21T15:24:53+08:00 ] 127.0.0.1 /index.php/Home/register
ERR: 无法加载控制器:Register

[ 2016-07-21T15:25:00+08:00 ] 127.0.0.1 /index.php/Home/index.register
ERR: 无法加载控制器:Index.register

