[ 2016-07-20T13:45:06+08:00 ] 127.0.0.1 /index.php/Home/index/register.html
INFO: [ app_begin ] --START--
INFO: Run Behavior\ReadHtmlCacheBehavior [ RunTime:0.000000s ]
INFO: [ app_begin ] --END-- [ RunTime:0.000000s ]
NOTIC: [8] Use of undefined constant IS_AjAX - assumed 'IS_AjAX' D:\xampps\jsb\Application\Home\Controller\IndexController.class.php 第 28 行.

[ 2016-07-20T13:45:18+08:00 ] 127.0.0.1 /index.php/Home/index/register.html
INFO: [ app_begin ] --START--
INFO: Run Behavior\ReadHtmlCacheBehavior [ RunTime:0.000000s ]
INFO: [ app_begin ] --END-- [ RunTime:0.000000s ]
NOTIC: [8] Use of undefined constant IS_AjAX - assumed 'IS_AjAX' D:\xampps\jsb\Application\Home\Controller\IndexController.class.php 第 28 行.

[ 2016-07-20T13:45:27+08:00 ] 127.0.0.1 /index.php/Home/index/register.html
INFO: [ app_begin ] --START--
INFO: Run Behavior\ReadHtmlCacheBehavior [ RunTime:0.000000s ]
INFO: [ app_begin ] --END-- [ RunTime:0.000000s ]
NOTIC: [8] Use of undefined constant IS_AjAX - assumed 'IS_AjAX' D:\xampps\jsb\Application\Home\Controller\IndexController.class.php 第 28 行.

[ 2016-07-20T13:50:06+08:00 ] 127.0.0.1 /index.php/Home/index/register.html
INFO: [ app_begin ] --START--
INFO: Run Behavior\ReadHtmlCacheBehavior [ RunTime:0.000000s ]
INFO: [ app_begin ] --END-- [ RunTime:0.001000s ]
NOTIC: [8] Use of undefined constant IS_AjAX - assumed 'IS_AjAX' D:\xampps\jsb\Application\Home\Controller\IndexController.class.php 第 28 行.

[ 2016-07-20T13:51:02+08:00 ] 127.0.0.1 /index.php/Home/index/register.html
INFO: [ app_begin ] --START--
INFO: Run Behavior\ReadHtmlCacheBehavior [ RunTime:0.000000s ]
INFO: [ app_begin ] --END-- [ RunTime:0.000000s ]
NOTIC: [8] Use of undefined constant IS_AjAX - assumed 'IS_AjAX' D:\xampps\jsb\Application\Home\Controller\IndexController.class.php 第 28 行.

[ 2016-07-20T13:51:57+08:00 ] 127.0.0.1 /index.php/Home/index/register.html
INFO: [ app_begin ] --START--
INFO: Run Behavior\ReadHtmlCacheBehavior [ RunTime:0.000000s ]
INFO: [ app_begin ] --END-- [ RunTime:0.000000s ]
NOTIC: [8] Use of undefined constant IS_AjAX - assumed 'IS_AjAX' D:\xampps\jsb\Application\Home\Controller\IndexController.class.php 第 28 行.

[ 2016-07-20T13:53:11+08:00 ] 127.0.0.1 /index.php/Home/index/register.html
INFO: [ app_begin ] --START--
INFO: Run Behavior\ReadHtmlCacheBehavior [ RunTime:0.000000s ]
INFO: [ app_begin ] --END-- [ RunTime:0.001000s ]
NOTIC: [8] Use of undefined constant IS_AjAX - assumed 'IS_AjAX' D:\xampps\jsb\Application\Home\Controller\IndexController.class.php 第 28 行.

[ 2016-07-20T13:54:47+08:00 ] 127.0.0.1 /index.php/Home/index/register.html
INFO: [ app_begin ] --START--
INFO: Run Behavior\ReadHtmlCacheBehavior [ RunTime:0.000000s ]
INFO: [ app_begin ] --END-- [ RunTime:0.001000s ]
NOTIC: [8] Use of undefined constant IS_AjAX - assumed 'IS_AjAX' D:\xampps\jsb\Application\Home\Controller\IndexController.class.php 第 28 行.

[ 2016-07-20T13:54:47+08:00 ] 127.0.0.1 /index.php/Home/index/register.html
INFO: [ app_begin ] --START--
INFO: Run Behavior\ReadHtmlCacheBehavior [ RunTime:0.000000s ]
INFO: [ app_begin ] --END-- [ RunTime:0.000000s ]
NOTIC: [8] Use of undefined constant IS_AjAX - assumed 'IS_AjAX' D:\xampps\jsb\Application\Home\Controller\IndexController.class.php 第 28 行.

[ 2016-07-20T13:54:52+08:00 ] 127.0.0.1 /index.php/Home/index/register.html
INFO: [ app_begin ] --START--
INFO: Run Behavior\ReadHtmlCacheBehavior [ RunTime:0.000000s ]
INFO: [ app_begin ] --END-- [ RunTime:0.000000s ]
NOTIC: [8] Use of undefined constant IS_AjAX - assumed 'IS_AjAX' D:\xampps\jsb\Application\Home\Controller\IndexController.class.php 第 28 行.

[ 2016-07-20T13:54:58+08:00 ] 127.0.0.1 /index.php/Home/index/register.html
INFO: [ app_begin ] --START--
INFO: Run Behavior\ReadHtmlCacheBehavior [ RunTime:0.001000s ]
INFO: [ app_begin ] --END-- [ RunTime:0.001000s ]
NOTIC: [8] Use of undefined constant IS_AjAX - assumed 'IS_AjAX' D:\xampps\jsb\Application\Home\Controller\IndexController.class.php 第 28 行.

[ 2016-07-20T13:54:58+08:00 ] 127.0.0.1 /index.php/Home/index/register.html
INFO: [ app_begin ] --START--
INFO: Run Behavior\ReadHtmlCacheBehavior [ RunTime:0.000000s ]
INFO: [ app_begin ] --END-- [ RunTime:0.000000s ]
NOTIC: [8] Use of undefined constant IS_AjAX - assumed 'IS_AjAX' D:\xampps\jsb\Application\Home\Controller\IndexController.class.php 第 28 行.

[ 2016-07-20T13:54:58+08:00 ] 127.0.0.1 /index.php/Home/index/register.html
INFO: [ app_begin ] --START--
INFO: Run Behavior\ReadHtmlCacheBehavior [ RunTime:0.001000s ]
INFO: [ app_begin ] --END-- [ RunTime:0.001000s ]
NOTIC: [8] Use of undefined constant IS_AjAX - assumed 'IS_AjAX' D:\xampps\jsb\Application\Home\Controller\IndexController.class.php 第 28 行.

[ 2016-07-20T14:34:50+08:00 ] 127.0.0.1 /index.php/Home/index/register.html
INFO: [ app_begin ] --START--
INFO: Run Behavior\ReadHtmlCacheBehavior [ RunTime:0.000000s ]
INFO: [ app_begin ] --END-- [ RunTime:0.000000s ]
NOTIC: [8] Use of undefined constant IS_AjAX - assumed 'IS_AjAX' D:\xampps\jsb\Application\Home\Controller\IndexController.class.php 第 28 行.

[ 2016-07-20T14:34:51+08:00 ] 127.0.0.1 /index.php/Home/index/register.html
INFO: [ app_begin ] --START--
INFO: Run Behavior\ReadHtmlCacheBehavior [ RunTime:0.000000s ]
INFO: [ app_begin ] --END-- [ RunTime:0.000000s ]
NOTIC: [8] Use of undefined constant IS_AjAX - assumed 'IS_AjAX' D:\xampps\jsb\Application\Home\Controller\IndexController.class.php 第 28 行.

[ 2016-07-20T14:34:51+08:00 ] 127.0.0.1 /index.php/Home/index/register.html
INFO: [ app_begin ] --START--
INFO: Run Behavior\ReadHtmlCacheBehavior [ RunTime:0.000000s ]
INFO: [ app_begin ] --END-- [ RunTime:0.000000s ]
NOTIC: [8] Use of undefined constant IS_AjAX - assumed 'IS_AjAX' D:\xampps\jsb\Application\Home\Controller\IndexController.class.php 第 28 行.

[ 2016-07-20T14:34:51+08:00 ] 127.0.0.1 /index.php/Home/index/register.html
INFO: [ app_begin ] --START--
INFO: Run Behavior\ReadHtmlCacheBehavior [ RunTime:0.000000s ]
INFO: [ app_begin ] --END-- [ RunTime:0.010000s ]
NOTIC: [8] Use of undefined constant IS_AjAX - assumed 'IS_AjAX' D:\xampps\jsb\Application\Home\Controller\IndexController.class.php 第 28 行.

[ 2016-07-20T14:34:54+08:00 ] 127.0.0.1 /index.php/Home/index/register.html
INFO: [ app_begin ] --START--
INFO: Run Behavior\ReadHtmlCacheBehavior [ RunTime:0.001000s ]
INFO: [ app_begin ] --END-- [ RunTime:0.001000s ]
NOTIC: [8] Use of undefined constant IS_AjAX - assumed 'IS_AjAX' D:\xampps\jsb\Application\Home\Controller\IndexController.class.php 第 28 行.

[ 2016-07-20T14:34:54+08:00 ] 127.0.0.1 /index.php/Home/index/register.html
INFO: [ app_begin ] --START--
INFO: Run Behavior\ReadHtmlCacheBehavior [ RunTime:0.001000s ]
INFO: [ app_begin ] --END-- [ RunTime:0.001000s ]
NOTIC: [8] Use of undefined constant IS_AjAX - assumed 'IS_AjAX' D:\xampps\jsb\Application\Home\Controller\IndexController.class.php 第 28 行.

[ 2016-07-20T14:34:54+08:00 ] 127.0.0.1 /index.php/Home/index/register.html
INFO: [ app_begin ] --START--
INFO: Run Behavior\ReadHtmlCacheBehavior [ RunTime:0.001000s ]
INFO: [ app_begin ] --END-- [ RunTime:0.001000s ]
NOTIC: [8] Use of undefined constant IS_AjAX - assumed 'IS_AjAX' D:\xampps\jsb\Application\Home\Controller\IndexController.class.php 第 28 行.

[ 2016-07-20T14:36:18+08:00 ] 127.0.0.1 /index.php/Home/index/register.html
INFO: [ app_begin ] --START--
INFO: Run Behavior\ReadHtmlCacheBehavior [ RunTime:0.000000s ]
INFO: [ app_begin ] --END-- [ RunTime:0.000000s ]
NOTIC: [8] Use of undefined constant IS_AjAX - assumed 'IS_AjAX' D:\xampps\jsb\Application\Home\Controller\IndexController.class.php 第 28 行.
SQL: SHOW COLUMNS FROM `jsb_user` [ RunTime:0.0030s ]
SQL: SELECT * FROM `jsb_user` WHERE `username` = 'zhujun' LIMIT 1   [ RunTime:0.0000s ]
SQL: INSERT INTO `jsb_user` (`username`,`password`,`rand_code`) VALUES ('zhujun','7042d05ad797a132326d4dc046a2b517','B9KUWE') [ RunTime:0.0030s ]

[ 2016-07-20T14:36:18+08:00 ] 127.0.0.1 /index.php/Home/index/register.html
INFO: [ app_begin ] --START--
INFO: Run Behavior\ReadHtmlCacheBehavior [ RunTime:0.001000s ]
INFO: [ app_begin ] --END-- [ RunTime:0.001000s ]
NOTIC: [8] Use of undefined constant IS_AjAX - assumed 'IS_AjAX' D:\xampps\jsb\Application\Home\Controller\IndexController.class.php 第 28 行.
SQL: SHOW COLUMNS FROM `jsb_user` [ RunTime:0.0030s ]
SQL: SELECT * FROM `jsb_user` WHERE `username` = 'zhujuny' LIMIT 1   [ RunTime:0.0010s ]
SQL: INSERT INTO `jsb_user` (`username`,`password`,`rand_code`) VALUES ('zhujuny','c2f9d365f5efcf4e05555c0356514066','SWOK9M') [ RunTime:0.0050s ]

[ 2016-07-20T14:36:19+08:00 ] 127.0.0.1 /index.php/Home/index/register.html
INFO: [ app_begin ] --START--
INFO: Run Behavior\ReadHtmlCacheBehavior [ RunTime:0.000000s ]
INFO: [ app_begin ] --END-- [ RunTime:0.000000s ]
NOTIC: [8] Use of undefined constant IS_AjAX - assumed 'IS_AjAX' D:\xampps\jsb\Application\Home\Controller\IndexController.class.php 第 28 行.
SQL: SHOW COLUMNS FROM `jsb_user` [ RunTime:0.0030s ]
SQL: SELECT * FROM `jsb_user` WHERE `username` = 'zhujunyo' LIMIT 1   [ RunTime:0.0000s ]
SQL: INSERT INTO `jsb_user` (`username`,`password`,`rand_code`) VALUES ('zhujunyo','481368d6d6d60aa1c1323cac3a0022ae','7SGZK1') [ RunTime:0.0050s ]

[ 2016-07-20T14:36:19+08:00 ] 127.0.0.1 /index.php/Home/index/register.html
INFO: [ app_begin ] --START--
INFO: Run Behavior\ReadHtmlCacheBehavior [ RunTime:0.000000s ]
INFO: [ app_begin ] --END-- [ RunTime:0.001000s ]
NOTIC: [8] Use of undefined constant IS_AjAX - assumed 'IS_AjAX' D:\xampps\jsb\Application\Home\Controller\IndexController.class.php 第 28 行.
SQL: SHOW COLUMNS FROM `jsb_user` [ RunTime:0.0040s ]
SQL: SELECT * FROM `jsb_user` WHERE `username` = 'zhujunyou' LIMIT 1   [ RunTime:0.0010s ]
SQL: INSERT INTO `jsb_user` (`username`,`password`,`rand_code`) VALUES ('zhujunyou','dce272f39a169c149a2194b54d1d0407','WH0IKN') [ RunTime:0.0000s ]

[ 2016-07-20T14:36:19+08:00 ] 127.0.0.1 /index.php/Home/index/register.html
INFO: [ app_begin ] --START--
INFO: Run Behavior\ReadHtmlCacheBehavior [ RunTime:0.000000s ]
INFO: [ app_begin ] --END-- [ RunTime:0.000000s ]
NOTIC: [8] Use of undefined constant IS_AjAX - assumed 'IS_AjAX' D:\xampps\jsb\Application\Home\Controller\IndexController.class.php 第 28 行.
SQL: SHOW COLUMNS FROM `jsb_user` [ RunTime:0.0030s ]
SQL: SELECT * FROM `jsb_user` WHERE `username` = 'zhujunyou' LIMIT 1   [ RunTime:0.0010s ]

[ 2016-07-20T14:36:27+08:00 ] 127.0.0.1 /index.php/Home/index/register.html
INFO: [ app_begin ] --START--
INFO: Run Behavior\ReadHtmlCacheBehavior [ RunTime:0.000000s ]
INFO: [ app_begin ] --END-- [ RunTime:0.001000s ]
NOTIC: [8] Use of undefined constant IS_AjAX - assumed 'IS_AjAX' D:\xampps\jsb\Application\Home\Controller\IndexController.class.php 第 28 行.
SQL: SHOW COLUMNS FROM `jsb_user` [ RunTime:0.0030s ]
SQL: SELECT * FROM `jsb_user` WHERE `username` = 'new123' LIMIT 1   [ RunTime:0.0000s ]
SQL: INSERT INTO `jsb_user` (`username`,`password`,`rand_code`) VALUES ('new123','67c1e333152aafb33398a7c655d34d3f','VEUXNC') [ RunTime:0.0050s ]

[ 2016-07-20T14:36:27+08:00 ] 127.0.0.1 /index.php/Home/index/register.html
INFO: [ app_begin ] --START--
INFO: Run Behavior\ReadHtmlCacheBehavior [ RunTime:0.001000s ]
INFO: [ app_begin ] --END-- [ RunTime:0.001000s ]
NOTIC: [8] Use of undefined constant IS_AjAX - assumed 'IS_AjAX' D:\xampps\jsb\Application\Home\Controller\IndexController.class.php 第 28 行.
SQL: SHOW COLUMNS FROM `jsb_user` [ RunTime:0.0030s ]
SQL: SELECT * FROM `jsb_user` WHERE `username` = 'new123' LIMIT 1   [ RunTime:0.0010s ]

[ 2016-07-20T14:36:27+08:00 ] 127.0.0.1 /index.php/Home/index/register.html
INFO: [ app_begin ] --START--
INFO: Run Behavior\ReadHtmlCacheBehavior [ RunTime:0.001000s ]
INFO: [ app_begin ] --END-- [ RunTime:0.001000s ]
NOTIC: [8] Use of undefined constant IS_AjAX - assumed 'IS_AjAX' D:\xampps\jsb\Application\Home\Controller\IndexController.class.php 第 28 行.
SQL: SHOW COLUMNS FROM `jsb_user` [ RunTime:0.0030s ]
SQL: SELECT * FROM `jsb_user` WHERE `username` = 'new123' LIMIT 1   [ RunTime:0.0000s ]

[ 2016-07-20T14:36:27+08:00 ] 127.0.0.1 /index.php/Home/index/register.html
INFO: [ app_begin ] --START--
INFO: Run Behavior\ReadHtmlCacheBehavior [ RunTime:0.001000s ]
INFO: [ app_begin ] --END-- [ RunTime:0.001000s ]
NOTIC: [8] Use of undefined constant IS_AjAX - assumed 'IS_AjAX' D:\xampps\jsb\Application\Home\Controller\IndexController.class.php 第 28 行.
SQL: SHOW COLUMNS FROM `jsb_user` [ RunTime:0.0030s ]
SQL: SELECT * FROM `jsb_user` WHERE `username` = 'new123' LIMIT 1   [ RunTime:0.0000s ]

[ 2016-07-20T14:36:34+08:00 ] 127.0.0.1 /index.php/Home/index/register.html
INFO: [ app_begin ] --START--
INFO: Run Behavior\ReadHtmlCacheBehavior [ RunTime:0.000000s ]
INFO: [ app_begin ] --END-- [ RunTime:0.000000s ]
NOTIC: [8] Use of undefined constant IS_AjAX - assumed 'IS_AjAX' D:\xampps\jsb\Application\Home\Controller\IndexController.class.php 第 28 行.
SQL: SHOW COLUMNS FROM `jsb_user` [ RunTime:0.0030s ]
SQL: SELECT * FROM `jsb_user` WHERE `username` = 'new123' LIMIT 1   [ RunTime:0.0000s ]

[ 2016-07-20T14:36:34+08:00 ] 127.0.0.1 /index.php/Home/index/register.html
INFO: [ app_begin ] --START--
INFO: Run Behavior\ReadHtmlCacheBehavior [ RunTime:0.001000s ]
INFO: [ app_begin ] --END-- [ RunTime:0.001000s ]
NOTIC: [8] Use of undefined constant IS_AjAX - assumed 'IS_AjAX' D:\xampps\jsb\Application\Home\Controller\IndexController.class.php 第 28 行.
SQL: SHOW COLUMNS FROM `jsb_user` [ RunTime:0.0020s ]
SQL: SELECT * FROM `jsb_user` WHERE `username` = 'new123' LIMIT 1   [ RunTime:0.0010s ]

[ 2016-07-20T14:36:34+08:00 ] 127.0.0.1 /index.php/Home/index/register.html
INFO: [ app_begin ] --START--
INFO: Run Behavior\ReadHtmlCacheBehavior [ RunTime:0.000000s ]
INFO: [ app_begin ] --END-- [ RunTime:0.001000s ]
NOTIC: [8] Use of undefined constant IS_AjAX - assumed 'IS_AjAX' D:\xampps\jsb\Application\Home\Controller\IndexController.class.php 第 28 行.
SQL: SHOW COLUMNS FROM `jsb_user` [ RunTime:0.0030s ]
SQL: SELECT * FROM `jsb_user` WHERE `username` = 'new123' LIMIT 1   [ RunTime:0.0000s ]

[ 2016-07-20T14:37:36+08:00 ] 127.0.0.1 /index.php/Home/index/register.html
INFO: [ app_begin ] --START--
INFO: Run Behavior\ReadHtmlCacheBehavior [ RunTime:0.000000s ]
INFO: [ app_begin ] --END-- [ RunTime:0.000000s ]
NOTIC: [8] Use of undefined constant IS_AjAX - assumed 'IS_AjAX' D:\xampps\jsb\Application\Home\Controller\IndexController.class.php 第 28 行.
SQL: SHOW COLUMNS FROM `jsb_user` [ RunTime:0.0020s ]
SQL: SELECT * FROM `jsb_user` WHERE `username` = '123123' LIMIT 1   [ RunTime:0.0000s ]
SQL: INSERT INTO `jsb_user` (`username`,`password`,`rand_code`) VALUES ('123123','bdf0b35753cb1fd3c0c9e3758c2b80bf','NXKRQ4') [ RunTime:0.0040s ]

[ 2016-07-20T14:37:36+08:00 ] 127.0.0.1 /index.php/Home/index/register.html
INFO: [ app_begin ] --START--
INFO: Run Behavior\ReadHtmlCacheBehavior [ RunTime:0.010000s ]
INFO: [ app_begin ] --END-- [ RunTime:0.010000s ]
NOTIC: [8] Use of undefined constant IS_AjAX - assumed 'IS_AjAX' D:\xampps\jsb\Application\Home\Controller\IndexController.class.php 第 28 行.
SQL: SHOW COLUMNS FROM `jsb_user` [ RunTime:0.0020s ]
SQL: SELECT * FROM `jsb_user` WHERE `username` = '1231231' LIMIT 1   [ RunTime:0.0000s ]
SQL: INSERT INTO `jsb_user` (`username`,`password`,`rand_code`) VALUES ('1231231','cd37850a67785b73f3d9595d07968035','9Y8LR2') [ RunTime:0.0040s ]

[ 2016-07-20T14:37:36+08:00 ] 127.0.0.1 /index.php/Home/index/register.html
INFO: [ app_begin ] --START--
INFO: Run Behavior\ReadHtmlCacheBehavior [ RunTime:0.000000s ]
INFO: [ app_begin ] --END-- [ RunTime:0.000000s ]
NOTIC: [8] Use of undefined constant IS_AjAX - assumed 'IS_AjAX' D:\xampps\jsb\Application\Home\Controller\IndexController.class.php 第 28 行.
SQL: SHOW COLUMNS FROM `jsb_user` [ RunTime:0.0030s ]
SQL: SELECT * FROM `jsb_user` WHERE `username` = '12312312' LIMIT 1   [ RunTime:0.0000s ]
SQL: INSERT INTO `jsb_user` (`username`,`password`,`rand_code`) VALUES ('12312312','bc8e5fd407963f7de7464080f4e11a39','4RVI8G') [ RunTime:0.0050s ]

[ 2016-07-20T14:37:37+08:00 ] 127.0.0.1 /index.php/Home/index/register.html
INFO: [ app_begin ] --START--
INFO: Run Behavior\ReadHtmlCacheBehavior [ RunTime:0.000000s ]
INFO: [ app_begin ] --END-- [ RunTime:0.000000s ]
NOTIC: [8] Use of undefined constant IS_AjAX - assumed 'IS_AjAX' D:\xampps\jsb\Application\Home\Controller\IndexController.class.php 第 28 行.
SQL: SHOW COLUMNS FROM `jsb_user` [ RunTime:0.0020s ]
SQL: SELECT * FROM `jsb_user` WHERE `username` = '123123123' LIMIT 1   [ RunTime:0.0010s ]
SQL: INSERT INTO `jsb_user` (`username`,`password`,`rand_code`) VALUES ('123123123','48f1881a27678f4f6abee6c7f45de8b7','BDTSM4') [ RunTime:0.0040s ]

[ 2016-07-20T14:37:38+08:00 ] 127.0.0.1 /index.php/Home/index/register.html
INFO: [ app_begin ] --START--
INFO: Run Behavior\ReadHtmlCacheBehavior [ RunTime:0.000000s ]
INFO: [ app_begin ] --END-- [ RunTime:0.000000s ]
NOTIC: [8] Use of undefined constant IS_AjAX - assumed 'IS_AjAX' D:\xampps\jsb\Application\Home\Controller\IndexController.class.php 第 28 行.
SQL: SHOW COLUMNS FROM `jsb_user` [ RunTime:0.0040s ]
SQL: SELECT * FROM `jsb_user` WHERE `username` = '123123123' LIMIT 1   [ RunTime:0.0000s ]

[ 2016-07-20T14:38:06+08:00 ] 127.0.0.1 /index.php/Home/index/register.html
INFO: [ app_begin ] --START--
INFO: Run Behavior\ReadHtmlCacheBehavior [ RunTime:0.000000s ]
INFO: [ app_begin ] --END-- [ RunTime:0.000000s ]
NOTIC: [8] Use of undefined constant IS_AjAX - assumed 'IS_AjAX' D:\xampps\jsb\Application\Home\Controller\IndexController.class.php 第 28 行.
SQL: SHOW COLUMNS FROM `jsb_user` [ RunTime:0.0030s ]
SQL: SELECT * FROM `jsb_user` WHERE `username` = '123456' LIMIT 1   [ RunTime:0.0000s ]
SQL: INSERT INTO `jsb_user` (`username`,`password`,`rand_code`) VALUES ('123456','5276e1938386f497a5c735cbb8808f02','D78XEZ') [ RunTime:0.0040s ]

[ 2016-07-20T14:38:06+08:00 ] 127.0.0.1 /index.php/Home/index/register.html
INFO: [ app_begin ] --START--
INFO: Run Behavior\ReadHtmlCacheBehavior [ RunTime:0.001000s ]
INFO: [ app_begin ] --END-- [ RunTime:0.001000s ]
NOTIC: [8] Use of undefined constant IS_AjAX - assumed 'IS_AjAX' D:\xampps\jsb\Application\Home\Controller\IndexController.class.php 第 28 行.
SQL: SHOW COLUMNS FROM `jsb_user` [ RunTime:0.0030s ]
SQL: SELECT * FROM `jsb_user` WHERE `username` = '123456' LIMIT 1   [ RunTime:0.0000s ]

[ 2016-07-20T14:39:02+08:00 ] 127.0.0.1 /index.php/Home/index/register.html
INFO: [ app_begin ] --START--
INFO: Run Behavior\ReadHtmlCacheBehavior [ RunTime:0.000000s ]
INFO: [ app_begin ] --END-- [ RunTime:0.001000s ]
NOTIC: [8] Use of undefined constant IS_AjAX - assumed 'IS_AjAX' D:\xampps\jsb\Application\Home\Controller\IndexController.class.php 第 28 行.
SQL: SHOW COLUMNS FROM `jsb_user` [ RunTime:0.0020s ]
SQL: SELECT * FROM `jsb_user` WHERE `username` = '123123' LIMIT 1   [ RunTime:0.0010s ]

[ 2016-07-20T14:39:02+08:00 ] 127.0.0.1 /index.php/Home/index/register.html
INFO: [ app_begin ] --START--
INFO: Run Behavior\ReadHtmlCacheBehavior [ RunTime:0.001000s ]
INFO: [ app_begin ] --END-- [ RunTime:0.001000s ]
NOTIC: [8] Use of undefined constant IS_AjAX - assumed 'IS_AjAX' D:\xampps\jsb\Application\Home\Controller\IndexController.class.php 第 28 行.
SQL: SHOW COLUMNS FROM `jsb_user` [ RunTime:0.0020s ]
SQL: SELECT * FROM `jsb_user` WHERE `username` = '123123' LIMIT 1   [ RunTime:0.0010s ]

[ 2016-07-20T14:39:02+08:00 ] 127.0.0.1 /index.php/Home/index/register.html
INFO: [ app_begin ] --START--
INFO: Run Behavior\ReadHtmlCacheBehavior [ RunTime:0.000000s ]
INFO: [ app_begin ] --END-- [ RunTime:0.001000s ]
NOTIC: [8] Use of undefined constant IS_AjAX - assumed 'IS_AjAX' D:\xampps\jsb\Application\Home\Controller\IndexController.class.php 第 28 行.
SQL: SHOW COLUMNS FROM `jsb_user` [ RunTime:0.0040s ]
SQL: SELECT * FROM `jsb_user` WHERE `username` = '123123' LIMIT 1   [ RunTime:0.0000s ]

[ 2016-07-20T14:39:36+08:00 ] 127.0.0.1 /index.php/Home/index/register.html
INFO: [ app_begin ] --START--
INFO: Run Behavior\ReadHtmlCacheBehavior [ RunTime:0.001000s ]
INFO: [ app_begin ] --END-- [ RunTime:0.001000s ]
NOTIC: [8] Use of undefined constant IS_AjAX - assumed 'IS_AjAX' D:\xampps\jsb\Application\Home\Controller\IndexController.class.php 第 28 行.
SQL: SHOW COLUMNS FROM `jsb_user` [ RunTime:0.0020s ]
SQL: SELECT * FROM `jsb_user` WHERE `username` = 'new123' LIMIT 1   [ RunTime:0.0010s ]
SQL: INSERT INTO `jsb_user` (`username`,`password`,`rand_code`) VALUES ('new123','1d49ff1ca4789ac0148c743ddfaee6eb','EZ1MTX') [ RunTime:0.0010s ]

[ 2016-07-20T14:39:36+08:00 ] 127.0.0.1 /index.php/Home/index/register.html
INFO: [ app_begin ] --START--
INFO: Run Behavior\ReadHtmlCacheBehavior [ RunTime:0.001000s ]
INFO: [ app_begin ] --END-- [ RunTime:0.001000s ]
NOTIC: [8] Use of undefined constant IS_AjAX - assumed 'IS_AjAX' D:\xampps\jsb\Application\Home\Controller\IndexController.class.php 第 28 行.
SQL: SHOW COLUMNS FROM `jsb_user` [ RunTime:0.0020s ]
SQL: SELECT * FROM `jsb_user` WHERE `username` = 'new123' LIMIT 1   [ RunTime:0.0010s ]

[ 2016-07-20T14:39:36+08:00 ] 127.0.0.1 /index.php/Home/index/register.html
INFO: [ app_begin ] --START--
INFO: Run Behavior\ReadHtmlCacheBehavior [ RunTime:0.000000s ]
INFO: [ app_begin ] --END-- [ RunTime:0.001000s ]
NOTIC: [8] Use of undefined constant IS_AjAX - assumed 'IS_AjAX' D:\xampps\jsb\Application\Home\Controller\IndexController.class.php 第 28 行.
SQL: SHOW COLUMNS FROM `jsb_user` [ RunTime:0.0030s ]
SQL: SELECT * FROM `jsb_user` WHERE `username` = 'new123' LIMIT 1   [ RunTime:0.0000s ]

[ 2016-07-20T14:41:17+08:00 ] 127.0.0.1 /index.php/Home/index/register.html
INFO: [ app_begin ] --START--
INFO: Run Behavior\ReadHtmlCacheBehavior [ RunTime:0.000000s ]
INFO: [ app_begin ] --END-- [ RunTime:0.000000s ]
NOTIC: [8] Use of undefined constant IS_AjAX - assumed 'IS_AjAX' D:\xampps\jsb\Application\Home\Controller\IndexController.class.php 第 28 行.
SQL: SHOW COLUMNS FROM `jsb_user` [ RunTime:0.0030s ]
SQL: SELECT * FROM `jsb_user` WHERE `username` = '123456' LIMIT 1   [ RunTime:0.0010s ]
SQL: INSERT INTO `jsb_user` (`username`,`password`,`rand_code`) VALUES ('123456','b669d44497f67562c7005047983004d9','C64DAZ') [ RunTime:0.0070s ]

[ 2016-07-20T16:15:47+08:00 ] 127.0.0.1 /index.php/Home/index/register.html
INFO: [ app_begin ] --START--
INFO: Run Behavior\ReadHtmlCacheBehavior [ RunTime:0.001000s ]
INFO: [ app_begin ] --END-- [ RunTime:0.001000s ]

[ 2016-07-20T16:15:47+08:00 ] 127.0.0.1 /index.php/Home/Index/login.html
INFO: [ app_begin ] --START--
INFO: Run Behavior\ReadHtmlCacheBehavior [ RunTime:0.000000s ]
INFO: [ app_begin ] --END-- [ RunTime:0.000000s ]
INFO: [ view_parse ] --START--
INFO: [ template_filter ] --START--
INFO: Run Behavior\ContentReplaceBehavior [ RunTime:0.000000s ]
INFO: [ template_filter ] --END-- [ RunTime:0.000000s ]
INFO: Run Behavior\ParseTemplateBehavior [ RunTime:0.005000s ]
INFO: [ view_parse ] --END-- [ RunTime:0.005000s ]
INFO: [ view_filter ] --START--
INFO: Run Behavior\WriteHtmlCacheBehavior [ RunTime:0.000000s ]
INFO: [ view_filter ] --END-- [ RunTime:0.000000s ]
INFO: [ app_end ] --START--
INFO: Run Behavior\ShowPageTraceBehavior [ RunTime:0.001001s ]
INFO: [ app_end ] --END-- [ RunTime:0.001001s ]

[ 2016-07-20T16:16:37+08:00 ] 127.0.0.1 /index.php/Home/index/register.html
INFO: [ app_begin ] --START--
INFO: Run Behavior\ReadHtmlCacheBehavior [ RunTime:0.001000s ]
INFO: [ app_begin ] --END-- [ RunTime:0.001000s ]
NOTIC: [8] Use of undefined constant IS_AjAX - assumed 'IS_AjAX' D:\xampps\jsb\Application\Home\Controller\IndexController.class.php 第 38 行.
SQL: SHOW COLUMNS FROM `jsb_user` [ RunTime:0.0020s ]
SQL: SELECT * FROM `jsb_user` WHERE `username` = '123456' LIMIT 1   [ RunTime:0.0000s ]

[ 2016-07-20T16:17:49+08:00 ] 127.0.0.1 /index.php/Home/index/register.html
INFO: [ app_begin ] --START--
INFO: Run Behavior\ReadHtmlCacheBehavior [ RunTime:0.001000s ]
INFO: [ app_begin ] --END-- [ RunTime:0.001000s ]
NOTIC: [8] Use of undefined constant IS_AjAX - assumed 'IS_AjAX' D:\xampps\jsb\Application\Home\Controller\IndexController.class.php 第 38 行.
SQL: SHOW COLUMNS FROM `jsb_user` [ RunTime:0.0030s ]
SQL: SELECT * FROM `jsb_user` WHERE `username` = '123123' LIMIT 1   [ RunTime:0.0010s ]
SQL: INSERT INTO `jsb_user` (`username`,`password`,`rand_code`) VALUES ('123123','556934af665686a041ee4019e589e4a9','5GZWKN') [ RunTime:0.0070s ]

[ 2016-07-20T17:15:49+08:00 ] 127.0.0.1 /index.php/Home/index/namerepeat.html
INFO: [ app_begin ] --START--
INFO: Run Behavior\ReadHtmlCacheBehavior [ RunTime:0.001000s ]
INFO: [ app_begin ] --END-- [ RunTime:0.001000s ]

[ 2016-07-20T17:15:49+08:00 ] 127.0.0.1 /index.php/Home/Index/login.html
INFO: [ app_begin ] --START--
INFO: Run Behavior\ReadHtmlCacheBehavior [ RunTime:0.000000s ]
INFO: [ app_begin ] --END-- [ RunTime:0.001000s ]
INFO: [ view_parse ] --START--
INFO: [ template_filter ] --START--
INFO: Run Behavior\ContentReplaceBehavior [ RunTime:0.000000s ]
INFO: [ template_filter ] --END-- [ RunTime:0.000000s ]
INFO: Run Behavior\ParseTemplateBehavior [ RunTime:0.005000s ]
INFO: [ view_parse ] --END-- [ RunTime:0.005000s ]
INFO: [ view_filter ] --START--
INFO: Run Behavior\WriteHtmlCacheBehavior [ RunTime:0.001001s ]
INFO: [ view_filter ] --END-- [ RunTime:0.001001s ]
INFO: [ app_end ] --START--
INFO: Run Behavior\ShowPageTraceBehavior [ RunTime:0.001000s ]
INFO: [ app_end ] --END-- [ RunTime:0.001000s ]

[ 2016-07-20T17:15:49+08:00 ] 127.0.0.1 /index.php/Home/index/namerepeat.html
INFO: [ app_begin ] --START--
INFO: Run Behavior\ReadHtmlCacheBehavior [ RunTime:0.000000s ]
INFO: [ app_begin ] --END-- [ RunTime:0.001000s ]

[ 2016-07-20T17:15:49+08:00 ] 127.0.0.1 /index.php/Home/index/namerepeat.html
INFO: [ app_begin ] --START--
INFO: Run Behavior\ReadHtmlCacheBehavior [ RunTime:0.000000s ]
INFO: [ app_begin ] --END-- [ RunTime:0.000000s ]

[ 2016-07-20T17:15:49+08:00 ] 127.0.0.1 /index.php/Home/Index/login.html
INFO: [ app_begin ] --START--
INFO: Run Behavior\ReadHtmlCacheBehavior [ RunTime:0.000000s ]
INFO: [ app_begin ] --END-- [ RunTime:0.001000s ]
INFO: [ view_parse ] --START--
INFO: [ template_filter ] --START--
INFO: Run Behavior\ContentReplaceBehavior [ RunTime:0.000000s ]
INFO: [ template_filter ] --END-- [ RunTime:0.000000s ]
INFO: Run Behavior\ParseTemplateBehavior [ RunTime:0.005000s ]
INFO: [ view_parse ] --END-- [ RunTime:0.006000s ]
INFO: [ view_filter ] --START--
INFO: Run Behavior\WriteHtmlCacheBehavior [ RunTime:0.000000s ]
INFO: [ view_filter ] --END-- [ RunTime:0.000000s ]
INFO: [ app_end ] --START--
INFO: Run Behavior\ShowPageTraceBehavior [ RunTime:0.001000s ]
INFO: [ app_end ] --END-- [ RunTime:0.001000s ]

[ 2016-07-20T17:15:49+08:00 ] 127.0.0.1 /index.php/Home/Index/login.html
INFO: [ app_begin ] --START--
INFO: Run Behavior\ReadHtmlCacheBehavior [ RunTime:0.000000s ]
INFO: [ app_begin ] --END-- [ RunTime:0.000000s ]
INFO: [ view_parse ] --START--
INFO: [ template_filter ] --START--
INFO: Run Behavior\ContentReplaceBehavior [ RunTime:0.001000s ]
INFO: [ template_filter ] --END-- [ RunTime:0.001000s ]
INFO: Run Behavior\ParseTemplateBehavior [ RunTime:0.006001s ]
INFO: [ view_parse ] --END-- [ RunTime:0.006001s ]
INFO: [ view_filter ] --START--
INFO: Run Behavior\WriteHtmlCacheBehavior [ RunTime:0.000000s ]
INFO: [ view_filter ] --END-- [ RunTime:0.000000s ]
INFO: [ app_end ] --START--
INFO: Run Behavior\ShowPageTraceBehavior [ RunTime:0.000000s ]
INFO: [ app_end ] --END-- [ RunTime:0.000000s ]

[ 2016-07-20T17:16:03+08:00 ] 127.0.0.1 /index.php/Home/index/namerepeat.html
INFO: [ app_begin ] --START--
INFO: Run Behavior\ReadHtmlCacheBehavior [ RunTime:0.000000s ]
INFO: [ app_begin ] --END-- [ RunTime:0.000000s ]

[ 2016-07-20T17:16:03+08:00 ] 127.0.0.1 /index.php/Home/Index/login.html
INFO: [ app_begin ] --START--
INFO: Run Behavior\ReadHtmlCacheBehavior [ RunTime:0.001001s ]
INFO: [ app_begin ] --END-- [ RunTime:0.001001s ]
INFO: [ view_parse ] --START--
INFO: [ template_filter ] --START--
INFO: Run Behavior\ContentReplaceBehavior [ RunTime:0.001000s ]
INFO: [ template_filter ] --END-- [ RunTime:0.001000s ]
INFO: Run Behavior\ParseTemplateBehavior [ RunTime:0.006000s ]
INFO: [ view_parse ] --END-- [ RunTime:0.006000s ]
INFO: [ view_filter ] --START--
INFO: Run Behavior\WriteHtmlCacheBehavior [ RunTime:0.000000s ]
INFO: [ view_filter ] --END-- [ RunTime:0.000000s ]
INFO: [ app_end ] --START--
INFO: Run Behavior\ShowPageTraceBehavior [ RunTime:0.001000s ]
INFO: [ app_end ] --END-- [ RunTime:0.001000s ]

[ 2016-07-20T17:17:19+08:00 ] 127.0.0.1 /index.php/Home/index/namerepeat.html
INFO: [ app_begin ] --START--
INFO: Run Behavior\ReadHtmlCacheBehavior [ RunTime:0.000000s ]
INFO: [ app_begin ] --END-- [ RunTime:0.001000s ]

[ 2016-07-20T17:17:19+08:00 ] 127.0.0.1 /index.php/Home/index/namerepeat.html
INFO: [ app_begin ] --START--
INFO: Run Behavior\ReadHtmlCacheBehavior [ RunTime:0.000000s ]
INFO: [ app_begin ] --END-- [ RunTime:0.000000s ]

[ 2016-07-20T17:17:19+08:00 ] 127.0.0.1 /index.php/Home/index/namerepeat.html
INFO: [ app_begin ] --START--
INFO: Run Behavior\ReadHtmlCacheBehavior [ RunTime:0.000000s ]
INFO: [ app_begin ] --END-- [ RunTime:0.001000s ]

[ 2016-07-20T17:20:22+08:00 ] 127.0.0.1 /index.php/Home/index/register.html
INFO: [ app_begin ] --START--
INFO: Run Behavior\ReadHtmlCacheBehavior [ RunTime:0.010000s ]
INFO: [ app_begin ] --END-- [ RunTime:0.010000s ]
NOTIC: [8] Use of undefined constant IS_AjAX - assumed 'IS_AjAX' D:\xampps\jsb\Application\Home\Controller\IndexController.class.php 第 44 行.

[ 2016-07-20T17:20:22+08:00 ] 127.0.0.1 /index.php/Home/index/register.html
INFO: [ app_begin ] --START--
INFO: Run Behavior\ReadHtmlCacheBehavior [ RunTime:0.000000s ]
INFO: [ app_begin ] --END-- [ RunTime:0.001000s ]
NOTIC: [8] Use of undefined constant IS_AjAX - assumed 'IS_AjAX' D:\xampps\jsb\Application\Home\Controller\IndexController.class.php 第 44 行.

[ 2016-07-20T17:20:22+08:00 ] 127.0.0.1 /index.php/Home/index/register.html
INFO: [ app_begin ] --START--
INFO: Run Behavior\ReadHtmlCacheBehavior [ RunTime:0.000000s ]
INFO: [ app_begin ] --END-- [ RunTime:0.000000s ]
NOTIC: [8] Use of undefined constant IS_AjAX - assumed 'IS_AjAX' D:\xampps\jsb\Application\Home\Controller\IndexController.class.php 第 44 行.

[ 2016-07-20T17:20:22+08:00 ] 127.0.0.1 /index.php/Home/index/register.html
INFO: [ app_begin ] --START--
INFO: Run Behavior\ReadHtmlCacheBehavior [ RunTime:0.000000s ]
INFO: [ app_begin ] --END-- [ RunTime:0.010000s ]
NOTIC: [8] Use of undefined constant IS_AjAX - assumed 'IS_AjAX' D:\xampps\jsb\Application\Home\Controller\IndexController.class.php 第 44 行.

[ 2016-07-20T17:20:22+08:00 ] 127.0.0.1 /index.php/Home/index/register.html
INFO: [ app_begin ] --START--
INFO: Run Behavior\ReadHtmlCacheBehavior [ RunTime:0.001000s ]
INFO: [ app_begin ] --END-- [ RunTime:0.001000s ]
NOTIC: [8] Use of undefined constant IS_AjAX - assumed 'IS_AjAX' D:\xampps\jsb\Application\Home\Controller\IndexController.class.php 第 44 行.

[ 2016-07-20T17:20:28+08:00 ] 127.0.0.1 /index.php/Home/index/register.html
INFO: [ app_begin ] --START--
INFO: Run Behavior\ReadHtmlCacheBehavior [ RunTime:0.010000s ]
INFO: [ app_begin ] --END-- [ RunTime:0.010000s ]
NOTIC: [8] Use of undefined constant IS_AjAX - assumed 'IS_AjAX' D:\xampps\jsb\Application\Home\Controller\IndexController.class.php 第 44 行.

[ 2016-07-20T17:20:31+08:00 ] 127.0.0.1 /index.php/Home/index/register.html
INFO: [ app_begin ] --START--
INFO: Run Behavior\ReadHtmlCacheBehavior [ RunTime:0.000000s ]
INFO: [ app_begin ] --END-- [ RunTime:0.000000s ]
NOTIC: [8] Use of undefined constant IS_AjAX - assumed 'IS_AjAX' D:\xampps\jsb\Application\Home\Controller\IndexController.class.php 第 44 行.

[ 2016-07-20T17:20:31+08:00 ] 127.0.0.1 /index.php/Home/index/register.html
INFO: [ app_begin ] --START--
INFO: Run Behavior\ReadHtmlCacheBehavior [ RunTime:0.000000s ]
INFO: [ app_begin ] --END-- [ RunTime:0.000000s ]
NOTIC: [8] Use of undefined constant IS_AjAX - assumed 'IS_AjAX' D:\xampps\jsb\Application\Home\Controller\IndexController.class.php 第 44 行.

[ 2016-07-20T17:20:32+08:00 ] 127.0.0.1 /index.php/Home/index/register.html
INFO: [ app_begin ] --START--
INFO: Run Behavior\ReadHtmlCacheBehavior [ RunTime:0.000000s ]
INFO: [ app_begin ] --END-- [ RunTime:0.000000s ]
NOTIC: [8] Use of undefined constant IS_AjAX - assumed 'IS_AjAX' D:\xampps\jsb\Application\Home\Controller\IndexController.class.php 第 44 行.

[ 2016-07-20T17:20:32+08:00 ] 127.0.0.1 /index.php/Home/index/register.html
INFO: [ app_begin ] --START--
INFO: Run Behavior\ReadHtmlCacheBehavior [ RunTime:0.010000s ]
INFO: [ app_begin ] --END-- [ RunTime:0.010000s ]
NOTIC: [8] Use of undefined constant IS_AjAX - assumed 'IS_AjAX' D:\xampps\jsb\Application\Home\Controller\IndexController.class.php 第 44 行.

[ 2016-07-20T17:20:33+08:00 ] 127.0.0.1 /index.php/Home/index/register.html
INFO: [ app_begin ] --START--
INFO: Run Behavior\ReadHtmlCacheBehavior [ RunTime:0.000000s ]
INFO: [ app_begin ] --END-- [ RunTime:0.000000s ]
NOTIC: [8] Use of undefined constant IS_AjAX - assumed 'IS_AjAX' D:\xampps\jsb\Application\Home\Controller\IndexController.class.php 第 44 行.

[ 2016-07-20T17:20:33+08:00 ] 127.0.0.1 /index.php/Home/index/register.html
INFO: [ app_begin ] --START--
INFO: Run Behavior\ReadHtmlCacheBehavior [ RunTime:0.000000s ]
INFO: [ app_begin ] --END-- [ RunTime:0.000000s ]
NOTIC: [8] Use of undefined constant IS_AjAX - assumed 'IS_AjAX' D:\xampps\jsb\Application\Home\Controller\IndexController.class.php 第 44 行.

[ 2016-07-20T17:20:34+08:00 ] 127.0.0.1 /index.php/Home/index/register.html
INFO: [ app_begin ] --START--
INFO: Run Behavior\ReadHtmlCacheBehavior [ RunTime:0.000000s ]
INFO: [ app_begin ] --END-- [ RunTime:0.000000s ]
NOTIC: [8] Use of undefined constant IS_AjAX - assumed 'IS_AjAX' D:\xampps\jsb\Application\Home\Controller\IndexController.class.php 第 44 行.

[ 2016-07-20T17:20:35+08:00 ] 127.0.0.1 /index.php/Home/index/register.html
INFO: [ app_begin ] --START--
INFO: Run Behavior\ReadHtmlCacheBehavior [ RunTime:0.000000s ]
INFO: [ app_begin ] --END-- [ RunTime:0.000000s ]
NOTIC: [8] Use of undefined constant IS_AjAX - assumed 'IS_AjAX' D:\xampps\jsb\Application\Home\Controller\IndexController.class.php 第 44 行.

[ 2016-07-20T17:20:47+08:00 ] 127.0.0.1 /index.php/Home/index/namerepeat.html
INFO: [ app_begin ] --START--
INFO: Run Behavior\ReadHtmlCacheBehavior [ RunTime:0.001000s ]
INFO: [ app_begin ] --END-- [ RunTime:0.001000s ]

[ 2016-07-20T17:20:55+08:00 ] 127.0.0.1 /index.php/Home/index/register.html
INFO: [ app_begin ] --START--
INFO: Run Behavior\ReadHtmlCacheBehavior [ RunTime:0.000000s ]
INFO: [ app_begin ] --END-- [ RunTime:0.001000s ]
NOTIC: [8] Use of undefined constant IS_AjAX - assumed 'IS_AjAX' D:\xampps\jsb\Application\Home\Controller\IndexController.class.php 第 44 行.

[ 2016-07-20T17:24:44+08:00 ] 127.0.0.1 /index.php/Home/index/register.html
INFO: [ app_begin ] --START--
INFO: Run Behavior\ReadHtmlCacheBehavior [ RunTime:0.000000s ]
INFO: [ app_begin ] --END-- [ RunTime:0.000000s ]
NOTIC: [8] Use of undefined constant IS_AjAX - assumed 'IS_AjAX' D:\xampps\jsb\Application\Home\Controller\IndexController.class.php 第 45 行.

[ 2016-07-20T17:24:45+08:00 ] 127.0.0.1 /index.php/Home/index/register.html
INFO: [ app_begin ] --START--
INFO: Run Behavior\ReadHtmlCacheBehavior [ RunTime:0.001000s ]
INFO: [ app_begin ] --END-- [ RunTime:0.001000s ]
NOTIC: [8] Use of undefined constant IS_AjAX - assumed 'IS_AjAX' D:\xampps\jsb\Application\Home\Controller\IndexController.class.php 第 45 行.

[ 2016-07-20T17:24:45+08:00 ] 127.0.0.1 /index.php/Home/index/register.html
INFO: [ app_begin ] --START--
INFO: Run Behavior\ReadHtmlCacheBehavior [ RunTime:0.000000s ]
INFO: [ app_begin ] --END-- [ RunTime:0.000000s ]
NOTIC: [8] Use of undefined constant IS_AjAX - assumed 'IS_AjAX' D:\xampps\jsb\Application\Home\Controller\IndexController.class.php 第 45 行.

[ 2016-07-20T17:24:46+08:00 ] 127.0.0.1 /index.php/Home/index/register.html
INFO: [ app_begin ] --START--
INFO: Run Behavior\ReadHtmlCacheBehavior [ RunTime:0.000000s ]
INFO: [ app_begin ] --END-- [ RunTime:0.001000s ]
NOTIC: [8] Use of undefined constant IS_AjAX - assumed 'IS_AjAX' D:\xampps\jsb\Application\Home\Controller\IndexController.class.php 第 45 行.

[ 2016-07-20T17:24:46+08:00 ] 127.0.0.1 /index.php/Home/index/register.html
INFO: [ app_begin ] --START--
INFO: Run Behavior\ReadHtmlCacheBehavior [ RunTime:0.000000s ]
INFO: [ app_begin ] --END-- [ RunTime:0.000000s ]
NOTIC: [8] Use of undefined constant IS_AjAX - assumed 'IS_AjAX' D:\xampps\jsb\Application\Home\Controller\IndexController.class.php 第 45 行.

[ 2016-07-20T17:24:47+08:00 ] 127.0.0.1 /index.php/Home/index/register.html
INFO: [ app_begin ] --START--
INFO: Run Behavior\ReadHtmlCacheBehavior [ RunTime:0.000000s ]
INFO: [ app_begin ] --END-- [ RunTime:0.000000s ]
NOTIC: [8] Use of undefined constant IS_AjAX - assumed 'IS_AjAX' D:\xampps\jsb\Application\Home\Controller\IndexController.class.php 第 45 行.

[ 2016-07-20T17:24:52+08:00 ] 127.0.0.1 /index.php/Home/index/register.html
INFO: [ app_begin ] --START--
INFO: Run Behavior\ReadHtmlCacheBehavior [ RunTime:0.000000s ]
INFO: [ app_begin ] --END-- [ RunTime:0.000000s ]
NOTIC: [8] Use of undefined constant IS_AjAX - assumed 'IS_AjAX' D:\xampps\jsb\Application\Home\Controller\IndexController.class.php 第 45 行.

[ 2016-07-20T17:27:29+08:00 ] 127.0.0.1 /index.php/Home/index/register.html
INFO: [ app_begin ] --START--
INFO: Run Behavior\ReadHtmlCacheBehavior [ RunTime:0.000000s ]
INFO: [ app_begin ] --END-- [ RunTime:0.000000s ]
NOTIC: [8] Use of undefined constant IS_AjAX - assumed 'IS_AjAX' D:\xampps\jsb\Application\Home\Controller\IndexController.class.php 第 45 行.

[ 2016-07-20T17:27:30+08:00 ] 127.0.0.1 /index.php/Home/index/register.html
INFO: [ app_begin ] --START--
INFO: Run Behavior\ReadHtmlCacheBehavior [ RunTime:0.000000s ]
INFO: [ app_begin ] --END-- [ RunTime:0.001000s ]
NOTIC: [8] Use of undefined constant IS_AjAX - assumed 'IS_AjAX' D:\xampps\jsb\Application\Home\Controller\IndexController.class.php 第 45 行.

[ 2016-07-20T17:27:30+08:00 ] 127.0.0.1 /index.php/Home/index/register.html
INFO: [ app_begin ] --START--
INFO: Run Behavior\ReadHtmlCacheBehavior [ RunTime:0.001000s ]
INFO: [ app_begin ] --END-- [ RunTime:0.001000s ]
NOTIC: [8] Use of undefined constant IS_AjAX - assumed 'IS_AjAX' D:\xampps\jsb\Application\Home\Controller\IndexController.class.php 第 45 行.

[ 2016-07-20T17:27:30+08:00 ] 127.0.0.1 /index.php/Home/index/register.html
INFO: [ app_begin ] --START--
INFO: Run Behavior\ReadHtmlCacheBehavior [ RunTime:0.000000s ]
INFO: [ app_begin ] --END-- [ RunTime:0.001000s ]
NOTIC: [8] Use of undefined constant IS_AjAX - assumed 'IS_AjAX' D:\xampps\jsb\Application\Home\Controller\IndexController.class.php 第 45 行.

[ 2016-07-20T17:27:30+08:00 ] 127.0.0.1 /index.php/Home/index/register.html
INFO: [ app_begin ] --START--
INFO: Run Behavior\ReadHtmlCacheBehavior [ RunTime:0.001000s ]
INFO: [ app_begin ] --END-- [ RunTime:0.001000s ]
NOTIC: [8] Use of undefined constant IS_AjAX - assumed 'IS_AjAX' D:\xampps\jsb\Application\Home\Controller\IndexController.class.php 第 45 行.

[ 2016-07-20T17:29:12+08:00 ] 127.0.0.1 /index.php/Home/index/register.html
INFO: [ app_begin ] --START--
INFO: Run Behavior\ReadHtmlCacheBehavior [ RunTime:0.000000s ]
INFO: [ app_begin ] --END-- [ RunTime:0.000000s ]
NOTIC: [8] Use of undefined constant IS_AjAX - assumed 'IS_AjAX' D:\xampps\jsb\Application\Home\Controller\IndexController.class.php 第 45 行.

[ 2016-07-20T17:33:55+08:00 ] 127.0.0.1 /index.php/Home/index/namerepeat.html
INFO: [ app_begin ] --START--
INFO: Run Behavior\ReadHtmlCacheBehavior [ RunTime:0.000000s ]
INFO: [ app_begin ] --END-- [ RunTime:0.000000s ]

[ 2016-07-20T17:34:07+08:00 ] 127.0.0.1 /index.php/Home/index/register.html
INFO: [ app_begin ] --START--
INFO: Run Behavior\ReadHtmlCacheBehavior [ RunTime:0.000000s ]
INFO: [ app_begin ] --END-- [ RunTime:0.000000s ]
NOTIC: [8] Use of undefined constant IS_AjAX - assumed 'IS_AjAX' D:\xampps\jsb\Application\Home\Controller\IndexController.class.php 第 45 行.

[ 2016-07-20T17:34:07+08:00 ] 127.0.0.1 /index.php/Home/index/register.html
INFO: [ app_begin ] --START--
INFO: Run Behavior\ReadHtmlCacheBehavior [ RunTime:0.000000s ]
INFO: [ app_begin ] --END-- [ RunTime:0.001000s ]
NOTIC: [8] Use of undefined constant IS_AjAX - assumed 'IS_AjAX' D:\xampps\jsb\Application\Home\Controller\IndexController.class.php 第 45 行.

[ 2016-07-20T17:34:07+08:00 ] 127.0.0.1 /index.php/Home/index/register.html
INFO: [ app_begin ] --START--
INFO: Run Behavior\ReadHtmlCacheBehavior [ RunTime:0.000000s ]
INFO: [ app_begin ] --END-- [ RunTime:0.000000s ]
NOTIC: [8] Use of undefined constant IS_AjAX - assumed 'IS_AjAX' D:\xampps\jsb\Application\Home\Controller\IndexController.class.php 第 45 行.

[ 2016-07-20T17:34:07+08:00 ] 127.0.0.1 /index.php/Home/index/register.html
INFO: [ app_begin ] --START--
INFO: Run Behavior\ReadHtmlCacheBehavior [ RunTime:0.001000s ]
INFO: [ app_begin ] --END-- [ RunTime:0.001000s ]
NOTIC: [8] Use of undefined constant IS_AjAX - assumed 'IS_AjAX' D:\xampps\jsb\Application\Home\Controller\IndexController.class.php 第 45 行.

[ 2016-07-20T17:34:07+08:00 ] 127.0.0.1 /index.php/Home/index/register.html
INFO: [ app_begin ] --START--
INFO: Run Behavior\ReadHtmlCacheBehavior [ RunTime:0.001000s ]
INFO: [ app_begin ] --END-- [ RunTime:0.001000s ]
NOTIC: [8] Use of undefined constant IS_AjAX - assumed 'IS_AjAX' D:\xampps\jsb\Application\Home\Controller\IndexController.class.php 第 45 行.

[ 2016-07-20T17:34:09+08:00 ] 127.0.0.1 /index.php/Home/index/register.html
INFO: [ app_begin ] --START--
INFO: Run Behavior\ReadHtmlCacheBehavior [ RunTime:0.000000s ]
INFO: [ app_begin ] --END-- [ RunTime:0.000000s ]
NOTIC: [8] Use of undefined constant IS_AjAX - assumed 'IS_AjAX' D:\xampps\jsb\Application\Home\Controller\IndexController.class.php 第 45 行.

[ 2016-07-20T17:34:09+08:00 ] 127.0.0.1 /index.php/Home/index/register.html
INFO: [ app_begin ] --START--
INFO: Run Behavior\ReadHtmlCacheBehavior [ RunTime:0.001001s ]
INFO: [ app_begin ] --END-- [ RunTime:0.002001s ]
NOTIC: [8] Use of undefined constant IS_AjAX - assumed 'IS_AjAX' D:\xampps\jsb\Application\Home\Controller\IndexController.class.php 第 45 行.

[ 2016-07-20T17:34:09+08:00 ] 127.0.0.1 /index.php/Home/index/register.html
INFO: [ app_begin ] --START--
INFO: Run Behavior\ReadHtmlCacheBehavior [ RunTime:0.000000s ]
INFO: [ app_begin ] --END-- [ RunTime:0.001000s ]
NOTIC: [8] Use of undefined constant IS_AjAX - assumed 'IS_AjAX' D:\xampps\jsb\Application\Home\Controller\IndexController.class.php 第 45 行.

[ 2016-07-20T17:34:10+08:00 ] 127.0.0.1 /index.php/Home/index/register.html
INFO: [ app_begin ] --START--
INFO: Run Behavior\ReadHtmlCacheBehavior [ RunTime:0.000000s ]
INFO: [ app_begin ] --END-- [ RunTime:0.000000s ]
NOTIC: [8] Use of undefined constant IS_AjAX - assumed 'IS_AjAX' D:\xampps\jsb\Application\Home\Controller\IndexController.class.php 第 45 行.

[ 2016-07-20T17:34:10+08:00 ] 127.0.0.1 /index.php/Home/index/register.html
INFO: [ app_begin ] --START--
INFO: Run Behavior\ReadHtmlCacheBehavior [ RunTime:0.000000s ]
INFO: [ app_begin ] --END-- [ RunTime:0.000000s ]
NOTIC: [8] Use of undefined constant IS_AjAX - assumed 'IS_AjAX' D:\xampps\jsb\Application\Home\Controller\IndexController.class.php 第 45 行.

[ 2016-07-20T17:34:11+08:00 ] 127.0.0.1 /index.php/Home/index/register.html
INFO: [ app_begin ] --START--
INFO: Run Behavior\ReadHtmlCacheBehavior [ RunTime:0.000000s ]
INFO: [ app_begin ] --END-- [ RunTime:0.000000s ]
NOTIC: [8] Use of undefined constant IS_AjAX - assumed 'IS_AjAX' D:\xampps\jsb\Application\Home\Controller\IndexController.class.php 第 45 行.

[ 2016-07-20T17:34:32+08:00 ] 127.0.0.1 /index.php/Home/index/register.html
INFO: [ app_begin ] --START--
INFO: Run Behavior\ReadHtmlCacheBehavior [ RunTime:0.000000s ]
INFO: [ app_begin ] --END-- [ RunTime:0.000000s ]
NOTIC: [8] Use of undefined constant IS_AjAX - assumed 'IS_AjAX' D:\xampps\jsb\Application\Home\Controller\IndexController.class.php 第 45 行.

[ 2016-07-20T17:34:32+08:00 ] 127.0.0.1 /index.php/Home/index/register.html
INFO: [ app_begin ] --START--
INFO: Run Behavior\ReadHtmlCacheBehavior [ RunTime:0.001000s ]
INFO: [ app_begin ] --END-- [ RunTime:0.001000s ]
NOTIC: [8] Use of undefined constant IS_AjAX - assumed 'IS_AjAX' D:\xampps\jsb\Application\Home\Controller\IndexController.class.php 第 45 行.

[ 2016-07-20T17:34:32+08:00 ] 127.0.0.1 /index.php/Home/index/register.html
INFO: [ app_begin ] --START--
INFO: Run Behavior\ReadHtmlCacheBehavior [ RunTime:0.000000s ]
INFO: [ app_begin ] --END-- [ RunTime:0.001000s ]
NOTIC: [8] Use of undefined constant IS_AjAX - assumed 'IS_AjAX' D:\xampps\jsb\Application\Home\Controller\IndexController.class.php 第 45 行.

[ 2016-07-20T17:34:32+08:00 ] 127.0.0.1 /index.php/Home/index/register.html
INFO: [ app_begin ] --START--
INFO: Run Behavior\ReadHtmlCacheBehavior [ RunTime:0.001000s ]
INFO: [ app_begin ] --END-- [ RunTime:0.001000s ]
NOTIC: [8] Use of undefined constant IS_AjAX - assumed 'IS_AjAX' D:\xampps\jsb\Application\Home\Controller\IndexController.class.php 第 45 行.

[ 2016-07-20T17:34:33+08:00 ] 127.0.0.1 /index.php/Home/index/register.html
INFO: [ app_begin ] --START--
INFO: Run Behavior\ReadHtmlCacheBehavior [ RunTime:0.000000s ]
INFO: [ app_begin ] --END-- [ RunTime:0.000000s ]
NOTIC: [8] Use of undefined constant IS_AjAX - assumed 'IS_AjAX' D:\xampps\jsb\Application\Home\Controller\IndexController.class.php 第 45 行.

[ 2016-07-20T17:34:33+08:00 ] 127.0.0.1 /index.php/Home/index/register.html
INFO: [ app_begin ] --START--
INFO: Run Behavior\ReadHtmlCacheBehavior [ RunTime:0.000000s ]
INFO: [ app_begin ] --END-- [ RunTime:0.000000s ]
NOTIC: [8] Use of undefined constant IS_AjAX - assumed 'IS_AjAX' D:\xampps\jsb\Application\Home\Controller\IndexController.class.php 第 45 行.

[ 2016-07-20T17:34:38+08:00 ] 127.0.0.1 /index.php/Home/index/namerepeat.html
INFO: [ app_begin ] --START--
INFO: Run Behavior\ReadHtmlCacheBehavior [ RunTime:0.000000s ]
INFO: [ app_begin ] --END-- [ RunTime:0.001000s ]

[ 2016-07-20T17:37:26+08:00 ] 127.0.0.1 /index.php/Home/index/namerepeat.html
INFO: [ app_begin ] --START--
INFO: Run Behavior\ReadHtmlCacheBehavior [ RunTime:0.000000s ]
INFO: [ app_begin ] --END-- [ RunTime:0.000000s ]
SQL: SHOW COLUMNS FROM `jsb_user` [ RunTime:0.0020s ]
SQL: SELECT * FROM `jsb_user` WHERE `username` = '111111' LIMIT 1   [ RunTime:0.0010s ]
NOTIC: [8] Undefined variable: dataReturn D:\xampps\jsb\Application\Home\Controller\IndexController.class.php 第 69 行.

[ 2016-07-20T17:37:29+08:00 ] 127.0.0.1 /index.php/Home/index/namerepeat.html
INFO: [ app_begin ] --START--
INFO: Run Behavior\ReadHtmlCacheBehavior [ RunTime:0.000000s ]
INFO: [ app_begin ] --END-- [ RunTime:0.000000s ]
SQL: SHOW COLUMNS FROM `jsb_user` [ RunTime:0.0030s ]
SQL: SELECT * FROM `jsb_user` WHERE `username` = '1111111' LIMIT 1   [ RunTime:0.0000s ]
NOTIC: [8] Undefined variable: dataReturn D:\xampps\jsb\Application\Home\Controller\IndexController.class.php 第 69 行.

