[ 2016-09-07T10:20:31+08:00 ] 127.0.0.1 /index.php/Home/index/login.html
INFO: [ app_begin ] --START--
INFO: Run Behavior\ReadHtmlCacheBehavior [ RunTime:0.000462s ]
INFO: [ app_begin ] --END-- [ RunTime:0.000749s ]
SQL: SHOW COLUMNS FROM `jsb_user` [ RunTime:0.0049s ]
SQL: SELECT `rand_code` FROM `jsb_user` WHERE `username` = 'qwe' LIMIT 1   [ RunTime:0.0002s ]
SQL: SELECT `user_id` FROM `jsb_user` WHERE `username` = 'qwe' AND `password` = '76d80224611fc919a5d54f0ff9fba446' LIMIT 1   [ RunTime:0.0001s ]
SQL: SELECT `is_activate` FROM `jsb_user` WHERE `username` = 'qwe' AND `password` = '76d80224611fc919a5d54f0ff9fba446' LIMIT 1   [ RunTime:0.0001s ]

[ 2016-09-07T10:20:44+08:00 ] 127.0.0.1 /index.php/Home/index/login.html
INFO: [ app_begin ] --START--
INFO: Run Behavior\ReadHtmlCacheBehavior [ RunTime:0.000411s ]
INFO: [ app_begin ] --END-- [ RunTime:0.000689s ]
SQL: SHOW COLUMNS FROM `jsb_user` [ RunTime:0.0090s ]
SQL: SELECT `rand_code` FROM `jsb_user` WHERE `username` = 'qweqwe' LIMIT 1   [ RunTime:0.0002s ]
SQL: SELECT `user_id` FROM `jsb_user` WHERE `username` = 'qweqwe' AND `password` = 'efe6398127928f1b2e9ef3207fb82663' LIMIT 1   [ RunTime:0.0002s ]
SQL: SELECT `is_activate` FROM `jsb_user` WHERE `username` = 'qweqwe' AND `password` = 'efe6398127928f1b2e9ef3207fb82663' LIMIT 1   [ RunTime:0.0002s ]

[ 2016-09-07T10:21:00+08:00 ] 127.0.0.1 /index.php/Home/index/login.html
INFO: [ app_begin ] --START--
INFO: Run Behavior\ReadHtmlCacheBehavior [ RunTime:0.000574s ]
INFO: [ app_begin ] --END-- [ RunTime:0.000965s ]
SQL: SHOW COLUMNS FROM `jsb_user` [ RunTime:0.0045s ]
SQL: SELECT `rand_code` FROM `jsb_user` WHERE `username` = 'qweqwe' LIMIT 1   [ RunTime:0.0003s ]
SQL: SELECT `user_id` FROM `jsb_user` WHERE `username` = 'qweqwe' AND `password` = 'efe6398127928f1b2e9ef3207fb82663' LIMIT 1   [ RunTime:0.0002s ]
SQL: SELECT `is_activate` FROM `jsb_user` WHERE `username` = 'qweqwe' AND `password` = 'efe6398127928f1b2e9ef3207fb82663' LIMIT 1   [ RunTime:0.0002s ]

[ 2016-09-07T10:21:26+08:00 ] 127.0.0.1 /index.php/Home/index/login.html
INFO: [ app_begin ] --START--
INFO: Run Behavior\ReadHtmlCacheBehavior [ RunTime:0.000467s ]
INFO: [ app_begin ] --END-- [ RunTime:0.000828s ]
SQL: SHOW COLUMNS FROM `jsb_user` [ RunTime:0.0086s ]
SQL: SELECT `rand_code` FROM `jsb_user` WHERE `username` = '111111' LIMIT 1   [ RunTime:0.0002s ]
SQL: SELECT `user_id` FROM `jsb_user` WHERE `username` = '111111' AND `password` = '82d8f9e86cd973a51dd6fc81543eb11e' LIMIT 1   [ RunTime:0.0002s ]
SQL: SELECT `is_activate` FROM `jsb_user` WHERE `username` = '111111' AND `password` = '82d8f9e86cd973a51dd6fc81543eb11e' LIMIT 1   [ RunTime:0.0002s ]

[ 2016-09-07T10:21:41+08:00 ] 127.0.0.1 /index.php/Home/index/login.html
INFO: [ app_begin ] --START--
INFO: Run Behavior\ReadHtmlCacheBehavior [ RunTime:0.000404s ]
INFO: [ app_begin ] --END-- [ RunTime:0.000677s ]
SQL: SHOW COLUMNS FROM `jsb_user` [ RunTime:0.0088s ]
SQL: SELECT `rand_code` FROM `jsb_user` WHERE `username` = '111111' LIMIT 1   [ RunTime:0.0002s ]
SQL: SELECT `user_id` FROM `jsb_user` WHERE `username` = '111111' AND `password` = '82d8f9e86cd973a51dd6fc81543eb11e' LIMIT 1   [ RunTime:0.0002s ]
SQL: SELECT `is_activate` FROM `jsb_user` WHERE `username` = '111111' AND `password` = '82d8f9e86cd973a51dd6fc81543eb11e' LIMIT 1   [ RunTime:0.0001s ]

[ 2016-09-07T10:26:52+08:00 ] 127.0.0.1 /index.php/Home/index/login.html
INFO: [ app_begin ] --START--
INFO: Run Behavior\ReadHtmlCacheBehavior [ RunTime:0.000794s ]
INFO: [ app_begin ] --END-- [ RunTime:0.001500s ]
SQL: SHOW COLUMNS FROM `jsb_user` [ RunTime:0.0092s ]
SQL: SELECT `rand_code` FROM `jsb_user` WHERE `username` = '111111' LIMIT 1   [ RunTime:0.0003s ]
SQL: SELECT `user_id` FROM `jsb_user` WHERE `username` = '111111' AND `password` = '82d8f9e86cd973a51dd6fc81543eb11e' LIMIT 1   [ RunTime:0.0002s ]
SQL: SELECT `is_activate` FROM `jsb_user` WHERE `username` = '111111' AND `password` = '82d8f9e86cd973a51dd6fc81543eb11e' LIMIT 1   [ RunTime:0.0002s ]

[ 2016-09-07T10:27:10+08:00 ] 127.0.0.1 /index.php/Home/index/login.html
INFO: [ app_begin ] --START--
INFO: Run Behavior\ReadHtmlCacheBehavior [ RunTime:0.000557s ]
INFO: [ app_begin ] --END-- [ RunTime:0.000956s ]
SQL: SHOW COLUMNS FROM `jsb_user` [ RunTime:0.0086s ]
SQL: SELECT `rand_code` FROM `jsb_user` WHERE `username` = '111111' LIMIT 1   [ RunTime:0.0002s ]
SQL: SELECT `user_id` FROM `jsb_user` WHERE `username` = '111111' AND `password` = 'b68eb3befca81fe0252295b384977966' LIMIT 1   [ RunTime:0.0002s ]
SQL: SELECT `is_activate` FROM `jsb_user` WHERE `username` = '111111' AND `password` = 'b68eb3befca81fe0252295b384977966' LIMIT 1   [ RunTime:0.0001s ]
SQL: SELECT * FROM `jsb_user` LIMIT 1   [ RunTime:0.0002s ]

[ 2016-09-07T10:27:50+08:00 ] 127.0.0.1 /index.php/Home/index/login.html
INFO: [ app_begin ] --START--
INFO: Run Behavior\ReadHtmlCacheBehavior [ RunTime:0.000476s ]
INFO: [ app_begin ] --END-- [ RunTime:0.000779s ]
SQL: SHOW COLUMNS FROM `jsb_user` [ RunTime:0.0045s ]
SQL: SELECT `rand_code` FROM `jsb_user` WHERE `username` = '111111' LIMIT 1   [ RunTime:0.0003s ]
SQL: SELECT `user_id` FROM `jsb_user` WHERE `username` = '111111' AND `password` = 'b68eb3befca81fe0252295b384977966' LIMIT 1   [ RunTime:0.0002s ]
SQL: SELECT `is_activate` FROM `jsb_user` WHERE `username` = '111111' AND `password` = 'b68eb3befca81fe0252295b384977966' LIMIT 1   [ RunTime:0.0002s ]

[ 2016-09-07T10:28:06+08:00 ] 127.0.0.1 /index.php/Home/index/login.html
INFO: [ app_begin ] --START--
INFO: Run Behavior\ReadHtmlCacheBehavior [ RunTime:0.000433s ]
INFO: [ app_begin ] --END-- [ RunTime:0.000704s ]
SQL: SHOW COLUMNS FROM `jsb_user` [ RunTime:0.0038s ]
SQL: SELECT `rand_code` FROM `jsb_user` WHERE `username` = '111111' LIMIT 1   [ RunTime:0.0003s ]
SQL: SELECT `user_id` FROM `jsb_user` WHERE `username` = '111111' AND `password` = 'b68eb3befca81fe0252295b384977966' LIMIT 1   [ RunTime:0.0002s ]
SQL: SELECT `is_activate` FROM `jsb_user` WHERE `username` = '111111' AND `password` = 'b68eb3befca81fe0252295b384977966' LIMIT 1   [ RunTime:0.0001s ]
SQL: SELECT * FROM `jsb_user` LIMIT 1   [ RunTime:0.0002s ]

[ 2016-09-07T10:28:27+08:00 ] 127.0.0.1 /index.php/Home/index/login.html
INFO: [ app_begin ] --START--
INFO: Run Behavior\ReadHtmlCacheBehavior [ RunTime:0.000702s ]
INFO: [ app_begin ] --END-- [ RunTime:0.001072s ]
SQL: SHOW COLUMNS FROM `jsb_user` [ RunTime:0.0038s ]
SQL: SELECT `rand_code` FROM `jsb_user` WHERE `username` = '111111' LIMIT 1   [ RunTime:0.0003s ]
SQL: SELECT `user_id` FROM `jsb_user` WHERE `username` = '111111' AND `password` = 'b68eb3befca81fe0252295b384977966' LIMIT 1   [ RunTime:0.0002s ]
SQL: SELECT `is_activate` FROM `jsb_user` WHERE `username` = '111111' AND `password` = 'b68eb3befca81fe0252295b384977966' LIMIT 1   [ RunTime:0.0002s ]

[ 2016-09-07T10:28:50+08:00 ] 127.0.0.1 /index.php/Home/index/login.html
INFO: [ app_begin ] --START--
INFO: Run Behavior\ReadHtmlCacheBehavior [ RunTime:0.000440s ]
INFO: [ app_begin ] --END-- [ RunTime:0.000731s ]
SQL: SHOW COLUMNS FROM `jsb_user` [ RunTime:0.0039s ]
SQL: SELECT `rand_code` FROM `jsb_user` WHERE `username` = '111111' LIMIT 1   [ RunTime:0.0002s ]
SQL: SELECT `user_id` FROM `jsb_user` WHERE `username` = '111111' AND `password` = 'b68eb3befca81fe0252295b384977966' LIMIT 1   [ RunTime:0.0002s ]
SQL: SELECT `is_activate` FROM `jsb_user` WHERE `username` = '111111' AND `password` = 'b68eb3befca81fe0252295b384977966' LIMIT 1   [ RunTime:0.0002s ]
SQL: SELECT * FROM `jsb_user` LIMIT 1   [ RunTime:0.0002s ]

[ 2016-09-07T10:29:54+08:00 ] 127.0.0.1 /index.php/Home/index/login.html
INFO: [ app_begin ] --START--
INFO: Run Behavior\ReadHtmlCacheBehavior [ RunTime:0.000957s ]
INFO: [ app_begin ] --END-- [ RunTime:0.001549s ]
SQL: SHOW COLUMNS FROM `jsb_user` [ RunTime:0.0072s ]
SQL: SELECT `rand_code` FROM `jsb_user` WHERE `username` = '111111' LIMIT 1   [ RunTime:0.0002s ]
SQL: SELECT `user_id` FROM `jsb_user` WHERE `username` = '111111' AND `password` = 'b68eb3befca81fe0252295b384977966' LIMIT 1   [ RunTime:0.0002s ]
SQL: SELECT `is_activate` FROM `jsb_user` WHERE `username` = '111111' AND `password` = 'b68eb3befca81fe0252295b384977966' LIMIT 1   [ RunTime:0.0002s ]

[ 2016-09-07T10:31:20+08:00 ] 127.0.0.1 /index.php/Home/index/login.html
INFO: [ app_begin ] --START--
INFO: Run Behavior\ReadHtmlCacheBehavior [ RunTime:0.000470s ]
INFO: [ app_begin ] --END-- [ RunTime:0.000798s ]
SQL: SHOW COLUMNS FROM `jsb_user` [ RunTime:0.0043s ]
SQL: SELECT `rand_code` FROM `jsb_user` WHERE `username` = '111111' LIMIT 1   [ RunTime:0.0002s ]
SQL: SELECT `user_id` FROM `jsb_user` WHERE `username` = '111111' AND `password` = 'b68eb3befca81fe0252295b384977966' LIMIT 1   [ RunTime:0.0002s ]
SQL: SELECT `is_activate` FROM `jsb_user` WHERE `username` = '111111' AND `password` = 'b68eb3befca81fe0252295b384977966' LIMIT 1   [ RunTime:0.0002s ]

[ 2016-09-07T10:31:28+08:00 ] 127.0.0.1 /index.php/Home/index/login.html
INFO: [ app_begin ] --START--
INFO: Run Behavior\ReadHtmlCacheBehavior [ RunTime:0.000442s ]
INFO: [ app_begin ] --END-- [ RunTime:0.000715s ]
SQL: SHOW COLUMNS FROM `jsb_user` [ RunTime:0.0090s ]
SQL: SELECT `rand_code` FROM `jsb_user` WHERE `username` = '111111' LIMIT 1   [ RunTime:0.0002s ]
SQL: SELECT `user_id` FROM `jsb_user` WHERE `username` = '111111' AND `password` = 'b68eb3befca81fe0252295b384977966' LIMIT 1   [ RunTime:0.0002s ]
SQL: SELECT `is_activate` FROM `jsb_user` WHERE `username` = '111111' AND `password` = 'b68eb3befca81fe0252295b384977966' LIMIT 1   [ RunTime:0.0002s ]
SQL: SELECT * FROM `jsb_user` LIMIT 1   [ RunTime:0.0002s ]

[ 2016-09-07T10:31:45+08:00 ] 127.0.0.1 /index.php/Home/index/login.html
INFO: [ app_begin ] --START--
INFO: Run Behavior\ReadHtmlCacheBehavior [ RunTime:0.000508s ]
INFO: [ app_begin ] --END-- [ RunTime:0.000840s ]
SQL: SHOW COLUMNS FROM `jsb_user` [ RunTime:0.0082s ]
SQL: SELECT `rand_code` FROM `jsb_user` WHERE `username` = '111111' LIMIT 1   [ RunTime:0.0002s ]
SQL: SELECT `user_id` FROM `jsb_user` WHERE `username` = '111111' AND `password` = 'b68eb3befca81fe0252295b384977966' LIMIT 1   [ RunTime:0.0001s ]
SQL: SELECT `is_activate` FROM `jsb_user` WHERE `username` = '111111' AND `password` = 'b68eb3befca81fe0252295b384977966' LIMIT 1   [ RunTime:0.0001s ]

[ 2016-09-07T10:31:58+08:00 ] 127.0.0.1 /index.php/Home/index/login.html
INFO: [ app_begin ] --START--
INFO: Run Behavior\ReadHtmlCacheBehavior [ RunTime:0.000421s ]
INFO: [ app_begin ] --END-- [ RunTime:0.000742s ]
SQL: SHOW COLUMNS FROM `jsb_user` [ RunTime:0.0057s ]
SQL: SELECT `rand_code` FROM `jsb_user` WHERE `username` = '111111' LIMIT 1   [ RunTime:0.0004s ]
SQL: SELECT `user_id` FROM `jsb_user` WHERE `username` = '111111' AND `password` = 'b68eb3befca81fe0252295b384977966' LIMIT 1   [ RunTime:0.0003s ]
SQL: SELECT `is_activate` FROM `jsb_user` WHERE `username` = '111111' AND `password` = 'b68eb3befca81fe0252295b384977966' LIMIT 1   [ RunTime:0.0002s ]
SQL: SELECT * FROM `jsb_user` LIMIT 1   [ RunTime:0.0002s ]

[ 2016-09-07T10:32:15+08:00 ] 127.0.0.1 /index.php/Home/index/login.html
INFO: [ app_begin ] --START--
INFO: Run Behavior\ReadHtmlCacheBehavior [ RunTime:0.000462s ]
INFO: [ app_begin ] --END-- [ RunTime:0.000755s ]
SQL: SHOW COLUMNS FROM `jsb_user` [ RunTime:0.0043s ]
SQL: SELECT `rand_code` FROM `jsb_user` WHERE `username` = '111111' LIMIT 1   [ RunTime:0.0002s ]
SQL: SELECT `user_id` FROM `jsb_user` WHERE `username` = '111111' AND `password` = 'b68eb3befca81fe0252295b384977966' LIMIT 1   [ RunTime:0.0002s ]
SQL: SELECT `is_activate` FROM `jsb_user` WHERE `username` = '111111' AND `password` = 'b68eb3befca81fe0252295b384977966' LIMIT 1   [ RunTime:0.0002s ]
SQL: SELECT * FROM `jsb_user` LIMIT 1   [ RunTime:0.0002s ]

[ 2016-09-07T10:32:42+08:00 ] 127.0.0.1 /index.php/Home/index/login.html
INFO: [ app_begin ] --START--
INFO: Run Behavior\ReadHtmlCacheBehavior [ RunTime:0.000490s ]
INFO: [ app_begin ] --END-- [ RunTime:0.000919s ]
SQL: SHOW COLUMNS FROM `jsb_user` [ RunTime:0.0051s ]
SQL: SELECT `rand_code` FROM `jsb_user` WHERE `username` = '111111' LIMIT 1   [ RunTime:0.0002s ]
SQL: SELECT `user_id` FROM `jsb_user` WHERE `username` = '111111' AND `password` = 'b68eb3befca81fe0252295b384977966' LIMIT 1   [ RunTime:0.0001s ]
SQL: SELECT `is_activate` FROM `jsb_user` WHERE `username` = '111111' AND `password` = 'b68eb3befca81fe0252295b384977966' LIMIT 1   [ RunTime:0.0001s ]
SQL: SELECT * FROM `jsb_user` LIMIT 1   [ RunTime:0.0002s ]

[ 2016-09-07T11:04:53+08:00 ] 127.0.0.1 /home/index/index
ERR: SQLSTATE[42S02]: Base table or view not found: 1146 Table 'jsb.jsb_u_s' doesn't exist

[ 2016-09-07T11:05:05+08:00 ] 127.0.0.1 /home/index/index
ERR: SQLSTATE[42S02]: Base table or view not found: 1146 Table 'jsb.jsb_us' doesn't exist

