[ 2016-07-12T14:39:49+08:00 ] 127.0.0.1 /home/index/css/animate-custom.css
ERR: 非法操作:css

[ 2016-07-12T14:39:49+08:00 ] 127.0.0.1 /home/index/css/style3.css
ERR: 非法操作:css

[ 2016-07-12T14:39:49+08:00 ] 127.0.0.1 /home/index/css/demo.css
ERR: 非法操作:css

[ 2016-07-12T15:06:05+08:00 ] 127.0.0.1 /index.php/Home/index/register.html
INFO: [ app_begin ] --START--
INFO: Run Behavior\ReadHtmlCacheBehavior [ RunTime:0.001000s ]
INFO: [ app_begin ] --END-- [ RunTime:0.001000s ]

[ 2016-07-12T15:06:10+08:00 ] 127.0.0.1 /index.php/Home/index/register.html
INFO: [ app_begin ] --START--
INFO: Run Behavior\ReadHtmlCacheBehavior [ RunTime:0.000000s ]
INFO: [ app_begin ] --END-- [ RunTime:0.001000s ]

[ 2016-07-12T15:06:18+08:00 ] 127.0.0.1 /index.php/Home/index/register.html
INFO: [ app_begin ] --START--
INFO: Run Behavior\ReadHtmlCacheBehavior [ RunTime:0.000000s ]
INFO: [ app_begin ] --END-- [ RunTime:0.001000s ]

[ 2016-07-12T15:06:22+08:00 ] 127.0.0.1 /index.php/Home/index/register.html
INFO: [ app_begin ] --START--
INFO: Run Behavior\ReadHtmlCacheBehavior [ RunTime:0.000000s ]
INFO: [ app_begin ] --END-- [ RunTime:0.001000s ]

[ 2016-07-12T15:13:26+08:00 ] 127.0.0.1 /index.php/Home/index/register.html
INFO: [ app_begin ] --START--
INFO: Run Behavior\ReadHtmlCacheBehavior [ RunTime:0.000000s ]
INFO: [ app_begin ] --END-- [ RunTime:0.001000s ]

[ 2016-07-12T15:14:21+08:00 ] 127.0.0.1 /index.php/Home/index/register.html
INFO: [ app_begin ] --START--
INFO: Run Behavior\ReadHtmlCacheBehavior [ RunTime:0.001000s ]
INFO: [ app_begin ] --END-- [ RunTime:0.001000s ]

[ 2016-07-12T15:14:59+08:00 ] 127.0.0.1 /index.php/Home/index/register.html
INFO: [ app_begin ] --START--
INFO: Run Behavior\ReadHtmlCacheBehavior [ RunTime:0.000000s ]
INFO: [ app_begin ] --END-- [ RunTime:0.001000s ]

[ 2016-07-12T15:15:13+08:00 ] 127.0.0.1 /index.php/Home/index/register.html
INFO: [ app_begin ] --START--
INFO: Run Behavior\ReadHtmlCacheBehavior [ RunTime:0.001000s ]
INFO: [ app_begin ] --END-- [ RunTime:0.001000s ]

[ 2016-07-12T15:15:15+08:00 ] 127.0.0.1 /index.php/Home/index/register.html
INFO: [ app_begin ] --START--
INFO: Run Behavior\ReadHtmlCacheBehavior [ RunTime:0.000000s ]
INFO: [ app_begin ] --END-- [ RunTime:0.001000s ]

[ 2016-07-12T15:27:05+08:00 ] 127.0.0.1 /index.php/Home/index/register.html
INFO: [ app_begin ] --START--
INFO: Run Behavior\ReadHtmlCacheBehavior [ RunTime:0.001000s ]
INFO: [ app_begin ] --END-- [ RunTime:0.001000s ]
NOTIC: [8] Use of undefined constant IS_AjAX - assumed 'IS_AjAX' D:\xampps\app\Application\Home\Controller\IndexController.class.php 第 28 行.

[ 2016-07-12T15:27:29+08:00 ] 127.0.0.1 /index.php/Home/index/register.html
INFO: [ app_begin ] --START--
INFO: Run Behavior\ReadHtmlCacheBehavior [ RunTime:0.000000s ]
INFO: [ app_begin ] --END-- [ RunTime:0.001000s ]
NOTIC: [8] Use of undefined constant IS_AjAX - assumed 'IS_AjAX' D:\xampps\app\Application\Home\Controller\IndexController.class.php 第 28 行.

[ 2016-07-12T15:27:46+08:00 ] 127.0.0.1 /index.php/Home/index/register.html
INFO: [ app_begin ] --START--
INFO: Run Behavior\ReadHtmlCacheBehavior [ RunTime:0.001000s ]
INFO: [ app_begin ] --END-- [ RunTime:0.001000s ]
NOTIC: [8] Use of undefined constant IS_AjAX - assumed 'IS_AjAX' D:\xampps\app\Application\Home\Controller\IndexController.class.php 第 28 行.

[ 2016-07-12T15:27:48+08:00 ] 127.0.0.1 /index.php/Home/index/register.html
INFO: [ app_begin ] --START--
INFO: Run Behavior\ReadHtmlCacheBehavior [ RunTime:0.001000s ]
INFO: [ app_begin ] --END-- [ RunTime:0.001000s ]
NOTIC: [8] Use of undefined constant IS_AjAX - assumed 'IS_AjAX' D:\xampps\app\Application\Home\Controller\IndexController.class.php 第 28 行.

[ 2016-07-12T15:27:54+08:00 ] 127.0.0.1 /index.php/Home/index/register.html
INFO: [ app_begin ] --START--
INFO: Run Behavior\ReadHtmlCacheBehavior [ RunTime:0.000000s ]
INFO: [ app_begin ] --END-- [ RunTime:0.000000s ]
NOTIC: [8] Use of undefined constant IS_AjAX - assumed 'IS_AjAX' D:\xampps\app\Application\Home\Controller\IndexController.class.php 第 28 行.

[ 2016-07-12T15:28:00+08:00 ] 127.0.0.1 /index.php/Home/index/register.html
INFO: [ app_begin ] --START--
INFO: Run Behavior\ReadHtmlCacheBehavior [ RunTime:0.001000s ]
INFO: [ app_begin ] --END-- [ RunTime:0.001000s ]
NOTIC: [8] Use of undefined constant IS_AjAX - assumed 'IS_AjAX' D:\xampps\app\Application\Home\Controller\IndexController.class.php 第 28 行.

[ 2016-07-12T15:28:06+08:00 ] 127.0.0.1 /index.php/Home/index/register.html
INFO: [ app_begin ] --START--
INFO: Run Behavior\ReadHtmlCacheBehavior [ RunTime:0.001000s ]
INFO: [ app_begin ] --END-- [ RunTime:0.001000s ]
NOTIC: [8] Use of undefined constant IS_AjAX - assumed 'IS_AjAX' D:\xampps\app\Application\Home\Controller\IndexController.class.php 第 28 行.

[ 2016-07-12T15:28:14+08:00 ] 127.0.0.1 /index.php/Home/index/register.html
INFO: [ app_begin ] --START--
INFO: Run Behavior\ReadHtmlCacheBehavior [ RunTime:0.000000s ]
INFO: [ app_begin ] --END-- [ RunTime:0.000000s ]
NOTIC: [8] Use of undefined constant IS_AjAX - assumed 'IS_AjAX' D:\xampps\app\Application\Home\Controller\IndexController.class.php 第 28 行.

[ 2016-07-12T15:28:16+08:00 ] 127.0.0.1 /index.php/Home/index/register.html
INFO: [ app_begin ] --START--
INFO: Run Behavior\ReadHtmlCacheBehavior [ RunTime:0.000000s ]
INFO: [ app_begin ] --END-- [ RunTime:0.000000s ]
NOTIC: [8] Use of undefined constant IS_AjAX - assumed 'IS_AjAX' D:\xampps\app\Application\Home\Controller\IndexController.class.php 第 28 行.

[ 2016-07-12T15:29:17+08:00 ] 127.0.0.1 /index.php/Home/index/register.html
INFO: [ app_begin ] --START--
INFO: Run Behavior\ReadHtmlCacheBehavior [ RunTime:0.000000s ]
INFO: [ app_begin ] --END-- [ RunTime:0.000000s ]
NOTIC: [8] Use of undefined constant IS_AjAX - assumed 'IS_AjAX' D:\xampps\app\Application\Home\Controller\IndexController.class.php 第 28 行.

[ 2016-07-12T15:29:22+08:00 ] 127.0.0.1 /index.php/Home/index/register.html
INFO: [ app_begin ] --START--
INFO: Run Behavior\ReadHtmlCacheBehavior [ RunTime:0.000000s ]
INFO: [ app_begin ] --END-- [ RunTime:0.001000s ]
NOTIC: [8] Use of undefined constant IS_AjAX - assumed 'IS_AjAX' D:\xampps\app\Application\Home\Controller\IndexController.class.php 第 28 行.

[ 2016-07-12T15:29:24+08:00 ] 127.0.0.1 /index.php/Home/index/register.html
INFO: [ app_begin ] --START--
INFO: Run Behavior\ReadHtmlCacheBehavior [ RunTime:0.000000s ]
INFO: [ app_begin ] --END-- [ RunTime:0.001000s ]
NOTIC: [8] Use of undefined constant IS_AjAX - assumed 'IS_AjAX' D:\xampps\app\Application\Home\Controller\IndexController.class.php 第 28 行.

[ 2016-07-12T15:29:30+08:00 ] 127.0.0.1 /index.php/Home/index/register.html
INFO: [ app_begin ] --START--
INFO: Run Behavior\ReadHtmlCacheBehavior [ RunTime:0.001000s ]
INFO: [ app_begin ] --END-- [ RunTime:0.001000s ]
NOTIC: [8] Use of undefined constant IS_AjAX - assumed 'IS_AjAX' D:\xampps\app\Application\Home\Controller\IndexController.class.php 第 28 行.

[ 2016-07-12T15:30:01+08:00 ] 127.0.0.1 /index.php/Home/index/register.html
INFO: [ app_begin ] --START--
INFO: Run Behavior\ReadHtmlCacheBehavior [ RunTime:0.000000s ]
INFO: [ app_begin ] --END-- [ RunTime:0.000000s ]
NOTIC: [8] Use of undefined constant IS_AjAX - assumed 'IS_AjAX' D:\xampps\app\Application\Home\Controller\IndexController.class.php 第 28 行.

[ 2016-07-12T15:30:08+08:00 ] 127.0.0.1 /index.php/Home/index/register.html
INFO: [ app_begin ] --START--
INFO: Run Behavior\ReadHtmlCacheBehavior [ RunTime:0.000000s ]
INFO: [ app_begin ] --END-- [ RunTime:0.000000s ]
NOTIC: [8] Use of undefined constant IS_AjAX - assumed 'IS_AjAX' D:\xampps\app\Application\Home\Controller\IndexController.class.php 第 28 行.

[ 2016-07-12T15:30:11+08:00 ] 127.0.0.1 /index.php/Home/index/register.html
INFO: [ app_begin ] --START--
INFO: Run Behavior\ReadHtmlCacheBehavior [ RunTime:0.001000s ]
INFO: [ app_begin ] --END-- [ RunTime:0.001000s ]
NOTIC: [8] Use of undefined constant IS_AjAX - assumed 'IS_AjAX' D:\xampps\app\Application\Home\Controller\IndexController.class.php 第 28 行.

[ 2016-07-12T15:30:13+08:00 ] 127.0.0.1 /index.php/Home/index/register.html
INFO: [ app_begin ] --START--
INFO: Run Behavior\ReadHtmlCacheBehavior [ RunTime:0.001000s ]
INFO: [ app_begin ] --END-- [ RunTime:0.001000s ]
NOTIC: [8] Use of undefined constant IS_AjAX - assumed 'IS_AjAX' D:\xampps\app\Application\Home\Controller\IndexController.class.php 第 28 行.

[ 2016-07-12T15:53:58+08:00 ] 127.0.0.1 /index.php/Home/index/register.html
INFO: [ app_begin ] --START--
INFO: Run Behavior\ReadHtmlCacheBehavior [ RunTime:0.001000s ]
INFO: [ app_begin ] --END-- [ RunTime:0.001000s ]
NOTIC: [8] Use of undefined constant IS_AjAX - assumed 'IS_AjAX' D:\xampps\app\Application\Home\Controller\IndexController.class.php 第 28 行.
SQL: SHOW COLUMNS FROM `think_user` [ RunTime:0.0030s ]
SQL: INSERT INTO `think_user` (`username`,`email`,`password`) VALUES ('username','email@qq.com','password') [ RunTime:0.0020s ]

[ 2016-07-12T16:03:08+08:00 ] 127.0.0.1 /index.php/Home/index/register.html
INFO: [ app_begin ] --START--
INFO: Run Behavior\ReadHtmlCacheBehavior [ RunTime:0.000000s ]
INFO: [ app_begin ] --END-- [ RunTime:0.001000s ]
NOTIC: [8] Use of undefined constant IS_AjAX - assumed 'IS_AjAX' D:\xampps\app\Application\Home\Controller\IndexController.class.php 第 28 行.
NOTIC: [8] Undefined index: usernaem D:\xampps\app\Application\Home\Controller\IndexController.class.php 第 30 行.
NOTIC: [8] Undefined index: wmail D:\xampps\app\Application\Home\Controller\IndexController.class.php 第 31 行.
SQL: SHOW COLUMNS FROM `think_user` [ RunTime:0.0020s ]
SQL: SELECT * FROM `think_user` WHERE `username` = null LIMIT 1   [ RunTime:0.0030s ]
SQL: SELECT * FROM `think_user` WHERE `email` = null LIMIT 1   [ RunTime:0.0000s ]
ERR: SQLSTATE[22001]: String data, right truncated: 1406 Data too long for column 'password' at row 1

[ 2016-07-12T16:03:48+08:00 ] 127.0.0.1 /index.php/Home/index/register.html
INFO: [ app_begin ] --START--
INFO: Run Behavior\ReadHtmlCacheBehavior [ RunTime:0.001000s ]
INFO: [ app_begin ] --END-- [ RunTime:0.001000s ]
NOTIC: [8] Use of undefined constant IS_AjAX - assumed 'IS_AjAX' D:\xampps\app\Application\Home\Controller\IndexController.class.php 第 28 行.
NOTIC: [8] Undefined index: usernaem D:\xampps\app\Application\Home\Controller\IndexController.class.php 第 30 行.
NOTIC: [8] Undefined index: wmail D:\xampps\app\Application\Home\Controller\IndexController.class.php 第 31 行.
SQL: SHOW COLUMNS FROM `think_user` [ RunTime:0.0020s ]
SQL: SELECT * FROM `think_user` WHERE `username` = null LIMIT 1   [ RunTime:0.0010s ]
SQL: SELECT * FROM `think_user` WHERE `email` = null LIMIT 1   [ RunTime:0.0000s ]
SQL: INSERT INTO `think_user` (`username`,`email`,`password`) VALUES ('1','1@qq.com','c4ca4238a0b923820dcc509a6f75849b') [ RunTime:0.0070s ]

[ 2016-07-12T16:03:50+08:00 ] 127.0.0.1 /index.php/Home/index/register.html
INFO: [ app_begin ] --START--
INFO: Run Behavior\ReadHtmlCacheBehavior [ RunTime:0.000000s ]
INFO: [ app_begin ] --END-- [ RunTime:0.000000s ]
NOTIC: [8] Use of undefined constant IS_AjAX - assumed 'IS_AjAX' D:\xampps\app\Application\Home\Controller\IndexController.class.php 第 28 行.
NOTIC: [8] Undefined index: usernaem D:\xampps\app\Application\Home\Controller\IndexController.class.php 第 30 行.
NOTIC: [8] Undefined index: wmail D:\xampps\app\Application\Home\Controller\IndexController.class.php 第 31 行.
SQL: SHOW COLUMNS FROM `think_user` [ RunTime:0.0020s ]
SQL: SELECT * FROM `think_user` WHERE `username` = null LIMIT 1   [ RunTime:0.0010s ]
SQL: SELECT * FROM `think_user` WHERE `email` = null LIMIT 1   [ RunTime:0.0000s ]
SQL: INSERT INTO `think_user` (`username`,`email`,`password`) VALUES ('1','1@qq.com','c4ca4238a0b923820dcc509a6f75849b') [ RunTime:0.0050s ]

[ 2016-07-12T16:03:52+08:00 ] 127.0.0.1 /index.php/Home/index/register.html
INFO: [ app_begin ] --START--
INFO: Run Behavior\ReadHtmlCacheBehavior [ RunTime:0.000000s ]
INFO: [ app_begin ] --END-- [ RunTime:0.001000s ]
NOTIC: [8] Use of undefined constant IS_AjAX - assumed 'IS_AjAX' D:\xampps\app\Application\Home\Controller\IndexController.class.php 第 28 行.
NOTIC: [8] Undefined index: usernaem D:\xampps\app\Application\Home\Controller\IndexController.class.php 第 30 行.
NOTIC: [8] Undefined index: wmail D:\xampps\app\Application\Home\Controller\IndexController.class.php 第 31 行.
SQL: SHOW COLUMNS FROM `think_user` [ RunTime:0.0020s ]
SQL: SELECT * FROM `think_user` WHERE `username` = null LIMIT 1   [ RunTime:0.0000s ]
SQL: SELECT * FROM `think_user` WHERE `email` = null LIMIT 1   [ RunTime:0.0000s ]
SQL: INSERT INTO `think_user` (`username`,`email`,`password`) VALUES ('1','1@qq.com','c4ca4238a0b923820dcc509a6f75849b') [ RunTime:0.0010s ]

[ 2016-07-12T16:03:53+08:00 ] 127.0.0.1 /index.php/Home/index/register.html
INFO: [ app_begin ] --START--
INFO: Run Behavior\ReadHtmlCacheBehavior [ RunTime:0.000000s ]
INFO: [ app_begin ] --END-- [ RunTime:0.001000s ]
NOTIC: [8] Use of undefined constant IS_AjAX - assumed 'IS_AjAX' D:\xampps\app\Application\Home\Controller\IndexController.class.php 第 28 行.
NOTIC: [8] Undefined index: usernaem D:\xampps\app\Application\Home\Controller\IndexController.class.php 第 30 行.
NOTIC: [8] Undefined index: wmail D:\xampps\app\Application\Home\Controller\IndexController.class.php 第 31 行.
SQL: SHOW COLUMNS FROM `think_user` [ RunTime:0.0020s ]
SQL: SELECT * FROM `think_user` WHERE `username` = null LIMIT 1   [ RunTime:0.0010s ]
SQL: SELECT * FROM `think_user` WHERE `email` = null LIMIT 1   [ RunTime:0.0000s ]
SQL: INSERT INTO `think_user` (`username`,`email`,`password`) VALUES ('1','1@qq.com','c4ca4238a0b923820dcc509a6f75849b') [ RunTime:0.0060s ]

[ 2016-07-12T16:04:06+08:00 ] 127.0.0.1 /index.php/Home/index/register.html
INFO: [ app_begin ] --START--
INFO: Run Behavior\ReadHtmlCacheBehavior [ RunTime:0.001000s ]
INFO: [ app_begin ] --END-- [ RunTime:0.001000s ]
NOTIC: [8] Use of undefined constant IS_AjAX - assumed 'IS_AjAX' D:\xampps\app\Application\Home\Controller\IndexController.class.php 第 28 行.
NOTIC: [8] Undefined index: usernaem D:\xampps\app\Application\Home\Controller\IndexController.class.php 第 30 行.
NOTIC: [8] Undefined index: wmail D:\xampps\app\Application\Home\Controller\IndexController.class.php 第 31 行.
SQL: SHOW COLUMNS FROM `think_user` [ RunTime:0.0020s ]
SQL: SELECT * FROM `think_user` WHERE `username` = null LIMIT 1   [ RunTime:0.0000s ]
SQL: SELECT * FROM `think_user` WHERE `email` = null LIMIT 1   [ RunTime:0.0000s ]

[ 2016-07-12T16:04:09+08:00 ] 127.0.0.1 /index.php/Home/index/register.html
INFO: [ app_begin ] --START--
INFO: Run Behavior\ReadHtmlCacheBehavior [ RunTime:0.000000s ]
INFO: [ app_begin ] --END-- [ RunTime:0.000000s ]
NOTIC: [8] Use of undefined constant IS_AjAX - assumed 'IS_AjAX' D:\xampps\app\Application\Home\Controller\IndexController.class.php 第 28 行.
NOTIC: [8] Undefined index: usernaem D:\xampps\app\Application\Home\Controller\IndexController.class.php 第 30 行.
NOTIC: [8] Undefined index: wmail D:\xampps\app\Application\Home\Controller\IndexController.class.php 第 31 行.
SQL: SHOW COLUMNS FROM `think_user` [ RunTime:0.0020s ]
SQL: SELECT * FROM `think_user` WHERE `username` = null LIMIT 1   [ RunTime:0.0010s ]
SQL: SELECT * FROM `think_user` WHERE `email` = null LIMIT 1   [ RunTime:0.0000s ]

[ 2016-07-12T16:05:19+08:00 ] 127.0.0.1 /index.php/Home/index/register.html
INFO: [ app_begin ] --START--
INFO: Run Behavior\ReadHtmlCacheBehavior [ RunTime:0.000000s ]
INFO: [ app_begin ] --END-- [ RunTime:0.001000s ]
NOTIC: [8] Use of undefined constant IS_AjAX - assumed 'IS_AjAX' D:\xampps\app\Application\Home\Controller\IndexController.class.php 第 28 行.
NOTIC: [8] Undefined index: usernaem D:\xampps\app\Application\Home\Controller\IndexController.class.php 第 30 行.
NOTIC: [8] Undefined index: wmail D:\xampps\app\Application\Home\Controller\IndexController.class.php 第 31 行.
SQL: SHOW COLUMNS FROM `think_user` [ RunTime:0.0020s ]
SQL: SELECT * FROM `think_user` WHERE `username` = null LIMIT 1   [ RunTime:0.0000s ]
SQL: SELECT * FROM `think_user` WHERE `email` = null LIMIT 1   [ RunTime:0.0000s ]

[ 2016-07-12T16:05:35+08:00 ] 127.0.0.1 /index.php/Home/index/register.html
INFO: [ app_begin ] --START--
INFO: Run Behavior\ReadHtmlCacheBehavior [ RunTime:0.000000s ]
INFO: [ app_begin ] --END-- [ RunTime:0.000000s ]
NOTIC: [8] Use of undefined constant IS_AjAX - assumed 'IS_AjAX' D:\xampps\app\Application\Home\Controller\IndexController.class.php 第 28 行.
NOTIC: [8] Undefined index: usernaem D:\xampps\app\Application\Home\Controller\IndexController.class.php 第 30 行.
NOTIC: [8] Undefined index: wmail D:\xampps\app\Application\Home\Controller\IndexController.class.php 第 31 行.
SQL: SHOW COLUMNS FROM `think_user` [ RunTime:0.0020s ]
SQL: SELECT * FROM `think_user` WHERE `username` = null LIMIT 1   [ RunTime:0.0000s ]

[ 2016-07-12T16:06:02+08:00 ] 127.0.0.1 /index.php/Home/index/register.html
INFO: [ app_begin ] --START--
INFO: Run Behavior\ReadHtmlCacheBehavior [ RunTime:0.000000s ]
INFO: [ app_begin ] --END-- [ RunTime:0.000000s ]
NOTIC: [8] Use of undefined constant IS_AjAX - assumed 'IS_AjAX' D:\xampps\app\Application\Home\Controller\IndexController.class.php 第 28 行.
NOTIC: [8] Undefined index: usernaem D:\xampps\app\Application\Home\Controller\IndexController.class.php 第 30 行.
NOTIC: [8] Undefined index: wmail D:\xampps\app\Application\Home\Controller\IndexController.class.php 第 31 行.
SQL: SHOW COLUMNS FROM `think_user` [ RunTime:0.0020s ]
SQL: SELECT * FROM `think_user` WHERE `username` = null LIMIT 1   [ RunTime:0.0000s ]

[ 2016-07-12T16:06:15+08:00 ] 127.0.0.1 /index.php/Home/index/register.html
INFO: [ app_begin ] --START--
INFO: Run Behavior\ReadHtmlCacheBehavior [ RunTime:0.001000s ]
INFO: [ app_begin ] --END-- [ RunTime:0.001000s ]
NOTIC: [8] Use of undefined constant IS_AjAX - assumed 'IS_AjAX' D:\xampps\app\Application\Home\Controller\IndexController.class.php 第 28 行.
NOTIC: [8] Undefined index: usernaem D:\xampps\app\Application\Home\Controller\IndexController.class.php 第 30 行.
NOTIC: [8] Undefined index: wmail D:\xampps\app\Application\Home\Controller\IndexController.class.php 第 31 行.
SQL: SHOW COLUMNS FROM `think_user` [ RunTime:0.0030s ]
SQL: SELECT * FROM `think_user` WHERE `username` = null LIMIT 1   [ RunTime:0.0000s ]

[ 2016-07-12T16:06:17+08:00 ] 127.0.0.1 /index.php/Home/index/register.html
INFO: [ app_begin ] --START--
INFO: Run Behavior\ReadHtmlCacheBehavior [ RunTime:0.000000s ]
INFO: [ app_begin ] --END-- [ RunTime:0.001000s ]
NOTIC: [8] Use of undefined constant IS_AjAX - assumed 'IS_AjAX' D:\xampps\app\Application\Home\Controller\IndexController.class.php 第 28 行.
NOTIC: [8] Undefined index: usernaem D:\xampps\app\Application\Home\Controller\IndexController.class.php 第 30 行.
NOTIC: [8] Undefined index: wmail D:\xampps\app\Application\Home\Controller\IndexController.class.php 第 31 行.
SQL: SHOW COLUMNS FROM `think_user` [ RunTime:0.0020s ]
SQL: SELECT * FROM `think_user` WHERE `username` = null LIMIT 1   [ RunTime:0.0000s ]

[ 2016-07-12T16:06:37+08:00 ] 127.0.0.1 /index.php/Home/index/register.html
INFO: [ app_begin ] --START--
INFO: Run Behavior\ReadHtmlCacheBehavior [ RunTime:0.000000s ]
INFO: [ app_begin ] --END-- [ RunTime:0.001000s ]
NOTIC: [8] Use of undefined constant IS_AjAX - assumed 'IS_AjAX' D:\xampps\app\Application\Home\Controller\IndexController.class.php 第 28 行.
NOTIC: [8] Undefined index: usernaem D:\xampps\app\Application\Home\Controller\IndexController.class.php 第 30 行.
NOTIC: [8] Undefined index: wmail D:\xampps\app\Application\Home\Controller\IndexController.class.php 第 31 行.
SQL: SHOW COLUMNS FROM `think_user` [ RunTime:0.0020s ]
SQL: SELECT * FROM `think_user` WHERE `username` = null LIMIT 1   [ RunTime:0.0010s ]

[ 2016-07-12T16:07:11+08:00 ] 127.0.0.1 /index.php/Home/index/register.html
INFO: [ app_begin ] --START--
INFO: Run Behavior\ReadHtmlCacheBehavior [ RunTime:0.001000s ]
INFO: [ app_begin ] --END-- [ RunTime:0.001000s ]
NOTIC: [8] Use of undefined constant IS_AjAX - assumed 'IS_AjAX' D:\xampps\app\Application\Home\Controller\IndexController.class.php 第 28 行.
NOTIC: [8] Undefined index: usernaem D:\xampps\app\Application\Home\Controller\IndexController.class.php 第 30 行.
NOTIC: [8] Undefined index: wmail D:\xampps\app\Application\Home\Controller\IndexController.class.php 第 31 行.
SQL: SHOW COLUMNS FROM `think_user` [ RunTime:0.0020s ]
SQL: SELECT * FROM `think_user` WHERE `username` = null LIMIT 1   [ RunTime:0.0000s ]

[ 2016-07-12T16:07:53+08:00 ] 127.0.0.1 /index.php/Home/index/register.html
INFO: [ app_begin ] --START--
INFO: Run Behavior\ReadHtmlCacheBehavior [ RunTime:0.001000s ]
INFO: [ app_begin ] --END-- [ RunTime:0.001000s ]
NOTIC: [8] Use of undefined constant IS_AjAX - assumed 'IS_AjAX' D:\xampps\app\Application\Home\Controller\IndexController.class.php 第 28 行.
NOTIC: [8] Undefined index: usernaem D:\xampps\app\Application\Home\Controller\IndexController.class.php 第 30 行.
NOTIC: [8] Undefined index: wmail D:\xampps\app\Application\Home\Controller\IndexController.class.php 第 31 行.
SQL: SHOW COLUMNS FROM `think_user` [ RunTime:0.0020s ]
SQL: SELECT * FROM `think_user` WHERE `username` = null LIMIT 1   [ RunTime:0.0000s ]

[ 2016-07-12T16:08:33+08:00 ] 127.0.0.1 /index.php/Home/index/register.html
INFO: [ app_begin ] --START--
INFO: Run Behavior\ReadHtmlCacheBehavior [ RunTime:0.001000s ]
INFO: [ app_begin ] --END-- [ RunTime:0.001000s ]
NOTIC: [8] Use of undefined constant IS_AjAX - assumed 'IS_AjAX' D:\xampps\app\Application\Home\Controller\IndexController.class.php 第 28 行.
NOTIC: [8] Undefined index: wmail D:\xampps\app\Application\Home\Controller\IndexController.class.php 第 31 行.
SQL: SHOW COLUMNS FROM `think_user` [ RunTime:0.0030s ]
SQL: SELECT * FROM `think_user` WHERE `username` = '1' LIMIT 1   [ RunTime:0.0000s ]

[ 2016-07-12T16:08:53+08:00 ] 127.0.0.1 /index.php/Home/index/register.html
INFO: [ app_begin ] --START--
INFO: Run Behavior\ReadHtmlCacheBehavior [ RunTime:0.000000s ]
INFO: [ app_begin ] --END-- [ RunTime:0.000000s ]
NOTIC: [8] Use of undefined constant IS_AjAX - assumed 'IS_AjAX' D:\xampps\app\Application\Home\Controller\IndexController.class.php 第 28 行.
NOTIC: [8] Undefined index: wmail D:\xampps\app\Application\Home\Controller\IndexController.class.php 第 31 行.
SQL: SHOW COLUMNS FROM `think_user` [ RunTime:0.0030s ]
SQL: SELECT * FROM `think_user` WHERE `username` = '1' LIMIT 1   [ RunTime:0.0000s ]

[ 2016-07-12T16:08:56+08:00 ] 127.0.0.1 /index.php/Home/index/register.html
INFO: [ app_begin ] --START--
INFO: Run Behavior\ReadHtmlCacheBehavior [ RunTime:0.001001s ]
INFO: [ app_begin ] --END-- [ RunTime:0.001001s ]
NOTIC: [8] Use of undefined constant IS_AjAX - assumed 'IS_AjAX' D:\xampps\app\Application\Home\Controller\IndexController.class.php 第 28 行.
NOTIC: [8] Undefined index: wmail D:\xampps\app\Application\Home\Controller\IndexController.class.php 第 31 行.
SQL: SHOW COLUMNS FROM `think_user` [ RunTime:0.0030s ]
SQL: SELECT * FROM `think_user` WHERE `username` = '12' LIMIT 1   [ RunTime:0.0010s ]
SQL: SELECT * FROM `think_user` WHERE `email` = null LIMIT 1   [ RunTime:0.0000s ]
SQL: INSERT INTO `think_user` (`username`,`email`,`password`) VALUES ('12','1@qq.com','c4ca4238a0b923820dcc509a6f75849b') [ RunTime:0.0020s ]

[ 2016-07-12T16:09:35+08:00 ] 127.0.0.1 /index.php/Home/index/register.html
INFO: [ app_begin ] --START--
INFO: Run Behavior\ReadHtmlCacheBehavior [ RunTime:0.000000s ]
INFO: [ app_begin ] --END-- [ RunTime:0.001000s ]
NOTIC: [8] Use of undefined constant IS_AjAX - assumed 'IS_AjAX' D:\xampps\app\Application\Home\Controller\IndexController.class.php 第 28 行.
SQL: SHOW COLUMNS FROM `think_user` [ RunTime:0.0020s ]
SQL: SELECT * FROM `think_user` WHERE `username` = '1' LIMIT 1   [ RunTime:0.0010s ]

[ 2016-07-12T16:09:37+08:00 ] 127.0.0.1 /index.php/Home/index/register.html
INFO: [ app_begin ] --START--
INFO: Run Behavior\ReadHtmlCacheBehavior [ RunTime:0.000000s ]
INFO: [ app_begin ] --END-- [ RunTime:0.001000s ]
NOTIC: [8] Use of undefined constant IS_AjAX - assumed 'IS_AjAX' D:\xampps\app\Application\Home\Controller\IndexController.class.php 第 28 行.
SQL: SHOW COLUMNS FROM `think_user` [ RunTime:0.0030s ]
SQL: SELECT * FROM `think_user` WHERE `username` = '12' LIMIT 1   [ RunTime:0.0000s ]
SQL: SELECT * FROM `think_user` WHERE `email` = '1@qq.com' LIMIT 1   [ RunTime:0.0000s ]

[ 2016-07-12T16:09:39+08:00 ] 127.0.0.1 /index.php/Home/index/register.html
INFO: [ app_begin ] --START--
INFO: Run Behavior\ReadHtmlCacheBehavior [ RunTime:0.001000s ]
INFO: [ app_begin ] --END-- [ RunTime:0.001000s ]
NOTIC: [8] Use of undefined constant IS_AjAX - assumed 'IS_AjAX' D:\xampps\app\Application\Home\Controller\IndexController.class.php 第 28 行.
SQL: SHOW COLUMNS FROM `think_user` [ RunTime:0.0020s ]
SQL: SELECT * FROM `think_user` WHERE `username` = '123' LIMIT 1   [ RunTime:0.0010s ]
SQL: SELECT * FROM `think_user` WHERE `email` = '1@qq.com' LIMIT 1   [ RunTime:0.0000s ]

[ 2016-07-12T16:09:42+08:00 ] 127.0.0.1 /index.php/Home/index/register.html
INFO: [ app_begin ] --START--
INFO: Run Behavior\ReadHtmlCacheBehavior [ RunTime:0.000000s ]
INFO: [ app_begin ] --END-- [ RunTime:0.000000s ]
NOTIC: [8] Use of undefined constant IS_AjAX - assumed 'IS_AjAX' D:\xampps\app\Application\Home\Controller\IndexController.class.php 第 28 行.
SQL: SHOW COLUMNS FROM `think_user` [ RunTime:0.0020s ]
SQL: SELECT * FROM `think_user` WHERE `username` = '1233' LIMIT 1   [ RunTime:0.0010s ]
SQL: SELECT * FROM `think_user` WHERE `email` = '1@qq.com' LIMIT 1   [ RunTime:0.0000s ]

[ 2016-07-12T16:10:08+08:00 ] 127.0.0.1 /index.php/Home/index/register.html
INFO: [ app_begin ] --START--
INFO: Run Behavior\ReadHtmlCacheBehavior [ RunTime:0.001000s ]
INFO: [ app_begin ] --END-- [ RunTime:0.001000s ]
NOTIC: [8] Use of undefined constant IS_AjAX - assumed 'IS_AjAX' D:\xampps\app\Application\Home\Controller\IndexController.class.php 第 28 行.
SQL: SHOW COLUMNS FROM `think_user` [ RunTime:0.0020s ]
SQL: SELECT * FROM `think_user` WHERE `username` = '123' LIMIT 1   [ RunTime:0.0000s ]
SQL: SELECT * FROM `think_user` WHERE `email` = '1@qq.com' LIMIT 1   [ RunTime:0.0000s ]

[ 2016-07-12T16:10:10+08:00 ] 127.0.0.1 /index.php/Home/index/register.html
INFO: [ app_begin ] --START--
INFO: Run Behavior\ReadHtmlCacheBehavior [ RunTime:0.000000s ]
INFO: [ app_begin ] --END-- [ RunTime:0.001000s ]
NOTIC: [8] Use of undefined constant IS_AjAX - assumed 'IS_AjAX' D:\xampps\app\Application\Home\Controller\IndexController.class.php 第 28 行.
SQL: SHOW COLUMNS FROM `think_user` [ RunTime:0.0020s ]
SQL: SELECT * FROM `think_user` WHERE `username` = '123' LIMIT 1   [ RunTime:0.0010s ]
SQL: SELECT * FROM `think_user` WHERE `email` = '2@qq.com' LIMIT 1   [ RunTime:0.0000s ]
SQL: INSERT INTO `think_user` (`username`,`email`,`password`) VALUES ('123','2@qq.com','c4ca4238a0b923820dcc509a6f75849b') [ RunTime:0.0040s ]

[ 2016-07-12T16:19:06+08:00 ] 127.0.0.1 /index.php/Home/index/register.html
INFO: [ app_begin ] --START--
INFO: Run Behavior\ReadHtmlCacheBehavior [ RunTime:0.001000s ]
INFO: [ app_begin ] --END-- [ RunTime:0.001000s ]
NOTIC: [8] Use of undefined constant IS_AjAX - assumed 'IS_AjAX' D:\xampps\app\Application\Home\Controller\IndexController.class.php 第 28 行.
SQL: SHOW COLUMNS FROM `think_user` [ RunTime:0.0020s ]
SQL: SELECT * FROM `think_user` WHERE `username` = '1' LIMIT 1   [ RunTime:0.0000s ]

[ 2016-07-12T16:19:14+08:00 ] 127.0.0.1 /index.php/Home/index/register.html
INFO: [ app_begin ] --START--
INFO: Run Behavior\ReadHtmlCacheBehavior [ RunTime:0.000000s ]
INFO: [ app_begin ] --END-- [ RunTime:0.001000s ]
NOTIC: [8] Use of undefined constant IS_AjAX - assumed 'IS_AjAX' D:\xampps\app\Application\Home\Controller\IndexController.class.php 第 28 行.
SQL: SHOW COLUMNS FROM `think_user` [ RunTime:0.0020s ]
SQL: SELECT * FROM `think_user` WHERE `username` = '1' LIMIT 1   [ RunTime:0.0000s ]

[ 2016-07-12T16:20:03+08:00 ] 127.0.0.1 /index.php/Home/index/register.html
INFO: [ app_begin ] --START--
INFO: Run Behavior\ReadHtmlCacheBehavior [ RunTime:0.001000s ]
INFO: [ app_begin ] --END-- [ RunTime:0.001000s ]
NOTIC: [8] Use of undefined constant IS_AjAX - assumed 'IS_AjAX' D:\xampps\app\Application\Home\Controller\IndexController.class.php 第 28 行.
SQL: SHOW COLUMNS FROM `think_user` [ RunTime:0.0030s ]
SQL: SELECT * FROM `think_user` WHERE `username` = '1' LIMIT 1   [ RunTime:0.0010s ]

[ 2016-07-12T16:20:15+08:00 ] 127.0.0.1 /index.php/Home/index/register.html
INFO: [ app_begin ] --START--
INFO: Run Behavior\ReadHtmlCacheBehavior [ RunTime:0.000000s ]
INFO: [ app_begin ] --END-- [ RunTime:0.000000s ]
NOTIC: [8] Use of undefined constant IS_AjAX - assumed 'IS_AjAX' D:\xampps\app\Application\Home\Controller\IndexController.class.php 第 28 行.
SQL: SHOW COLUMNS FROM `think_user` [ RunTime:0.0030s ]
SQL: SELECT * FROM `think_user` WHERE `username` = '1' LIMIT 1   [ RunTime:0.0000s ]

[ 2016-07-12T16:20:29+08:00 ] 127.0.0.1 /index.php/Home/index/register.html
INFO: [ app_begin ] --START--
INFO: Run Behavior\ReadHtmlCacheBehavior [ RunTime:0.000000s ]
INFO: [ app_begin ] --END-- [ RunTime:0.000000s ]
NOTIC: [8] Use of undefined constant IS_AjAX - assumed 'IS_AjAX' D:\xampps\app\Application\Home\Controller\IndexController.class.php 第 28 行.
SQL: SHOW COLUMNS FROM `think_user` [ RunTime:0.0030s ]
SQL: SELECT * FROM `think_user` WHERE `username` = '3' LIMIT 1   [ RunTime:0.0000s ]
SQL: SELECT * FROM `think_user` WHERE `email` = '3@33.com' LIMIT 1   [ RunTime:0.0010s ]
SQL: INSERT INTO `think_user` (`username`,`email`,`password`) VALUES ('3','3@33.com','eccbc87e4b5ce2fe28308fd9f2a7baf3') [ RunTime:0.0070s ]

[ 2016-07-12T16:20:38+08:00 ] 127.0.0.1 /index.php/Home/index/register.html
INFO: [ app_begin ] --START--
INFO: Run Behavior\ReadHtmlCacheBehavior [ RunTime:0.000000s ]
INFO: [ app_begin ] --END-- [ RunTime:0.000000s ]
NOTIC: [8] Use of undefined constant IS_AjAX - assumed 'IS_AjAX' D:\xampps\app\Application\Home\Controller\IndexController.class.php 第 28 行.
SQL: SHOW COLUMNS FROM `think_user` [ RunTime:0.0030s ]
SQL: SELECT * FROM `think_user` WHERE `username` = '3' LIMIT 1   [ RunTime:0.0000s ]

[ 2016-07-12T16:20:46+08:00 ] 127.0.0.1 /index.php/Home/index/register.html
INFO: [ app_begin ] --START--
INFO: Run Behavior\ReadHtmlCacheBehavior [ RunTime:0.000000s ]
INFO: [ app_begin ] --END-- [ RunTime:0.000000s ]
NOTIC: [8] Use of undefined constant IS_AjAX - assumed 'IS_AjAX' D:\xampps\app\Application\Home\Controller\IndexController.class.php 第 28 行.
SQL: SHOW COLUMNS FROM `think_user` [ RunTime:0.0030s ]
SQL: SELECT * FROM `think_user` WHERE `username` = '33' LIMIT 1   [ RunTime:0.0000s ]
SQL: SELECT * FROM `think_user` WHERE `email` = '33@33.com' LIMIT 1   [ RunTime:0.0000s ]
SQL: INSERT INTO `think_user` (`username`,`email`,`password`) VALUES ('33','33@33.com','eccbc87e4b5ce2fe28308fd9f2a7baf3') [ RunTime:0.0030s ]

[ 2016-07-12T16:22:39+08:00 ] 127.0.0.1 /index.php/Home/index/register.html
INFO: [ app_begin ] --START--
INFO: Run Behavior\ReadHtmlCacheBehavior [ RunTime:0.000000s ]
INFO: [ app_begin ] --END-- [ RunTime:0.000000s ]
NOTIC: [8] Use of undefined constant IS_AjAX - assumed 'IS_AjAX' D:\xampps\app\Application\Home\Controller\IndexController.class.php 第 28 行.
SQL: SHOW COLUMNS FROM `think_user` [ RunTime:0.0020s ]
SQL: SELECT * FROM `think_user` WHERE `username` = '2' LIMIT 1   [ RunTime:0.0000s ]
SQL: SELECT * FROM `think_user` WHERE `email` = '2@qq.com' LIMIT 1   [ RunTime:0.0000s ]

[ 2016-07-12T16:22:42+08:00 ] 127.0.0.1 /index.php/Home/index/register.html
INFO: [ app_begin ] --START--
INFO: Run Behavior\ReadHtmlCacheBehavior [ RunTime:0.001000s ]
INFO: [ app_begin ] --END-- [ RunTime:0.001000s ]
NOTIC: [8] Use of undefined constant IS_AjAX - assumed 'IS_AjAX' D:\xampps\app\Application\Home\Controller\IndexController.class.php 第 28 行.
SQL: SHOW COLUMNS FROM `think_user` [ RunTime:0.0020s ]
SQL: SELECT * FROM `think_user` WHERE `username` = '2' LIMIT 1   [ RunTime:0.0010s ]
SQL: SELECT * FROM `think_user` WHERE `email` = '211@qq.com' LIMIT 1   [ RunTime:0.0000s ]
SQL: INSERT INTO `think_user` (`username`,`email`,`password`) VALUES ('2','211@qq.com','c81e728d9d4c2f636f067f89cc14862c') [ RunTime:0.0070s ]

