[ 2016-11-09T08:52:30+08:00 ] 127.0.0.1 /index.php/Home/Index/index.html
INFO: [ app_begin ] --START--
INFO: Run Behavior\ReadHtmlCacheBehavior [ RunTime:0.000358s ]
INFO: [ app_begin ] --END-- [ RunTime:0.000675s ]
SQL: SHOW COLUMNS FROM `fox_industry` [ RunTime:0.0026s ]
SQL: SELECT `industry_name`,`pic`,`industry_id` FROM `fox_industry` WHERE ( industry_pid=0 )  [ RunTime:0.0005s ]
SQL: SELECT `industry_id`,`industry_name` FROM `fox_industry` WHERE ( industry_pid=1 )  [ RunTime:0.0003s ]
SQL: SELECT `industry_id`,`industry_name` FROM `fox_industry` WHERE ( industry_pid=2 )  [ RunTime:0.0002s ]
SQL: SELECT `industry_id`,`industry_name` FROM `fox_industry` WHERE ( industry_pid=8 )  [ RunTime:0.0001s ]
SQL: SHOW COLUMNS FROM `fox_user` [ RunTime:0.0019s ]
SQL: SELECT `user_id` FROM `fox_user` WHERE `username` = 'admin1' AND `password` = '21232f297a57a5a743894a0e4a801fc3' LIMIT 1   [ RunTime:0.0004s ]
SQL: SELECT * FROM `fox_user` WHERE `user_id` = 2 LIMIT 1   [ RunTime:0.0002s ]

[ 2016-11-09T10:00:16+08:00 ] 127.0.0.1 /index.php/Home/User/administration.html?upid=
INFO: [ app_begin ] --START--
INFO: Run Behavior\ReadHtmlCacheBehavior [ RunTime:0.000328s ]
INFO: [ app_begin ] --END-- [ RunTime:0.000613s ]
SQL: SHOW COLUMNS FROM `fox_industry` [ RunTime:0.0073s ]
SQL: SELECT `industry_name`,`pic`,`industry_id` FROM `fox_industry` WHERE ( industry_pid=0 )  [ RunTime:0.0003s ]
SQL: SELECT `industry_id`,`industry_name` FROM `fox_industry` WHERE ( industry_pid=1 )  [ RunTime:0.0002s ]
SQL: SELECT `industry_id`,`industry_name` FROM `fox_industry` WHERE ( industry_pid=2 )  [ RunTime:0.0001s ]
SQL: SELECT `industry_id`,`industry_name` FROM `fox_industry` WHERE ( industry_pid=8 )  [ RunTime:0.0002s ]
SQL: SHOW COLUMNS FROM `fox_user` [ RunTime:0.0052s ]
SQL: SHOW COLUMNS FROM `fox_district` [ RunTime:0.0048s ]
SQL: SHOW COLUMNS FROM `fox_auth_realname` [ RunTime:0.0047s ]
SQL: SHOW COLUMNS FROM `fox_auth_alipay` [ RunTime:0.0058s ]
SQL: SHOW COLUMNS FROM `fox_auth_bank` [ RunTime:0.0053s ]
ERR: SQLSTATE[42000]: Syntax error or access violation: 1064 You have an error in your SQL syntax; check the manual that corresponds to your MySQL server version for the right syntax to use near ')' at line 1

[ 2016-11-09T10:00:16+08:00 ] 127.0.0.1 /index.php/Home/User/administration.html?upid=
INFO: [ app_begin ] --START--
INFO: Run Behavior\ReadHtmlCacheBehavior [ RunTime:0.000339s ]
INFO: [ app_begin ] --END-- [ RunTime:0.000659s ]
SQL: SHOW COLUMNS FROM `fox_industry` [ RunTime:0.0053s ]
SQL: SELECT `industry_name`,`pic`,`industry_id` FROM `fox_industry` WHERE ( industry_pid=0 )  [ RunTime:0.0002s ]
SQL: SELECT `industry_id`,`industry_name` FROM `fox_industry` WHERE ( industry_pid=1 )  [ RunTime:0.0002s ]
SQL: SELECT `industry_id`,`industry_name` FROM `fox_industry` WHERE ( industry_pid=2 )  [ RunTime:0.0001s ]
SQL: SELECT `industry_id`,`industry_name` FROM `fox_industry` WHERE ( industry_pid=8 )  [ RunTime:0.0001s ]
SQL: SHOW COLUMNS FROM `fox_user` [ RunTime:0.0049s ]
SQL: SHOW COLUMNS FROM `fox_district` [ RunTime:0.0048s ]
SQL: SHOW COLUMNS FROM `fox_auth_realname` [ RunTime:0.0046s ]
SQL: SHOW COLUMNS FROM `fox_auth_alipay` [ RunTime:0.0046s ]
SQL: SHOW COLUMNS FROM `fox_auth_bank` [ RunTime:0.0047s ]
ERR: SQLSTATE[42000]: Syntax error or access violation: 1064 You have an error in your SQL syntax; check the manual that corresponds to your MySQL server version for the right syntax to use near ')' at line 1

[ 2016-11-09T10:00:19+08:00 ] 127.0.0.1 /index.php/Home/User/administration.html?upid=
INFO: [ app_begin ] --START--
INFO: Run Behavior\ReadHtmlCacheBehavior [ RunTime:0.000390s ]
INFO: [ app_begin ] --END-- [ RunTime:0.000772s ]
SQL: SHOW COLUMNS FROM `fox_industry` [ RunTime:0.0073s ]
SQL: SELECT `industry_name`,`pic`,`industry_id` FROM `fox_industry` WHERE ( industry_pid=0 )  [ RunTime:0.0002s ]
SQL: SELECT `industry_id`,`industry_name` FROM `fox_industry` WHERE ( industry_pid=1 )  [ RunTime:0.0002s ]
SQL: SELECT `industry_id`,`industry_name` FROM `fox_industry` WHERE ( industry_pid=2 )  [ RunTime:0.0002s ]
SQL: SELECT `industry_id`,`industry_name` FROM `fox_industry` WHERE ( industry_pid=8 )  [ RunTime:0.0002s ]
SQL: SHOW COLUMNS FROM `fox_user` [ RunTime:0.0065s ]
SQL: SHOW COLUMNS FROM `fox_district` [ RunTime:0.0051s ]
SQL: SHOW COLUMNS FROM `fox_auth_realname` [ RunTime:0.0053s ]
SQL: SHOW COLUMNS FROM `fox_auth_alipay` [ RunTime:0.0057s ]
SQL: SHOW COLUMNS FROM `fox_auth_bank` [ RunTime:0.0049s ]
ERR: SQLSTATE[42000]: Syntax error or access violation: 1064 You have an error in your SQL syntax; check the manual that corresponds to your MySQL server version for the right syntax to use near ')' at line 1

[ 2016-11-09T10:00:19+08:00 ] 127.0.0.1 /index.php/Home/User/administration.html?upid=
INFO: [ app_begin ] --START--
INFO: Run Behavior\ReadHtmlCacheBehavior [ RunTime:0.000311s ]
INFO: [ app_begin ] --END-- [ RunTime:0.000584s ]
SQL: SHOW COLUMNS FROM `fox_industry` [ RunTime:0.0053s ]
SQL: SELECT `industry_name`,`pic`,`industry_id` FROM `fox_industry` WHERE ( industry_pid=0 )  [ RunTime:0.0002s ]
SQL: SELECT `industry_id`,`industry_name` FROM `fox_industry` WHERE ( industry_pid=1 )  [ RunTime:0.0002s ]
SQL: SELECT `industry_id`,`industry_name` FROM `fox_industry` WHERE ( industry_pid=2 )  [ RunTime:0.0001s ]
SQL: SELECT `industry_id`,`industry_name` FROM `fox_industry` WHERE ( industry_pid=8 )  [ RunTime:0.0001s ]
SQL: SHOW COLUMNS FROM `fox_user` [ RunTime:0.0053s ]
SQL: SHOW COLUMNS FROM `fox_district` [ RunTime:0.0049s ]
SQL: SHOW COLUMNS FROM `fox_auth_realname` [ RunTime:0.0051s ]
SQL: SHOW COLUMNS FROM `fox_auth_alipay` [ RunTime:0.0050s ]
SQL: SHOW COLUMNS FROM `fox_auth_bank` [ RunTime:0.0054s ]
ERR: SQLSTATE[42000]: Syntax error or access violation: 1064 You have an error in your SQL syntax; check the manual that corresponds to your MySQL server version for the right syntax to use near ')' at line 1

[ 2016-11-09T10:00:28+08:00 ] 127.0.0.1 /index.php/Home/user/taskhall.html
ERR: 非法操作:taskhall

[ 2016-11-09T10:46:58+08:00 ] 127.0.0.1 /index.php/Home/task/delivery/task_id/15.html
ERR: SQLSTATE[42S22]: Column not found: 1054 Unknown column 'task_id' in 'where clause'

[ 2016-11-09T10:48:50+08:00 ] 127.0.0.1 /index.php/Home/task/delivery/task_id/15.html
ERR: SQLSTATE[42000]: Syntax error or access violation: 1064 You have an error in your SQL syntax; check the manual that corresponds to your MySQL server version for the right syntax to use near ') LIMIT 1' at line 1

[ 2016-11-09T11:01:31+08:00 ] 127.0.0.1 /index.php/Home/Index/index.html
INFO: [ app_begin ] --START--
INFO: Run Behavior\ReadHtmlCacheBehavior [ RunTime:0.000478s ]
INFO: [ app_begin ] --END-- [ RunTime:0.000777s ]
SQL: SHOW COLUMNS FROM `fox_industry` [ RunTime:0.0095s ]
SQL: SELECT `industry_name`,`pic`,`industry_id` FROM `fox_industry` WHERE ( industry_pid=0 )  [ RunTime:0.0002s ]
SQL: SELECT `industry_id`,`industry_name` FROM `fox_industry` WHERE ( industry_pid=1 )  [ RunTime:0.0002s ]
SQL: SELECT `industry_id`,`industry_name` FROM `fox_industry` WHERE ( industry_pid=2 )  [ RunTime:0.0002s ]
SQL: SELECT `industry_id`,`industry_name` FROM `fox_industry` WHERE ( industry_pid=8 )  [ RunTime:0.0003s ]
SQL: SHOW COLUMNS FROM `fox_user` [ RunTime:0.0070s ]
SQL: SELECT `user_id` FROM `fox_user` WHERE `username` = 'admin' AND `password` = '21232f297a57a5a743894a0e4a801fc3' LIMIT 1   [ RunTime:0.0002s ]
SQL: SELECT * FROM `fox_user` WHERE `user_id` = 1 LIMIT 1   [ RunTime:0.0002s ]

[ 2016-11-09T11:02:05+08:00 ] 127.0.0.1 /index.php/Home/Index/index.html
INFO: [ app_begin ] --START--
INFO: Run Behavior\ReadHtmlCacheBehavior [ RunTime:0.000381s ]
INFO: [ app_begin ] --END-- [ RunTime:0.000688s ]
SQL: SHOW COLUMNS FROM `fox_industry` [ RunTime:0.0061s ]
SQL: SELECT `industry_name`,`pic`,`industry_id` FROM `fox_industry` WHERE ( industry_pid=0 )  [ RunTime:0.0003s ]
SQL: SELECT `industry_id`,`industry_name` FROM `fox_industry` WHERE ( industry_pid=1 )  [ RunTime:0.0002s ]
SQL: SELECT `industry_id`,`industry_name` FROM `fox_industry` WHERE ( industry_pid=2 )  [ RunTime:0.0002s ]
SQL: SELECT `industry_id`,`industry_name` FROM `fox_industry` WHERE ( industry_pid=8 )  [ RunTime:0.0002s ]
SQL: SHOW COLUMNS FROM `fox_user` [ RunTime:0.0050s ]
SQL: SELECT `user_id` FROM `fox_user` WHERE `username` = 'admin2' AND `password` = '21232f297a57a5a743894a0e4a801fc3' LIMIT 1   [ RunTime:0.0002s ]
SQL: SELECT * FROM `fox_user` WHERE `user_id` = 3 LIMIT 1   [ RunTime:0.0003s ]

[ 2016-11-09T11:02:46+08:00 ] 127.0.0.1 /index.php/Home/Index/index.html
INFO: [ app_begin ] --START--
INFO: Run Behavior\ReadHtmlCacheBehavior [ RunTime:0.000815s ]
INFO: [ app_begin ] --END-- [ RunTime:0.001224s ]
SQL: SHOW COLUMNS FROM `fox_industry` [ RunTime:0.0083s ]
SQL: SELECT `industry_name`,`pic`,`industry_id` FROM `fox_industry` WHERE ( industry_pid=0 )  [ RunTime:0.0003s ]
SQL: SELECT `industry_id`,`industry_name` FROM `fox_industry` WHERE ( industry_pid=1 )  [ RunTime:0.0002s ]
SQL: SELECT `industry_id`,`industry_name` FROM `fox_industry` WHERE ( industry_pid=2 )  [ RunTime:0.0002s ]
SQL: SELECT `industry_id`,`industry_name` FROM `fox_industry` WHERE ( industry_pid=8 )  [ RunTime:0.0002s ]
SQL: SHOW COLUMNS FROM `fox_user` [ RunTime:0.0056s ]
SQL: SELECT `user_id` FROM `fox_user` WHERE `username` = 'admin' AND `password` = '21232f297a57a5a743894a0e4a801fc3' LIMIT 1   [ RunTime:0.0003s ]
SQL: SELECT * FROM `fox_user` WHERE `user_id` = 1 LIMIT 1   [ RunTime:0.0003s ]

[ 2016-11-09T14:00:53+08:00 ] 127.0.0.1 /index.php/Home/Index/index.html
INFO: [ app_begin ] --START--
INFO: Run Behavior\ReadHtmlCacheBehavior [ RunTime:0.000333s ]
INFO: [ app_begin ] --END-- [ RunTime:0.000627s ]
SQL: SHOW COLUMNS FROM `fox_industry` [ RunTime:0.0075s ]
SQL: SELECT `industry_name`,`pic`,`industry_id` FROM `fox_industry` WHERE ( industry_pid=0 )  [ RunTime:0.0002s ]
SQL: SELECT `industry_id`,`industry_name` FROM `fox_industry` WHERE ( industry_pid=1 )  [ RunTime:0.0002s ]
SQL: SELECT `industry_id`,`industry_name` FROM `fox_industry` WHERE ( industry_pid=2 )  [ RunTime:0.0002s ]
SQL: SELECT `industry_id`,`industry_name` FROM `fox_industry` WHERE ( industry_pid=8 )  [ RunTime:0.0003s ]
SQL: SHOW COLUMNS FROM `fox_user` [ RunTime:0.0063s ]
SQL: SELECT `user_id` FROM `fox_user` WHERE `username` = 'admin1' AND `password` = '21232f297a57a5a743894a0e4a801fc3' LIMIT 1   [ RunTime:0.0002s ]
SQL: SELECT * FROM `fox_user` WHERE `user_id` = 2 LIMIT 1   [ RunTime:0.0002s ]

[ 2016-11-09T14:01:58+08:00 ] 127.0.0.1 /index.php/Home/Index/index.html
INFO: [ app_begin ] --START--
INFO: Run Behavior\ReadHtmlCacheBehavior [ RunTime:0.000362s ]
INFO: [ app_begin ] --END-- [ RunTime:0.000663s ]
SQL: SHOW COLUMNS FROM `fox_industry` [ RunTime:0.0087s ]
SQL: SELECT `industry_name`,`pic`,`industry_id` FROM `fox_industry` WHERE ( industry_pid=0 )  [ RunTime:0.0003s ]
SQL: SELECT `industry_id`,`industry_name` FROM `fox_industry` WHERE ( industry_pid=1 )  [ RunTime:0.0002s ]
SQL: SELECT `industry_id`,`industry_name` FROM `fox_industry` WHERE ( industry_pid=2 )  [ RunTime:0.0001s ]
SQL: SELECT `industry_id`,`industry_name` FROM `fox_industry` WHERE ( industry_pid=8 )  [ RunTime:0.0001s ]
SQL: SHOW COLUMNS FROM `fox_user` [ RunTime:0.0061s ]
SQL: SELECT `user_id` FROM `fox_user` WHERE `username` = 'admin' AND `password` = '21232f297a57a5a743894a0e4a801fc3' LIMIT 1   [ RunTime:0.0002s ]

[ 2016-11-09T14:02:12+08:00 ] 127.0.0.1 /index.php/Home/Index/index.html
INFO: [ app_begin ] --START--
INFO: Run Behavior\ReadHtmlCacheBehavior [ RunTime:0.000498s ]
INFO: [ app_begin ] --END-- [ RunTime:0.000968s ]
SQL: SHOW COLUMNS FROM `fox_industry` [ RunTime:0.0101s ]
SQL: SELECT `industry_name`,`pic`,`industry_id` FROM `fox_industry` WHERE ( industry_pid=0 )  [ RunTime:0.0003s ]
SQL: SELECT `industry_id`,`industry_name` FROM `fox_industry` WHERE ( industry_pid=1 )  [ RunTime:0.0002s ]
SQL: SELECT `industry_id`,`industry_name` FROM `fox_industry` WHERE ( industry_pid=2 )  [ RunTime:0.0002s ]
SQL: SELECT `industry_id`,`industry_name` FROM `fox_industry` WHERE ( industry_pid=8 )  [ RunTime:0.0002s ]
SQL: SHOW COLUMNS FROM `fox_user` [ RunTime:0.0070s ]
SQL: SELECT `user_id` FROM `fox_user` WHERE `username` = 'admin' AND `password` = '21232f297a57a5a743894a0e4a801fc3' LIMIT 1   [ RunTime:0.0002s ]
SQL: SELECT * FROM `fox_user` WHERE `user_id` = 1 LIMIT 1   [ RunTime:0.0002s ]

[ 2016-11-09T14:10:55+08:00 ] 127.0.0.1 /index.php/Home/Index/index.html
INFO: [ app_begin ] --START--
INFO: Run Behavior\ReadHtmlCacheBehavior [ RunTime:0.000362s ]
INFO: [ app_begin ] --END-- [ RunTime:0.000665s ]
SQL: SHOW COLUMNS FROM `fox_industry` [ RunTime:0.0093s ]
SQL: SELECT `industry_name`,`pic`,`industry_id` FROM `fox_industry` WHERE ( industry_pid=0 )  [ RunTime:0.0003s ]
SQL: SELECT `industry_id`,`industry_name` FROM `fox_industry` WHERE ( industry_pid=1 )  [ RunTime:0.0002s ]
SQL: SELECT `industry_id`,`industry_name` FROM `fox_industry` WHERE ( industry_pid=2 )  [ RunTime:0.0002s ]
SQL: SELECT `industry_id`,`industry_name` FROM `fox_industry` WHERE ( industry_pid=8 )  [ RunTime:0.0002s ]
SQL: SHOW COLUMNS FROM `fox_user` [ RunTime:0.0064s ]
SQL: SELECT `user_id` FROM `fox_user` WHERE `username` = 'admin1' AND `password` = '21232f297a57a5a743894a0e4a801fc3' LIMIT 1   [ RunTime:0.0002s ]
SQL: SELECT * FROM `fox_user` WHERE `user_id` = 2 LIMIT 1   [ RunTime:0.0002s ]

[ 2016-11-09T14:11:20+08:00 ] 127.0.0.1 /index.php/Home/Index/index.html
INFO: [ app_begin ] --START--
INFO: Run Behavior\ReadHtmlCacheBehavior [ RunTime:0.000369s ]
INFO: [ app_begin ] --END-- [ RunTime:0.000773s ]
SQL: SHOW COLUMNS FROM `fox_industry` [ RunTime:0.0107s ]
SQL: SELECT `industry_name`,`pic`,`industry_id` FROM `fox_industry` WHERE ( industry_pid=0 )  [ RunTime:0.0003s ]
SQL: SELECT `industry_id`,`industry_name` FROM `fox_industry` WHERE ( industry_pid=1 )  [ RunTime:0.0002s ]
SQL: SELECT `industry_id`,`industry_name` FROM `fox_industry` WHERE ( industry_pid=2 )  [ RunTime:0.0002s ]
SQL: SELECT `industry_id`,`industry_name` FROM `fox_industry` WHERE ( industry_pid=8 )  [ RunTime:0.0002s ]
SQL: SHOW COLUMNS FROM `fox_user` [ RunTime:0.0064s ]
SQL: SELECT `user_id` FROM `fox_user` WHERE `username` = 'admin' AND `password` = '21232f297a57a5a743894a0e4a801fc3' LIMIT 1   [ RunTime:0.0004s ]
SQL: SELECT * FROM `fox_user` WHERE `user_id` = 1 LIMIT 1   [ RunTime:0.0003s ]

[ 2016-11-09T14:22:00+08:00 ] 127.0.0.1 /index.php/Home/Index/index.html
INFO: [ app_begin ] --START--
INFO: Run Behavior\ReadHtmlCacheBehavior [ RunTime:0.000768s ]
INFO: [ app_begin ] --END-- [ RunTime:0.001228s ]
SQL: SHOW COLUMNS FROM `fox_industry` [ RunTime:0.0090s ]
SQL: SELECT `industry_name`,`pic`,`industry_id` FROM `fox_industry` WHERE ( industry_pid=0 )  [ RunTime:0.0003s ]
SQL: SELECT `industry_id`,`industry_name` FROM `fox_industry` WHERE ( industry_pid=1 )  [ RunTime:0.0002s ]
SQL: SELECT `industry_id`,`industry_name` FROM `fox_industry` WHERE ( industry_pid=2 )  [ RunTime:0.0002s ]
SQL: SELECT `industry_id`,`industry_name` FROM `fox_industry` WHERE ( industry_pid=8 )  [ RunTime:0.0002s ]
SQL: SHOW COLUMNS FROM `fox_user` [ RunTime:0.0074s ]
SQL: SELECT `user_id` FROM `fox_user` WHERE `username` = 'admin1' AND `password` = '21232f297a57a5a743894a0e4a801fc3' LIMIT 1   [ RunTime:0.0003s ]
SQL: SELECT * FROM `fox_user` WHERE `user_id` = 2 LIMIT 1   [ RunTime:0.0002s ]

[ 2016-11-09T14:22:16+08:00 ] 127.0.0.1 /index.php/Home/Index/index.html
INFO: [ app_begin ] --START--
INFO: Run Behavior\ReadHtmlCacheBehavior [ RunTime:0.000488s ]
INFO: [ app_begin ] --END-- [ RunTime:0.000800s ]
SQL: SHOW COLUMNS FROM `fox_industry` [ RunTime:0.0077s ]
SQL: SELECT `industry_name`,`pic`,`industry_id` FROM `fox_industry` WHERE ( industry_pid=0 )  [ RunTime:0.0003s ]
SQL: SELECT `industry_id`,`industry_name` FROM `fox_industry` WHERE ( industry_pid=1 )  [ RunTime:0.0002s ]
SQL: SELECT `industry_id`,`industry_name` FROM `fox_industry` WHERE ( industry_pid=2 )  [ RunTime:0.0002s ]
SQL: SELECT `industry_id`,`industry_name` FROM `fox_industry` WHERE ( industry_pid=8 )  [ RunTime:0.0002s ]
SQL: SHOW COLUMNS FROM `fox_user` [ RunTime:0.0063s ]
SQL: SELECT `user_id` FROM `fox_user` WHERE `username` = 'admin' AND `password` = '21232f297a57a5a743894a0e4a801fc3' LIMIT 1   [ RunTime:0.0003s ]
SQL: SELECT * FROM `fox_user` WHERE `user_id` = 1 LIMIT 1   [ RunTime:0.0005s ]

[ 2016-11-09T14:22:31+08:00 ] 127.0.0.1 /index.php/Home/task/status/task_pid/2.html
ERR: SQLSTATE[42S22]: Column not found: 1054 Unknown column 'task_pid' in 'where clause'

[ 2016-11-09T14:25:09+08:00 ] 127.0.0.1 /index.php/Home/Index/index.html
INFO: [ app_begin ] --START--
INFO: Run Behavior\ReadHtmlCacheBehavior [ RunTime:0.000514s ]
INFO: [ app_begin ] --END-- [ RunTime:0.000881s ]
SQL: SHOW COLUMNS FROM `fox_industry` [ RunTime:0.0103s ]
SQL: SELECT `industry_name`,`pic`,`industry_id` FROM `fox_industry` WHERE ( industry_pid=0 )  [ RunTime:0.0003s ]
SQL: SELECT `industry_id`,`industry_name` FROM `fox_industry` WHERE ( industry_pid=1 )  [ RunTime:0.0002s ]
SQL: SELECT `industry_id`,`industry_name` FROM `fox_industry` WHERE ( industry_pid=2 )  [ RunTime:0.0002s ]
SQL: SELECT `industry_id`,`industry_name` FROM `fox_industry` WHERE ( industry_pid=8 )  [ RunTime:0.0002s ]
SQL: SHOW COLUMNS FROM `fox_user` [ RunTime:0.0083s ]
SQL: SELECT `user_id` FROM `fox_user` WHERE `username` = 'admin1' AND `password` = '21232f297a57a5a743894a0e4a801fc3' LIMIT 1   [ RunTime:0.0002s ]

[ 2016-11-09T14:25:15+08:00 ] 127.0.0.1 /index.php/Home/Index/index.html
INFO: [ app_begin ] --START--
INFO: Run Behavior\ReadHtmlCacheBehavior [ RunTime:0.000841s ]
INFO: [ app_begin ] --END-- [ RunTime:0.001294s ]
SQL: SHOW COLUMNS FROM `fox_industry` [ RunTime:0.0080s ]
SQL: SELECT `industry_name`,`pic`,`industry_id` FROM `fox_industry` WHERE ( industry_pid=0 )  [ RunTime:0.0002s ]
SQL: SELECT `industry_id`,`industry_name` FROM `fox_industry` WHERE ( industry_pid=1 )  [ RunTime:0.0002s ]
SQL: SELECT `industry_id`,`industry_name` FROM `fox_industry` WHERE ( industry_pid=2 )  [ RunTime:0.0002s ]
SQL: SELECT `industry_id`,`industry_name` FROM `fox_industry` WHERE ( industry_pid=8 )  [ RunTime:0.0001s ]
SQL: SHOW COLUMNS FROM `fox_user` [ RunTime:0.0069s ]
SQL: SELECT `user_id` FROM `fox_user` WHERE `username` = 'admin1' AND `password` = '21232f297a57a5a743894a0e4a801fc3' LIMIT 1   [ RunTime:0.0003s ]
SQL: SELECT * FROM `fox_user` WHERE `user_id` = 2 LIMIT 1   [ RunTime:0.0002s ]

[ 2016-11-09T14:28:20+08:00 ] 127.0.0.1 /index.php/Home/Index/index.html
INFO: [ app_begin ] --START--
INFO: Run Behavior\ReadHtmlCacheBehavior [ RunTime:0.000928s ]
INFO: [ app_begin ] --END-- [ RunTime:0.001552s ]
SQL: SHOW COLUMNS FROM `fox_industry` [ RunTime:0.0137s ]
SQL: SELECT `industry_name`,`pic`,`industry_id` FROM `fox_industry` WHERE ( industry_pid=0 )  [ RunTime:0.0003s ]
SQL: SELECT `industry_id`,`industry_name` FROM `fox_industry` WHERE ( industry_pid=1 )  [ RunTime:0.0002s ]
SQL: SELECT `industry_id`,`industry_name` FROM `fox_industry` WHERE ( industry_pid=2 )  [ RunTime:0.0002s ]
SQL: SELECT `industry_id`,`industry_name` FROM `fox_industry` WHERE ( industry_pid=8 )  [ RunTime:0.0002s ]
SQL: SHOW COLUMNS FROM `fox_user` [ RunTime:0.0083s ]
SQL: SELECT `user_id` FROM `fox_user` WHERE `username` = 'admin1' AND `password` = '21232f297a57a5a743894a0e4a801fc3' LIMIT 1   [ RunTime:0.0003s ]
SQL: SELECT * FROM `fox_user` WHERE `user_id` = 2 LIMIT 1   [ RunTime:0.0002s ]

[ 2016-11-09T14:41:36+08:00 ] 127.0.0.1 /index.php/Home/Index/index.html
INFO: [ app_begin ] --START--
INFO: Run Behavior\ReadHtmlCacheBehavior [ RunTime:0.000740s ]
INFO: [ app_begin ] --END-- [ RunTime:0.001241s ]
SQL: SHOW COLUMNS FROM `fox_industry` [ RunTime:0.0125s ]
SQL: SELECT `industry_name`,`pic`,`industry_id` FROM `fox_industry` WHERE ( industry_pid=0 )  [ RunTime:0.0003s ]
SQL: SELECT `industry_id`,`industry_name` FROM `fox_industry` WHERE ( industry_pid=1 )  [ RunTime:0.0002s ]
SQL: SELECT `industry_id`,`industry_name` FROM `fox_industry` WHERE ( industry_pid=2 )  [ RunTime:0.0002s ]
SQL: SELECT `industry_id`,`industry_name` FROM `fox_industry` WHERE ( industry_pid=8 )  [ RunTime:0.0002s ]
SQL: SHOW COLUMNS FROM `fox_user` [ RunTime:0.0060s ]
SQL: SELECT `user_id` FROM `fox_user` WHERE `username` = 'admin2' AND `password` = '21232f297a57a5a743894a0e4a801fc3' LIMIT 1   [ RunTime:0.0005s ]
SQL: SELECT * FROM `fox_user` WHERE `user_id` = 3 LIMIT 1   [ RunTime:0.0003s ]

[ 2016-11-09T14:47:35+08:00 ] 127.0.0.1 /index.php/Home/Index/index.html
INFO: [ app_begin ] --START--
INFO: Run Behavior\ReadHtmlCacheBehavior [ RunTime:0.000518s ]
INFO: [ app_begin ] --END-- [ RunTime:0.000806s ]
SQL: SHOW COLUMNS FROM `fox_industry` [ RunTime:0.0098s ]
SQL: SELECT `industry_name`,`pic`,`industry_id` FROM `fox_industry` WHERE ( industry_pid=0 )  [ RunTime:0.0004s ]
SQL: SELECT `industry_id`,`industry_name` FROM `fox_industry` WHERE ( industry_pid=1 )  [ RunTime:0.0003s ]
SQL: SELECT `industry_id`,`industry_name` FROM `fox_industry` WHERE ( industry_pid=2 )  [ RunTime:0.0002s ]
SQL: SELECT `industry_id`,`industry_name` FROM `fox_industry` WHERE ( industry_pid=8 )  [ RunTime:0.0002s ]
SQL: SHOW COLUMNS FROM `fox_user` [ RunTime:0.0071s ]
SQL: SELECT `user_id` FROM `fox_user` WHERE `username` = 'admin' AND `password` = '21232f297a57a5a743894a0e4a801fc3' LIMIT 1   [ RunTime:0.0003s ]
SQL: SELECT * FROM `fox_user` WHERE `user_id` = 1 LIMIT 1   [ RunTime:0.0003s ]

[ 2016-11-09T14:55:34+08:00 ] 127.0.0.1 /index.php/Home/task/status/task_pid/11.html
ERR: SQLSTATE[42S22]: Column not found: 1054 Unknown column 'task_pid' in 'where clause'

[ 2016-11-09T15:04:16+08:00 ] 127.0.0.1 /index.php/Home/Index/index.html
INFO: [ app_begin ] --START--
INFO: Run Behavior\ReadHtmlCacheBehavior [ RunTime:0.000568s ]
INFO: [ app_begin ] --END-- [ RunTime:0.000917s ]
SQL: SHOW COLUMNS FROM `fox_industry` [ RunTime:0.0085s ]
SQL: SELECT `industry_name`,`pic`,`industry_id` FROM `fox_industry` WHERE ( industry_pid=0 )  [ RunTime:0.0002s ]
SQL: SELECT `industry_id`,`industry_name` FROM `fox_industry` WHERE ( industry_pid=1 )  [ RunTime:0.0002s ]
SQL: SELECT `industry_id`,`industry_name` FROM `fox_industry` WHERE ( industry_pid=2 )  [ RunTime:0.0002s ]
SQL: SELECT `industry_id`,`industry_name` FROM `fox_industry` WHERE ( industry_pid=8 )  [ RunTime:0.0002s ]
SQL: SHOW COLUMNS FROM `fox_user` [ RunTime:0.0052s ]
SQL: SELECT `user_id` FROM `fox_user` WHERE `username` = 'admin' AND `password` = '21232f297a57a5a743894a0e4a801fc3' LIMIT 1   [ RunTime:0.0004s ]
SQL: SELECT * FROM `fox_user` WHERE `user_id` = 1 LIMIT 1   [ RunTime:0.0004s ]

[ 2016-11-09T15:04:34+08:00 ] 127.0.0.1 /index.php/Home/Index/index.html
INFO: [ app_begin ] --START--
INFO: Run Behavior\ReadHtmlCacheBehavior [ RunTime:0.000582s ]
INFO: [ app_begin ] --END-- [ RunTime:0.001147s ]
SQL: SHOW COLUMNS FROM `fox_industry` [ RunTime:0.0066s ]
SQL: SELECT `industry_name`,`pic`,`industry_id` FROM `fox_industry` WHERE ( industry_pid=0 )  [ RunTime:0.0003s ]
SQL: SELECT `industry_id`,`industry_name` FROM `fox_industry` WHERE ( industry_pid=1 )  [ RunTime:0.0002s ]
SQL: SELECT `industry_id`,`industry_name` FROM `fox_industry` WHERE ( industry_pid=2 )  [ RunTime:0.0002s ]
SQL: SELECT `industry_id`,`industry_name` FROM `fox_industry` WHERE ( industry_pid=8 )  [ RunTime:0.0002s ]
SQL: SHOW COLUMNS FROM `fox_user` [ RunTime:0.0056s ]
SQL: SELECT `user_id` FROM `fox_user` WHERE `username` = 'admin1' AND `password` = '21232f297a57a5a743894a0e4a801fc3' LIMIT 1   [ RunTime:0.0002s ]
SQL: SELECT * FROM `fox_user` WHERE `user_id` = 2 LIMIT 1   [ RunTime:0.0002s ]

[ 2016-11-09T15:05:22+08:00 ] 127.0.0.1 /index.php/Home/Index/index.html
INFO: [ app_begin ] --START--
INFO: Run Behavior\ReadHtmlCacheBehavior [ RunTime:0.000761s ]
INFO: [ app_begin ] --END-- [ RunTime:0.001188s ]
SQL: SHOW COLUMNS FROM `fox_industry` [ RunTime:0.0113s ]
SQL: SELECT `industry_name`,`pic`,`industry_id` FROM `fox_industry` WHERE ( industry_pid=0 )  [ RunTime:0.0005s ]
SQL: SELECT `industry_id`,`industry_name` FROM `fox_industry` WHERE ( industry_pid=1 )  [ RunTime:0.0004s ]
SQL: SELECT `industry_id`,`industry_name` FROM `fox_industry` WHERE ( industry_pid=2 )  [ RunTime:0.0002s ]
SQL: SELECT `industry_id`,`industry_name` FROM `fox_industry` WHERE ( industry_pid=8 )  [ RunTime:0.0002s ]
SQL: SHOW COLUMNS FROM `fox_user` [ RunTime:0.0057s ]
SQL: SELECT `user_id` FROM `fox_user` WHERE `username` = 'admin2' AND `password` = '21232f297a57a5a743894a0e4a801fc3' LIMIT 1   [ RunTime:0.0002s ]

[ 2016-11-09T15:05:37+08:00 ] 127.0.0.1 /index.php/Home/Index/index.html
INFO: [ app_begin ] --START--
INFO: Run Behavior\ReadHtmlCacheBehavior [ RunTime:0.000530s ]
INFO: [ app_begin ] --END-- [ RunTime:0.000846s ]
SQL: SHOW COLUMNS FROM `fox_industry` [ RunTime:0.0116s ]
SQL: SELECT `industry_name`,`pic`,`industry_id` FROM `fox_industry` WHERE ( industry_pid=0 )  [ RunTime:0.0003s ]
SQL: SELECT `industry_id`,`industry_name` FROM `fox_industry` WHERE ( industry_pid=1 )  [ RunTime:0.0002s ]
SQL: SELECT `industry_id`,`industry_name` FROM `fox_industry` WHERE ( industry_pid=2 )  [ RunTime:0.0002s ]
SQL: SELECT `industry_id`,`industry_name` FROM `fox_industry` WHERE ( industry_pid=8 )  [ RunTime:0.0002s ]
SQL: SHOW COLUMNS FROM `fox_user` [ RunTime:0.0054s ]
SQL: SELECT `user_id` FROM `fox_user` WHERE `username` = 'admin2' AND `password` = '21232f297a57a5a743894a0e4a801fc3' LIMIT 1   [ RunTime:0.0002s ]
SQL: SELECT * FROM `fox_user` WHERE `user_id` = 3 LIMIT 1   [ RunTime:0.0003s ]

[ 2016-11-09T15:06:46+08:00 ] 127.0.0.1 /index.php/Home/task/delivery
ERR: 参数错误或者未定义:task_id

[ 2016-11-09T15:10:26+08:00 ] 127.0.0.1 /index.php/Home/Index/index.html
INFO: [ app_begin ] --START--
INFO: Run Behavior\ReadHtmlCacheBehavior [ RunTime:0.000710s ]
INFO: [ app_begin ] --END-- [ RunTime:0.001162s ]
SQL: SHOW COLUMNS FROM `fox_industry` [ RunTime:0.0082s ]
SQL: SELECT `industry_name`,`pic`,`industry_id` FROM `fox_industry` WHERE ( industry_pid=0 )  [ RunTime:0.0002s ]
SQL: SELECT `industry_id`,`industry_name` FROM `fox_industry` WHERE ( industry_pid=1 )  [ RunTime:0.0002s ]
SQL: SELECT `industry_id`,`industry_name` FROM `fox_industry` WHERE ( industry_pid=2 )  [ RunTime:0.0002s ]
SQL: SELECT `industry_id`,`industry_name` FROM `fox_industry` WHERE ( industry_pid=8 )  [ RunTime:0.0001s ]
SQL: SHOW COLUMNS FROM `fox_user` [ RunTime:0.0063s ]
SQL: SELECT `user_id` FROM `fox_user` WHERE `username` = 'admin1' AND `password` = '21232f297a57a5a743894a0e4a801fc3' LIMIT 1   [ RunTime:0.0003s ]
SQL: SELECT * FROM `fox_user` WHERE `user_id` = 2 LIMIT 1   [ RunTime:0.0003s ]

[ 2016-11-09T15:10:51+08:00 ] 127.0.0.1 /index.php/Home/Index/index.html
INFO: [ app_begin ] --START--
INFO: Run Behavior\ReadHtmlCacheBehavior [ RunTime:0.000482s ]
INFO: [ app_begin ] --END-- [ RunTime:0.000773s ]
SQL: SHOW COLUMNS FROM `fox_industry` [ RunTime:0.0074s ]
SQL: SELECT `industry_name`,`pic`,`industry_id` FROM `fox_industry` WHERE ( industry_pid=0 )  [ RunTime:0.0002s ]
SQL: SELECT `industry_id`,`industry_name` FROM `fox_industry` WHERE ( industry_pid=1 )  [ RunTime:0.0002s ]
SQL: SELECT `industry_id`,`industry_name` FROM `fox_industry` WHERE ( industry_pid=2 )  [ RunTime:0.0002s ]
SQL: SELECT `industry_id`,`industry_name` FROM `fox_industry` WHERE ( industry_pid=8 )  [ RunTime:0.0002s ]
SQL: SHOW COLUMNS FROM `fox_user` [ RunTime:0.0069s ]
SQL: SELECT `user_id` FROM `fox_user` WHERE `username` = 'admin' AND `password` = '21232f297a57a5a743894a0e4a801fc3' LIMIT 1   [ RunTime:0.0003s ]

[ 2016-11-09T15:10:58+08:00 ] 127.0.0.1 /index.php/Home/Index/index.html
INFO: [ app_begin ] --START--
INFO: Run Behavior\ReadHtmlCacheBehavior [ RunTime:0.000777s ]
INFO: [ app_begin ] --END-- [ RunTime:0.001329s ]
SQL: SHOW COLUMNS FROM `fox_industry` [ RunTime:0.0077s ]
SQL: SELECT `industry_name`,`pic`,`industry_id` FROM `fox_industry` WHERE ( industry_pid=0 )  [ RunTime:0.0003s ]
SQL: SELECT `industry_id`,`industry_name` FROM `fox_industry` WHERE ( industry_pid=1 )  [ RunTime:0.0002s ]
SQL: SELECT `industry_id`,`industry_name` FROM `fox_industry` WHERE ( industry_pid=2 )  [ RunTime:0.0002s ]
SQL: SELECT `industry_id`,`industry_name` FROM `fox_industry` WHERE ( industry_pid=8 )  [ RunTime:0.0002s ]
SQL: SHOW COLUMNS FROM `fox_user` [ RunTime:0.0065s ]
SQL: SELECT `user_id` FROM `fox_user` WHERE `username` = 'admin' AND `password` = '21232f297a57a5a743894a0e4a801fc3' LIMIT 1   [ RunTime:0.0003s ]

[ 2016-11-09T15:11:06+08:00 ] 127.0.0.1 /index.php/Home/Index/index.html
INFO: [ app_begin ] --START--
INFO: Run Behavior\ReadHtmlCacheBehavior [ RunTime:0.000476s ]
INFO: [ app_begin ] --END-- [ RunTime:0.000778s ]
SQL: SHOW COLUMNS FROM `fox_industry` [ RunTime:0.0331s ]
SQL: SELECT `industry_name`,`pic`,`industry_id` FROM `fox_industry` WHERE ( industry_pid=0 )  [ RunTime:0.0003s ]
SQL: SELECT `industry_id`,`industry_name` FROM `fox_industry` WHERE ( industry_pid=1 )  [ RunTime:0.0002s ]
SQL: SELECT `industry_id`,`industry_name` FROM `fox_industry` WHERE ( industry_pid=2 )  [ RunTime:0.0002s ]
SQL: SELECT `industry_id`,`industry_name` FROM `fox_industry` WHERE ( industry_pid=8 )  [ RunTime:0.0001s ]
SQL: SHOW COLUMNS FROM `fox_user` [ RunTime:0.0054s ]
SQL: SELECT `user_id` FROM `fox_user` WHERE `username` = 'admin' AND `password` = '21232f297a57a5a743894a0e4a801fc3' LIMIT 1   [ RunTime:0.0002s ]
SQL: SELECT * FROM `fox_user` WHERE `user_id` = 1 LIMIT 1   [ RunTime:0.0002s ]

[ 2016-11-09T15:12:52+08:00 ] 127.0.0.1 /index.php/Home/Index/index.html
INFO: [ app_begin ] --START--
INFO: Run Behavior\ReadHtmlCacheBehavior [ RunTime:0.000580s ]
INFO: [ app_begin ] --END-- [ RunTime:0.000975s ]
SQL: SHOW COLUMNS FROM `fox_industry` [ RunTime:0.0072s ]
SQL: SELECT `industry_name`,`pic`,`industry_id` FROM `fox_industry` WHERE ( industry_pid=0 )  [ RunTime:0.0002s ]
SQL: SELECT `industry_id`,`industry_name` FROM `fox_industry` WHERE ( industry_pid=1 )  [ RunTime:0.0002s ]
SQL: SELECT `industry_id`,`industry_name` FROM `fox_industry` WHERE ( industry_pid=2 )  [ RunTime:0.0002s ]
SQL: SELECT `industry_id`,`industry_name` FROM `fox_industry` WHERE ( industry_pid=8 )  [ RunTime:0.0002s ]
SQL: SHOW COLUMNS FROM `fox_user` [ RunTime:0.0052s ]
SQL: SELECT `user_id` FROM `fox_user` WHERE `username` = 'admin1' AND `password` = '21232f297a57a5a743894a0e4a801fc3' LIMIT 1   [ RunTime:0.0002s ]
SQL: SELECT * FROM `fox_user` WHERE `user_id` = 2 LIMIT 1   [ RunTime:0.0002s ]

[ 2016-11-09T15:13:08+08:00 ] 127.0.0.1 /index.php/Home/Index/index.html
INFO: [ app_begin ] --START--
INFO: Run Behavior\ReadHtmlCacheBehavior [ RunTime:0.000411s ]
INFO: [ app_begin ] --END-- [ RunTime:0.000740s ]
SQL: SHOW COLUMNS FROM `fox_industry` [ RunTime:0.0071s ]
SQL: SELECT `industry_name`,`pic`,`industry_id` FROM `fox_industry` WHERE ( industry_pid=0 )  [ RunTime:0.0003s ]
SQL: SELECT `industry_id`,`industry_name` FROM `fox_industry` WHERE ( industry_pid=1 )  [ RunTime:0.0003s ]
SQL: SELECT `industry_id`,`industry_name` FROM `fox_industry` WHERE ( industry_pid=2 )  [ RunTime:0.0002s ]
SQL: SELECT `industry_id`,`industry_name` FROM `fox_industry` WHERE ( industry_pid=8 )  [ RunTime:0.0002s ]
SQL: SHOW COLUMNS FROM `fox_user` [ RunTime:0.0066s ]
SQL: SELECT `user_id` FROM `fox_user` WHERE `username` = 'admin' AND `password` = '21232f297a57a5a743894a0e4a801fc3' LIMIT 1   [ RunTime:0.0002s ]
SQL: SELECT * FROM `fox_user` WHERE `user_id` = 1 LIMIT 1   [ RunTime:0.0002s ]

[ 2016-11-09T15:46:09+08:00 ] 127.0.0.1 /index.php/Home/Index/index.html
INFO: [ app_begin ] --START--
INFO: Run Behavior\ReadHtmlCacheBehavior [ RunTime:0.000461s ]
INFO: [ app_begin ] --END-- [ RunTime:0.000773s ]
SQL: SHOW COLUMNS FROM `fox_industry` [ RunTime:0.0090s ]
SQL: SELECT `industry_name`,`pic`,`industry_id` FROM `fox_industry` WHERE ( industry_pid=0 )  [ RunTime:0.0003s ]
SQL: SELECT `industry_id`,`industry_name` FROM `fox_industry` WHERE ( industry_pid=1 )  [ RunTime:0.0002s ]
SQL: SELECT `industry_id`,`industry_name` FROM `fox_industry` WHERE ( industry_pid=2 )  [ RunTime:0.0002s ]
SQL: SELECT `industry_id`,`industry_name` FROM `fox_industry` WHERE ( industry_pid=8 )  [ RunTime:0.0002s ]
SQL: SHOW COLUMNS FROM `fox_user` [ RunTime:0.0057s ]
SQL: SELECT `user_id` FROM `fox_user` WHERE `username` = 'admin2' AND `password` = '21232f297a57a5a743894a0e4a801fc3' LIMIT 1   [ RunTime:0.0002s ]

[ 2016-11-09T15:46:22+08:00 ] 127.0.0.1 /index.php/Home/Index/index.html
INFO: [ app_begin ] --START--
INFO: Run Behavior\ReadHtmlCacheBehavior [ RunTime:0.000674s ]
INFO: [ app_begin ] --END-- [ RunTime:0.001021s ]
SQL: SHOW COLUMNS FROM `fox_industry` [ RunTime:0.0081s ]
SQL: SELECT `industry_name`,`pic`,`industry_id` FROM `fox_industry` WHERE ( industry_pid=0 )  [ RunTime:0.0003s ]
SQL: SELECT `industry_id`,`industry_name` FROM `fox_industry` WHERE ( industry_pid=1 )  [ RunTime:0.0002s ]
SQL: SELECT `industry_id`,`industry_name` FROM `fox_industry` WHERE ( industry_pid=2 )  [ RunTime:0.0002s ]
SQL: SELECT `industry_id`,`industry_name` FROM `fox_industry` WHERE ( industry_pid=8 )  [ RunTime:0.0001s ]
SQL: SHOW COLUMNS FROM `fox_user` [ RunTime:0.0065s ]
SQL: SELECT `user_id` FROM `fox_user` WHERE `username` = 'admin2' AND `password` = '21232f297a57a5a743894a0e4a801fc3' LIMIT 1   [ RunTime:0.0003s ]
SQL: SELECT * FROM `fox_user` WHERE `user_id` = 3 LIMIT 1   [ RunTime:0.0003s ]

[ 2016-11-09T15:46:56+08:00 ] 127.0.0.1 /index.php/Home/Index/index.html
INFO: [ app_begin ] --START--
INFO: Run Behavior\ReadHtmlCacheBehavior [ RunTime:0.000554s ]
INFO: [ app_begin ] --END-- [ RunTime:0.000906s ]
SQL: SHOW COLUMNS FROM `fox_industry` [ RunTime:0.0090s ]
SQL: SELECT `industry_name`,`pic`,`industry_id` FROM `fox_industry` WHERE ( industry_pid=0 )  [ RunTime:0.0003s ]
SQL: SELECT `industry_id`,`industry_name` FROM `fox_industry` WHERE ( industry_pid=1 )  [ RunTime:0.0002s ]
SQL: SELECT `industry_id`,`industry_name` FROM `fox_industry` WHERE ( industry_pid=2 )  [ RunTime:0.0002s ]
SQL: SELECT `industry_id`,`industry_name` FROM `fox_industry` WHERE ( industry_pid=8 )  [ RunTime:0.0002s ]
SQL: SHOW COLUMNS FROM `fox_user` [ RunTime:0.0053s ]
SQL: SELECT `user_id` FROM `fox_user` WHERE `username` = 'admin' AND `password` = '21232f297a57a5a743894a0e4a801fc3' LIMIT 1   [ RunTime:0.0002s ]
SQL: SELECT * FROM `fox_user` WHERE `user_id` = 1 LIMIT 1   [ RunTime:0.0002s ]

