[ 2016-10-28T09:09:25+08:00 ] 127.0.0.1 /index.php/Home/Index/index.html
INFO: [ app_begin ] --START--
INFO: Run Behavior\ReadHtmlCacheBehavior [ RunTime:0.000389s ]
INFO: [ app_begin ] --END-- [ RunTime:0.000661s ]
SQL: SHOW COLUMNS FROM `fox_user` [ RunTime:0.0032s ]
SQL: SELECT `user_id` FROM `fox_user` WHERE `username` = 'admin' AND `password` = '21232f297a57a5a743894a0e4a801fc3' LIMIT 1   [ RunTime:0.0016s ]
SQL: SELECT `is_activate` FROM `fox_user` WHERE `username` = 'admin' AND `password` = '21232f297a57a5a743894a0e4a801fc3' LIMIT 1   [ RunTime:0.0002s ]
SQL: SELECT * FROM `fox_user` LIMIT 1   [ RunTime:0.0002s ]

[ 2016-10-28T09:09:32+08:00 ] 127.0.0.1 /index.php/Home/User/administration.html?upid=3
INFO: [ app_begin ] --START--
INFO: Run Behavior\ReadHtmlCacheBehavior [ RunTime:0.000610s ]
INFO: [ app_begin ] --END-- [ RunTime:0.001147s ]
SQL: SHOW COLUMNS FROM `fox_user` [ RunTime:0.0038s ]
SQL: SHOW COLUMNS FROM `fox_district` [ RunTime:0.0034s ]
SQL: SELECT * FROM `fox_district` WHERE ( upid=3 )  [ RunTime:0.0004s ]

[ 2016-10-28T09:14:58+08:00 ] 127.0.0.1 /index.php/Home/Index/index.html
INFO: [ app_begin ] --START--
INFO: Run Behavior\ReadHtmlCacheBehavior [ RunTime:0.000392s ]
INFO: [ app_begin ] --END-- [ RunTime:0.000693s ]
SQL: SHOW COLUMNS FROM `fox_user` [ RunTime:0.0027s ]
SQL: SELECT `user_id` FROM `fox_user` WHERE `username` = 'admin' AND `password` = '21232f297a57a5a743894a0e4a801fc3' LIMIT 1   [ RunTime:0.0018s ]
SQL: SELECT `is_activate` FROM `fox_user` WHERE `username` = 'admin' AND `password` = '21232f297a57a5a743894a0e4a801fc3' LIMIT 1   [ RunTime:0.0002s ]
SQL: SELECT * FROM `fox_user` LIMIT 1   [ RunTime:0.0002s ]

[ 2016-10-28T09:15:04+08:00 ] 127.0.0.1 /index.php/Home/User/administration.html?upid=3
INFO: [ app_begin ] --START--
INFO: Run Behavior\ReadHtmlCacheBehavior [ RunTime:0.000397s ]
INFO: [ app_begin ] --END-- [ RunTime:0.000764s ]
SQL: SHOW COLUMNS FROM `fox_user` [ RunTime:0.0023s ]
SQL: SHOW COLUMNS FROM `fox_district` [ RunTime:0.0017s ]
SQL: SELECT * FROM `fox_district` WHERE ( upid=3 )  [ RunTime:0.0003s ]

[ 2016-10-28T10:09:19+08:00 ] 127.0.0.1 /index.php/Home/User/administration.html?upid=3
INFO: [ app_begin ] --START--
INFO: Run Behavior\ReadHtmlCacheBehavior [ RunTime:0.000508s ]
INFO: [ app_begin ] --END-- [ RunTime:0.000796s ]
SQL: SHOW COLUMNS FROM `fox_user` [ RunTime:0.0032s ]
SQL: SHOW COLUMNS FROM `fox_district` [ RunTime:0.0029s ]
SQL: SELECT * FROM `fox_district` WHERE ( upid=3 )  [ RunTime:0.0003s ]

[ 2016-10-28T10:09:20+08:00 ] 127.0.0.1 /index.php/Home/User/administration.html?upid=3
INFO: [ app_begin ] --START--
INFO: Run Behavior\ReadHtmlCacheBehavior [ RunTime:0.000488s ]
INFO: [ app_begin ] --END-- [ RunTime:0.000869s ]
SQL: SHOW COLUMNS FROM `fox_user` [ RunTime:0.0029s ]
SQL: SHOW COLUMNS FROM `fox_district` [ RunTime:0.0024s ]
SQL: SELECT * FROM `fox_district` WHERE ( upid=3 )  [ RunTime:0.0003s ]

[ 2016-10-28T10:09:20+08:00 ] 127.0.0.1 /index.php/Home/User/administration.html?upid=3
INFO: [ app_begin ] --START--
INFO: Run Behavior\ReadHtmlCacheBehavior [ RunTime:0.000607s ]
INFO: [ app_begin ] --END-- [ RunTime:0.000986s ]
SQL: SHOW COLUMNS FROM `fox_user` [ RunTime:0.0047s ]
SQL: SHOW COLUMNS FROM `fox_district` [ RunTime:0.0024s ]
SQL: SELECT * FROM `fox_district` WHERE ( upid=3 )  [ RunTime:0.0003s ]

[ 2016-10-28T10:09:20+08:00 ] 127.0.0.1 /index.php/Home/User/administration.html?upid=3
INFO: [ app_begin ] --START--
INFO: Run Behavior\ReadHtmlCacheBehavior [ RunTime:0.000597s ]
INFO: [ app_begin ] --END-- [ RunTime:0.001003s ]
SQL: SHOW COLUMNS FROM `fox_user` [ RunTime:0.0049s ]
SQL: SHOW COLUMNS FROM `fox_district` [ RunTime:0.0026s ]
SQL: SELECT * FROM `fox_district` WHERE ( upid=3 )  [ RunTime:0.0002s ]

[ 2016-10-28T10:09:20+08:00 ] 127.0.0.1 /index.php/Home/User/administration.html?upid=3
INFO: [ app_begin ] --START--
INFO: Run Behavior\ReadHtmlCacheBehavior [ RunTime:0.000876s ]
INFO: [ app_begin ] --END-- [ RunTime:0.001383s ]
SQL: SHOW COLUMNS FROM `fox_user` [ RunTime:0.0033s ]
SQL: SHOW COLUMNS FROM `fox_district` [ RunTime:0.0026s ]
SQL: SELECT * FROM `fox_district` WHERE ( upid=3 )  [ RunTime:0.0003s ]

[ 2016-10-28T10:21:02+08:00 ] 127.0.0.1 /index.php/Home/pay/doalipay.html?WIDtotal_fee=0.01&pay=1
ERR: 无法加载控制器:Pay

[ 2016-10-28T10:22:54+08:00 ] 127.0.0.1 /index.php/Home/User/administration.html?upid=3
INFO: [ app_begin ] --START--
INFO: Run Behavior\ReadHtmlCacheBehavior [ RunTime:0.000530s ]
INFO: [ app_begin ] --END-- [ RunTime:0.000827s ]
SQL: SHOW COLUMNS FROM `fox_user` [ RunTime:0.0056s ]
SQL: SHOW COLUMNS FROM `fox_district` [ RunTime:0.0024s ]
SQL: SELECT * FROM `fox_district` WHERE ( upid=3 )  [ RunTime:0.0002s ]

[ 2016-10-28T10:22:54+08:00 ] 127.0.0.1 /index.php/Home/User/administration.html?upid=3
INFO: [ app_begin ] --START--
INFO: Run Behavior\ReadHtmlCacheBehavior [ RunTime:0.000685s ]
INFO: [ app_begin ] --END-- [ RunTime:0.001110s ]
SQL: SHOW COLUMNS FROM `fox_user` [ RunTime:0.0046s ]
SQL: SHOW COLUMNS FROM `fox_district` [ RunTime:0.0023s ]
SQL: SELECT * FROM `fox_district` WHERE ( upid=3 )  [ RunTime:0.0002s ]

[ 2016-10-28T10:22:55+08:00 ] 127.0.0.1 /index.php/Home/User/administration.html?upid=3
INFO: [ app_begin ] --START--
INFO: Run Behavior\ReadHtmlCacheBehavior [ RunTime:0.000547s ]
INFO: [ app_begin ] --END-- [ RunTime:0.000878s ]
SQL: SHOW COLUMNS FROM `fox_user` [ RunTime:0.0047s ]
SQL: SHOW COLUMNS FROM `fox_district` [ RunTime:0.0028s ]
SQL: SELECT * FROM `fox_district` WHERE ( upid=3 )  [ RunTime:0.0003s ]

[ 2016-10-28T10:22:55+08:00 ] 127.0.0.1 /index.php/Home/User/administration.html?upid=3
INFO: [ app_begin ] --START--
INFO: Run Behavior\ReadHtmlCacheBehavior [ RunTime:0.000551s ]
INFO: [ app_begin ] --END-- [ RunTime:0.000886s ]
SQL: SHOW COLUMNS FROM `fox_user` [ RunTime:0.0039s ]
SQL: SHOW COLUMNS FROM `fox_district` [ RunTime:0.0024s ]
SQL: SELECT * FROM `fox_district` WHERE ( upid=3 )  [ RunTime:0.0003s ]

[ 2016-10-28T10:23:37+08:00 ] 127.0.0.1 /index.php/Home/User/administration.html?upid=3
INFO: [ app_begin ] --START--
INFO: Run Behavior\ReadHtmlCacheBehavior [ RunTime:0.000565s ]
INFO: [ app_begin ] --END-- [ RunTime:0.000895s ]
SQL: SHOW COLUMNS FROM `fox_user` [ RunTime:0.0052s ]
SQL: SHOW COLUMNS FROM `fox_district` [ RunTime:0.0024s ]
SQL: SELECT * FROM `fox_district` WHERE ( upid=3 )  [ RunTime:0.0003s ]

[ 2016-10-28T10:23:37+08:00 ] 127.0.0.1 /index.php/Home/User/administration.html?upid=3
INFO: [ app_begin ] --START--
INFO: Run Behavior\ReadHtmlCacheBehavior [ RunTime:0.000639s ]
INFO: [ app_begin ] --END-- [ RunTime:0.000939s ]
SQL: SHOW COLUMNS FROM `fox_user` [ RunTime:0.0049s ]
SQL: SHOW COLUMNS FROM `fox_district` [ RunTime:0.0031s ]
SQL: SELECT * FROM `fox_district` WHERE ( upid=3 )  [ RunTime:0.0003s ]

[ 2016-10-28T10:23:37+08:00 ] 127.0.0.1 /index.php/Home/User/administration.html?upid=3
INFO: [ app_begin ] --START--
INFO: Run Behavior\ReadHtmlCacheBehavior [ RunTime:0.000499s ]
INFO: [ app_begin ] --END-- [ RunTime:0.000786s ]
SQL: SHOW COLUMNS FROM `fox_user` [ RunTime:0.0048s ]
SQL: SHOW COLUMNS FROM `fox_district` [ RunTime:0.0023s ]
SQL: SELECT * FROM `fox_district` WHERE ( upid=3 )  [ RunTime:0.0003s ]

[ 2016-10-28T10:23:37+08:00 ] 127.0.0.1 /index.php/Home/User/administration.html?upid=3
INFO: [ app_begin ] --START--
INFO: Run Behavior\ReadHtmlCacheBehavior [ RunTime:0.000646s ]
INFO: [ app_begin ] --END-- [ RunTime:0.001076s ]
SQL: SHOW COLUMNS FROM `fox_user` [ RunTime:0.0050s ]
SQL: SHOW COLUMNS FROM `fox_district` [ RunTime:0.0024s ]
SQL: SELECT * FROM `fox_district` WHERE ( upid=3 )  [ RunTime:0.0003s ]

[ 2016-10-28T10:25:32+08:00 ] 127.0.0.1 /index.php/Home/User/administration.html?upid=3
INFO: [ app_begin ] --START--
INFO: Run Behavior\ReadHtmlCacheBehavior [ RunTime:0.000459s ]
INFO: [ app_begin ] --END-- [ RunTime:0.000764s ]
SQL: SHOW COLUMNS FROM `fox_user` [ RunTime:0.0039s ]
SQL: SHOW COLUMNS FROM `fox_district` [ RunTime:0.0029s ]
SQL: SELECT * FROM `fox_district` WHERE ( upid=3 )  [ RunTime:0.0003s ]

[ 2016-10-28T10:25:32+08:00 ] 127.0.0.1 /index.php/Home/User/administration.html?upid=3
INFO: [ app_begin ] --START--
INFO: Run Behavior\ReadHtmlCacheBehavior [ RunTime:0.000593s ]
INFO: [ app_begin ] --END-- [ RunTime:0.000943s ]
SQL: SHOW COLUMNS FROM `fox_user` [ RunTime:0.0047s ]
SQL: SHOW COLUMNS FROM `fox_district` [ RunTime:0.0025s ]
SQL: SELECT * FROM `fox_district` WHERE ( upid=3 )  [ RunTime:0.0002s ]

[ 2016-10-28T10:25:32+08:00 ] 127.0.0.1 /index.php/Home/User/administration.html?upid=3
INFO: [ app_begin ] --START--
INFO: Run Behavior\ReadHtmlCacheBehavior [ RunTime:0.000575s ]
INFO: [ app_begin ] --END-- [ RunTime:0.000959s ]
SQL: SHOW COLUMNS FROM `fox_user` [ RunTime:0.0043s ]
SQL: SHOW COLUMNS FROM `fox_district` [ RunTime:0.0023s ]
SQL: SELECT * FROM `fox_district` WHERE ( upid=3 )  [ RunTime:0.0003s ]

[ 2016-10-28T10:25:32+08:00 ] 127.0.0.1 /index.php/Home/User/administration.html?upid=3
INFO: [ app_begin ] --START--
INFO: Run Behavior\ReadHtmlCacheBehavior [ RunTime:0.000524s ]
INFO: [ app_begin ] --END-- [ RunTime:0.000863s ]
SQL: SHOW COLUMNS FROM `fox_user` [ RunTime:0.0044s ]
SQL: SHOW COLUMNS FROM `fox_district` [ RunTime:0.0025s ]
SQL: SELECT * FROM `fox_district` WHERE ( upid=3 )  [ RunTime:0.0003s ]

[ 2016-10-28T10:28:20+08:00 ] 127.0.0.1 /index.php/Home/User/administration.html?upid=3
INFO: [ app_begin ] --START--
INFO: Run Behavior\ReadHtmlCacheBehavior [ RunTime:0.000632s ]
INFO: [ app_begin ] --END-- [ RunTime:0.001051s ]
SQL: SHOW COLUMNS FROM `fox_user` [ RunTime:0.0030s ]
SQL: SHOW COLUMNS FROM `fox_district` [ RunTime:0.0033s ]
SQL: SELECT * FROM `fox_district` WHERE ( upid=3 )  [ RunTime:0.0003s ]

[ 2016-10-28T10:32:11+08:00 ] 127.0.0.1 /index.php/Home/User/administration.html?upid=3
INFO: [ app_begin ] --START--
INFO: Run Behavior\ReadHtmlCacheBehavior [ RunTime:0.000488s ]
INFO: [ app_begin ] --END-- [ RunTime:0.000863s ]
SQL: SHOW COLUMNS FROM `fox_user` [ RunTime:0.0052s ]
SQL: SHOW COLUMNS FROM `fox_district` [ RunTime:0.0023s ]
SQL: SELECT * FROM `fox_district` WHERE ( upid=3 )  [ RunTime:0.0003s ]

[ 2016-10-28T10:32:11+08:00 ] 127.0.0.1 /index.php/Home/User/administration.html?upid=3
INFO: [ app_begin ] --START--
INFO: Run Behavior\ReadHtmlCacheBehavior [ RunTime:0.000784s ]
INFO: [ app_begin ] --END-- [ RunTime:0.001349s ]
SQL: SHOW COLUMNS FROM `fox_user` [ RunTime:0.0047s ]
SQL: SHOW COLUMNS FROM `fox_district` [ RunTime:0.0025s ]
SQL: SELECT * FROM `fox_district` WHERE ( upid=3 )  [ RunTime:0.0003s ]

[ 2016-10-28T10:32:11+08:00 ] 127.0.0.1 /index.php/Home/User/administration.html?upid=3
INFO: [ app_begin ] --START--
INFO: Run Behavior\ReadHtmlCacheBehavior [ RunTime:0.000519s ]
INFO: [ app_begin ] --END-- [ RunTime:0.000899s ]
SQL: SHOW COLUMNS FROM `fox_user` [ RunTime:0.0316s ]
SQL: SHOW COLUMNS FROM `fox_district` [ RunTime:0.0081s ]
SQL: SELECT * FROM `fox_district` WHERE ( upid=3 )  [ RunTime:0.0003s ]

[ 2016-10-28T10:32:11+08:00 ] 127.0.0.1 /index.php/Home/User/administration.html?upid=3
INFO: [ app_begin ] --START--
INFO: Run Behavior\ReadHtmlCacheBehavior [ RunTime:0.000537s ]
INFO: [ app_begin ] --END-- [ RunTime:0.000981s ]
SQL: SHOW COLUMNS FROM `fox_user` [ RunTime:0.0042s ]
SQL: SHOW COLUMNS FROM `fox_district` [ RunTime:0.0022s ]
SQL: SELECT * FROM `fox_district` WHERE ( upid=3 )  [ RunTime:0.0003s ]

[ 2016-10-28T10:32:12+08:00 ] 127.0.0.1 /index.php/Home/User/administration.html?upid=3
INFO: [ app_begin ] --START--
INFO: Run Behavior\ReadHtmlCacheBehavior [ RunTime:0.000588s ]
INFO: [ app_begin ] --END-- [ RunTime:0.000946s ]
SQL: SHOW COLUMNS FROM `fox_user` [ RunTime:0.0043s ]
SQL: SHOW COLUMNS FROM `fox_district` [ RunTime:0.0024s ]
SQL: SELECT * FROM `fox_district` WHERE ( upid=3 )  [ RunTime:0.0002s ]

[ 2016-10-28T11:01:29+08:00 ] 127.0.0.1 /index.php/Home/User/administration.html?upid=3
INFO: [ app_begin ] --START--
INFO: Run Behavior\ReadHtmlCacheBehavior [ RunTime:0.000702s ]
INFO: [ app_begin ] --END-- [ RunTime:0.001192s ]
SQL: SHOW COLUMNS FROM `fox_user` [ RunTime:0.0058s ]
SQL: SHOW COLUMNS FROM `fox_district` [ RunTime:0.0031s ]
SQL: SELECT * FROM `fox_district` WHERE ( upid=3 )  [ RunTime:0.0003s ]

[ 2016-10-28T14:23:11+08:00 ] 127.0.0.1 /index.php/Home/User/administration.html?upid=3
INFO: [ app_begin ] --START--
INFO: Run Behavior\ReadHtmlCacheBehavior [ RunTime:0.000846s ]
INFO: [ app_begin ] --END-- [ RunTime:0.001458s ]
SQL: SHOW COLUMNS FROM `fox_user` [ RunTime:0.0039s ]
SQL: SHOW COLUMNS FROM `fox_district` [ RunTime:0.0036s ]
SQL: SELECT * FROM `fox_district` WHERE ( upid=3 )  [ RunTime:0.0006s ]

[ 2016-10-28T14:23:17+08:00 ] 127.0.0.1 /index.php/Home/pay/test.html
ERR: SQLSTATE[42S02]: Base table or view not found: 1146 Table 'fox.fox_order_charge' doesn't exist

[ 2016-10-28T14:37:27+08:00 ] 127.0.0.1 /index.php/Home/pay/test.html
ERR: 非法操作:test

[ 2016-10-28T14:37:30+08:00 ] 127.0.0.1 /index.php/Home/User/administration.html?upid=3
INFO: [ app_begin ] --START--
INFO: Run Behavior\ReadHtmlCacheBehavior [ RunTime:0.000735s ]
INFO: [ app_begin ] --END-- [ RunTime:0.001226s ]
SQL: SHOW COLUMNS FROM `fox_user` [ RunTime:0.0048s ]
SQL: SHOW COLUMNS FROM `fox_district` [ RunTime:0.0026s ]
SQL: SELECT * FROM `fox_district` WHERE ( upid=3 )  [ RunTime:0.0003s ]

[ 2016-10-28T14:37:31+08:00 ] 127.0.0.1 /index.php/Home/User/administration.html?upid=3
INFO: [ app_begin ] --START--
INFO: Run Behavior\ReadHtmlCacheBehavior [ RunTime:0.000588s ]
INFO: [ app_begin ] --END-- [ RunTime:0.000919s ]
SQL: SHOW COLUMNS FROM `fox_user` [ RunTime:0.0233s ]
SQL: SHOW COLUMNS FROM `fox_district` [ RunTime:0.0049s ]
SQL: SELECT * FROM `fox_district` WHERE ( upid=3 )  [ RunTime:0.0003s ]

[ 2016-10-28T14:37:31+08:00 ] 127.0.0.1 /index.php/Home/User/administration.html?upid=3
INFO: [ app_begin ] --START--
INFO: Run Behavior\ReadHtmlCacheBehavior [ RunTime:0.000585s ]
INFO: [ app_begin ] --END-- [ RunTime:0.000980s ]
SQL: SHOW COLUMNS FROM `fox_user` [ RunTime:0.0031s ]
SQL: SHOW COLUMNS FROM `fox_district` [ RunTime:0.0026s ]
SQL: SELECT * FROM `fox_district` WHERE ( upid=3 )  [ RunTime:0.0002s ]

[ 2016-10-28T14:37:31+08:00 ] 127.0.0.1 /index.php/Home/User/administration.html?upid=3
INFO: [ app_begin ] --START--
INFO: Run Behavior\ReadHtmlCacheBehavior [ RunTime:0.000535s ]
INFO: [ app_begin ] --END-- [ RunTime:0.000807s ]
SQL: SHOW COLUMNS FROM `fox_user` [ RunTime:0.0043s ]
SQL: SHOW COLUMNS FROM `fox_district` [ RunTime:0.0027s ]
SQL: SELECT * FROM `fox_district` WHERE ( upid=3 )  [ RunTime:0.0003s ]

[ 2016-10-28T14:37:31+08:00 ] 127.0.0.1 /index.php/Home/User/administration.html?upid=3
INFO: [ app_begin ] --START--
INFO: Run Behavior\ReadHtmlCacheBehavior [ RunTime:0.000467s ]
INFO: [ app_begin ] --END-- [ RunTime:0.000835s ]
SQL: SHOW COLUMNS FROM `fox_user` [ RunTime:0.0053s ]
SQL: SHOW COLUMNS FROM `fox_district` [ RunTime:0.0038s ]
SQL: SELECT * FROM `fox_district` WHERE ( upid=3 )  [ RunTime:0.0004s ]

[ 2016-10-28T14:37:35+08:00 ] 127.0.0.1 /index.php/Home/User/administration.html?upid=3
INFO: [ app_begin ] --START--
INFO: Run Behavior\ReadHtmlCacheBehavior [ RunTime:0.000790s ]
INFO: [ app_begin ] --END-- [ RunTime:0.001235s ]
SQL: SHOW COLUMNS FROM `fox_user` [ RunTime:0.0062s ]
SQL: SHOW COLUMNS FROM `fox_district` [ RunTime:0.0041s ]
SQL: SELECT * FROM `fox_district` WHERE ( upid=3 )  [ RunTime:0.0004s ]

[ 2016-10-28T14:43:39+08:00 ] 127.0.0.1 /index.php/Home/User/administration.html?upid=3
INFO: [ app_begin ] --START--
INFO: Run Behavior\ReadHtmlCacheBehavior [ RunTime:0.000510s ]
INFO: [ app_begin ] --END-- [ RunTime:0.000832s ]
SQL: SHOW COLUMNS FROM `fox_user` [ RunTime:0.0042s ]
SQL: SHOW COLUMNS FROM `fox_district` [ RunTime:0.0028s ]
SQL: SELECT * FROM `fox_district` WHERE ( upid=3 )  [ RunTime:0.0003s ]

[ 2016-10-28T14:43:50+08:00 ] 127.0.0.1 /index.php/Home/User/administration.html?upid=3
INFO: [ app_begin ] --START--
INFO: Run Behavior\ReadHtmlCacheBehavior [ RunTime:0.000824s ]
INFO: [ app_begin ] --END-- [ RunTime:0.001299s ]
SQL: SHOW COLUMNS FROM `fox_user` [ RunTime:0.0058s ]
SQL: SHOW COLUMNS FROM `fox_district` [ RunTime:0.0037s ]
SQL: SELECT * FROM `fox_district` WHERE ( upid=3 )  [ RunTime:0.0003s ]

[ 2016-10-28T14:46:40+08:00 ] 127.0.0.1 /index.php/Home/User/administration.html?upid=3
INFO: [ app_begin ] --START--
INFO: Run Behavior\ReadHtmlCacheBehavior [ RunTime:0.000534s ]
INFO: [ app_begin ] --END-- [ RunTime:0.000921s ]
SQL: SHOW COLUMNS FROM `fox_user` [ RunTime:0.0064s ]
SQL: SHOW COLUMNS FROM `fox_district` [ RunTime:0.0035s ]
SQL: SELECT * FROM `fox_district` WHERE ( upid=3 )  [ RunTime:0.0003s ]

[ 2016-10-28T14:50:53+08:00 ] 127.0.0.1 /index.php/Home/User/administration.html?upid=3
INFO: [ app_begin ] --START--
INFO: Run Behavior\ReadHtmlCacheBehavior [ RunTime:0.000724s ]
INFO: [ app_begin ] --END-- [ RunTime:0.001215s ]
SQL: SHOW COLUMNS FROM `fox_user` [ RunTime:0.0034s ]
SQL: SHOW COLUMNS FROM `fox_district` [ RunTime:0.0034s ]
SQL: SELECT * FROM `fox_district` WHERE ( upid=3 )  [ RunTime:0.0006s ]

[ 2016-10-28T14:55:22+08:00 ] 127.0.0.1 /index.php/Home/Index/index.html
INFO: [ app_begin ] --START--
INFO: Run Behavior\ReadHtmlCacheBehavior [ RunTime:0.000728s ]
INFO: [ app_begin ] --END-- [ RunTime:0.001113s ]
SQL: SHOW COLUMNS FROM `fox_user` [ RunTime:0.0053s ]
SQL: SELECT `user_id` FROM `fox_user` WHERE `username` = 'admin' AND `password` = '21232f297a57a5a743894a0e4a801fc3' LIMIT 1   [ RunTime:0.0003s ]
SQL: SELECT `is_activate` FROM `fox_user` WHERE `username` = 'admin' AND `password` = '21232f297a57a5a743894a0e4a801fc3' LIMIT 1   [ RunTime:0.0002s ]

[ 2016-10-28T14:55:30+08:00 ] 127.0.0.1 /index.php/Home/Index/index.html
INFO: [ app_begin ] --START--
INFO: Run Behavior\ReadHtmlCacheBehavior [ RunTime:0.000529s ]
INFO: [ app_begin ] --END-- [ RunTime:0.000836s ]
SQL: SHOW COLUMNS FROM `fox_user` [ RunTime:0.0318s ]
SQL: SELECT `user_id` FROM `fox_user` WHERE `username` = 'admin' AND `password` = '21232f297a57a5a743894a0e4a801fc3' LIMIT 1   [ RunTime:0.0002s ]
SQL: SELECT `is_activate` FROM `fox_user` WHERE `username` = 'admin' AND `password` = '21232f297a57a5a743894a0e4a801fc3' LIMIT 1   [ RunTime:0.0002s ]
SQL: SELECT * FROM `fox_user` LIMIT 1   [ RunTime:0.0002s ]

[ 2016-10-28T14:55:36+08:00 ] 127.0.0.1 /index.php/Home/User/administration.html?upid=3
INFO: [ app_begin ] --START--
INFO: Run Behavior\ReadHtmlCacheBehavior [ RunTime:0.000493s ]
INFO: [ app_begin ] --END-- [ RunTime:0.000870s ]
SQL: SHOW COLUMNS FROM `fox_user` [ RunTime:0.0029s ]
SQL: SHOW COLUMNS FROM `fox_district` [ RunTime:0.0024s ]
SQL: SELECT * FROM `fox_district` WHERE ( upid=3 )  [ RunTime:0.0003s ]

[ 2016-10-28T15:01:05+08:00 ] 127.0.0.1 /index.php/Home/User/administration.html?upid=3
INFO: [ app_begin ] --START--
INFO: Run Behavior\ReadHtmlCacheBehavior [ RunTime:0.000546s ]
INFO: [ app_begin ] --END-- [ RunTime:0.000833s ]
SQL: SHOW COLUMNS FROM `fox_user` [ RunTime:0.0068s ]
SQL: SHOW COLUMNS FROM `fox_district` [ RunTime:0.0050s ]
SQL: SELECT * FROM `fox_district` WHERE ( upid=3 )  [ RunTime:0.0004s ]

[ 2016-10-28T15:01:33+08:00 ] 127.0.0.1 /index.php/Home/User/administration.html?upid=3
INFO: [ app_begin ] --START--
INFO: Run Behavior\ReadHtmlCacheBehavior [ RunTime:0.000522s ]
INFO: [ app_begin ] --END-- [ RunTime:0.000924s ]
SQL: SHOW COLUMNS FROM `fox_user` [ RunTime:0.0037s ]
SQL: SHOW COLUMNS FROM `fox_district` [ RunTime:0.0024s ]
SQL: SELECT * FROM `fox_district` WHERE ( upid=3 )  [ RunTime:0.0003s ]

[ 2016-10-28T15:32:47+08:00 ] 127.0.0.1 /index.php/Home/User/administration.html?upid=3
INFO: [ app_begin ] --START--
INFO: Run Behavior\ReadHtmlCacheBehavior [ RunTime:0.000419s ]
INFO: [ app_begin ] --END-- [ RunTime:0.000695s ]
SQL: SHOW COLUMNS FROM `fox_user` [ RunTime:0.0066s ]
SQL: SHOW COLUMNS FROM `fox_district` [ RunTime:0.0036s ]
SQL: SELECT * FROM `fox_district` WHERE ( upid=3 )  [ RunTime:0.0004s ]

[ 2016-10-28T15:33:56+08:00 ] 127.0.0.1 /index.php/Home/User/administration.html?upid=3
INFO: [ app_begin ] --START--
INFO: Run Behavior\ReadHtmlCacheBehavior [ RunTime:0.000633s ]
INFO: [ app_begin ] --END-- [ RunTime:0.000975s ]
SQL: SHOW COLUMNS FROM `fox_user` [ RunTime:0.0029s ]
SQL: SHOW COLUMNS FROM `fox_district` [ RunTime:0.0026s ]
SQL: SELECT * FROM `fox_district` WHERE ( upid=3 )  [ RunTime:0.0003s ]

[ 2016-10-28T15:33:57+08:00 ] 127.0.0.1 /index.php/Home/User/administration.html?upid=3
INFO: [ app_begin ] --START--
INFO: Run Behavior\ReadHtmlCacheBehavior [ RunTime:0.000556s ]
INFO: [ app_begin ] --END-- [ RunTime:0.000895s ]
SQL: SHOW COLUMNS FROM `fox_user` [ RunTime:0.0028s ]
SQL: SHOW COLUMNS FROM `fox_district` [ RunTime:0.0029s ]
SQL: SELECT * FROM `fox_district` WHERE ( upid=3 )  [ RunTime:0.0003s ]

[ 2016-10-28T15:33:57+08:00 ] 127.0.0.1 /index.php/Home/User/administration.html?upid=3
INFO: [ app_begin ] --START--
INFO: Run Behavior\ReadHtmlCacheBehavior [ RunTime:0.000455s ]
INFO: [ app_begin ] --END-- [ RunTime:0.000772s ]
SQL: SHOW COLUMNS FROM `fox_user` [ RunTime:0.0030s ]
SQL: SHOW COLUMNS FROM `fox_district` [ RunTime:0.0024s ]
SQL: SELECT * FROM `fox_district` WHERE ( upid=3 )  [ RunTime:0.0002s ]

[ 2016-10-28T15:33:57+08:00 ] 127.0.0.1 /index.php/Home/User/administration.html?upid=3
INFO: [ app_begin ] --START--
INFO: Run Behavior\ReadHtmlCacheBehavior [ RunTime:0.000532s ]
INFO: [ app_begin ] --END-- [ RunTime:0.000897s ]
SQL: SHOW COLUMNS FROM `fox_user` [ RunTime:0.0027s ]
SQL: SHOW COLUMNS FROM `fox_district` [ RunTime:0.0025s ]
SQL: SELECT * FROM `fox_district` WHERE ( upid=3 )  [ RunTime:0.0003s ]

[ 2016-10-28T15:35:05+08:00 ] 127.0.0.1 /index.php/Home/User/administration.html?upid=3
INFO: [ app_begin ] --START--
INFO: Run Behavior\ReadHtmlCacheBehavior [ RunTime:0.000630s ]
INFO: [ app_begin ] --END-- [ RunTime:0.001033s ]
SQL: SHOW COLUMNS FROM `fox_user` [ RunTime:0.0033s ]
SQL: SHOW COLUMNS FROM `fox_district` [ RunTime:0.0030s ]
SQL: SELECT * FROM `fox_district` WHERE ( upid=3 )  [ RunTime:0.0003s ]

[ 2016-10-28T15:35:05+08:00 ] 127.0.0.1 /index.php/Home/User/administration.html?upid=3
INFO: [ app_begin ] --START--
INFO: Run Behavior\ReadHtmlCacheBehavior [ RunTime:0.000605s ]
INFO: [ app_begin ] --END-- [ RunTime:0.000926s ]
SQL: SHOW COLUMNS FROM `fox_user` [ RunTime:0.0049s ]
SQL: SHOW COLUMNS FROM `fox_district` [ RunTime:0.0028s ]
SQL: SELECT * FROM `fox_district` WHERE ( upid=3 )  [ RunTime:0.0003s ]

[ 2016-10-28T15:35:05+08:00 ] 127.0.0.1 /index.php/Home/User/administration.html?upid=3
INFO: [ app_begin ] --START--
INFO: Run Behavior\ReadHtmlCacheBehavior [ RunTime:0.000403s ]
INFO: [ app_begin ] --END-- [ RunTime:0.000690s ]
SQL: SHOW COLUMNS FROM `fox_user` [ RunTime:0.0044s ]
SQL: SHOW COLUMNS FROM `fox_district` [ RunTime:0.0025s ]
SQL: SELECT * FROM `fox_district` WHERE ( upid=3 )  [ RunTime:0.0003s ]

[ 2016-10-28T15:35:05+08:00 ] 127.0.0.1 /index.php/Home/User/administration.html?upid=3
INFO: [ app_begin ] --START--
INFO: Run Behavior\ReadHtmlCacheBehavior [ RunTime:0.000518s ]
INFO: [ app_begin ] --END-- [ RunTime:0.000848s ]
SQL: SHOW COLUMNS FROM `fox_user` [ RunTime:0.0047s ]
SQL: SHOW COLUMNS FROM `fox_district` [ RunTime:0.0024s ]
SQL: SELECT * FROM `fox_district` WHERE ( upid=3 )  [ RunTime:0.0003s ]

[ 2016-10-28T15:35:05+08:00 ] 127.0.0.1 /index.php/Home/User/administration.html?upid=3
INFO: [ app_begin ] --START--
INFO: Run Behavior\ReadHtmlCacheBehavior [ RunTime:0.000503s ]
INFO: [ app_begin ] --END-- [ RunTime:0.000839s ]
SQL: SHOW COLUMNS FROM `fox_user` [ RunTime:0.0053s ]
SQL: SHOW COLUMNS FROM `fox_district` [ RunTime:0.0026s ]
SQL: SELECT * FROM `fox_district` WHERE ( upid=3 )  [ RunTime:0.0003s ]

[ 2016-10-28T15:35:29+08:00 ] 127.0.0.1 /index.php/Home/Authentication/realname.html
ERR: SQLSTATE[42S02]: Base table or view not found: 1146 Table 'fox.fox_auth_realname' doesn't exist

[ 2016-10-28T15:36:45+08:00 ] 127.0.0.1 /index.php/Home/User/administration.html?upid=3
INFO: [ app_begin ] --START--
INFO: Run Behavior\ReadHtmlCacheBehavior [ RunTime:0.000685s ]
INFO: [ app_begin ] --END-- [ RunTime:0.001093s ]
SQL: SHOW COLUMNS FROM `fox_user` [ RunTime:0.0058s ]
SQL: SHOW COLUMNS FROM `fox_district` [ RunTime:0.0036s ]
SQL: SELECT * FROM `fox_district` WHERE ( upid=3 )  [ RunTime:0.0005s ]

[ 2016-10-28T15:48:02+08:00 ] 127.0.0.1 /index.php/Home/User/administration.html?upid=3
INFO: [ app_begin ] --START--
INFO: Run Behavior\ReadHtmlCacheBehavior [ RunTime:0.000493s ]
INFO: [ app_begin ] --END-- [ RunTime:0.000846s ]
SQL: SHOW COLUMNS FROM `fox_user` [ RunTime:0.0042s ]
SQL: SHOW COLUMNS FROM `fox_district` [ RunTime:0.0030s ]
SQL: SELECT * FROM `fox_district` WHERE ( upid=3 )  [ RunTime:0.0003s ]

[ 2016-10-28T15:50:16+08:00 ] 127.0.0.1 /index.php/Home/User/administration.html?upid=3
INFO: [ app_begin ] --START--
INFO: Run Behavior\ReadHtmlCacheBehavior [ RunTime:0.000698s ]
INFO: [ app_begin ] --END-- [ RunTime:0.001252s ]
SQL: SHOW COLUMNS FROM `fox_user` [ RunTime:0.0034s ]
SQL: SHOW COLUMNS FROM `fox_district` [ RunTime:0.0033s ]
SQL: SELECT * FROM `fox_district` WHERE ( upid=3 )  [ RunTime:0.0003s ]

[ 2016-10-28T15:50:16+08:00 ] 127.0.0.1 /index.php/Home/User/administration.html?upid=3
INFO: [ app_begin ] --START--
INFO: Run Behavior\ReadHtmlCacheBehavior [ RunTime:0.000516s ]
INFO: [ app_begin ] --END-- [ RunTime:0.000844s ]
SQL: SHOW COLUMNS FROM `fox_user` [ RunTime:0.0040s ]
SQL: SHOW COLUMNS FROM `fox_district` [ RunTime:0.0026s ]
SQL: SELECT * FROM `fox_district` WHERE ( upid=3 )  [ RunTime:0.0003s ]

[ 2016-10-28T15:50:16+08:00 ] 127.0.0.1 /index.php/Home/User/administration.html?upid=3
INFO: [ app_begin ] --START--
INFO: Run Behavior\ReadHtmlCacheBehavior [ RunTime:0.000487s ]
INFO: [ app_begin ] --END-- [ RunTime:0.000759s ]
SQL: SHOW COLUMNS FROM `fox_user` [ RunTime:0.0029s ]
SQL: SHOW COLUMNS FROM `fox_district` [ RunTime:0.0028s ]
SQL: SELECT * FROM `fox_district` WHERE ( upid=3 )  [ RunTime:0.0003s ]

[ 2016-10-28T15:50:17+08:00 ] 127.0.0.1 /index.php/Home/User/administration.html?upid=3
INFO: [ app_begin ] --START--
INFO: Run Behavior\ReadHtmlCacheBehavior [ RunTime:0.000458s ]
INFO: [ app_begin ] --END-- [ RunTime:0.000772s ]
SQL: SHOW COLUMNS FROM `fox_user` [ RunTime:0.0043s ]
SQL: SHOW COLUMNS FROM `fox_district` [ RunTime:0.0027s ]
SQL: SELECT * FROM `fox_district` WHERE ( upid=3 )  [ RunTime:0.0003s ]

[ 2016-10-28T15:50:17+08:00 ] 127.0.0.1 /index.php/Home/User/administration.html?upid=3
INFO: [ app_begin ] --START--
INFO: Run Behavior\ReadHtmlCacheBehavior [ RunTime:0.000559s ]
INFO: [ app_begin ] --END-- [ RunTime:0.000908s ]
SQL: SHOW COLUMNS FROM `fox_user` [ RunTime:0.0049s ]
SQL: SHOW COLUMNS FROM `fox_district` [ RunTime:0.0027s ]
SQL: SELECT * FROM `fox_district` WHERE ( upid=3 )  [ RunTime:0.0003s ]

[ 2016-10-28T15:50:17+08:00 ] 127.0.0.1 /index.php/Home/User/administration.html?upid=3
INFO: [ app_begin ] --START--
INFO: Run Behavior\ReadHtmlCacheBehavior [ RunTime:0.000498s ]
INFO: [ app_begin ] --END-- [ RunTime:0.000786s ]
SQL: SHOW COLUMNS FROM `fox_user` [ RunTime:0.0057s ]
SQL: SHOW COLUMNS FROM `fox_district` [ RunTime:0.0026s ]
SQL: SELECT * FROM `fox_district` WHERE ( upid=3 )  [ RunTime:0.0003s ]

[ 2016-10-28T15:50:42+08:00 ] 127.0.0.1 /index.php/Home/user/index.html
ERR: 非法操作:index

[ 2016-10-28T15:51:00+08:00 ] 127.0.0.1 /index.php/Home/User/administration.html?upid=3
INFO: [ app_begin ] --START--
INFO: Run Behavior\ReadHtmlCacheBehavior [ RunTime:0.000799s ]
INFO: [ app_begin ] --END-- [ RunTime:0.001222s ]
SQL: SHOW COLUMNS FROM `fox_user` [ RunTime:0.0056s ]
SQL: SHOW COLUMNS FROM `fox_district` [ RunTime:0.0024s ]
SQL: SELECT * FROM `fox_district` WHERE ( upid=3 )  [ RunTime:0.0002s ]

[ 2016-10-28T15:51:05+08:00 ] 127.0.0.1 /index.php/Home/user/index.html
ERR: 非法操作:index

[ 2016-10-28T15:51:15+08:00 ] 127.0.0.1 /index.php/Home/User/administration.html?upid=3
INFO: [ app_begin ] --START--
INFO: Run Behavior\ReadHtmlCacheBehavior [ RunTime:0.000541s ]
INFO: [ app_begin ] --END-- [ RunTime:0.000927s ]
SQL: SHOW COLUMNS FROM `fox_user` [ RunTime:0.0058s ]
SQL: SHOW COLUMNS FROM `fox_district` [ RunTime:0.0025s ]
SQL: SELECT * FROM `fox_district` WHERE ( upid=3 )  [ RunTime:0.0002s ]

[ 2016-10-28T15:52:24+08:00 ] 127.0.0.1 /index.php/Home/User/administration.html?upid=3
INFO: [ app_begin ] --START--
INFO: Run Behavior\ReadHtmlCacheBehavior [ RunTime:0.000430s ]
INFO: [ app_begin ] --END-- [ RunTime:0.000765s ]
SQL: SHOW COLUMNS FROM `fox_user` [ RunTime:0.0046s ]
SQL: SHOW COLUMNS FROM `fox_district` [ RunTime:0.0030s ]
SQL: SELECT * FROM `fox_district` WHERE ( upid=3 )  [ RunTime:0.0005s ]

[ 2016-10-28T16:05:27+08:00 ] 127.0.0.1 /index.php/Home/User/administration.html?upid=3
INFO: [ app_begin ] --START--
INFO: Run Behavior\ReadHtmlCacheBehavior [ RunTime:0.000523s ]
INFO: [ app_begin ] --END-- [ RunTime:0.000808s ]
SQL: SHOW COLUMNS FROM `fox_user` [ RunTime:0.0043s ]
SQL: SHOW COLUMNS FROM `fox_district` [ RunTime:0.0032s ]
SQL: SELECT * FROM `fox_district` WHERE ( upid=3 )  [ RunTime:0.0004s ]

[ 2016-10-28T16:05:27+08:00 ] 127.0.0.1 /index.php/Home/User/administration.html?upid=3
INFO: [ app_begin ] --START--
INFO: Run Behavior\ReadHtmlCacheBehavior [ RunTime:0.000587s ]
INFO: [ app_begin ] --END-- [ RunTime:0.000978s ]
SQL: SHOW COLUMNS FROM `fox_user` [ RunTime:0.0059s ]
SQL: SHOW COLUMNS FROM `fox_district` [ RunTime:0.0033s ]
SQL: SELECT * FROM `fox_district` WHERE ( upid=3 )  [ RunTime:0.0003s ]

[ 2016-10-28T16:05:27+08:00 ] 127.0.0.1 /index.php/Home/User/administration.html?upid=3
INFO: [ app_begin ] --START--
INFO: Run Behavior\ReadHtmlCacheBehavior [ RunTime:0.000498s ]
INFO: [ app_begin ] --END-- [ RunTime:0.000798s ]
SQL: SHOW COLUMNS FROM `fox_user` [ RunTime:0.0041s ]
SQL: SHOW COLUMNS FROM `fox_district` [ RunTime:0.0024s ]
SQL: SELECT * FROM `fox_district` WHERE ( upid=3 )  [ RunTime:0.0003s ]

[ 2016-10-28T16:05:27+08:00 ] 127.0.0.1 /index.php/Home/User/administration.html?upid=3
INFO: [ app_begin ] --START--
INFO: Run Behavior\ReadHtmlCacheBehavior [ RunTime:0.000498s ]
INFO: [ app_begin ] --END-- [ RunTime:0.000972s ]
SQL: SHOW COLUMNS FROM `fox_user` [ RunTime:0.0047s ]
SQL: SHOW COLUMNS FROM `fox_district` [ RunTime:0.0024s ]
SQL: SELECT * FROM `fox_district` WHERE ( upid=3 )  [ RunTime:0.0002s ]

[ 2016-10-28T16:06:12+08:00 ] 127.0.0.1 /index.php/Home/User/administration.html?upid=3
INFO: [ app_begin ] --START--
INFO: Run Behavior\ReadHtmlCacheBehavior [ RunTime:0.000543s ]
INFO: [ app_begin ] --END-- [ RunTime:0.000850s ]
SQL: SHOW COLUMNS FROM `fox_user` [ RunTime:0.0061s ]
SQL: SHOW COLUMNS FROM `fox_district` [ RunTime:0.0028s ]
SQL: SELECT * FROM `fox_district` WHERE ( upid=3 )  [ RunTime:0.0003s ]

[ 2016-10-28T16:14:41+08:00 ] 127.0.0.1 /index.php/Home/User/administration.html?upid=3
INFO: [ app_begin ] --START--
INFO: Run Behavior\ReadHtmlCacheBehavior [ RunTime:0.000552s ]
INFO: [ app_begin ] --END-- [ RunTime:0.000893s ]
SQL: SHOW COLUMNS FROM `fox_user` [ RunTime:0.0037s ]
SQL: SHOW COLUMNS FROM `fox_district` [ RunTime:0.0039s ]
SQL: SELECT * FROM `fox_district` WHERE ( upid=3 )  [ RunTime:0.0005s ]

[ 2016-10-28T16:14:42+08:00 ] 127.0.0.1 /index.php/Home/User/administration.html?upid=3
INFO: [ app_begin ] --START--
INFO: Run Behavior\ReadHtmlCacheBehavior [ RunTime:0.000510s ]
INFO: [ app_begin ] --END-- [ RunTime:0.000801s ]
SQL: SHOW COLUMNS FROM `fox_user` [ RunTime:0.0058s ]
SQL: SHOW COLUMNS FROM `fox_district` [ RunTime:0.0032s ]
SQL: SELECT * FROM `fox_district` WHERE ( upid=3 )  [ RunTime:0.0004s ]

[ 2016-10-28T16:14:42+08:00 ] 127.0.0.1 /index.php/Home/User/administration.html?upid=3
INFO: [ app_begin ] --START--
INFO: Run Behavior\ReadHtmlCacheBehavior [ RunTime:0.000477s ]
INFO: [ app_begin ] --END-- [ RunTime:0.000803s ]
SQL: SHOW COLUMNS FROM `fox_user` [ RunTime:0.0056s ]
SQL: SHOW COLUMNS FROM `fox_district` [ RunTime:0.0032s ]
SQL: SELECT * FROM `fox_district` WHERE ( upid=3 )  [ RunTime:0.0004s ]

[ 2016-10-28T16:14:42+08:00 ] 127.0.0.1 /index.php/Home/User/administration.html?upid=3
INFO: [ app_begin ] --START--
INFO: Run Behavior\ReadHtmlCacheBehavior [ RunTime:0.000519s ]
INFO: [ app_begin ] --END-- [ RunTime:0.000841s ]
SQL: SHOW COLUMNS FROM `fox_user` [ RunTime:0.0056s ]
SQL: SHOW COLUMNS FROM `fox_district` [ RunTime:0.0029s ]
SQL: SELECT * FROM `fox_district` WHERE ( upid=3 )  [ RunTime:0.0003s ]

[ 2016-10-28T16:15:31+08:00 ] 127.0.0.1 /index.php/Home/User/administration.html?upid=3
INFO: [ app_begin ] --START--
INFO: Run Behavior\ReadHtmlCacheBehavior [ RunTime:0.000565s ]
INFO: [ app_begin ] --END-- [ RunTime:0.000987s ]
SQL: SHOW COLUMNS FROM `fox_user` [ RunTime:0.0057s ]
SQL: SHOW COLUMNS FROM `fox_district` [ RunTime:0.0032s ]
SQL: SELECT * FROM `fox_district` WHERE ( upid=3 )  [ RunTime:0.0005s ]

[ 2016-10-28T16:15:43+08:00 ] 127.0.0.1 /index.php/Home/User/administration.html?upid=3
INFO: [ app_begin ] --START--
INFO: Run Behavior\ReadHtmlCacheBehavior [ RunTime:0.000438s ]
INFO: [ app_begin ] --END-- [ RunTime:0.000745s ]
SQL: SHOW COLUMNS FROM `fox_user` [ RunTime:0.0050s ]
SQL: SHOW COLUMNS FROM `fox_district` [ RunTime:0.0032s ]
SQL: SELECT * FROM `fox_district` WHERE ( upid=3 )  [ RunTime:0.0003s ]

[ 2016-10-28T16:17:44+08:00 ] 127.0.0.1 /index.php/Home/User/administration.html?upid=3
INFO: [ app_begin ] --START--
INFO: Run Behavior\ReadHtmlCacheBehavior [ RunTime:0.000471s ]
INFO: [ app_begin ] --END-- [ RunTime:0.000834s ]
SQL: SHOW COLUMNS FROM `fox_user` [ RunTime:0.0056s ]
SQL: SHOW COLUMNS FROM `fox_district` [ RunTime:0.0035s ]
SQL: SELECT * FROM `fox_district` WHERE ( upid=3 )  [ RunTime:0.0005s ]

[ 2016-10-28T16:19:44+08:00 ] 127.0.0.1 /index.php/Home/User/administration.html?upid=3
INFO: [ app_begin ] --START--
INFO: Run Behavior\ReadHtmlCacheBehavior [ RunTime:0.000485s ]
INFO: [ app_begin ] --END-- [ RunTime:0.000847s ]
SQL: SHOW COLUMNS FROM `fox_user` [ RunTime:0.0062s ]
SQL: SHOW COLUMNS FROM `fox_district` [ RunTime:0.0041s ]
SQL: SELECT * FROM `fox_district` WHERE ( upid=3 )  [ RunTime:0.0005s ]

[ 2016-10-28T16:19:45+08:00 ] 127.0.0.1 /index.php/Home/User/administration.html?upid=3
INFO: [ app_begin ] --START--
INFO: Run Behavior\ReadHtmlCacheBehavior [ RunTime:0.000507s ]
INFO: [ app_begin ] --END-- [ RunTime:0.000831s ]
SQL: SHOW COLUMNS FROM `fox_user` [ RunTime:0.0062s ]
SQL: SHOW COLUMNS FROM `fox_district` [ RunTime:0.0039s ]
SQL: SELECT * FROM `fox_district` WHERE ( upid=3 )  [ RunTime:0.0004s ]

[ 2016-10-28T16:19:45+08:00 ] 127.0.0.1 /index.php/Home/User/administration.html?upid=3
INFO: [ app_begin ] --START--
INFO: Run Behavior\ReadHtmlCacheBehavior [ RunTime:0.000421s ]
INFO: [ app_begin ] --END-- [ RunTime:0.000735s ]
SQL: SHOW COLUMNS FROM `fox_user` [ RunTime:0.0052s ]
SQL: SHOW COLUMNS FROM `fox_district` [ RunTime:0.0044s ]
SQL: SELECT * FROM `fox_district` WHERE ( upid=3 )  [ RunTime:0.0005s ]

[ 2016-10-28T16:29:41+08:00 ] 127.0.0.1 /index.php/Home/User/administration.html?upid=3
INFO: [ app_begin ] --START--
INFO: Run Behavior\ReadHtmlCacheBehavior [ RunTime:0.000558s ]
INFO: [ app_begin ] --END-- [ RunTime:0.000935s ]
SQL: SHOW COLUMNS FROM `fox_user` [ RunTime:0.0065s ]
SQL: SHOW COLUMNS FROM `fox_district` [ RunTime:0.0047s ]
SQL: SHOW COLUMNS FROM `fox_auth_realname` [ RunTime:0.0037s ]
SQL: SELECT * FROM `fox_district` WHERE ( upid=3 )  [ RunTime:0.0004s ]

[ 2016-10-28T16:40:37+08:00 ] 127.0.0.1 /index.php/Home/User/administration.html?upid=3
INFO: [ app_begin ] --START--
INFO: Run Behavior\ReadHtmlCacheBehavior [ RunTime:0.000506s ]
INFO: [ app_begin ] --END-- [ RunTime:0.000812s ]
SQL: SHOW COLUMNS FROM `fox_user` [ RunTime:0.0061s ]
SQL: SHOW COLUMNS FROM `fox_district` [ RunTime:0.0042s ]
SQL: SHOW COLUMNS FROM `fox_auth_realname` [ RunTime:0.0039s ]
SQL: SELECT * FROM `fox_district` WHERE ( upid=3 )  [ RunTime:0.0004s ]

[ 2016-10-28T16:42:42+08:00 ] 127.0.0.1 /index.php/Home/User/administration.html?upid=3
INFO: [ app_begin ] --START--
INFO: Run Behavior\ReadHtmlCacheBehavior [ RunTime:0.000611s ]
INFO: [ app_begin ] --END-- [ RunTime:0.001048s ]
SQL: SHOW COLUMNS FROM `fox_user` [ RunTime:0.0053s ]
SQL: SHOW COLUMNS FROM `fox_district` [ RunTime:0.0027s ]
SQL: SHOW COLUMNS FROM `fox_auth_realname` [ RunTime:0.0028s ]
SQL: SELECT * FROM `fox_district` WHERE ( upid=3 )  [ RunTime:0.0004s ]

[ 2016-10-28T16:43:40+08:00 ] 127.0.0.1 /index.php/Home/User/administration.html?upid=3
INFO: [ app_begin ] --START--
INFO: Run Behavior\ReadHtmlCacheBehavior [ RunTime:0.000684s ]
INFO: [ app_begin ] --END-- [ RunTime:0.001159s ]
SQL: SHOW COLUMNS FROM `fox_user` [ RunTime:0.0048s ]
SQL: SHOW COLUMNS FROM `fox_district` [ RunTime:0.0027s ]
SQL: SHOW COLUMNS FROM `fox_auth_realname` [ RunTime:0.0032s ]
SQL: SELECT * FROM `fox_district` WHERE ( upid=3 )  [ RunTime:0.0003s ]

[ 2016-10-28T16:48:47+08:00 ] 127.0.0.1 /index.php/Home/User/administration.html?upid=3
INFO: [ app_begin ] --START--
INFO: Run Behavior\ReadHtmlCacheBehavior [ RunTime:0.000599s ]
INFO: [ app_begin ] --END-- [ RunTime:0.001004s ]
SQL: SHOW COLUMNS FROM `fox_user` [ RunTime:0.0089s ]
SQL: SHOW COLUMNS FROM `fox_district` [ RunTime:0.0045s ]
SQL: SHOW COLUMNS FROM `fox_auth_realname` [ RunTime:0.0025s ]
SQL: SELECT * FROM `fox_district` WHERE ( upid=3 )  [ RunTime:0.0003s ]

[ 2016-10-28T16:48:47+08:00 ] 127.0.0.1 /index.php/Home/User/administration.html?upid=3
INFO: [ app_begin ] --START--
INFO: Run Behavior\ReadHtmlCacheBehavior [ RunTime:0.000546s ]
INFO: [ app_begin ] --END-- [ RunTime:0.000838s ]
SQL: SHOW COLUMNS FROM `fox_user` [ RunTime:0.0030s ]
SQL: SHOW COLUMNS FROM `fox_district` [ RunTime:0.0024s ]
SQL: SHOW COLUMNS FROM `fox_auth_realname` [ RunTime:0.0027s ]
SQL: SELECT * FROM `fox_district` WHERE ( upid=3 )  [ RunTime:0.0003s ]

[ 2016-10-28T16:48:47+08:00 ] 127.0.0.1 /index.php/Home/User/administration.html?upid=3
INFO: [ app_begin ] --START--
INFO: Run Behavior\ReadHtmlCacheBehavior [ RunTime:0.000504s ]
INFO: [ app_begin ] --END-- [ RunTime:0.000794s ]
SQL: SHOW COLUMNS FROM `fox_user` [ RunTime:0.0029s ]
SQL: SHOW COLUMNS FROM `fox_district` [ RunTime:0.0031s ]
SQL: SHOW COLUMNS FROM `fox_auth_realname` [ RunTime:0.0031s ]
SQL: SELECT * FROM `fox_district` WHERE ( upid=3 )  [ RunTime:0.0003s ]

[ 2016-10-28T16:48:47+08:00 ] 127.0.0.1 /index.php/Home/User/administration.html?upid=3
INFO: [ app_begin ] --START--
INFO: Run Behavior\ReadHtmlCacheBehavior [ RunTime:0.000581s ]
INFO: [ app_begin ] --END-- [ RunTime:0.000949s ]
SQL: SHOW COLUMNS FROM `fox_user` [ RunTime:0.0059s ]
SQL: SHOW COLUMNS FROM `fox_district` [ RunTime:0.0036s ]
SQL: SHOW COLUMNS FROM `fox_auth_realname` [ RunTime:0.0042s ]
SQL: SELECT * FROM `fox_district` WHERE ( upid=3 )  [ RunTime:0.0004s ]

[ 2016-10-28T16:48:47+08:00 ] 127.0.0.1 /index.php/Home/User/administration.html?upid=3
INFO: [ app_begin ] --START--
INFO: Run Behavior\ReadHtmlCacheBehavior [ RunTime:0.000452s ]
INFO: [ app_begin ] --END-- [ RunTime:0.000854s ]
SQL: SHOW COLUMNS FROM `fox_user` [ RunTime:0.0033s ]
SQL: SHOW COLUMNS FROM `fox_district` [ RunTime:0.0030s ]
SQL: SHOW COLUMNS FROM `fox_auth_realname` [ RunTime:0.0027s ]
SQL: SELECT * FROM `fox_district` WHERE ( upid=3 )  [ RunTime:0.0003s ]

[ 2016-10-28T17:14:13+08:00 ] 127.0.0.1 /index.php/Home/User/administration.html?upid=3
INFO: [ app_begin ] --START--
INFO: Run Behavior\ReadHtmlCacheBehavior [ RunTime:0.000468s ]
INFO: [ app_begin ] --END-- [ RunTime:0.000807s ]
SQL: SHOW COLUMNS FROM `fox_user` [ RunTime:0.0365s ]
SQL: SHOW COLUMNS FROM `fox_district` [ RunTime:0.0070s ]
SQL: SHOW COLUMNS FROM `fox_auth_realname` [ RunTime:0.0027s ]
SQL: SELECT * FROM `fox_district` WHERE ( upid=3 )  [ RunTime:0.0003s ]

[ 2016-10-28T17:14:13+08:00 ] 127.0.0.1 /index.php/Home/User/administration.html?upid=3
INFO: [ app_begin ] --START--
INFO: Run Behavior\ReadHtmlCacheBehavior [ RunTime:0.000333s ]
INFO: [ app_begin ] --END-- [ RunTime:0.000588s ]
SQL: SHOW COLUMNS FROM `fox_user` [ RunTime:0.0031s ]
SQL: SHOW COLUMNS FROM `fox_district` [ RunTime:0.0035s ]
SQL: SHOW COLUMNS FROM `fox_auth_realname` [ RunTime:0.0035s ]
SQL: SELECT * FROM `fox_district` WHERE ( upid=3 )  [ RunTime:0.0003s ]

[ 2016-10-28T17:14:13+08:00 ] 127.0.0.1 /index.php/Home/User/administration.html?upid=3
INFO: [ app_begin ] --START--
INFO: Run Behavior\ReadHtmlCacheBehavior [ RunTime:0.000357s ]
INFO: [ app_begin ] --END-- [ RunTime:0.000640s ]
SQL: SHOW COLUMNS FROM `fox_user` [ RunTime:0.0058s ]
SQL: SHOW COLUMNS FROM `fox_district` [ RunTime:0.0026s ]
SQL: SHOW COLUMNS FROM `fox_auth_realname` [ RunTime:0.0025s ]
SQL: SELECT * FROM `fox_district` WHERE ( upid=3 )  [ RunTime:0.0003s ]

[ 2016-10-28T17:14:22+08:00 ] 127.0.0.1 /index.php/Home/User/administration.html?upid=3
INFO: [ app_begin ] --START--
INFO: Run Behavior\ReadHtmlCacheBehavior [ RunTime:0.000672s ]
INFO: [ app_begin ] --END-- [ RunTime:0.001151s ]
SQL: SHOW COLUMNS FROM `fox_user` [ RunTime:0.0057s ]
SQL: SHOW COLUMNS FROM `fox_district` [ RunTime:0.0025s ]
SQL: SHOW COLUMNS FROM `fox_auth_realname` [ RunTime:0.0028s ]
SQL: SELECT * FROM `fox_district` WHERE ( upid=3 )  [ RunTime:0.0003s ]

[ 2016-10-28T17:14:47+08:00 ] 127.0.0.1 /index.php/Home/User/administration.html?upid=3
INFO: [ app_begin ] --START--
INFO: Run Behavior\ReadHtmlCacheBehavior [ RunTime:0.000423s ]
INFO: [ app_begin ] --END-- [ RunTime:0.000831s ]
SQL: SHOW COLUMNS FROM `fox_user` [ RunTime:0.0028s ]
SQL: SHOW COLUMNS FROM `fox_district` [ RunTime:0.0025s ]
SQL: SHOW COLUMNS FROM `fox_auth_realname` [ RunTime:0.0027s ]
SQL: SELECT * FROM `fox_district` WHERE ( upid=3 )  [ RunTime:0.0004s ]

[ 2016-10-28T17:24:12+08:00 ] 127.0.0.1 /index.php/Home/User/administration.html?upid=3
INFO: [ app_begin ] --START--
INFO: Run Behavior\ReadHtmlCacheBehavior [ RunTime:0.000560s ]
INFO: [ app_begin ] --END-- [ RunTime:0.000913s ]
SQL: SHOW COLUMNS FROM `fox_user` [ RunTime:0.0035s ]
SQL: SHOW COLUMNS FROM `fox_district` [ RunTime:0.0033s ]
SQL: SHOW COLUMNS FROM `fox_auth_realname` [ RunTime:0.0044s ]
SQL: SELECT * FROM `fox_district` WHERE ( upid=3 )  [ RunTime:0.0004s ]

[ 2016-10-28T17:24:12+08:00 ] 127.0.0.1 /index.php/Home/User/administration.html?upid=3
INFO: [ app_begin ] --START--
INFO: Run Behavior\ReadHtmlCacheBehavior [ RunTime:0.000540s ]
INFO: [ app_begin ] --END-- [ RunTime:0.000902s ]
SQL: SHOW COLUMNS FROM `fox_user` [ RunTime:0.0028s ]
SQL: SHOW COLUMNS FROM `fox_district` [ RunTime:0.0023s ]
SQL: SHOW COLUMNS FROM `fox_auth_realname` [ RunTime:0.0025s ]
SQL: SELECT * FROM `fox_district` WHERE ( upid=3 )  [ RunTime:0.0003s ]

[ 2016-10-28T17:24:13+08:00 ] 127.0.0.1 /index.php/Home/User/administration.html?upid=3
INFO: [ app_begin ] --START--
INFO: Run Behavior\ReadHtmlCacheBehavior [ RunTime:0.000338s ]
INFO: [ app_begin ] --END-- [ RunTime:0.000627s ]
SQL: SHOW COLUMNS FROM `fox_user` [ RunTime:0.0040s ]
SQL: SHOW COLUMNS FROM `fox_district` [ RunTime:0.0035s ]
SQL: SHOW COLUMNS FROM `fox_auth_realname` [ RunTime:0.0028s ]
SQL: SELECT * FROM `fox_district` WHERE ( upid=3 )  [ RunTime:0.0004s ]

[ 2016-10-28T17:24:21+08:00 ] 127.0.0.1 /index.php/Home/User/administration.html?upid=3
INFO: [ app_begin ] --START--
INFO: Run Behavior\ReadHtmlCacheBehavior [ RunTime:0.000583s ]
INFO: [ app_begin ] --END-- [ RunTime:0.000995s ]
SQL: SHOW COLUMNS FROM `fox_user` [ RunTime:0.0055s ]
SQL: SHOW COLUMNS FROM `fox_district` [ RunTime:0.0037s ]
SQL: SHOW COLUMNS FROM `fox_auth_realname` [ RunTime:0.0028s ]
SQL: SELECT * FROM `fox_district` WHERE ( upid=3 )  [ RunTime:0.0003s ]

[ 2016-10-28T17:24:44+08:00 ] 127.0.0.1 /index.php/Home/user/index.html
ERR: 非法操作:index

[ 2016-10-28T17:25:55+08:00 ] 127.0.0.1 /index.php/Home/user/index.html
ERR: 非法操作:index

[ 2016-10-28T17:28:43+08:00 ] 127.0.0.1 /index.php/Home/Task/js/bootstrap.min.js
ERR: 非法操作:js

[ 2016-10-28T17:28:43+08:00 ] 127.0.0.1 /index.php/Home/Task/js/jquery-2.1.1.min.js
ERR: 非法操作:js

[ 2016-10-28T17:28:43+08:00 ] 127.0.0.1 /index.php/Home/Task/js/bootstrap.min.js
ERR: 非法操作:js

[ 2016-10-28T17:28:45+08:00 ] 127.0.0.1 /index.php/Home/Task/js/jquery-2.1.1.min.js
ERR: 非法操作:js

[ 2016-10-28T17:28:45+08:00 ] 127.0.0.1 /index.php/Home/Task/js/bootstrap.min.js
ERR: 非法操作:js

[ 2016-10-28T17:28:45+08:00 ] 127.0.0.1 /index.php/Home/Task/js/jquery-2.1.1.min.js
ERR: 非法操作:js

[ 2016-10-28T17:28:45+08:00 ] 127.0.0.1 /index.php/Home/Task/js/bootstrap.min.js
ERR: 非法操作:js

[ 2016-10-28T17:55:29+08:00 ] 127.0.0.1 /index.php/Home/Task/js/jquery-2.1.1.min.js
ERR: 非法操作:js

[ 2016-10-28T17:55:29+08:00 ] 127.0.0.1 /index.php/Home/Task/js/bootstrap.min.js
ERR: 非法操作:js

[ 2016-10-28T17:55:31+08:00 ] 127.0.0.1 /index.php/Home/Task/js/bootstrap.min.js
ERR: 非法操作:js

[ 2016-10-28T17:55:31+08:00 ] 127.0.0.1 /index.php/Home/Task/js/jquery-2.1.1.min.js
ERR: 非法操作:js

[ 2016-10-28T17:55:31+08:00 ] 127.0.0.1 /index.php/Home/Task/js/bootstrap.min.js
ERR: 非法操作:js

[ 2016-10-28T17:55:34+08:00 ] 127.0.0.1 /index.php/Home/Task/js/bootstrap.min.js
ERR: 非法操作:js

[ 2016-10-28T17:55:34+08:00 ] 127.0.0.1 /index.php/Home/Task/js/jquery-2.1.1.min.js
ERR: 非法操作:js

[ 2016-10-28T17:55:34+08:00 ] 127.0.0.1 /index.php/Home/Task/js/bootstrap.min.js
ERR: 非法操作:js

