[ 2016-11-01T15:42:32+08:00 ] 127.0.0.1 /index.php/Home/Index/index.html
INFO: [ app_begin ] --START--
INFO: Run Behavior\ReadHtmlCacheBehavior [ RunTime:0.000487s ]
INFO: [ app_begin ] --END-- [ RunTime:0.000796s ]
SQL: SHOW COLUMNS FROM `fox_user` [ RunTime:0.0051s ]
SQL: SELECT `user_id` FROM `fox_user` WHERE `username` = 'admin' AND `password` = '21232f297a57a5a743894a0e4a801fc3' LIMIT 1   [ RunTime:0.0005s ]
SQL: SELECT * FROM `fox_user` LIMIT 1   [ RunTime:0.0003s ]

[ 2016-11-01T17:08:15+08:00 ] 127.0.0.1 /index.php/Home/User/administration.html?upid=3
INFO: [ app_begin ] --START--
INFO: Run Behavior\ReadHtmlCacheBehavior [ RunTime:0.000388s ]
INFO: [ app_begin ] --END-- [ RunTime:0.000660s ]
SQL: SHOW COLUMNS FROM `fox_user` [ RunTime:0.0034s ]
SQL: SHOW COLUMNS FROM `fox_district` [ RunTime:0.0036s ]
SQL: SHOW COLUMNS FROM `fox_auth_realname` [ RunTime:0.0029s ]
SQL: SHOW COLUMNS FROM `fox_auth_alipay` [ RunTime:0.0025s ]
SQL: SHOW COLUMNS FROM `fox_auth_bank` [ RunTime:0.0024s ]
SQL: SELECT * FROM `fox_district` WHERE ( upid=3 )  [ RunTime:0.0003s ]

[ 2016-11-01T17:08:15+08:00 ] 127.0.0.1 /index.php/Home/User/administration.html?upid=1
INFO: [ app_begin ] --START--
INFO: Run Behavior\ReadHtmlCacheBehavior [ RunTime:0.000515s ]
INFO: [ app_begin ] --END-- [ RunTime:0.000827s ]
SQL: SHOW COLUMNS FROM `fox_user` [ RunTime:0.0055s ]
SQL: SHOW COLUMNS FROM `fox_district` [ RunTime:0.0030s ]
SQL: SHOW COLUMNS FROM `fox_auth_realname` [ RunTime:0.0028s ]
SQL: SHOW COLUMNS FROM `fox_auth_alipay` [ RunTime:0.0028s ]
SQL: SHOW COLUMNS FROM `fox_auth_bank` [ RunTime:0.0022s ]
SQL: SELECT * FROM `fox_district` WHERE ( upid=1 )  [ RunTime:0.0003s ]

