[ 2016-12-07T09:28:24+08:00 ] 192.168.1.105 /index.php/Home/Index/index.html
INFO: [ app_begin ] --START--
INFO: Run Behavior\ReadHtmlCacheBehavior [ RunTime:0.000401s ]
INFO: [ app_begin ] --END-- [ RunTime:0.000691s ]
SQL: SHOW COLUMNS FROM `fox_industry` [ RunTime:0.0024s ]
SQL: SELECT `industry_name`,`pic`,`industry_id` FROM `fox_industry` WHERE ( industry_pid=0 )  [ RunTime:0.0003s ]
SQL: SELECT `industry_id`,`industry_name` FROM `fox_industry` WHERE ( industry_pid=20 )  [ RunTime:0.0002s ]
SQL: SELECT `industry_id`,`industry_name` FROM `fox_industry` WHERE ( industry_pid=54 )  [ RunTime:0.0002s ]
SQL: SELECT `industry_id`,`industry_name` FROM `fox_industry` WHERE ( industry_pid=88 )  [ RunTime:0.0002s ]
SQL: SELECT `industry_id`,`industry_name` FROM `fox_industry` WHERE ( industry_pid=114 )  [ RunTime:0.0002s ]
SQL: SELECT `industry_id`,`industry_name` FROM `fox_industry` WHERE ( industry_pid=127 )  [ RunTime:0.0002s ]
SQL: SHOW COLUMNS FROM `fox_user` [ RunTime:0.0023s ]
SQL: SELECT `user_id` FROM `fox_user` WHERE `username` = 'admin' AND `password` = '21232f297a57a5a743894a0e4a801fc3' LIMIT 1   [ RunTime:0.0005s ]
SQL: SELECT * FROM `fox_user` WHERE `user_id` = 1 LIMIT 1   [ RunTime:0.0002s ]
SQL: UPDATE `fox_user` SET `session_id`='g2nbf3lr02r1t55r4lnnvs66t6' WHERE `user_id` = 1 [ RunTime:0.0021s ]

[ 2016-12-07T09:37:41+08:00 ] 192.168.1.105 /index.php/Home/Serve/business/shop_id/2.html
INFO: [ app_begin ] --START--
INFO: Run Behavior\ReadHtmlCacheBehavior [ RunTime:0.000326s ]
INFO: [ app_begin ] --END-- [ RunTime:0.000730s ]
SQL: SHOW COLUMNS FROM `fox_industry` [ RunTime:0.0041s ]
SQL: SELECT `industry_name`,`pic`,`industry_id` FROM `fox_industry` WHERE ( industry_pid=0 )  [ RunTime:0.0002s ]
SQL: SELECT `industry_id`,`industry_name` FROM `fox_industry` WHERE ( industry_pid=20 )  [ RunTime:0.0002s ]
SQL: SELECT `industry_id`,`industry_name` FROM `fox_industry` WHERE ( industry_pid=54 )  [ RunTime:0.0002s ]
SQL: SELECT `industry_id`,`industry_name` FROM `fox_industry` WHERE ( industry_pid=88 )  [ RunTime:0.0002s ]
SQL: SELECT `industry_id`,`industry_name` FROM `fox_industry` WHERE ( industry_pid=114 )  [ RunTime:0.0002s ]
SQL: SELECT `industry_id`,`industry_name` FROM `fox_industry` WHERE ( industry_pid=127 )  [ RunTime:0.0002s ]
SQL: SHOW COLUMNS FROM `fox_user` [ RunTime:0.0022s ]
SQL: SHOW COLUMNS FROM `fox_shop` [ RunTime:0.0021s ]
SQL: SHOW COLUMNS FROM `fox_district` [ RunTime:0.0022s ]
SQL: SHOW COLUMNS FROM `fox_order_shop` [ RunTime:0.0023s ]
SQL: SHOW COLUMNS FROM `fox_shopste` [ RunTime:0.0022s ]
SQL: SHOW COLUMNS FROM `fox_collect` [ RunTime:0.0022s ]
SQL: SHOW COLUMNS FROM `fox_evaluate` [ RunTime:0.0022s ]
SQL: SELECT * FROM `fox_evaluate` WHERE ( shop_id=2 )  [ RunTime:0.0002s ]
SQL: SELECT * FROM `fox_evaluate` WHERE ( shop_id=2 ) ORDER BY time LIMIT 0,10   [ RunTime:0.0003s ]

[ 2016-12-07T09:38:38+08:00 ] 192.168.1.108 /index.php/Home/Index/index.html
INFO: [ app_begin ] --START--
INFO: Run Behavior\ReadHtmlCacheBehavior [ RunTime:0.000392s ]
INFO: [ app_begin ] --END-- [ RunTime:0.000674s ]
SQL: SHOW COLUMNS FROM `fox_industry` [ RunTime:0.0043s ]
SQL: SELECT `industry_name`,`pic`,`industry_id` FROM `fox_industry` WHERE ( industry_pid=0 )  [ RunTime:0.0003s ]
SQL: SELECT `industry_id`,`industry_name` FROM `fox_industry` WHERE ( industry_pid=20 )  [ RunTime:0.0002s ]
SQL: SELECT `industry_id`,`industry_name` FROM `fox_industry` WHERE ( industry_pid=54 )  [ RunTime:0.0002s ]
SQL: SELECT `industry_id`,`industry_name` FROM `fox_industry` WHERE ( industry_pid=88 )  [ RunTime:0.0002s ]
SQL: SELECT `industry_id`,`industry_name` FROM `fox_industry` WHERE ( industry_pid=114 )  [ RunTime:0.0002s ]
SQL: SELECT `industry_id`,`industry_name` FROM `fox_industry` WHERE ( industry_pid=127 )  [ RunTime:0.0002s ]
SQL: SHOW COLUMNS FROM `fox_user` [ RunTime:0.0022s ]
SQL: SELECT `user_id` FROM `fox_user` WHERE `username` = '18620936115' AND `password` = 'a5172e548f5c6de9c52fdd4f0e6921e6' LIMIT 1   [ RunTime:0.0002s ]
SQL: SELECT * FROM `fox_user` WHERE `user_id` = 10 LIMIT 1   [ RunTime:0.0002s ]
SQL: UPDATE `fox_user` SET `session_id`='hvfua9q9j46lpsr3d2agjri5p0' WHERE `user_id` = 10 [ RunTime:0.0021s ]

[ 2016-12-07T09:40:06+08:00 ] 192.168.1.108 /index.php/Home/service/
ERR: 非法操作:reception

[ 2016-12-07T09:40:28+08:00 ] 192.168.1.108 /index.php/Home/service/
ERR: 非法操作:reception

[ 2016-12-07T09:40:32+08:00 ] 192.168.1.108 /index.php/Home/service/
ERR: 非法操作:reception

[ 2016-12-07T09:40:41+08:00 ] 192.168.1.108 /index.php/Home/service/
ERR: 非法操作:reception

[ 2016-12-07T09:55:16+08:00 ] 192.168.1.108 /index.php/Home/Task/
ERR: 非法操作:reception

[ 2016-12-07T09:55:38+08:00 ] 192.168.1.108 /index.php/Home/Index/index.html
INFO: [ app_begin ] --START--
INFO: Run Behavior\ReadHtmlCacheBehavior [ RunTime:0.000323s ]
INFO: [ app_begin ] --END-- [ RunTime:0.000633s ]
SQL: SHOW COLUMNS FROM `fox_industry` [ RunTime:0.0042s ]
SQL: SELECT `industry_name`,`pic`,`industry_id` FROM `fox_industry` WHERE ( industry_pid=0 )  [ RunTime:0.0003s ]
SQL: SELECT `industry_id`,`industry_name` FROM `fox_industry` WHERE ( industry_pid=20 )  [ RunTime:0.0002s ]
SQL: SELECT `industry_id`,`industry_name` FROM `fox_industry` WHERE ( industry_pid=54 )  [ RunTime:0.0002s ]
SQL: SELECT `industry_id`,`industry_name` FROM `fox_industry` WHERE ( industry_pid=88 )  [ RunTime:0.0002s ]
SQL: SELECT `industry_id`,`industry_name` FROM `fox_industry` WHERE ( industry_pid=114 )  [ RunTime:0.0002s ]
SQL: SELECT `industry_id`,`industry_name` FROM `fox_industry` WHERE ( industry_pid=127 )  [ RunTime:0.0002s ]
SQL: SHOW COLUMNS FROM `fox_user` [ RunTime:0.0022s ]
SQL: SELECT `user_id` FROM `fox_user` WHERE `username` = '18620936115' AND `password` = 'a5172e548f5c6de9c52fdd4f0e6921e6' LIMIT 1   [ RunTime:0.0002s ]
SQL: SELECT * FROM `fox_user` WHERE `user_id` = 10 LIMIT 1   [ RunTime:0.0002s ]
SQL: UPDATE `fox_user` SET `session_id`='hvfua9q9j46lpsr3d2agjri5p0' WHERE `user_id` = 10 [ RunTime:0.0021s ]

[ 2016-12-07T10:15:13+08:00 ] 192.168.1.108 /index.php/Home/publish/css/bootstrap.min.css
ERR: 非法操作:css

[ 2016-12-07T10:15:13+08:00 ] 192.168.1.108 /index.php/Home/publish/css/style.css
ERR: 非法操作:css

[ 2016-12-07T10:15:13+08:00 ] 192.168.1.108 /index.php/Home/publish/css/fotorama.css
ERR: 非法操作:css

