[ 2016-11-08T08:51:32+08:00 ] 127.0.0.1 /index.php/Home/Index/index.html
INFO: [ app_begin ] --START--
INFO: Run Behavior\ReadHtmlCacheBehavior [ RunTime:0.000772s ]
INFO: [ app_begin ] --END-- [ RunTime:0.001248s ]
SQL: SHOW COLUMNS FROM `fox_industry` [ RunTime:0.0024s ]
SQL: SELECT `industry_name`,`pic`,`industry_id` FROM `fox_industry` WHERE ( industry_pid=0 )  [ RunTime:0.0002s ]
SQL: SELECT `industry_id`,`industry_name` FROM `fox_industry` WHERE ( industry_pid=1 )  [ RunTime:0.0002s ]
SQL: SELECT `industry_id`,`industry_name` FROM `fox_industry` WHERE ( industry_pid=2 )  [ RunTime:0.0002s ]
SQL: SELECT `industry_id`,`industry_name` FROM `fox_industry` WHERE ( industry_pid=8 )  [ RunTime:0.0002s ]
SQL: SHOW COLUMNS FROM `fox_user` [ RunTime:0.0022s ]
SQL: SELECT `user_id` FROM `fox_user` WHERE `username` = 'admin' AND `password` = '21232f297a57a5a743894a0e4a801fc3' LIMIT 1   [ RunTime:0.0005s ]
SQL: SELECT * FROM `fox_user` LIMIT 1   [ RunTime:0.0002s ]

[ 2016-11-08T09:29:25+08:00 ] 127.0.0.1 /index.php/Home/task/delivery/task_id/15.html
ERR: SQLSTATE[42S22]: Column not found: 1054 Unknown column 'industry=1' in 'field list'

[ 2016-11-08T09:29:33+08:00 ] 127.0.0.1 /index.php/Home/task/delivery/task_id/15.html
ERR: SQLSTATE[42S22]: Column not found: 1054 Unknown column 'industry_id=1' in 'field list'

[ 2016-11-08T10:16:38+08:00 ] 127.0.0.1 /index.php/Home/task/delivery/task_id/tas.html
ERR: SQLSTATE[42S22]: Column not found: 1054 Unknown column 'tas' in 'where clause'

[ 2016-11-08T10:20:30+08:00 ] 127.0.0.1 /index.php/Home/task/delivery/task_id/tas.html
ERR: SQLSTATE[42S22]: Column not found: 1054 Unknown column 'tas' in 'where clause'

[ 2016-11-08T10:21:35+08:00 ] 127.0.0.1 /index.php/Home/task/delivery/task_id/tas.html
ERR: SQLSTATE[42S22]: Column not found: 1054 Unknown column 'tas' in 'where clause'

[ 2016-11-08T10:21:36+08:00 ] 127.0.0.1 /index.php/Home/task/delivery/task_id/tas.html
ERR: SQLSTATE[42S22]: Column not found: 1054 Unknown column 'tas' in 'where clause'

[ 2016-11-08T10:21:36+08:00 ] 127.0.0.1 /index.php/Home/task/delivery/task_id/tas.html
ERR: SQLSTATE[42S22]: Column not found: 1054 Unknown column 'tas' in 'where clause'

[ 2016-11-08T10:21:36+08:00 ] 127.0.0.1 /index.php/Home/task/delivery/task_id/tas.html
ERR: SQLSTATE[42S22]: Column not found: 1054 Unknown column 'tas' in 'where clause'

[ 2016-11-08T10:21:39+08:00 ] 127.0.0.1 /index.php/Home/task/delivery/task_id/tas.html
ERR: SQLSTATE[42S22]: Column not found: 1054 Unknown column 'tas' in 'where clause'

[ 2016-11-08T10:21:43+08:00 ] 127.0.0.1 /index.php/Home/task/tas/task_id/15.html
ERR: 参数错误或者未定义:id

[ 2016-11-08T10:40:42+08:00 ] 127.0.0.1 /index.php/Home/task/delivery/task_id/15.html
ERR: XML标签语法错误 : condition="$data['task_id'] eq <?php user_id()?

[ 2016-11-08T10:59:45+08:00 ] 127.0.0.1 /index.php/Home/Task/index.html
ERR: 非法操作:index

[ 2016-11-08T10:59:55+08:00 ] 127.0.0.1 /index.php/Home/Task/index.html
ERR: 非法操作:index

[ 2016-11-08T11:02:36+08:00 ] 127.0.0.1 /index.php/Home/Index/index.html
INFO: [ app_begin ] --START--
INFO: Run Behavior\ReadHtmlCacheBehavior [ RunTime:0.000490s ]
INFO: [ app_begin ] --END-- [ RunTime:0.000801s ]
SQL: SHOW COLUMNS FROM `fox_industry` [ RunTime:0.0046s ]
SQL: SELECT `industry_name`,`pic`,`industry_id` FROM `fox_industry` WHERE ( industry_pid=0 )  [ RunTime:0.0002s ]
SQL: SELECT `industry_id`,`industry_name` FROM `fox_industry` WHERE ( industry_pid=1 )  [ RunTime:0.0002s ]
SQL: SELECT `industry_id`,`industry_name` FROM `fox_industry` WHERE ( industry_pid=2 )  [ RunTime:0.0002s ]
SQL: SELECT `industry_id`,`industry_name` FROM `fox_industry` WHERE ( industry_pid=8 )  [ RunTime:0.0001s ]
SQL: SHOW COLUMNS FROM `fox_user` [ RunTime:0.0024s ]
SQL: SELECT `user_id` FROM `fox_user` WHERE `username` = 'admin' AND `password` = '21232f297a57a5a743894a0e4a801fc3' LIMIT 1   [ RunTime:0.0002s ]
SQL: SELECT * FROM `fox_user` LIMIT 1   [ RunTime:0.0003s ]

[ 2016-11-08T11:03:18+08:00 ] 127.0.0.1 /index.php/Home/Index/index.html
INFO: [ app_begin ] --START--
INFO: Run Behavior\ReadHtmlCacheBehavior [ RunTime:0.000511s ]
INFO: [ app_begin ] --END-- [ RunTime:0.000809s ]
SQL: SHOW COLUMNS FROM `fox_industry` [ RunTime:0.0111s ]
SQL: SELECT `industry_name`,`pic`,`industry_id` FROM `fox_industry` WHERE ( industry_pid=0 )  [ RunTime:0.0003s ]
SQL: SELECT `industry_id`,`industry_name` FROM `fox_industry` WHERE ( industry_pid=1 )  [ RunTime:0.0002s ]
SQL: SELECT `industry_id`,`industry_name` FROM `fox_industry` WHERE ( industry_pid=2 )  [ RunTime:0.0002s ]
SQL: SELECT `industry_id`,`industry_name` FROM `fox_industry` WHERE ( industry_pid=8 )  [ RunTime:0.0002s ]
SQL: SHOW COLUMNS FROM `fox_user` [ RunTime:0.0028s ]
SQL: SELECT `user_id` FROM `fox_user` WHERE `username` = 'admin' AND `password` = '21232f297a57a5a743894a0e4a801fc3' LIMIT 1   [ RunTime:0.0002s ]
SQL: SELECT * FROM `fox_user` LIMIT 1   [ RunTime:0.0002s ]

[ 2016-11-08T11:04:16+08:00 ] 127.0.0.1 /index.php/Home/Index/index.html
INFO: [ app_begin ] --START--
INFO: Run Behavior\ReadHtmlCacheBehavior [ RunTime:0.000365s ]
INFO: [ app_begin ] --END-- [ RunTime:0.000628s ]
SQL: SHOW COLUMNS FROM `fox_industry` [ RunTime:0.0048s ]
SQL: SELECT `industry_name`,`pic`,`industry_id` FROM `fox_industry` WHERE ( industry_pid=0 )  [ RunTime:0.0003s ]
SQL: SELECT `industry_id`,`industry_name` FROM `fox_industry` WHERE ( industry_pid=1 )  [ RunTime:0.0002s ]
SQL: SELECT `industry_id`,`industry_name` FROM `fox_industry` WHERE ( industry_pid=2 )  [ RunTime:0.0002s ]
SQL: SELECT `industry_id`,`industry_name` FROM `fox_industry` WHERE ( industry_pid=8 )  [ RunTime:0.0002s ]
SQL: SHOW COLUMNS FROM `fox_user` [ RunTime:0.0025s ]
SQL: SELECT `user_id` FROM `fox_user` WHERE `username` = 'admin' AND `password` = '21232f297a57a5a743894a0e4a801fc3' LIMIT 1   [ RunTime:0.0002s ]
SQL: SELECT * FROM `fox_user` LIMIT 1   [ RunTime:0.0002s ]

[ 2016-11-08T11:04:30+08:00 ] 127.0.0.1 /index.php/Home/Index/index.html
INFO: [ app_begin ] --START--
INFO: Run Behavior\ReadHtmlCacheBehavior [ RunTime:0.000357s ]
INFO: [ app_begin ] --END-- [ RunTime:0.000774s ]
SQL: SHOW COLUMNS FROM `fox_industry` [ RunTime:0.0047s ]
SQL: SELECT `industry_name`,`pic`,`industry_id` FROM `fox_industry` WHERE ( industry_pid=0 )  [ RunTime:0.0002s ]
SQL: SELECT `industry_id`,`industry_name` FROM `fox_industry` WHERE ( industry_pid=1 )  [ RunTime:0.0002s ]
SQL: SELECT `industry_id`,`industry_name` FROM `fox_industry` WHERE ( industry_pid=2 )  [ RunTime:0.0002s ]
SQL: SELECT `industry_id`,`industry_name` FROM `fox_industry` WHERE ( industry_pid=8 )  [ RunTime:0.0002s ]
SQL: SHOW COLUMNS FROM `fox_user` [ RunTime:0.0024s ]
SQL: SELECT `user_id` FROM `fox_user` WHERE `username` = 'admin' AND `password` = '21232f297a57a5a743894a0e4a801fc3' LIMIT 1   [ RunTime:0.0002s ]
SQL: SELECT * FROM `fox_user` LIMIT 1   [ RunTime:0.0002s ]

[ 2016-11-08T11:05:03+08:00 ] 127.0.0.1 /index.php/Home/index/register.html
INFO: [ app_begin ] --START--
INFO: Run Behavior\ReadHtmlCacheBehavior [ RunTime:0.000396s ]
INFO: [ app_begin ] --END-- [ RunTime:0.000655s ]
SQL: SHOW COLUMNS FROM `fox_industry` [ RunTime:0.0044s ]
SQL: SELECT `industry_name`,`pic`,`industry_id` FROM `fox_industry` WHERE ( industry_pid=0 )  [ RunTime:0.0002s ]
SQL: SELECT `industry_id`,`industry_name` FROM `fox_industry` WHERE ( industry_pid=1 )  [ RunTime:0.0002s ]
SQL: SELECT `industry_id`,`industry_name` FROM `fox_industry` WHERE ( industry_pid=2 )  [ RunTime:0.0002s ]
SQL: SELECT `industry_id`,`industry_name` FROM `fox_industry` WHERE ( industry_pid=8 )  [ RunTime:0.0002s ]
SQL: SHOW COLUMNS FROM `fox_user` [ RunTime:0.0025s ]
SQL: SELECT * FROM `fox_user` WHERE `username` = 'admin1' LIMIT 1   [ RunTime:0.0003s ]
SQL: INSERT INTO `fox_user` (`username`,`password`,`email`) VALUES ('admin1','21232f297a57a5a743894a0e4a801fc3','569795939@qq.com') [ RunTime:0.0021s ]

[ 2016-11-08T11:05:33+08:00 ] 127.0.0.1 /index.php/Home/Index/index.html
INFO: [ app_begin ] --START--
INFO: Run Behavior\ReadHtmlCacheBehavior [ RunTime:0.000349s ]
INFO: [ app_begin ] --END-- [ RunTime:0.000621s ]
SQL: SHOW COLUMNS FROM `fox_industry` [ RunTime:0.0045s ]
SQL: SELECT `industry_name`,`pic`,`industry_id` FROM `fox_industry` WHERE ( industry_pid=0 )  [ RunTime:0.0002s ]
SQL: SELECT `industry_id`,`industry_name` FROM `fox_industry` WHERE ( industry_pid=1 )  [ RunTime:0.0002s ]
SQL: SELECT `industry_id`,`industry_name` FROM `fox_industry` WHERE ( industry_pid=2 )  [ RunTime:0.0002s ]
SQL: SELECT `industry_id`,`industry_name` FROM `fox_industry` WHERE ( industry_pid=8 )  [ RunTime:0.0002s ]
SQL: SHOW COLUMNS FROM `fox_user` [ RunTime:0.0025s ]
SQL: SELECT `user_id` FROM `fox_user` WHERE `username` = 'admin1' AND `password` = '21232f297a57a5a743894a0e4a801fc3' LIMIT 1   [ RunTime:0.0004s ]
SQL: SELECT * FROM `fox_user` LIMIT 1   [ RunTime:0.0003s ]

[ 2016-11-08T11:07:59+08:00 ] 127.0.0.1 /index.php/Home/Index/index.html
INFO: [ app_begin ] --START--
INFO: Run Behavior\ReadHtmlCacheBehavior [ RunTime:0.000370s ]
INFO: [ app_begin ] --END-- [ RunTime:0.000663s ]
SQL: SHOW COLUMNS FROM `fox_industry` [ RunTime:0.0047s ]
SQL: SELECT `industry_name`,`pic`,`industry_id` FROM `fox_industry` WHERE ( industry_pid=0 )  [ RunTime:0.0002s ]
SQL: SELECT `industry_id`,`industry_name` FROM `fox_industry` WHERE ( industry_pid=1 )  [ RunTime:0.0002s ]
SQL: SELECT `industry_id`,`industry_name` FROM `fox_industry` WHERE ( industry_pid=2 )  [ RunTime:0.0001s ]
SQL: SELECT `industry_id`,`industry_name` FROM `fox_industry` WHERE ( industry_pid=8 )  [ RunTime:0.0001s ]
SQL: SHOW COLUMNS FROM `fox_user` [ RunTime:0.0023s ]
SQL: SELECT `user_id` FROM `fox_user` WHERE `username` = 'admin1' AND `password` = '21232f297a57a5a743894a0e4a801fc3' LIMIT 1   [ RunTime:0.0002s ]
SQL: SELECT * FROM `fox_user` LIMIT 1   [ RunTime:0.0002s ]

[ 2016-11-08T11:08:25+08:00 ] 127.0.0.1 /index.php/Home/Index/index.html
INFO: [ app_begin ] --START--
INFO: Run Behavior\ReadHtmlCacheBehavior [ RunTime:0.000419s ]
INFO: [ app_begin ] --END-- [ RunTime:0.000702s ]
SQL: SHOW COLUMNS FROM `fox_industry` [ RunTime:0.0031s ]
SQL: SELECT `industry_name`,`pic`,`industry_id` FROM `fox_industry` WHERE ( industry_pid=0 )  [ RunTime:0.0002s ]
SQL: SELECT `industry_id`,`industry_name` FROM `fox_industry` WHERE ( industry_pid=1 )  [ RunTime:0.0002s ]
SQL: SELECT `industry_id`,`industry_name` FROM `fox_industry` WHERE ( industry_pid=2 )  [ RunTime:0.0001s ]
SQL: SELECT `industry_id`,`industry_name` FROM `fox_industry` WHERE ( industry_pid=8 )  [ RunTime:0.0001s ]
SQL: SHOW COLUMNS FROM `fox_user` [ RunTime:0.0026s ]
SQL: SELECT `user_id` FROM `fox_user` WHERE `username` = 'admin1' AND `password` = '21232f297a57a5a743894a0e4a801fc3' LIMIT 1   [ RunTime:0.0002s ]

[ 2016-11-08T11:09:20+08:00 ] 127.0.0.1 /index.php/Home/Index/index.html
INFO: [ app_begin ] --START--
INFO: Run Behavior\ReadHtmlCacheBehavior [ RunTime:0.000510s ]
INFO: [ app_begin ] --END-- [ RunTime:0.000811s ]
SQL: SHOW COLUMNS FROM `fox_industry` [ RunTime:0.0060s ]
SQL: SELECT `industry_name`,`pic`,`industry_id` FROM `fox_industry` WHERE ( industry_pid=0 )  [ RunTime:0.0002s ]
SQL: SELECT `industry_id`,`industry_name` FROM `fox_industry` WHERE ( industry_pid=1 )  [ RunTime:0.0002s ]
SQL: SELECT `industry_id`,`industry_name` FROM `fox_industry` WHERE ( industry_pid=2 )  [ RunTime:0.0002s ]
SQL: SELECT `industry_id`,`industry_name` FROM `fox_industry` WHERE ( industry_pid=8 )  [ RunTime:0.0001s ]
SQL: SHOW COLUMNS FROM `fox_user` [ RunTime:0.0023s ]
SQL: SELECT `user_id` FROM `fox_user` WHERE `username` = 'admin1' AND `password` = '21232f297a57a5a743894a0e4a801fc3' LIMIT 1   [ RunTime:0.0002s ]
SQL: SELECT * FROM `fox_user` LIMIT 1   [ RunTime:0.0002s ]

[ 2016-11-08T11:09:53+08:00 ] 127.0.0.1 /index.php/Home/Index/index.html
INFO: [ app_begin ] --START--
INFO: Run Behavior\ReadHtmlCacheBehavior [ RunTime:0.000441s ]
INFO: [ app_begin ] --END-- [ RunTime:0.000930s ]
SQL: SHOW COLUMNS FROM `fox_industry` [ RunTime:0.0048s ]
SQL: SELECT `industry_name`,`pic`,`industry_id` FROM `fox_industry` WHERE ( industry_pid=0 )  [ RunTime:0.0003s ]
SQL: SELECT `industry_id`,`industry_name` FROM `fox_industry` WHERE ( industry_pid=1 )  [ RunTime:0.0002s ]
SQL: SELECT `industry_id`,`industry_name` FROM `fox_industry` WHERE ( industry_pid=2 )  [ RunTime:0.0002s ]
SQL: SELECT `industry_id`,`industry_name` FROM `fox_industry` WHERE ( industry_pid=8 )  [ RunTime:0.0002s ]
SQL: SHOW COLUMNS FROM `fox_user` [ RunTime:0.0030s ]
SQL: SELECT `user_id` FROM `fox_user` WHERE `username` = 'admin1' AND `password` = '21232f297a57a5a743894a0e4a801fc3' LIMIT 1   [ RunTime:0.0002s ]
NOTIC: [8] Undefined offset: 0 D:\xampps\entefox\ThinkPHP\Library\Think\Db\Driver.class.php 第 539 行.
NOTIC: [8] Undefined offset: 0 D:\xampps\entefox\ThinkPHP\Library\Think\Db\Driver.class.php 第 585 行.
NOTIC: [8] Undefined offset: 0 D:\xampps\entefox\ThinkPHP\Library\Think\Db\Driver.class.php 第 585 行.
NOTIC: [8] Undefined offset: 0 D:\xampps\entefox\ThinkPHP\Library\Think\Db\Driver.class.php 第 586 行.
NOTIC: [8] Undefined offset: 0 D:\xampps\entefox\ThinkPHP\Library\Think\Db\Driver.class.php 第 589 行.
SQL: SELECT * FROM `fox_user` WHERE ( `user_id` = null  ) LIMIT 1   [ RunTime:0.0002s ]

[ 2016-11-08T11:10:02+08:00 ] 127.0.0.1 /index.php/Home/Index/index.html
INFO: [ app_begin ] --START--
INFO: Run Behavior\ReadHtmlCacheBehavior [ RunTime:0.000368s ]
INFO: [ app_begin ] --END-- [ RunTime:0.000638s ]
SQL: SHOW COLUMNS FROM `fox_industry` [ RunTime:0.0046s ]
SQL: SELECT `industry_name`,`pic`,`industry_id` FROM `fox_industry` WHERE ( industry_pid=0 )  [ RunTime:0.0003s ]
SQL: SELECT `industry_id`,`industry_name` FROM `fox_industry` WHERE ( industry_pid=1 )  [ RunTime:0.0002s ]
SQL: SELECT `industry_id`,`industry_name` FROM `fox_industry` WHERE ( industry_pid=2 )  [ RunTime:0.0002s ]
SQL: SELECT `industry_id`,`industry_name` FROM `fox_industry` WHERE ( industry_pid=8 )  [ RunTime:0.0002s ]
SQL: SHOW COLUMNS FROM `fox_user` [ RunTime:0.0024s ]
SQL: SELECT `user_id` FROM `fox_user` WHERE `username` = 'admin1' AND `password` = '21232f297a57a5a743894a0e4a801fc3' LIMIT 1   [ RunTime:0.0002s ]

[ 2016-11-08T11:10:11+08:00 ] 127.0.0.1 /index.php/Home/Index/index.html
INFO: [ app_begin ] --START--
INFO: Run Behavior\ReadHtmlCacheBehavior [ RunTime:0.000413s ]
INFO: [ app_begin ] --END-- [ RunTime:0.000760s ]
SQL: SHOW COLUMNS FROM `fox_industry` [ RunTime:0.0049s ]
SQL: SELECT `industry_name`,`pic`,`industry_id` FROM `fox_industry` WHERE ( industry_pid=0 )  [ RunTime:0.0004s ]
SQL: SELECT `industry_id`,`industry_name` FROM `fox_industry` WHERE ( industry_pid=1 )  [ RunTime:0.0002s ]
SQL: SELECT `industry_id`,`industry_name` FROM `fox_industry` WHERE ( industry_pid=2 )  [ RunTime:0.0002s ]
SQL: SELECT `industry_id`,`industry_name` FROM `fox_industry` WHERE ( industry_pid=8 )  [ RunTime:0.0003s ]
SQL: SHOW COLUMNS FROM `fox_user` [ RunTime:0.0026s ]
SQL: SELECT `user_id` FROM `fox_user` WHERE `username` = 'admin1' AND `password` = '21232f297a57a5a743894a0e4a801fc3' LIMIT 1   [ RunTime:0.0002s ]
NOTIC: [8] Undefined offset: 0 D:\xampps\entefox\ThinkPHP\Library\Think\Db\Driver.class.php 第 539 行.
NOTIC: [8] Undefined offset: 0 D:\xampps\entefox\ThinkPHP\Library\Think\Db\Driver.class.php 第 585 行.
NOTIC: [8] Undefined offset: 0 D:\xampps\entefox\ThinkPHP\Library\Think\Db\Driver.class.php 第 585 行.
NOTIC: [8] Undefined offset: 0 D:\xampps\entefox\ThinkPHP\Library\Think\Db\Driver.class.php 第 586 行.
NOTIC: [8] Undefined offset: 0 D:\xampps\entefox\ThinkPHP\Library\Think\Db\Driver.class.php 第 589 行.
SQL: SELECT * FROM `fox_user` WHERE ( `user_id` = null  ) LIMIT 1   [ RunTime:0.0002s ]

[ 2016-11-08T11:10:23+08:00 ] 127.0.0.1 /index.php/Home/Index/index.html
INFO: [ app_begin ] --START--
INFO: Run Behavior\ReadHtmlCacheBehavior [ RunTime:0.000569s ]
INFO: [ app_begin ] --END-- [ RunTime:0.000992s ]
SQL: SHOW COLUMNS FROM `fox_industry` [ RunTime:0.0046s ]
SQL: SELECT `industry_name`,`pic`,`industry_id` FROM `fox_industry` WHERE ( industry_pid=0 )  [ RunTime:0.0003s ]
SQL: SELECT `industry_id`,`industry_name` FROM `fox_industry` WHERE ( industry_pid=1 )  [ RunTime:0.0002s ]
SQL: SELECT `industry_id`,`industry_name` FROM `fox_industry` WHERE ( industry_pid=2 )  [ RunTime:0.0002s ]
SQL: SELECT `industry_id`,`industry_name` FROM `fox_industry` WHERE ( industry_pid=8 )  [ RunTime:0.0002s ]
SQL: SHOW COLUMNS FROM `fox_user` [ RunTime:0.0024s ]
SQL: SELECT `user_id` FROM `fox_user` WHERE `username` = 'admin1' AND `password` = '21232f297a57a5a743894a0e4a801fc3' LIMIT 1   [ RunTime:0.0002s ]
NOTIC: [8] Undefined offset: 0 D:\xampps\entefox\ThinkPHP\Library\Think\Db\Driver.class.php 第 539 行.
NOTIC: [8] Undefined offset: 0 D:\xampps\entefox\ThinkPHP\Library\Think\Db\Driver.class.php 第 585 行.
NOTIC: [8] Undefined offset: 0 D:\xampps\entefox\ThinkPHP\Library\Think\Db\Driver.class.php 第 585 行.
NOTIC: [8] Undefined offset: 0 D:\xampps\entefox\ThinkPHP\Library\Think\Db\Driver.class.php 第 586 行.
NOTIC: [8] Undefined offset: 0 D:\xampps\entefox\ThinkPHP\Library\Think\Db\Driver.class.php 第 589 行.
SQL: SELECT * FROM `fox_user` WHERE ( `user_id` = null  ) LIMIT 1   [ RunTime:0.0002s ]

[ 2016-11-08T11:10:53+08:00 ] 127.0.0.1 /index.php/Home/Index/index.html
INFO: [ app_begin ] --START--
INFO: Run Behavior\ReadHtmlCacheBehavior [ RunTime:0.000335s ]
INFO: [ app_begin ] --END-- [ RunTime:0.000601s ]
SQL: SHOW COLUMNS FROM `fox_industry` [ RunTime:0.0057s ]
SQL: SELECT `industry_name`,`pic`,`industry_id` FROM `fox_industry` WHERE ( industry_pid=0 )  [ RunTime:0.0003s ]
SQL: SELECT `industry_id`,`industry_name` FROM `fox_industry` WHERE ( industry_pid=1 )  [ RunTime:0.0002s ]
SQL: SELECT `industry_id`,`industry_name` FROM `fox_industry` WHERE ( industry_pid=2 )  [ RunTime:0.0002s ]
SQL: SELECT `industry_id`,`industry_name` FROM `fox_industry` WHERE ( industry_pid=8 )  [ RunTime:0.0002s ]
SQL: SHOW COLUMNS FROM `fox_user` [ RunTime:0.0032s ]
SQL: SELECT `user_id` FROM `fox_user` WHERE `username` = 'admin1' AND `password` = '21232f297a57a5a743894a0e4a801fc3' LIMIT 1   [ RunTime:0.0002s ]

[ 2016-11-08T11:11:31+08:00 ] 127.0.0.1 /index.php/Home/Index/index.html
INFO: [ app_begin ] --START--
INFO: Run Behavior\ReadHtmlCacheBehavior [ RunTime:0.000344s ]
INFO: [ app_begin ] --END-- [ RunTime:0.000616s ]
SQL: SHOW COLUMNS FROM `fox_industry` [ RunTime:0.0052s ]
SQL: SELECT `industry_name`,`pic`,`industry_id` FROM `fox_industry` WHERE ( industry_pid=0 )  [ RunTime:0.0002s ]
SQL: SELECT `industry_id`,`industry_name` FROM `fox_industry` WHERE ( industry_pid=1 )  [ RunTime:0.0002s ]
SQL: SELECT `industry_id`,`industry_name` FROM `fox_industry` WHERE ( industry_pid=2 )  [ RunTime:0.0001s ]
SQL: SELECT `industry_id`,`industry_name` FROM `fox_industry` WHERE ( industry_pid=8 )  [ RunTime:0.0001s ]
SQL: SHOW COLUMNS FROM `fox_user` [ RunTime:0.0029s ]
SQL: SELECT `user_id` FROM `fox_user` WHERE `username` = 'admin1' AND `password` = '21232f297a57a5a743894a0e4a801fc3' LIMIT 1   [ RunTime:0.0003s ]
SQL: SELECT * FROM `fox_user` WHERE `user_id` = 2 LIMIT 1   [ RunTime:0.0002s ]

[ 2016-11-08T11:11:45+08:00 ] 127.0.0.1 /index.php/Home/Index/index.html
INFO: [ app_begin ] --START--
INFO: Run Behavior\ReadHtmlCacheBehavior [ RunTime:0.000482s ]
INFO: [ app_begin ] --END-- [ RunTime:0.000953s ]
SQL: SHOW COLUMNS FROM `fox_industry` [ RunTime:0.0077s ]
SQL: SELECT `industry_name`,`pic`,`industry_id` FROM `fox_industry` WHERE ( industry_pid=0 )  [ RunTime:0.0002s ]
SQL: SELECT `industry_id`,`industry_name` FROM `fox_industry` WHERE ( industry_pid=1 )  [ RunTime:0.0003s ]
SQL: SELECT `industry_id`,`industry_name` FROM `fox_industry` WHERE ( industry_pid=2 )  [ RunTime:0.0003s ]
SQL: SELECT `industry_id`,`industry_name` FROM `fox_industry` WHERE ( industry_pid=8 )  [ RunTime:0.0002s ]
SQL: SHOW COLUMNS FROM `fox_user` [ RunTime:0.0030s ]
SQL: SELECT `user_id` FROM `fox_user` WHERE `username` = 'admin1' AND `password` = '21232f297a57a5a743894a0e4a801fc3' LIMIT 1   [ RunTime:0.0002s ]
SQL: SELECT * FROM `fox_user` WHERE `user_id` = 2 LIMIT 1   [ RunTime:0.0002s ]

[ 2016-11-08T11:27:09+08:00 ] 127.0.0.1 /index.php/Home/task/tas/task_id/delivery.html?
ERR: 模板不存在:./Application/Home/View/Task/tas.html

[ 2016-11-08T11:27:21+08:00 ] 127.0.0.1 /index.php/Home/task/tas/task_id/delivery.html?
ERR: 模板不存在:./Application/Home/View/Task/tas.html

[ 2016-11-08T11:27:22+08:00 ] 127.0.0.1 /index.php/Home/task/tas/task_id/delivery.html?
ERR: 模板不存在:./Application/Home/View/Task/tas.html

[ 2016-11-08T11:27:22+08:00 ] 127.0.0.1 /index.php/Home/task/tas/task_id/delivery.html?
ERR: 模板不存在:./Application/Home/View/Task/tas.html

[ 2016-11-08T11:27:23+08:00 ] 127.0.0.1 /index.php/Home/task/tas/task_id/delivery.html?
ERR: 模板不存在:./Application/Home/View/Task/tas.html

[ 2016-11-08T11:27:23+08:00 ] 127.0.0.1 /index.php/Home/task/tas/task_id/delivery.html?
ERR: 模板不存在:./Application/Home/View/Task/tas.html

[ 2016-11-08T11:27:37+08:00 ] 127.0.0.1 /index.php/Home/task/tas/task_id/delivery.html?
ERR: 模板不存在:./Application/Home/View/Task/tas.html

[ 2016-11-08T11:27:38+08:00 ] 127.0.0.1 /index.php/Home/task/tas/task_id/delivery.html?
ERR: 模板不存在:./Application/Home/View/Task/tas.html

[ 2016-11-08T11:27:38+08:00 ] 127.0.0.1 /index.php/Home/task/tas/task_id/delivery.html?
ERR: 模板不存在:./Application/Home/View/Task/tas.html

[ 2016-11-08T11:27:38+08:00 ] 127.0.0.1 /index.php/Home/task/tas/task_id/delivery.html?
ERR: 模板不存在:./Application/Home/View/Task/tas.html

[ 2016-11-08T11:27:38+08:00 ] 127.0.0.1 /index.php/Home/task/tas/task_id/delivery.html?
ERR: 模板不存在:./Application/Home/View/Task/tas.html

[ 2016-11-08T11:27:38+08:00 ] 127.0.0.1 /index.php/Home/task/tas/task_id/delivery.html?
ERR: 模板不存在:./Application/Home/View/Task/tas.html

[ 2016-11-08T11:27:39+08:00 ] 127.0.0.1 /index.php/Home/task/tas/task_id/delivery.html?
ERR: 模板不存在:./Application/Home/View/Task/tas.html

[ 2016-11-08T11:27:39+08:00 ] 127.0.0.1 /index.php/Home/task/tas/task_id/delivery.html?
ERR: 模板不存在:./Application/Home/View/Task/tas.html

[ 2016-11-08T11:27:39+08:00 ] 127.0.0.1 /index.php/Home/task/tas/task_id/delivery.html?
ERR: 模板不存在:./Application/Home/View/Task/tas.html

[ 2016-11-08T11:27:39+08:00 ] 127.0.0.1 /index.php/Home/task/tas/task_id/delivery.html?
ERR: 模板不存在:./Application/Home/View/Task/tas.html

[ 2016-11-08T11:27:39+08:00 ] 127.0.0.1 /index.php/Home/task/tas/task_id/delivery.html?
ERR: 模板不存在:./Application/Home/View/Task/tas.html

[ 2016-11-08T11:27:39+08:00 ] 127.0.0.1 /index.php/Home/task/tas/task_id/delivery.html?
ERR: 模板不存在:./Application/Home/View/Task/tas.html

[ 2016-11-08T11:27:40+08:00 ] 127.0.0.1 /index.php/Home/task/tas/task_id/delivery.html?
ERR: 模板不存在:./Application/Home/View/Task/tas.html

[ 2016-11-08T11:27:40+08:00 ] 127.0.0.1 /index.php/Home/task/tas/task_id/delivery.html?
ERR: 模板不存在:./Application/Home/View/Task/tas.html

[ 2016-11-08T11:28:04+08:00 ] 127.0.0.1 /index.php/Home/task/tas/task_id/15.html
ERR: 模板不存在:./Application/Home/View/Task/tas.html

[ 2016-11-08T11:30:39+08:00 ] 127.0.0.1 /index.php/Home/Index/index.html
INFO: [ app_begin ] --START--
INFO: Run Behavior\ReadHtmlCacheBehavior [ RunTime:0.000503s ]
INFO: [ app_begin ] --END-- [ RunTime:0.000941s ]
SQL: SHOW COLUMNS FROM `fox_industry` [ RunTime:0.0051s ]
SQL: SELECT `industry_name`,`pic`,`industry_id` FROM `fox_industry` WHERE ( industry_pid=0 )  [ RunTime:0.0002s ]
SQL: SELECT `industry_id`,`industry_name` FROM `fox_industry` WHERE ( industry_pid=1 )  [ RunTime:0.0002s ]
SQL: SELECT `industry_id`,`industry_name` FROM `fox_industry` WHERE ( industry_pid=2 )  [ RunTime:0.0002s ]
SQL: SELECT `industry_id`,`industry_name` FROM `fox_industry` WHERE ( industry_pid=8 )  [ RunTime:0.0002s ]
SQL: SHOW COLUMNS FROM `fox_user` [ RunTime:0.0026s ]
SQL: SELECT `user_id` FROM `fox_user` WHERE `username` = 'admin1' AND `password` = '21232f297a57a5a743894a0e4a801fc3' LIMIT 1   [ RunTime:0.0002s ]
SQL: SELECT * FROM `fox_user` WHERE `user_id` = 2 LIMIT 1   [ RunTime:0.0002s ]

[ 2016-11-08T11:31:53+08:00 ] 127.0.0.1 /index.php/Home/task/tas/task_id/15.html
ERR: 模板不存在:./Application/Home/View/Task/tas.html

[ 2016-11-08T14:28:03+08:00 ] 127.0.0.1 /index.php/Home/task/delivery.html
ERR: 参数错误或者未定义:task_id

[ 2016-11-08T15:01:39+08:00 ] 127.0.0.1 /index.php/Home/Index/index.html
INFO: [ app_begin ] --START--
INFO: Run Behavior\ReadHtmlCacheBehavior [ RunTime:0.000501s ]
INFO: [ app_begin ] --END-- [ RunTime:0.000811s ]
SQL: SHOW COLUMNS FROM `fox_industry` [ RunTime:0.0044s ]
SQL: SELECT `industry_name`,`pic`,`industry_id` FROM `fox_industry` WHERE ( industry_pid=0 )  [ RunTime:0.0002s ]
SQL: SELECT `industry_id`,`industry_name` FROM `fox_industry` WHERE ( industry_pid=1 )  [ RunTime:0.0002s ]
SQL: SELECT `industry_id`,`industry_name` FROM `fox_industry` WHERE ( industry_pid=2 )  [ RunTime:0.0002s ]
SQL: SELECT `industry_id`,`industry_name` FROM `fox_industry` WHERE ( industry_pid=8 )  [ RunTime:0.0002s ]
SQL: SHOW COLUMNS FROM `fox_user` [ RunTime:0.0023s ]
SQL: SELECT `user_id` FROM `fox_user` WHERE `username` = 'admin1' AND `password` = '21232f297a57a5a743894a0e4a801fc3' LIMIT 1   [ RunTime:0.0002s ]
SQL: SELECT * FROM `fox_user` WHERE `user_id` = 2 LIMIT 1   [ RunTime:0.0002s ]

[ 2016-11-08T17:16:03+08:00 ] 127.0.0.1 /index.php/Home/User/administration.html?upid=
INFO: [ app_begin ] --START--
INFO: Run Behavior\ReadHtmlCacheBehavior [ RunTime:0.000586s ]
INFO: [ app_begin ] --END-- [ RunTime:0.001044s ]
SQL: SHOW COLUMNS FROM `fox_industry` [ RunTime:0.0041s ]
SQL: SELECT `industry_name`,`pic`,`industry_id` FROM `fox_industry` WHERE ( industry_pid=0 )  [ RunTime:0.0006s ]
SQL: SELECT `industry_id`,`industry_name` FROM `fox_industry` WHERE ( industry_pid=1 )  [ RunTime:0.0003s ]
SQL: SELECT `industry_id`,`industry_name` FROM `fox_industry` WHERE ( industry_pid=2 )  [ RunTime:0.0002s ]
SQL: SELECT `industry_id`,`industry_name` FROM `fox_industry` WHERE ( industry_pid=8 )  [ RunTime:0.0002s ]
SQL: SHOW COLUMNS FROM `fox_user` [ RunTime:0.0038s ]
SQL: SHOW COLUMNS FROM `fox_district` [ RunTime:0.0032s ]
SQL: SHOW COLUMNS FROM `fox_auth_realname` [ RunTime:0.0027s ]
SQL: SHOW COLUMNS FROM `fox_auth_alipay` [ RunTime:0.0027s ]
SQL: SHOW COLUMNS FROM `fox_auth_bank` [ RunTime:0.0026s ]
ERR: SQLSTATE[42000]: Syntax error or access violation: 1064 You have an error in your SQL syntax; check the manual that corresponds to your MySQL server version for the right syntax to use near ')' at line 1

[ 2016-11-08T17:16:03+08:00 ] 127.0.0.1 /index.php/Home/User/administration.html?upid=
INFO: [ app_begin ] --START--
INFO: Run Behavior\ReadHtmlCacheBehavior [ RunTime:0.000415s ]
INFO: [ app_begin ] --END-- [ RunTime:0.000704s ]
SQL: SHOW COLUMNS FROM `fox_industry` [ RunTime:0.0029s ]
SQL: SELECT `industry_name`,`pic`,`industry_id` FROM `fox_industry` WHERE ( industry_pid=0 )  [ RunTime:0.0002s ]
SQL: SELECT `industry_id`,`industry_name` FROM `fox_industry` WHERE ( industry_pid=1 )  [ RunTime:0.0001s ]
SQL: SELECT `industry_id`,`industry_name` FROM `fox_industry` WHERE ( industry_pid=2 )  [ RunTime:0.0001s ]
SQL: SELECT `industry_id`,`industry_name` FROM `fox_industry` WHERE ( industry_pid=8 )  [ RunTime:0.0001s ]
SQL: SHOW COLUMNS FROM `fox_user` [ RunTime:0.0028s ]
SQL: SHOW COLUMNS FROM `fox_district` [ RunTime:0.0029s ]
SQL: SHOW COLUMNS FROM `fox_auth_realname` [ RunTime:0.0029s ]
SQL: SHOW COLUMNS FROM `fox_auth_alipay` [ RunTime:0.0030s ]
SQL: SHOW COLUMNS FROM `fox_auth_bank` [ RunTime:0.0023s ]
ERR: SQLSTATE[42000]: Syntax error or access violation: 1064 You have an error in your SQL syntax; check the manual that corresponds to your MySQL server version for the right syntax to use near ')' at line 1

[ 2016-11-08T17:16:04+08:00 ] 127.0.0.1 /index.php/Home/User/administration.html?upid=
INFO: [ app_begin ] --START--
INFO: Run Behavior\ReadHtmlCacheBehavior [ RunTime:0.000735s ]
INFO: [ app_begin ] --END-- [ RunTime:0.001057s ]
SQL: SHOW COLUMNS FROM `fox_industry` [ RunTime:0.0032s ]
SQL: SELECT `industry_name`,`pic`,`industry_id` FROM `fox_industry` WHERE ( industry_pid=0 )  [ RunTime:0.0003s ]
SQL: SELECT `industry_id`,`industry_name` FROM `fox_industry` WHERE ( industry_pid=1 )  [ RunTime:0.0002s ]
SQL: SELECT `industry_id`,`industry_name` FROM `fox_industry` WHERE ( industry_pid=2 )  [ RunTime:0.0002s ]
SQL: SELECT `industry_id`,`industry_name` FROM `fox_industry` WHERE ( industry_pid=8 )  [ RunTime:0.0001s ]
SQL: SHOW COLUMNS FROM `fox_user` [ RunTime:0.0032s ]
SQL: SHOW COLUMNS FROM `fox_district` [ RunTime:0.0022s ]
SQL: SHOW COLUMNS FROM `fox_auth_realname` [ RunTime:0.0027s ]
SQL: SHOW COLUMNS FROM `fox_auth_alipay` [ RunTime:0.0022s ]
SQL: SHOW COLUMNS FROM `fox_auth_bank` [ RunTime:0.0024s ]
ERR: SQLSTATE[42000]: Syntax error or access violation: 1064 You have an error in your SQL syntax; check the manual that corresponds to your MySQL server version for the right syntax to use near ')' at line 1

[ 2016-11-08T17:16:04+08:00 ] 127.0.0.1 /index.php/Home/User/administration.html?upid=
INFO: [ app_begin ] --START--
INFO: Run Behavior\ReadHtmlCacheBehavior [ RunTime:0.000785s ]
INFO: [ app_begin ] --END-- [ RunTime:0.001107s ]
SQL: SHOW COLUMNS FROM `fox_industry` [ RunTime:0.0025s ]
SQL: SELECT `industry_name`,`pic`,`industry_id` FROM `fox_industry` WHERE ( industry_pid=0 )  [ RunTime:0.0002s ]
SQL: SELECT `industry_id`,`industry_name` FROM `fox_industry` WHERE ( industry_pid=1 )  [ RunTime:0.0001s ]
SQL: SELECT `industry_id`,`industry_name` FROM `fox_industry` WHERE ( industry_pid=2 )  [ RunTime:0.0001s ]
SQL: SELECT `industry_id`,`industry_name` FROM `fox_industry` WHERE ( industry_pid=8 )  [ RunTime:0.0001s ]
SQL: SHOW COLUMNS FROM `fox_user` [ RunTime:0.0025s ]
SQL: SHOW COLUMNS FROM `fox_district` [ RunTime:0.0023s ]
SQL: SHOW COLUMNS FROM `fox_auth_realname` [ RunTime:0.0025s ]
SQL: SHOW COLUMNS FROM `fox_auth_alipay` [ RunTime:0.0025s ]
SQL: SHOW COLUMNS FROM `fox_auth_bank` [ RunTime:0.0023s ]
ERR: SQLSTATE[42000]: Syntax error or access violation: 1064 You have an error in your SQL syntax; check the manual that corresponds to your MySQL server version for the right syntax to use near ')' at line 1

[ 2016-11-08T17:16:08+08:00 ] 127.0.0.1 /index.php/Home/User/administration.html?upid=
INFO: [ app_begin ] --START--
INFO: Run Behavior\ReadHtmlCacheBehavior [ RunTime:0.000891s ]
INFO: [ app_begin ] --END-- [ RunTime:0.001303s ]
SQL: SHOW COLUMNS FROM `fox_industry` [ RunTime:0.0054s ]
SQL: SELECT `industry_name`,`pic`,`industry_id` FROM `fox_industry` WHERE ( industry_pid=0 )  [ RunTime:0.0002s ]
SQL: SELECT `industry_id`,`industry_name` FROM `fox_industry` WHERE ( industry_pid=1 )  [ RunTime:0.0002s ]
SQL: SELECT `industry_id`,`industry_name` FROM `fox_industry` WHERE ( industry_pid=2 )  [ RunTime:0.0001s ]
SQL: SELECT `industry_id`,`industry_name` FROM `fox_industry` WHERE ( industry_pid=8 )  [ RunTime:0.0001s ]
SQL: SHOW COLUMNS FROM `fox_user` [ RunTime:0.0025s ]
SQL: SHOW COLUMNS FROM `fox_district` [ RunTime:0.0024s ]
SQL: SHOW COLUMNS FROM `fox_auth_realname` [ RunTime:0.0026s ]
SQL: SHOW COLUMNS FROM `fox_auth_alipay` [ RunTime:0.0026s ]
SQL: SHOW COLUMNS FROM `fox_auth_bank` [ RunTime:0.0027s ]
ERR: SQLSTATE[42000]: Syntax error or access violation: 1064 You have an error in your SQL syntax; check the manual that corresponds to your MySQL server version for the right syntax to use near ')' at line 1

[ 2016-11-08T17:16:08+08:00 ] 127.0.0.1 /index.php/Home/User/administration.html?upid=
INFO: [ app_begin ] --START--
INFO: Run Behavior\ReadHtmlCacheBehavior [ RunTime:0.000452s ]
INFO: [ app_begin ] --END-- [ RunTime:0.000732s ]
SQL: SHOW COLUMNS FROM `fox_industry` [ RunTime:0.0028s ]
SQL: SELECT `industry_name`,`pic`,`industry_id` FROM `fox_industry` WHERE ( industry_pid=0 )  [ RunTime:0.0003s ]
SQL: SELECT `industry_id`,`industry_name` FROM `fox_industry` WHERE ( industry_pid=1 )  [ RunTime:0.0003s ]
SQL: SELECT `industry_id`,`industry_name` FROM `fox_industry` WHERE ( industry_pid=2 )  [ RunTime:0.0002s ]
SQL: SELECT `industry_id`,`industry_name` FROM `fox_industry` WHERE ( industry_pid=8 )  [ RunTime:0.0002s ]
SQL: SHOW COLUMNS FROM `fox_user` [ RunTime:0.0029s ]
SQL: SHOW COLUMNS FROM `fox_district` [ RunTime:0.0029s ]
SQL: SHOW COLUMNS FROM `fox_auth_realname` [ RunTime:0.0025s ]
SQL: SHOW COLUMNS FROM `fox_auth_alipay` [ RunTime:0.0027s ]
SQL: SHOW COLUMNS FROM `fox_auth_bank` [ RunTime:0.0027s ]
ERR: SQLSTATE[42000]: Syntax error or access violation: 1064 You have an error in your SQL syntax; check the manual that corresponds to your MySQL server version for the right syntax to use near ')' at line 1

[ 2016-11-08T17:48:38+08:00 ] 127.0.0.1 /index.php/Home/task/delivery
ERR: 参数错误或者未定义:task_id

[ 2016-11-08T17:48:40+08:00 ] 127.0.0.1 /index.php/Home/task/delivery
ERR: 参数错误或者未定义:task_id

[ 2016-11-08T17:59:14+08:00 ] 127.0.0.1 /index.php/Home/Index/index.html
INFO: [ app_begin ] --START--
INFO: Run Behavior\ReadHtmlCacheBehavior [ RunTime:0.000450s ]
INFO: [ app_begin ] --END-- [ RunTime:0.000718s ]
SQL: SHOW COLUMNS FROM `fox_industry` [ RunTime:0.0045s ]
SQL: SELECT `industry_name`,`pic`,`industry_id` FROM `fox_industry` WHERE ( industry_pid=0 )  [ RunTime:0.0002s ]
SQL: SELECT `industry_id`,`industry_name` FROM `fox_industry` WHERE ( industry_pid=1 )  [ RunTime:0.0002s ]
SQL: SELECT `industry_id`,`industry_name` FROM `fox_industry` WHERE ( industry_pid=2 )  [ RunTime:0.0002s ]
SQL: SELECT `industry_id`,`industry_name` FROM `fox_industry` WHERE ( industry_pid=8 )  [ RunTime:0.0002s ]
SQL: SHOW COLUMNS FROM `fox_user` [ RunTime:0.0026s ]
SQL: SELECT `user_id` FROM `fox_user` WHERE `username` = 'admin' AND `password` = '21232f297a57a5a743894a0e4a801fc3' LIMIT 1   [ RunTime:0.0002s ]
SQL: SELECT * FROM `fox_user` WHERE `user_id` = 1 LIMIT 1   [ RunTime:0.0002s ]

[ 2016-11-08T17:59:36+08:00 ] 127.0.0.1 /index.php/Home/index/register.html
INFO: [ app_begin ] --START--
INFO: Run Behavior\ReadHtmlCacheBehavior [ RunTime:0.000343s ]
INFO: [ app_begin ] --END-- [ RunTime:0.000534s ]
SQL: SHOW COLUMNS FROM `fox_industry` [ RunTime:0.0051s ]
SQL: SELECT `industry_name`,`pic`,`industry_id` FROM `fox_industry` WHERE ( industry_pid=0 )  [ RunTime:0.0002s ]
SQL: SELECT `industry_id`,`industry_name` FROM `fox_industry` WHERE ( industry_pid=1 )  [ RunTime:0.0002s ]
SQL: SELECT `industry_id`,`industry_name` FROM `fox_industry` WHERE ( industry_pid=2 )  [ RunTime:0.0002s ]
SQL: SELECT `industry_id`,`industry_name` FROM `fox_industry` WHERE ( industry_pid=8 )  [ RunTime:0.0001s ]
SQL: SHOW COLUMNS FROM `fox_user` [ RunTime:0.0021s ]
SQL: SELECT * FROM `fox_user` WHERE `username` = 'admin2' LIMIT 1   [ RunTime:0.0002s ]
SQL: INSERT INTO `fox_user` (`username`,`password`,`email`) VALUES ('admin2','21232f297a57a5a743894a0e4a801fc3','569795939@qq.com') [ RunTime:0.0017s ]

[ 2016-11-08T18:00:05+08:00 ] 127.0.0.1 /index.php/Home/Index/index.html
INFO: [ app_begin ] --START--
INFO: Run Behavior\ReadHtmlCacheBehavior [ RunTime:0.000500s ]
INFO: [ app_begin ] --END-- [ RunTime:0.000760s ]
SQL: SHOW COLUMNS FROM `fox_industry` [ RunTime:0.0049s ]
SQL: SELECT `industry_name`,`pic`,`industry_id` FROM `fox_industry` WHERE ( industry_pid=0 )  [ RunTime:0.0002s ]
SQL: SELECT `industry_id`,`industry_name` FROM `fox_industry` WHERE ( industry_pid=1 )  [ RunTime:0.0002s ]
SQL: SELECT `industry_id`,`industry_name` FROM `fox_industry` WHERE ( industry_pid=2 )  [ RunTime:0.0001s ]
SQL: SELECT `industry_id`,`industry_name` FROM `fox_industry` WHERE ( industry_pid=8 )  [ RunTime:0.0001s ]
SQL: SHOW COLUMNS FROM `fox_user` [ RunTime:0.0024s ]
SQL: SELECT `user_id` FROM `fox_user` WHERE `username` = 'admin3' AND `password` = '21232f297a57a5a743894a0e4a801fc3' LIMIT 1   [ RunTime:0.0001s ]
SQL: SELECT `is_activate` FROM `fox_user` WHERE `username` = 'admin3' AND `password` = '21232f297a57a5a743894a0e4a801fc3' LIMIT 1   [ RunTime:0.0001s ]

[ 2016-11-08T18:00:14+08:00 ] 127.0.0.1 /index.php/Home/Index/index.html
INFO: [ app_begin ] --START--
INFO: Run Behavior\ReadHtmlCacheBehavior [ RunTime:0.000331s ]
INFO: [ app_begin ] --END-- [ RunTime:0.000538s ]
SQL: SHOW COLUMNS FROM `fox_industry` [ RunTime:0.0020s ]
SQL: SELECT `industry_name`,`pic`,`industry_id` FROM `fox_industry` WHERE ( industry_pid=0 )  [ RunTime:0.0002s ]
SQL: SELECT `industry_id`,`industry_name` FROM `fox_industry` WHERE ( industry_pid=1 )  [ RunTime:0.0001s ]
SQL: SELECT `industry_id`,`industry_name` FROM `fox_industry` WHERE ( industry_pid=2 )  [ RunTime:0.0001s ]
SQL: SELECT `industry_id`,`industry_name` FROM `fox_industry` WHERE ( industry_pid=8 )  [ RunTime:0.0001s ]
SQL: SHOW COLUMNS FROM `fox_user` [ RunTime:0.0023s ]
SQL: SELECT `user_id` FROM `fox_user` WHERE `username` = 'admin3' AND `password` = '21232f297a57a5a743894a0e4a801fc3' LIMIT 1   [ RunTime:0.0002s ]
SQL: SELECT `is_activate` FROM `fox_user` WHERE `username` = 'admin3' AND `password` = '21232f297a57a5a743894a0e4a801fc3' LIMIT 1   [ RunTime:0.0001s ]

[ 2016-11-08T18:00:22+08:00 ] 127.0.0.1 /index.php/Home/Index/index.html
INFO: [ app_begin ] --START--
INFO: Run Behavior\ReadHtmlCacheBehavior [ RunTime:0.000524s ]
INFO: [ app_begin ] --END-- [ RunTime:0.000924s ]
SQL: SHOW COLUMNS FROM `fox_industry` [ RunTime:0.0039s ]
SQL: SELECT `industry_name`,`pic`,`industry_id` FROM `fox_industry` WHERE ( industry_pid=0 )  [ RunTime:0.0002s ]
SQL: SELECT `industry_id`,`industry_name` FROM `fox_industry` WHERE ( industry_pid=1 )  [ RunTime:0.0002s ]
SQL: SELECT `industry_id`,`industry_name` FROM `fox_industry` WHERE ( industry_pid=2 )  [ RunTime:0.0001s ]
SQL: SELECT `industry_id`,`industry_name` FROM `fox_industry` WHERE ( industry_pid=8 )  [ RunTime:0.0001s ]
SQL: SHOW COLUMNS FROM `fox_user` [ RunTime:0.0018s ]
SQL: SELECT `user_id` FROM `fox_user` WHERE `username` = 'admin3' AND `password` = '21232f297a57a5a743894a0e4a801fc3' LIMIT 1   [ RunTime:0.0001s ]
SQL: SELECT `is_activate` FROM `fox_user` WHERE `username` = 'admin3' AND `password` = '21232f297a57a5a743894a0e4a801fc3' LIMIT 1   [ RunTime:0.0001s ]

[ 2016-11-08T18:00:37+08:00 ] 127.0.0.1 /index.php/Home/Index/index.html
INFO: [ app_begin ] --START--
INFO: Run Behavior\ReadHtmlCacheBehavior [ RunTime:0.000415s ]
INFO: [ app_begin ] --END-- [ RunTime:0.000675s ]
SQL: SHOW COLUMNS FROM `fox_industry` [ RunTime:0.0076s ]
SQL: SELECT `industry_name`,`pic`,`industry_id` FROM `fox_industry` WHERE ( industry_pid=0 )  [ RunTime:0.0002s ]
SQL: SELECT `industry_id`,`industry_name` FROM `fox_industry` WHERE ( industry_pid=1 )  [ RunTime:0.0002s ]
SQL: SELECT `industry_id`,`industry_name` FROM `fox_industry` WHERE ( industry_pid=2 )  [ RunTime:0.0002s ]
SQL: SELECT `industry_id`,`industry_name` FROM `fox_industry` WHERE ( industry_pid=8 )  [ RunTime:0.0002s ]
SQL: SHOW COLUMNS FROM `fox_user` [ RunTime:0.0022s ]
SQL: SELECT `user_id` FROM `fox_user` WHERE `username` = 'admin3' AND `password` = '21232f297a57a5a743894a0e4a801fc3' LIMIT 1   [ RunTime:0.0002s ]
SQL: SELECT `is_activate` FROM `fox_user` WHERE `username` = 'admin3' AND `password` = '21232f297a57a5a743894a0e4a801fc3' LIMIT 1   [ RunTime:0.0001s ]

[ 2016-11-08T18:00:49+08:00 ] 127.0.0.1 /index.php/Home/Index/index.html
INFO: [ app_begin ] --START--
INFO: Run Behavior\ReadHtmlCacheBehavior [ RunTime:0.000477s ]
INFO: [ app_begin ] --END-- [ RunTime:0.000755s ]
SQL: SHOW COLUMNS FROM `fox_industry` [ RunTime:0.0048s ]
SQL: SELECT `industry_name`,`pic`,`industry_id` FROM `fox_industry` WHERE ( industry_pid=0 )  [ RunTime:0.0002s ]
SQL: SELECT `industry_id`,`industry_name` FROM `fox_industry` WHERE ( industry_pid=1 )  [ RunTime:0.0002s ]
SQL: SELECT `industry_id`,`industry_name` FROM `fox_industry` WHERE ( industry_pid=2 )  [ RunTime:0.0001s ]
SQL: SELECT `industry_id`,`industry_name` FROM `fox_industry` WHERE ( industry_pid=8 )  [ RunTime:0.0001s ]
SQL: SHOW COLUMNS FROM `fox_user` [ RunTime:0.0020s ]
SQL: SELECT `user_id` FROM `fox_user` WHERE `username` = 'admin3' AND `password` = '21232f297a57a5a743894a0e4a801fc3' LIMIT 1   [ RunTime:0.0001s ]
SQL: SELECT `is_activate` FROM `fox_user` WHERE `username` = 'admin3' AND `password` = '21232f297a57a5a743894a0e4a801fc3' LIMIT 1   [ RunTime:0.0001s ]

[ 2016-11-08T18:01:02+08:00 ] 127.0.0.1 /index.php/Home/Index/index.html
INFO: [ app_begin ] --START--
INFO: Run Behavior\ReadHtmlCacheBehavior [ RunTime:0.000448s ]
INFO: [ app_begin ] --END-- [ RunTime:0.000642s ]
SQL: SHOW COLUMNS FROM `fox_industry` [ RunTime:0.0051s ]
SQL: SELECT `industry_name`,`pic`,`industry_id` FROM `fox_industry` WHERE ( industry_pid=0 )  [ RunTime:0.0002s ]
SQL: SELECT `industry_id`,`industry_name` FROM `fox_industry` WHERE ( industry_pid=1 )  [ RunTime:0.0003s ]
SQL: SELECT `industry_id`,`industry_name` FROM `fox_industry` WHERE ( industry_pid=2 )  [ RunTime:0.0002s ]
SQL: SELECT `industry_id`,`industry_name` FROM `fox_industry` WHERE ( industry_pid=8 )  [ RunTime:0.0003s ]
SQL: SHOW COLUMNS FROM `fox_user` [ RunTime:0.0025s ]
SQL: SELECT `user_id` FROM `fox_user` WHERE `username` = 'admin2' AND `password` = '21232f297a57a5a743894a0e4a801fc3' LIMIT 1   [ RunTime:0.0002s ]

[ 2016-11-08T18:01:09+08:00 ] 127.0.0.1 /index.php/Home/Index/index.html
INFO: [ app_begin ] --START--
INFO: Run Behavior\ReadHtmlCacheBehavior [ RunTime:0.000399s ]
INFO: [ app_begin ] --END-- [ RunTime:0.000699s ]
SQL: SHOW COLUMNS FROM `fox_industry` [ RunTime:0.0046s ]
SQL: SELECT `industry_name`,`pic`,`industry_id` FROM `fox_industry` WHERE ( industry_pid=0 )  [ RunTime:0.0003s ]
SQL: SELECT `industry_id`,`industry_name` FROM `fox_industry` WHERE ( industry_pid=1 )  [ RunTime:0.0002s ]
SQL: SELECT `industry_id`,`industry_name` FROM `fox_industry` WHERE ( industry_pid=2 )  [ RunTime:0.0002s ]
SQL: SELECT `industry_id`,`industry_name` FROM `fox_industry` WHERE ( industry_pid=8 )  [ RunTime:0.0002s ]
SQL: SHOW COLUMNS FROM `fox_user` [ RunTime:0.0018s ]
SQL: SELECT `user_id` FROM `fox_user` WHERE `username` = 'admin2' AND `password` = '21232f297a57a5a743894a0e4a801fc3' LIMIT 1   [ RunTime:0.0003s ]
SQL: SELECT * FROM `fox_user` WHERE `user_id` = 3 LIMIT 1   [ RunTime:0.0005s ]

[ 2016-11-08T18:05:49+08:00 ] 127.0.0.1 /index.php/Home/User/administration.html?upid=
INFO: [ app_begin ] --START--
INFO: Run Behavior\ReadHtmlCacheBehavior [ RunTime:0.000426s ]
INFO: [ app_begin ] --END-- [ RunTime:0.000641s ]
SQL: SHOW COLUMNS FROM `fox_industry` [ RunTime:0.0041s ]
SQL: SELECT `industry_name`,`pic`,`industry_id` FROM `fox_industry` WHERE ( industry_pid=0 )  [ RunTime:0.0002s ]
SQL: SELECT `industry_id`,`industry_name` FROM `fox_industry` WHERE ( industry_pid=1 )  [ RunTime:0.0001s ]
SQL: SELECT `industry_id`,`industry_name` FROM `fox_industry` WHERE ( industry_pid=2 )  [ RunTime:0.0001s ]
SQL: SELECT `industry_id`,`industry_name` FROM `fox_industry` WHERE ( industry_pid=8 )  [ RunTime:0.0001s ]
SQL: SHOW COLUMNS FROM `fox_user` [ RunTime:0.0021s ]
SQL: SHOW COLUMNS FROM `fox_district` [ RunTime:0.0017s ]
SQL: SHOW COLUMNS FROM `fox_auth_realname` [ RunTime:0.0017s ]
SQL: SHOW COLUMNS FROM `fox_auth_alipay` [ RunTime:0.0017s ]
SQL: SHOW COLUMNS FROM `fox_auth_bank` [ RunTime:0.0018s ]
ERR: SQLSTATE[42000]: Syntax error or access violation: 1064 You have an error in your SQL syntax; check the manual that corresponds to your MySQL server version for the right syntax to use near ')' at line 1

[ 2016-11-08T18:05:49+08:00 ] 127.0.0.1 /index.php/Home/User/administration.html?upid=
INFO: [ app_begin ] --START--
INFO: Run Behavior\ReadHtmlCacheBehavior [ RunTime:0.000403s ]
INFO: [ app_begin ] --END-- [ RunTime:0.000606s ]
SQL: SHOW COLUMNS FROM `fox_industry` [ RunTime:0.0020s ]
SQL: SELECT `industry_name`,`pic`,`industry_id` FROM `fox_industry` WHERE ( industry_pid=0 )  [ RunTime:0.0002s ]
SQL: SELECT `industry_id`,`industry_name` FROM `fox_industry` WHERE ( industry_pid=1 )  [ RunTime:0.0001s ]
SQL: SELECT `industry_id`,`industry_name` FROM `fox_industry` WHERE ( industry_pid=2 )  [ RunTime:0.0001s ]
SQL: SELECT `industry_id`,`industry_name` FROM `fox_industry` WHERE ( industry_pid=8 )  [ RunTime:0.0001s ]
SQL: SHOW COLUMNS FROM `fox_user` [ RunTime:0.0020s ]
SQL: SHOW COLUMNS FROM `fox_district` [ RunTime:0.0018s ]
SQL: SHOW COLUMNS FROM `fox_auth_realname` [ RunTime:0.0019s ]
SQL: SHOW COLUMNS FROM `fox_auth_alipay` [ RunTime:0.0018s ]
SQL: SHOW COLUMNS FROM `fox_auth_bank` [ RunTime:0.0017s ]
ERR: SQLSTATE[42000]: Syntax error or access violation: 1064 You have an error in your SQL syntax; check the manual that corresponds to your MySQL server version for the right syntax to use near ')' at line 1

[ 2016-11-08T18:06:25+08:00 ] 127.0.0.1 /index.php/Home/User/administration.html?upid=
INFO: [ app_begin ] --START--
INFO: Run Behavior\ReadHtmlCacheBehavior [ RunTime:0.000424s ]
INFO: [ app_begin ] --END-- [ RunTime:0.000636s ]
SQL: SHOW COLUMNS FROM `fox_industry` [ RunTime:0.0039s ]
SQL: SELECT `industry_name`,`pic`,`industry_id` FROM `fox_industry` WHERE ( industry_pid=0 )  [ RunTime:0.0003s ]
SQL: SELECT `industry_id`,`industry_name` FROM `fox_industry` WHERE ( industry_pid=1 )  [ RunTime:0.0002s ]
SQL: SELECT `industry_id`,`industry_name` FROM `fox_industry` WHERE ( industry_pid=2 )  [ RunTime:0.0001s ]
SQL: SELECT `industry_id`,`industry_name` FROM `fox_industry` WHERE ( industry_pid=8 )  [ RunTime:0.0001s ]
SQL: SHOW COLUMNS FROM `fox_user` [ RunTime:0.0019s ]
SQL: SHOW COLUMNS FROM `fox_district` [ RunTime:0.0019s ]
SQL: SHOW COLUMNS FROM `fox_auth_realname` [ RunTime:0.0015s ]
SQL: SHOW COLUMNS FROM `fox_auth_alipay` [ RunTime:0.0018s ]
SQL: SHOW COLUMNS FROM `fox_auth_bank` [ RunTime:0.0017s ]
ERR: SQLSTATE[42000]: Syntax error or access violation: 1064 You have an error in your SQL syntax; check the manual that corresponds to your MySQL server version for the right syntax to use near ')' at line 1

[ 2016-11-08T18:06:25+08:00 ] 127.0.0.1 /index.php/Home/User/administration.html?upid=
INFO: [ app_begin ] --START--
INFO: Run Behavior\ReadHtmlCacheBehavior [ RunTime:0.000401s ]
INFO: [ app_begin ] --END-- [ RunTime:0.000606s ]
SQL: SHOW COLUMNS FROM `fox_industry` [ RunTime:0.0020s ]
SQL: SELECT `industry_name`,`pic`,`industry_id` FROM `fox_industry` WHERE ( industry_pid=0 )  [ RunTime:0.0002s ]
SQL: SELECT `industry_id`,`industry_name` FROM `fox_industry` WHERE ( industry_pid=1 )  [ RunTime:0.0001s ]
SQL: SELECT `industry_id`,`industry_name` FROM `fox_industry` WHERE ( industry_pid=2 )  [ RunTime:0.0001s ]
SQL: SELECT `industry_id`,`industry_name` FROM `fox_industry` WHERE ( industry_pid=8 )  [ RunTime:0.0001s ]
SQL: SHOW COLUMNS FROM `fox_user` [ RunTime:0.0016s ]
SQL: SHOW COLUMNS FROM `fox_district` [ RunTime:0.0017s ]
SQL: SHOW COLUMNS FROM `fox_auth_realname` [ RunTime:0.0015s ]
SQL: SHOW COLUMNS FROM `fox_auth_alipay` [ RunTime:0.0018s ]
SQL: SHOW COLUMNS FROM `fox_auth_bank` [ RunTime:0.0017s ]
ERR: SQLSTATE[42000]: Syntax error or access violation: 1064 You have an error in your SQL syntax; check the manual that corresponds to your MySQL server version for the right syntax to use near ')' at line 1

