[ 2016-11-02T09:22:23+08:00 ] 127.0.0.1 /index.php/Home/Index/index.html
INFO: [ app_begin ] --START--
INFO: Run Behavior\ReadHtmlCacheBehavior [ RunTime:0.000366s ]
INFO: [ app_begin ] --END-- [ RunTime:0.000644s ]
SQL: SHOW COLUMNS FROM `fox_user` [ RunTime:0.0023s ]
SQL: SELECT `user_id` FROM `fox_user` WHERE `username` = 'admin' AND `password` = '21232f297a57a5a743894a0e4a801fc3' LIMIT 1   [ RunTime:0.0005s ]
SQL: SELECT * FROM `fox_user` LIMIT 1   [ RunTime:0.0002s ]

[ 2016-11-02T09:22:34+08:00 ] 127.0.0.1 /index.php/Home/User/administration.html?upid=3
INFO: [ app_begin ] --START--
INFO: Run Behavior\ReadHtmlCacheBehavior [ RunTime:0.000333s ]
INFO: [ app_begin ] --END-- [ RunTime:0.000599s ]
SQL: SHOW COLUMNS FROM `fox_user` [ RunTime:0.0032s ]
SQL: SHOW COLUMNS FROM `fox_district` [ RunTime:0.0027s ]
SQL: SHOW COLUMNS FROM `fox_auth_realname` [ RunTime:0.0024s ]
SQL: SHOW COLUMNS FROM `fox_auth_alipay` [ RunTime:0.0023s ]
SQL: SHOW COLUMNS FROM `fox_auth_bank` [ RunTime:0.0023s ]
SQL: SELECT * FROM `fox_district` WHERE ( upid=3 )  [ RunTime:0.0004s ]

[ 2016-11-02T09:22:34+08:00 ] 127.0.0.1 /index.php/Home/User/administration.html?upid=1
INFO: [ app_begin ] --START--
INFO: Run Behavior\ReadHtmlCacheBehavior [ RunTime:0.000464s ]
INFO: [ app_begin ] --END-- [ RunTime:0.000780s ]
SQL: SHOW COLUMNS FROM `fox_user` [ RunTime:0.0026s ]
SQL: SHOW COLUMNS FROM `fox_district` [ RunTime:0.0021s ]
SQL: SHOW COLUMNS FROM `fox_auth_realname` [ RunTime:0.0030s ]
SQL: SHOW COLUMNS FROM `fox_auth_alipay` [ RunTime:0.0022s ]
SQL: SHOW COLUMNS FROM `fox_auth_bank` [ RunTime:0.0021s ]
SQL: SELECT * FROM `fox_district` WHERE ( upid=1 )  [ RunTime:0.0003s ]

[ 2016-11-02T11:38:11+08:00 ] 127.0.0.1 /index.php/Home/serve/Supermarketserve.html
ERR: Think\Controller:top方法不存在！

[ 2016-11-02T11:38:59+08:00 ] 127.0.0.1 /index.php/Home/serve/Supermarketserve.html
ERR: Think\Controller:top方法不存在！

[ 2016-11-02T11:38:59+08:00 ] 127.0.0.1 /index.php/Home/serve/Supermarketserve.html
ERR: Think\Controller:top方法不存在！

[ 2016-11-02T11:39:00+08:00 ] 127.0.0.1 /index.php/Home/serve/Supermarketserve.html
ERR: Think\Controller:top方法不存在！

[ 2016-11-02T11:39:00+08:00 ] 127.0.0.1 /index.php/Home/serve/Supermarketserve.html
ERR: Think\Controller:top方法不存在！

[ 2016-11-02T11:39:00+08:00 ] 127.0.0.1 /index.php/Home/serve/Supermarketserve.html
ERR: Think\Controller:top方法不存在！

[ 2016-11-02T11:39:00+08:00 ] 127.0.0.1 /index.php/Home/serve/Supermarketserve.html
ERR: Think\Controller:top方法不存在！

[ 2016-11-02T11:39:00+08:00 ] 127.0.0.1 /index.php/Home/serve/Supermarketserve.html
ERR: Think\Controller:top方法不存在！

[ 2016-11-02T11:39:00+08:00 ] 127.0.0.1 /index.php/Home/serve/Supermarketserve.html
ERR: Think\Controller:top方法不存在！

[ 2016-11-02T11:39:00+08:00 ] 127.0.0.1 /index.php/Home/serve/Supermarketserve.html
ERR: Think\Controller:top方法不存在！

[ 2016-11-02T11:51:05+08:00 ] 127.0.0.1 /index.php/Home/index/index.html
ERR: SQLSTATE[42000]: Syntax error or access violation: 1064 You have an error in your SQL syntax; check the manual that corresponds to your MySQL server version for the right syntax to use near ')' at line 1

[ 2016-11-02T11:51:06+08:00 ] 127.0.0.1 /index.php/Home/index/index.html
ERR: SQLSTATE[42000]: Syntax error or access violation: 1064 You have an error in your SQL syntax; check the manual that corresponds to your MySQL server version for the right syntax to use near ')' at line 1

[ 2016-11-02T15:46:18+08:00 ] 127.0.0.1 /index.php/Home/Index/index.html
INFO: [ app_begin ] --START--
INFO: Run Behavior\ReadHtmlCacheBehavior [ RunTime:0.000355s ]
INFO: [ app_begin ] --END-- [ RunTime:0.000693s ]
SQL: SHOW COLUMNS FROM `fox_industry` [ RunTime:0.0044s ]
SQL: SELECT `industry_name`,`pic`,`industry_id` FROM `fox_industry` WHERE ( industry_pid=0 )  [ RunTime:0.0002s ]
SQL: SELECT `industry_id`,`industry_name` FROM `fox_industry` WHERE ( industry_pid=1 )  [ RunTime:0.0002s ]
SQL: SELECT `industry_id`,`industry_name` FROM `fox_industry` WHERE ( industry_pid=2 )  [ RunTime:0.0002s ]
SQL: SELECT `industry_id`,`industry_name` FROM `fox_industry` WHERE ( industry_pid=8 )  [ RunTime:0.0002s ]
SQL: SHOW COLUMNS FROM `fox_user` [ RunTime:0.0023s ]
SQL: SELECT `user_id` FROM `fox_user` WHERE `username` = 'admin' AND `password` = '21232f297a57a5a743894a0e4a801fc3' LIMIT 1   [ RunTime:0.0002s ]
SQL: SELECT * FROM `fox_user` LIMIT 1   [ RunTime:0.0002s ]

[ 2016-11-02T15:46:23+08:00 ] 127.0.0.1 /index.php/Home/User/administration.html?upid=3
INFO: [ app_begin ] --START--
INFO: Run Behavior\ReadHtmlCacheBehavior [ RunTime:0.000338s ]
INFO: [ app_begin ] --END-- [ RunTime:0.000631s ]
SQL: SHOW COLUMNS FROM `fox_industry` [ RunTime:0.0050s ]
SQL: SELECT `industry_name`,`pic`,`industry_id` FROM `fox_industry` WHERE ( industry_pid=0 )  [ RunTime:0.0005s ]
SQL: SELECT `industry_id`,`industry_name` FROM `fox_industry` WHERE ( industry_pid=1 )  [ RunTime:0.0003s ]
SQL: SELECT `industry_id`,`industry_name` FROM `fox_industry` WHERE ( industry_pid=2 )  [ RunTime:0.0002s ]
SQL: SELECT `industry_id`,`industry_name` FROM `fox_industry` WHERE ( industry_pid=8 )  [ RunTime:0.0003s ]
SQL: SHOW COLUMNS FROM `fox_user` [ RunTime:0.0037s ]
SQL: SHOW COLUMNS FROM `fox_district` [ RunTime:0.0030s ]
SQL: SHOW COLUMNS FROM `fox_auth_realname` [ RunTime:0.0027s ]
SQL: SHOW COLUMNS FROM `fox_auth_alipay` [ RunTime:0.0023s ]
SQL: SHOW COLUMNS FROM `fox_auth_bank` [ RunTime:0.0028s ]
SQL: SELECT * FROM `fox_district` WHERE ( upid=3 )  [ RunTime:0.0005s ]

[ 2016-11-02T15:46:23+08:00 ] 127.0.0.1 /index.php/Home/User/administration.html?upid=1
INFO: [ app_begin ] --START--
INFO: Run Behavior\ReadHtmlCacheBehavior [ RunTime:0.000562s ]
INFO: [ app_begin ] --END-- [ RunTime:0.000869s ]
SQL: SHOW COLUMNS FROM `fox_industry` [ RunTime:0.0030s ]
SQL: SELECT `industry_name`,`pic`,`industry_id` FROM `fox_industry` WHERE ( industry_pid=0 )  [ RunTime:0.0003s ]
SQL: SELECT `industry_id`,`industry_name` FROM `fox_industry` WHERE ( industry_pid=1 )  [ RunTime:0.0002s ]
SQL: SELECT `industry_id`,`industry_name` FROM `fox_industry` WHERE ( industry_pid=2 )  [ RunTime:0.0002s ]
SQL: SELECT `industry_id`,`industry_name` FROM `fox_industry` WHERE ( industry_pid=8 )  [ RunTime:0.0001s ]
SQL: SHOW COLUMNS FROM `fox_user` [ RunTime:0.0033s ]
SQL: SHOW COLUMNS FROM `fox_district` [ RunTime:0.0024s ]
SQL: SHOW COLUMNS FROM `fox_auth_realname` [ RunTime:0.0022s ]
SQL: SHOW COLUMNS FROM `fox_auth_alipay` [ RunTime:0.0021s ]
SQL: SHOW COLUMNS FROM `fox_auth_bank` [ RunTime:0.0022s ]
SQL: SELECT * FROM `fox_district` WHERE ( upid=1 )  [ RunTime:0.0003s ]

[ 2016-11-02T15:48:58+08:00 ] 127.0.0.1 /index.php/Home/User/administration.html?upid=3
INFO: [ app_begin ] --START--
INFO: Run Behavior\ReadHtmlCacheBehavior [ RunTime:0.000493s ]
INFO: [ app_begin ] --END-- [ RunTime:0.000857s ]
SQL: SHOW COLUMNS FROM `fox_industry` [ RunTime:0.0033s ]
SQL: SELECT `industry_name`,`pic`,`industry_id` FROM `fox_industry` WHERE ( industry_pid=0 )  [ RunTime:0.0004s ]
SQL: SELECT `industry_id`,`industry_name` FROM `fox_industry` WHERE ( industry_pid=1 )  [ RunTime:0.0004s ]
SQL: SELECT `industry_id`,`industry_name` FROM `fox_industry` WHERE ( industry_pid=2 )  [ RunTime:0.0003s ]
SQL: SELECT `industry_id`,`industry_name` FROM `fox_industry` WHERE ( industry_pid=8 )  [ RunTime:0.0003s ]
SQL: SHOW COLUMNS FROM `fox_user` [ RunTime:0.0081s ]
SQL: SHOW COLUMNS FROM `fox_district` [ RunTime:0.0023s ]
SQL: SHOW COLUMNS FROM `fox_auth_realname` [ RunTime:0.0022s ]
SQL: SHOW COLUMNS FROM `fox_auth_alipay` [ RunTime:0.0028s ]
SQL: SHOW COLUMNS FROM `fox_auth_bank` [ RunTime:0.0026s ]
SQL: SELECT * FROM `fox_district` WHERE ( upid=3 )  [ RunTime:0.0003s ]

[ 2016-11-02T15:48:58+08:00 ] 127.0.0.1 /index.php/Home/User/administration.html?upid=1
INFO: [ app_begin ] --START--
INFO: Run Behavior\ReadHtmlCacheBehavior [ RunTime:0.000485s ]
INFO: [ app_begin ] --END-- [ RunTime:0.000876s ]
SQL: SHOW COLUMNS FROM `fox_industry` [ RunTime:0.0026s ]
SQL: SELECT `industry_name`,`pic`,`industry_id` FROM `fox_industry` WHERE ( industry_pid=0 )  [ RunTime:0.0004s ]
SQL: SELECT `industry_id`,`industry_name` FROM `fox_industry` WHERE ( industry_pid=1 )  [ RunTime:0.0002s ]
SQL: SELECT `industry_id`,`industry_name` FROM `fox_industry` WHERE ( industry_pid=2 )  [ RunTime:0.0002s ]
SQL: SELECT `industry_id`,`industry_name` FROM `fox_industry` WHERE ( industry_pid=8 )  [ RunTime:0.0002s ]
SQL: SHOW COLUMNS FROM `fox_user` [ RunTime:0.0026s ]
SQL: SHOW COLUMNS FROM `fox_district` [ RunTime:0.0023s ]
SQL: SHOW COLUMNS FROM `fox_auth_realname` [ RunTime:0.0022s ]
SQL: SHOW COLUMNS FROM `fox_auth_alipay` [ RunTime:0.0020s ]
SQL: SHOW COLUMNS FROM `fox_auth_bank` [ RunTime:0.0020s ]
SQL: SELECT * FROM `fox_district` WHERE ( upid=1 )  [ RunTime:0.0003s ]

[ 2016-11-02T17:58:36+08:00 ] 127.0.0.1 /index.php/Home/User/administration.html?upid=3
INFO: [ app_begin ] --START--
INFO: Run Behavior\ReadHtmlCacheBehavior [ RunTime:0.000592s ]
INFO: [ app_begin ] --END-- [ RunTime:0.000907s ]
SQL: SHOW COLUMNS FROM `fox_industry` [ RunTime:0.0038s ]
SQL: SELECT `industry_name`,`pic`,`industry_id` FROM `fox_industry` WHERE ( industry_pid=0 )  [ RunTime:0.0005s ]
SQL: SELECT `industry_id`,`industry_name` FROM `fox_industry` WHERE ( industry_pid=1 )  [ RunTime:0.0004s ]
SQL: SELECT `industry_id`,`industry_name` FROM `fox_industry` WHERE ( industry_pid=2 )  [ RunTime:0.0003s ]
SQL: SELECT `industry_id`,`industry_name` FROM `fox_industry` WHERE ( industry_pid=8 )  [ RunTime:0.0004s ]
SQL: SHOW COLUMNS FROM `fox_user` [ RunTime:0.0031s ]
SQL: SHOW COLUMNS FROM `fox_district` [ RunTime:0.0025s ]
SQL: SHOW COLUMNS FROM `fox_auth_realname` [ RunTime:0.0027s ]
SQL: SHOW COLUMNS FROM `fox_auth_alipay` [ RunTime:0.0026s ]
SQL: SHOW COLUMNS FROM `fox_auth_bank` [ RunTime:0.0023s ]
SQL: SELECT * FROM `fox_district` WHERE ( upid=3 )  [ RunTime:0.0003s ]

[ 2016-11-02T17:58:36+08:00 ] 127.0.0.1 /index.php/Home/User/administration.html?upid=
INFO: [ app_begin ] --START--
INFO: Run Behavior\ReadHtmlCacheBehavior [ RunTime:0.000564s ]
INFO: [ app_begin ] --END-- [ RunTime:0.000945s ]
SQL: SHOW COLUMNS FROM `fox_industry` [ RunTime:0.0027s ]
SQL: SELECT `industry_name`,`pic`,`industry_id` FROM `fox_industry` WHERE ( industry_pid=0 )  [ RunTime:0.0002s ]
SQL: SELECT `industry_id`,`industry_name` FROM `fox_industry` WHERE ( industry_pid=1 )  [ RunTime:0.0001s ]
SQL: SELECT `industry_id`,`industry_name` FROM `fox_industry` WHERE ( industry_pid=2 )  [ RunTime:0.0001s ]
SQL: SELECT `industry_id`,`industry_name` FROM `fox_industry` WHERE ( industry_pid=8 )  [ RunTime:0.0001s ]
SQL: SHOW COLUMNS FROM `fox_user` [ RunTime:0.0029s ]
SQL: SHOW COLUMNS FROM `fox_district` [ RunTime:0.0026s ]
SQL: SHOW COLUMNS FROM `fox_auth_realname` [ RunTime:0.0023s ]
SQL: SHOW COLUMNS FROM `fox_auth_alipay` [ RunTime:0.0021s ]
SQL: SHOW COLUMNS FROM `fox_auth_bank` [ RunTime:0.0025s ]
ERR: SQLSTATE[42000]: Syntax error or access violation: 1064 You have an error in your SQL syntax; check the manual that corresponds to your MySQL server version for the right syntax to use near ')' at line 1

[ 2016-11-02T17:58:46+08:00 ] 127.0.0.1 /index.php/Home/User/administration.html?upid=3
INFO: [ app_begin ] --START--
INFO: Run Behavior\ReadHtmlCacheBehavior [ RunTime:0.000852s ]
INFO: [ app_begin ] --END-- [ RunTime:0.001232s ]
SQL: SHOW COLUMNS FROM `fox_industry` [ RunTime:0.0063s ]
SQL: SELECT `industry_name`,`pic`,`industry_id` FROM `fox_industry` WHERE ( industry_pid=0 )  [ RunTime:0.0003s ]
SQL: SELECT `industry_id`,`industry_name` FROM `fox_industry` WHERE ( industry_pid=1 )  [ RunTime:0.0003s ]
SQL: SELECT `industry_id`,`industry_name` FROM `fox_industry` WHERE ( industry_pid=2 )  [ RunTime:0.0002s ]
SQL: SELECT `industry_id`,`industry_name` FROM `fox_industry` WHERE ( industry_pid=8 )  [ RunTime:0.0002s ]
SQL: SHOW COLUMNS FROM `fox_user` [ RunTime:0.0035s ]
SQL: SHOW COLUMNS FROM `fox_district` [ RunTime:0.0025s ]
SQL: SHOW COLUMNS FROM `fox_auth_realname` [ RunTime:0.0025s ]
SQL: SHOW COLUMNS FROM `fox_auth_alipay` [ RunTime:0.0033s ]
SQL: SHOW COLUMNS FROM `fox_auth_bank` [ RunTime:0.0026s ]
SQL: SELECT * FROM `fox_district` WHERE ( upid=3 )  [ RunTime:0.0003s ]

[ 2016-11-02T17:58:46+08:00 ] 127.0.0.1 /index.php/Home/User/administration.html?upid=
INFO: [ app_begin ] --START--
INFO: Run Behavior\ReadHtmlCacheBehavior [ RunTime:0.000671s ]
INFO: [ app_begin ] --END-- [ RunTime:0.000990s ]
SQL: SHOW COLUMNS FROM `fox_industry` [ RunTime:0.0026s ]
SQL: SELECT `industry_name`,`pic`,`industry_id` FROM `fox_industry` WHERE ( industry_pid=0 )  [ RunTime:0.0002s ]
SQL: SELECT `industry_id`,`industry_name` FROM `fox_industry` WHERE ( industry_pid=1 )  [ RunTime:0.0002s ]
SQL: SELECT `industry_id`,`industry_name` FROM `fox_industry` WHERE ( industry_pid=2 )  [ RunTime:0.0001s ]
SQL: SELECT `industry_id`,`industry_name` FROM `fox_industry` WHERE ( industry_pid=8 )  [ RunTime:0.0001s ]
SQL: SHOW COLUMNS FROM `fox_user` [ RunTime:0.0027s ]
SQL: SHOW COLUMNS FROM `fox_district` [ RunTime:0.0025s ]
SQL: SHOW COLUMNS FROM `fox_auth_realname` [ RunTime:0.0023s ]
SQL: SHOW COLUMNS FROM `fox_auth_alipay` [ RunTime:0.0024s ]
SQL: SHOW COLUMNS FROM `fox_auth_bank` [ RunTime:0.0028s ]
ERR: SQLSTATE[42000]: Syntax error or access violation: 1064 You have an error in your SQL syntax; check the manual that corresponds to your MySQL server version for the right syntax to use near ')' at line 1

[ 2016-11-02T17:58:46+08:00 ] 127.0.0.1 /index.php/Home/User/administration.html?upid=
INFO: [ app_begin ] --START--
INFO: Run Behavior\ReadHtmlCacheBehavior [ RunTime:0.000332s ]
INFO: [ app_begin ] --END-- [ RunTime:0.000593s ]
SQL: SHOW COLUMNS FROM `fox_industry` [ RunTime:0.0029s ]
SQL: SELECT `industry_name`,`pic`,`industry_id` FROM `fox_industry` WHERE ( industry_pid=0 )  [ RunTime:0.0003s ]
SQL: SELECT `industry_id`,`industry_name` FROM `fox_industry` WHERE ( industry_pid=1 )  [ RunTime:0.0002s ]
SQL: SELECT `industry_id`,`industry_name` FROM `fox_industry` WHERE ( industry_pid=2 )  [ RunTime:0.0002s ]
SQL: SELECT `industry_id`,`industry_name` FROM `fox_industry` WHERE ( industry_pid=8 )  [ RunTime:0.0002s ]
SQL: SHOW COLUMNS FROM `fox_user` [ RunTime:0.0029s ]
SQL: SHOW COLUMNS FROM `fox_district` [ RunTime:0.0024s ]
SQL: SHOW COLUMNS FROM `fox_auth_realname` [ RunTime:0.0023s ]
SQL: SHOW COLUMNS FROM `fox_auth_alipay` [ RunTime:0.0025s ]
SQL: SHOW COLUMNS FROM `fox_auth_bank` [ RunTime:0.0025s ]
ERR: SQLSTATE[42000]: Syntax error or access violation: 1064 You have an error in your SQL syntax; check the manual that corresponds to your MySQL server version for the right syntax to use near ')' at line 1

[ 2016-11-02T17:58:46+08:00 ] 127.0.0.1 /index.php/Home/User/administration.html?upid=3
INFO: [ app_begin ] --START--
INFO: Run Behavior\ReadHtmlCacheBehavior [ RunTime:0.000518s ]
INFO: [ app_begin ] --END-- [ RunTime:0.000831s ]
SQL: SHOW COLUMNS FROM `fox_industry` [ RunTime:0.0028s ]
SQL: SELECT `industry_name`,`pic`,`industry_id` FROM `fox_industry` WHERE ( industry_pid=0 )  [ RunTime:0.0002s ]
SQL: SELECT `industry_id`,`industry_name` FROM `fox_industry` WHERE ( industry_pid=1 )  [ RunTime:0.0002s ]
SQL: SELECT `industry_id`,`industry_name` FROM `fox_industry` WHERE ( industry_pid=2 )  [ RunTime:0.0001s ]
SQL: SELECT `industry_id`,`industry_name` FROM `fox_industry` WHERE ( industry_pid=8 )  [ RunTime:0.0001s ]
SQL: SHOW COLUMNS FROM `fox_user` [ RunTime:0.0025s ]
SQL: SHOW COLUMNS FROM `fox_district` [ RunTime:0.0023s ]
SQL: SHOW COLUMNS FROM `fox_auth_realname` [ RunTime:0.0024s ]
SQL: SHOW COLUMNS FROM `fox_auth_alipay` [ RunTime:0.0023s ]
SQL: SHOW COLUMNS FROM `fox_auth_bank` [ RunTime:0.0024s ]
SQL: SELECT * FROM `fox_district` WHERE ( upid=3 )  [ RunTime:0.0003s ]

[ 2016-11-02T17:59:21+08:00 ] 127.0.0.1 /index.php/Home/User/administration.html?upid=3
INFO: [ app_begin ] --START--
INFO: Run Behavior\ReadHtmlCacheBehavior [ RunTime:0.000363s ]
INFO: [ app_begin ] --END-- [ RunTime:0.000736s ]
SQL: SHOW COLUMNS FROM `fox_industry` [ RunTime:0.0031s ]
SQL: SELECT `industry_name`,`pic`,`industry_id` FROM `fox_industry` WHERE ( industry_pid=0 )  [ RunTime:0.0003s ]
SQL: SELECT `industry_id`,`industry_name` FROM `fox_industry` WHERE ( industry_pid=1 )  [ RunTime:0.0002s ]
SQL: SELECT `industry_id`,`industry_name` FROM `fox_industry` WHERE ( industry_pid=2 )  [ RunTime:0.0001s ]
SQL: SELECT `industry_id`,`industry_name` FROM `fox_industry` WHERE ( industry_pid=8 )  [ RunTime:0.0001s ]
SQL: SHOW COLUMNS FROM `fox_user` [ RunTime:0.0031s ]
SQL: SHOW COLUMNS FROM `fox_district` [ RunTime:0.0032s ]
SQL: SHOW COLUMNS FROM `fox_auth_realname` [ RunTime:0.0033s ]
SQL: SHOW COLUMNS FROM `fox_auth_alipay` [ RunTime:0.0028s ]
SQL: SHOW COLUMNS FROM `fox_auth_bank` [ RunTime:0.0025s ]
SQL: SELECT * FROM `fox_district` WHERE ( upid=3 )  [ RunTime:0.0003s ]

[ 2016-11-02T17:59:21+08:00 ] 127.0.0.1 /index.php/Home/User/administration.html?upid=
INFO: [ app_begin ] --START--
INFO: Run Behavior\ReadHtmlCacheBehavior [ RunTime:0.000471s ]
INFO: [ app_begin ] --END-- [ RunTime:0.000781s ]
SQL: SHOW COLUMNS FROM `fox_industry` [ RunTime:0.0027s ]
SQL: SELECT `industry_name`,`pic`,`industry_id` FROM `fox_industry` WHERE ( industry_pid=0 )  [ RunTime:0.0002s ]
SQL: SELECT `industry_id`,`industry_name` FROM `fox_industry` WHERE ( industry_pid=1 )  [ RunTime:0.0002s ]
SQL: SELECT `industry_id`,`industry_name` FROM `fox_industry` WHERE ( industry_pid=2 )  [ RunTime:0.0001s ]
SQL: SELECT `industry_id`,`industry_name` FROM `fox_industry` WHERE ( industry_pid=8 )  [ RunTime:0.0001s ]
SQL: SHOW COLUMNS FROM `fox_user` [ RunTime:0.0025s ]
SQL: SHOW COLUMNS FROM `fox_district` [ RunTime:0.0022s ]
SQL: SHOW COLUMNS FROM `fox_auth_realname` [ RunTime:0.0022s ]
SQL: SHOW COLUMNS FROM `fox_auth_alipay` [ RunTime:0.0023s ]
SQL: SHOW COLUMNS FROM `fox_auth_bank` [ RunTime:0.0021s ]
ERR: SQLSTATE[42000]: Syntax error or access violation: 1064 You have an error in your SQL syntax; check the manual that corresponds to your MySQL server version for the right syntax to use near ')' at line 1

[ 2016-11-02T17:59:22+08:00 ] 127.0.0.1 /index.php/Home/User/administration.html?upid=3
INFO: [ app_begin ] --START--
INFO: Run Behavior\ReadHtmlCacheBehavior [ RunTime:0.000637s ]
INFO: [ app_begin ] --END-- [ RunTime:0.000939s ]
SQL: SHOW COLUMNS FROM `fox_industry` [ RunTime:0.0056s ]
SQL: SELECT `industry_name`,`pic`,`industry_id` FROM `fox_industry` WHERE ( industry_pid=0 )  [ RunTime:0.0002s ]
SQL: SELECT `industry_id`,`industry_name` FROM `fox_industry` WHERE ( industry_pid=1 )  [ RunTime:0.0001s ]
SQL: SELECT `industry_id`,`industry_name` FROM `fox_industry` WHERE ( industry_pid=2 )  [ RunTime:0.0001s ]
SQL: SELECT `industry_id`,`industry_name` FROM `fox_industry` WHERE ( industry_pid=8 )  [ RunTime:0.0001s ]
SQL: SHOW COLUMNS FROM `fox_user` [ RunTime:0.0027s ]
SQL: SHOW COLUMNS FROM `fox_district` [ RunTime:0.0032s ]
SQL: SHOW COLUMNS FROM `fox_auth_realname` [ RunTime:0.0026s ]
SQL: SHOW COLUMNS FROM `fox_auth_alipay` [ RunTime:0.0024s ]
SQL: SHOW COLUMNS FROM `fox_auth_bank` [ RunTime:0.0026s ]
SQL: SELECT * FROM `fox_district` WHERE ( upid=3 )  [ RunTime:0.0002s ]

[ 2016-11-02T17:59:22+08:00 ] 127.0.0.1 /index.php/Home/User/administration.html?upid=
INFO: [ app_begin ] --START--
INFO: Run Behavior\ReadHtmlCacheBehavior [ RunTime:0.000845s ]
INFO: [ app_begin ] --END-- [ RunTime:0.001202s ]
SQL: SHOW COLUMNS FROM `fox_industry` [ RunTime:0.0036s ]
SQL: SELECT `industry_name`,`pic`,`industry_id` FROM `fox_industry` WHERE ( industry_pid=0 )  [ RunTime:0.0003s ]
SQL: SELECT `industry_id`,`industry_name` FROM `fox_industry` WHERE ( industry_pid=1 )  [ RunTime:0.0002s ]
SQL: SELECT `industry_id`,`industry_name` FROM `fox_industry` WHERE ( industry_pid=2 )  [ RunTime:0.0001s ]
SQL: SELECT `industry_id`,`industry_name` FROM `fox_industry` WHERE ( industry_pid=8 )  [ RunTime:0.0001s ]
SQL: SHOW COLUMNS FROM `fox_user` [ RunTime:0.0028s ]
SQL: SHOW COLUMNS FROM `fox_district` [ RunTime:0.0023s ]
SQL: SHOW COLUMNS FROM `fox_auth_realname` [ RunTime:0.0022s ]
SQL: SHOW COLUMNS FROM `fox_auth_alipay` [ RunTime:0.0023s ]
SQL: SHOW COLUMNS FROM `fox_auth_bank` [ RunTime:0.0028s ]
ERR: SQLSTATE[42000]: Syntax error or access violation: 1064 You have an error in your SQL syntax; check the manual that corresponds to your MySQL server version for the right syntax to use near ')' at line 1

[ 2016-11-02T18:00:27+08:00 ] 127.0.0.1 /index.php/Home/User/administration.html?upid=3
INFO: [ app_begin ] --START--
INFO: Run Behavior\ReadHtmlCacheBehavior [ RunTime:0.000406s ]
INFO: [ app_begin ] --END-- [ RunTime:0.000689s ]
SQL: SHOW COLUMNS FROM `fox_industry` [ RunTime:0.0036s ]
SQL: SELECT `industry_name`,`pic`,`industry_id` FROM `fox_industry` WHERE ( industry_pid=0 )  [ RunTime:0.0005s ]
SQL: SELECT `industry_id`,`industry_name` FROM `fox_industry` WHERE ( industry_pid=1 )  [ RunTime:0.0003s ]
SQL: SELECT `industry_id`,`industry_name` FROM `fox_industry` WHERE ( industry_pid=2 )  [ RunTime:0.0002s ]
SQL: SELECT `industry_id`,`industry_name` FROM `fox_industry` WHERE ( industry_pid=8 )  [ RunTime:0.0002s ]
SQL: SHOW COLUMNS FROM `fox_user` [ RunTime:0.0036s ]
SQL: SHOW COLUMNS FROM `fox_district` [ RunTime:0.0033s ]
SQL: SHOW COLUMNS FROM `fox_auth_realname` [ RunTime:0.0032s ]
SQL: SHOW COLUMNS FROM `fox_auth_alipay` [ RunTime:0.0031s ]
SQL: SHOW COLUMNS FROM `fox_auth_bank` [ RunTime:0.0026s ]
SQL: SELECT * FROM `fox_district` WHERE ( upid=3 )  [ RunTime:0.0003s ]

[ 2016-11-02T18:00:27+08:00 ] 127.0.0.1 /index.php/Home/User/administration.html?upid=
INFO: [ app_begin ] --START--
INFO: Run Behavior\ReadHtmlCacheBehavior [ RunTime:0.000641s ]
INFO: [ app_begin ] --END-- [ RunTime:0.001009s ]
SQL: SHOW COLUMNS FROM `fox_industry` [ RunTime:0.0029s ]
SQL: SELECT `industry_name`,`pic`,`industry_id` FROM `fox_industry` WHERE ( industry_pid=0 )  [ RunTime:0.0003s ]
SQL: SELECT `industry_id`,`industry_name` FROM `fox_industry` WHERE ( industry_pid=1 )  [ RunTime:0.0002s ]
SQL: SELECT `industry_id`,`industry_name` FROM `fox_industry` WHERE ( industry_pid=2 )  [ RunTime:0.0001s ]
SQL: SELECT `industry_id`,`industry_name` FROM `fox_industry` WHERE ( industry_pid=8 )  [ RunTime:0.0001s ]
SQL: SHOW COLUMNS FROM `fox_user` [ RunTime:0.0023s ]
SQL: SHOW COLUMNS FROM `fox_district` [ RunTime:0.0022s ]
SQL: SHOW COLUMNS FROM `fox_auth_realname` [ RunTime:0.0023s ]
SQL: SHOW COLUMNS FROM `fox_auth_alipay` [ RunTime:0.0022s ]
SQL: SHOW COLUMNS FROM `fox_auth_bank` [ RunTime:0.0023s ]
ERR: SQLSTATE[42000]: Syntax error or access violation: 1064 You have an error in your SQL syntax; check the manual that corresponds to your MySQL server version for the right syntax to use near ')' at line 1

[ 2016-11-02T18:00:27+08:00 ] 127.0.0.1 /index.php/Home/User/administration.html?upid=3
INFO: [ app_begin ] --START--
INFO: Run Behavior\ReadHtmlCacheBehavior [ RunTime:0.000366s ]
INFO: [ app_begin ] --END-- [ RunTime:0.000637s ]
SQL: SHOW COLUMNS FROM `fox_industry` [ RunTime:0.0042s ]
SQL: SELECT `industry_name`,`pic`,`industry_id` FROM `fox_industry` WHERE ( industry_pid=0 )  [ RunTime:0.0002s ]
SQL: SELECT `industry_id`,`industry_name` FROM `fox_industry` WHERE ( industry_pid=1 )  [ RunTime:0.0001s ]
SQL: SELECT `industry_id`,`industry_name` FROM `fox_industry` WHERE ( industry_pid=2 )  [ RunTime:0.0001s ]
SQL: SELECT `industry_id`,`industry_name` FROM `fox_industry` WHERE ( industry_pid=8 )  [ RunTime:0.0001s ]
SQL: SHOW COLUMNS FROM `fox_user` [ RunTime:0.0023s ]
SQL: SHOW COLUMNS FROM `fox_district` [ RunTime:0.0021s ]
SQL: SHOW COLUMNS FROM `fox_auth_realname` [ RunTime:0.0025s ]
SQL: SHOW COLUMNS FROM `fox_auth_alipay` [ RunTime:0.0029s ]
SQL: SHOW COLUMNS FROM `fox_auth_bank` [ RunTime:0.0043s ]
SQL: SELECT * FROM `fox_district` WHERE ( upid=3 )  [ RunTime:0.0003s ]

[ 2016-11-02T18:00:27+08:00 ] 127.0.0.1 /index.php/Home/User/administration.html?upid=
INFO: [ app_begin ] --START--
INFO: Run Behavior\ReadHtmlCacheBehavior [ RunTime:0.000510s ]
INFO: [ app_begin ] --END-- [ RunTime:0.000798s ]
SQL: SHOW COLUMNS FROM `fox_industry` [ RunTime:0.0030s ]
SQL: SELECT `industry_name`,`pic`,`industry_id` FROM `fox_industry` WHERE ( industry_pid=0 )  [ RunTime:0.0003s ]
SQL: SELECT `industry_id`,`industry_name` FROM `fox_industry` WHERE ( industry_pid=1 )  [ RunTime:0.0002s ]
SQL: SELECT `industry_id`,`industry_name` FROM `fox_industry` WHERE ( industry_pid=2 )  [ RunTime:0.0001s ]
SQL: SELECT `industry_id`,`industry_name` FROM `fox_industry` WHERE ( industry_pid=8 )  [ RunTime:0.0001s ]
SQL: SHOW COLUMNS FROM `fox_user` [ RunTime:0.0025s ]
SQL: SHOW COLUMNS FROM `fox_district` [ RunTime:0.0025s ]
SQL: SHOW COLUMNS FROM `fox_auth_realname` [ RunTime:0.0025s ]
SQL: SHOW COLUMNS FROM `fox_auth_alipay` [ RunTime:0.0023s ]
SQL: SHOW COLUMNS FROM `fox_auth_bank` [ RunTime:0.0025s ]
ERR: SQLSTATE[42000]: Syntax error or access violation: 1064 You have an error in your SQL syntax; check the manual that corresponds to your MySQL server version for the right syntax to use near ')' at line 1

[ 2016-11-02T18:00:27+08:00 ] 127.0.0.1 /index.php/Home/User/administration.html?upid=
INFO: [ app_begin ] --START--
INFO: Run Behavior\ReadHtmlCacheBehavior [ RunTime:0.000483s ]
INFO: [ app_begin ] --END-- [ RunTime:0.000820s ]
SQL: SHOW COLUMNS FROM `fox_industry` [ RunTime:0.0042s ]
SQL: SELECT `industry_name`,`pic`,`industry_id` FROM `fox_industry` WHERE ( industry_pid=0 )  [ RunTime:0.0002s ]
SQL: SELECT `industry_id`,`industry_name` FROM `fox_industry` WHERE ( industry_pid=1 )  [ RunTime:0.0002s ]
SQL: SELECT `industry_id`,`industry_name` FROM `fox_industry` WHERE ( industry_pid=2 )  [ RunTime:0.0001s ]
SQL: SELECT `industry_id`,`industry_name` FROM `fox_industry` WHERE ( industry_pid=8 )  [ RunTime:0.0002s ]
SQL: SHOW COLUMNS FROM `fox_user` [ RunTime:0.0031s ]
SQL: SHOW COLUMNS FROM `fox_district` [ RunTime:0.0033s ]
SQL: SHOW COLUMNS FROM `fox_auth_realname` [ RunTime:0.0040s ]
SQL: SHOW COLUMNS FROM `fox_auth_alipay` [ RunTime:0.0024s ]
SQL: SHOW COLUMNS FROM `fox_auth_bank` [ RunTime:0.0027s ]
ERR: SQLSTATE[42000]: Syntax error or access violation: 1064 You have an error in your SQL syntax; check the manual that corresponds to your MySQL server version for the right syntax to use near ')' at line 1

[ 2016-11-02T18:00:27+08:00 ] 127.0.0.1 /index.php/Home/User/administration.html?upid=3
INFO: [ app_begin ] --START--
INFO: Run Behavior\ReadHtmlCacheBehavior [ RunTime:0.000516s ]
INFO: [ app_begin ] --END-- [ RunTime:0.000818s ]
SQL: SHOW COLUMNS FROM `fox_industry` [ RunTime:0.0028s ]
SQL: SELECT `industry_name`,`pic`,`industry_id` FROM `fox_industry` WHERE ( industry_pid=0 )  [ RunTime:0.0002s ]
SQL: SELECT `industry_id`,`industry_name` FROM `fox_industry` WHERE ( industry_pid=1 )  [ RunTime:0.0001s ]
SQL: SELECT `industry_id`,`industry_name` FROM `fox_industry` WHERE ( industry_pid=2 )  [ RunTime:0.0002s ]
SQL: SELECT `industry_id`,`industry_name` FROM `fox_industry` WHERE ( industry_pid=8 )  [ RunTime:0.0001s ]
SQL: SHOW COLUMNS FROM `fox_user` [ RunTime:0.0326s ]
SQL: SHOW COLUMNS FROM `fox_district` [ RunTime:0.0088s ]
SQL: SHOW COLUMNS FROM `fox_auth_realname` [ RunTime:0.0036s ]
SQL: SHOW COLUMNS FROM `fox_auth_alipay` [ RunTime:0.0038s ]
SQL: SHOW COLUMNS FROM `fox_auth_bank` [ RunTime:0.0031s ]
SQL: SELECT * FROM `fox_district` WHERE ( upid=3 )  [ RunTime:0.0004s ]

[ 2016-11-02T18:00:27+08:00 ] 127.0.0.1 /index.php/Home/User/administration.html?upid=
INFO: [ app_begin ] --START--
INFO: Run Behavior\ReadHtmlCacheBehavior [ RunTime:0.000478s ]
INFO: [ app_begin ] --END-- [ RunTime:0.000815s ]
SQL: SHOW COLUMNS FROM `fox_industry` [ RunTime:0.0054s ]
SQL: SELECT `industry_name`,`pic`,`industry_id` FROM `fox_industry` WHERE ( industry_pid=0 )  [ RunTime:0.0002s ]
SQL: SELECT `industry_id`,`industry_name` FROM `fox_industry` WHERE ( industry_pid=1 )  [ RunTime:0.0001s ]
SQL: SELECT `industry_id`,`industry_name` FROM `fox_industry` WHERE ( industry_pid=2 )  [ RunTime:0.0001s ]
SQL: SELECT `industry_id`,`industry_name` FROM `fox_industry` WHERE ( industry_pid=8 )  [ RunTime:0.0002s ]
SQL: SHOW COLUMNS FROM `fox_user` [ RunTime:0.0027s ]
SQL: SHOW COLUMNS FROM `fox_district` [ RunTime:0.0030s ]
SQL: SHOW COLUMNS FROM `fox_auth_realname` [ RunTime:0.0037s ]
SQL: SHOW COLUMNS FROM `fox_auth_alipay` [ RunTime:0.0026s ]
SQL: SHOW COLUMNS FROM `fox_auth_bank` [ RunTime:0.0021s ]
ERR: SQLSTATE[42000]: Syntax error or access violation: 1064 You have an error in your SQL syntax; check the manual that corresponds to your MySQL server version for the right syntax to use near ')' at line 1

[ 2016-11-02T18:00:28+08:00 ] 127.0.0.1 /index.php/Home/User/administration.html?upid=3
INFO: [ app_begin ] --START--
INFO: Run Behavior\ReadHtmlCacheBehavior [ RunTime:0.000534s ]
INFO: [ app_begin ] --END-- [ RunTime:0.000886s ]
SQL: SHOW COLUMNS FROM `fox_industry` [ RunTime:0.0030s ]
SQL: SELECT `industry_name`,`pic`,`industry_id` FROM `fox_industry` WHERE ( industry_pid=0 )  [ RunTime:0.0002s ]
SQL: SELECT `industry_id`,`industry_name` FROM `fox_industry` WHERE ( industry_pid=1 )  [ RunTime:0.0002s ]
SQL: SELECT `industry_id`,`industry_name` FROM `fox_industry` WHERE ( industry_pid=2 )  [ RunTime:0.0001s ]
SQL: SELECT `industry_id`,`industry_name` FROM `fox_industry` WHERE ( industry_pid=8 )  [ RunTime:0.0001s ]
SQL: SHOW COLUMNS FROM `fox_user` [ RunTime:0.0029s ]
SQL: SHOW COLUMNS FROM `fox_district` [ RunTime:0.0026s ]
SQL: SHOW COLUMNS FROM `fox_auth_realname` [ RunTime:0.0034s ]
SQL: SHOW COLUMNS FROM `fox_auth_alipay` [ RunTime:0.0047s ]
SQL: SHOW COLUMNS FROM `fox_auth_bank` [ RunTime:0.0029s ]
SQL: SELECT * FROM `fox_district` WHERE ( upid=3 )  [ RunTime:0.0003s ]

[ 2016-11-02T18:00:40+08:00 ] 127.0.0.1 /index.php/Home/User/administration.html?upid=
INFO: [ app_begin ] --START--
INFO: Run Behavior\ReadHtmlCacheBehavior [ RunTime:0.000330s ]
INFO: [ app_begin ] --END-- [ RunTime:0.000595s ]
SQL: SHOW COLUMNS FROM `fox_industry` [ RunTime:0.0033s ]
SQL: SELECT `industry_name`,`pic`,`industry_id` FROM `fox_industry` WHERE ( industry_pid=0 )  [ RunTime:0.0003s ]
SQL: SELECT `industry_id`,`industry_name` FROM `fox_industry` WHERE ( industry_pid=1 )  [ RunTime:0.0002s ]
SQL: SELECT `industry_id`,`industry_name` FROM `fox_industry` WHERE ( industry_pid=2 )  [ RunTime:0.0002s ]
SQL: SELECT `industry_id`,`industry_name` FROM `fox_industry` WHERE ( industry_pid=8 )  [ RunTime:0.0002s ]
SQL: SHOW COLUMNS FROM `fox_user` [ RunTime:0.0034s ]
SQL: SHOW COLUMNS FROM `fox_district` [ RunTime:0.0036s ]
SQL: SHOW COLUMNS FROM `fox_auth_realname` [ RunTime:0.0039s ]
SQL: SHOW COLUMNS FROM `fox_auth_alipay` [ RunTime:0.0035s ]
SQL: SHOW COLUMNS FROM `fox_auth_bank` [ RunTime:0.0037s ]
ERR: SQLSTATE[42000]: Syntax error or access violation: 1064 You have an error in your SQL syntax; check the manual that corresponds to your MySQL server version for the right syntax to use near ')' at line 1

[ 2016-11-02T18:00:40+08:00 ] 127.0.0.1 /index.php/Home/User/administration.html?upid=3
INFO: [ app_begin ] --START--
INFO: Run Behavior\ReadHtmlCacheBehavior [ RunTime:0.000502s ]
INFO: [ app_begin ] --END-- [ RunTime:0.000800s ]
SQL: SHOW COLUMNS FROM `fox_industry` [ RunTime:0.0036s ]
SQL: SELECT `industry_name`,`pic`,`industry_id` FROM `fox_industry` WHERE ( industry_pid=0 )  [ RunTime:0.0003s ]
SQL: SELECT `industry_id`,`industry_name` FROM `fox_industry` WHERE ( industry_pid=1 )  [ RunTime:0.0002s ]
SQL: SELECT `industry_id`,`industry_name` FROM `fox_industry` WHERE ( industry_pid=2 )  [ RunTime:0.0002s ]
SQL: SELECT `industry_id`,`industry_name` FROM `fox_industry` WHERE ( industry_pid=8 )  [ RunTime:0.0002s ]
SQL: SHOW COLUMNS FROM `fox_user` [ RunTime:0.0037s ]
SQL: SHOW COLUMNS FROM `fox_district` [ RunTime:0.0026s ]
SQL: SHOW COLUMNS FROM `fox_auth_realname` [ RunTime:0.0027s ]
SQL: SHOW COLUMNS FROM `fox_auth_alipay` [ RunTime:0.0028s ]
SQL: SHOW COLUMNS FROM `fox_auth_bank` [ RunTime:0.0029s ]
SQL: SELECT * FROM `fox_district` WHERE ( upid=3 )  [ RunTime:0.0003s ]

[ 2016-11-02T18:02:19+08:00 ] 127.0.0.1 /index.php/Home/user/administration.html
ERR: SQLSTATE[42S22]: Column not found: 1054 Unknown column 'auth_status' in 'field list'

[ 2016-11-02T18:03:14+08:00 ] 127.0.0.1 /index.php/Home/User/administration.html?upid=
INFO: [ app_begin ] --START--
INFO: Run Behavior\ReadHtmlCacheBehavior [ RunTime:0.000558s ]
INFO: [ app_begin ] --END-- [ RunTime:0.000915s ]
SQL: SHOW COLUMNS FROM `fox_industry` [ RunTime:0.0040s ]
SQL: SELECT `industry_name`,`pic`,`industry_id` FROM `fox_industry` WHERE ( industry_pid=0 )  [ RunTime:0.0004s ]
SQL: SELECT `industry_id`,`industry_name` FROM `fox_industry` WHERE ( industry_pid=1 )  [ RunTime:0.0003s ]
SQL: SELECT `industry_id`,`industry_name` FROM `fox_industry` WHERE ( industry_pid=2 )  [ RunTime:0.0003s ]
SQL: SELECT `industry_id`,`industry_name` FROM `fox_industry` WHERE ( industry_pid=8 )  [ RunTime:0.0002s ]
SQL: SHOW COLUMNS FROM `fox_user` [ RunTime:0.0040s ]
SQL: SHOW COLUMNS FROM `fox_district` [ RunTime:0.0034s ]
SQL: SHOW COLUMNS FROM `fox_auth_realname` [ RunTime:0.0031s ]
SQL: SHOW COLUMNS FROM `fox_auth_alipay` [ RunTime:0.0025s ]
SQL: SHOW COLUMNS FROM `fox_auth_bank` [ RunTime:0.0025s ]
ERR: SQLSTATE[42000]: Syntax error or access violation: 1064 You have an error in your SQL syntax; check the manual that corresponds to your MySQL server version for the right syntax to use near ')' at line 1

[ 2016-11-02T18:03:14+08:00 ] 127.0.0.1 /index.php/Home/User/administration.html?upid=3
INFO: [ app_begin ] --START--
INFO: Run Behavior\ReadHtmlCacheBehavior [ RunTime:0.000560s ]
INFO: [ app_begin ] --END-- [ RunTime:0.000857s ]
SQL: SHOW COLUMNS FROM `fox_industry` [ RunTime:0.0027s ]
SQL: SELECT `industry_name`,`pic`,`industry_id` FROM `fox_industry` WHERE ( industry_pid=0 )  [ RunTime:0.0002s ]
SQL: SELECT `industry_id`,`industry_name` FROM `fox_industry` WHERE ( industry_pid=1 )  [ RunTime:0.0001s ]
SQL: SELECT `industry_id`,`industry_name` FROM `fox_industry` WHERE ( industry_pid=2 )  [ RunTime:0.0001s ]
SQL: SELECT `industry_id`,`industry_name` FROM `fox_industry` WHERE ( industry_pid=8 )  [ RunTime:0.0001s ]
SQL: SHOW COLUMNS FROM `fox_user` [ RunTime:0.0024s ]
SQL: SHOW COLUMNS FROM `fox_district` [ RunTime:0.0021s ]
SQL: SHOW COLUMNS FROM `fox_auth_realname` [ RunTime:0.0022s ]
SQL: SHOW COLUMNS FROM `fox_auth_alipay` [ RunTime:0.0028s ]
SQL: SHOW COLUMNS FROM `fox_auth_bank` [ RunTime:0.0030s ]
SQL: SELECT * FROM `fox_district` WHERE ( upid=3 )  [ RunTime:0.0003s ]

[ 2016-11-02T18:03:24+08:00 ] 127.0.0.1 /index.php/Home/User/administration.html?upid=1
INFO: [ app_begin ] --START--
INFO: Run Behavior\ReadHtmlCacheBehavior [ RunTime:0.000495s ]
INFO: [ app_begin ] --END-- [ RunTime:0.000780s ]
SQL: SHOW COLUMNS FROM `fox_industry` [ RunTime:0.0043s ]
SQL: SELECT `industry_name`,`pic`,`industry_id` FROM `fox_industry` WHERE ( industry_pid=0 )  [ RunTime:0.0003s ]
SQL: SELECT `industry_id`,`industry_name` FROM `fox_industry` WHERE ( industry_pid=1 )  [ RunTime:0.0003s ]
SQL: SELECT `industry_id`,`industry_name` FROM `fox_industry` WHERE ( industry_pid=2 )  [ RunTime:0.0002s ]
SQL: SELECT `industry_id`,`industry_name` FROM `fox_industry` WHERE ( industry_pid=8 )  [ RunTime:0.0002s ]
SQL: SHOW COLUMNS FROM `fox_user` [ RunTime:0.0027s ]
SQL: SHOW COLUMNS FROM `fox_district` [ RunTime:0.0026s ]
SQL: SHOW COLUMNS FROM `fox_auth_realname` [ RunTime:0.0023s ]
SQL: SHOW COLUMNS FROM `fox_auth_alipay` [ RunTime:0.0023s ]
SQL: SHOW COLUMNS FROM `fox_auth_bank` [ RunTime:0.0026s ]
SQL: SELECT * FROM `fox_district` WHERE ( upid=1 )  [ RunTime:0.0003s ]

[ 2016-11-02T18:03:37+08:00 ] 127.0.0.1 /index.php/Home/User/administration.html?upid=3
INFO: [ app_begin ] --START--
INFO: Run Behavior\ReadHtmlCacheBehavior [ RunTime:0.000619s ]
INFO: [ app_begin ] --END-- [ RunTime:0.000995s ]
SQL: SHOW COLUMNS FROM `fox_industry` [ RunTime:0.0062s ]
SQL: SELECT `industry_name`,`pic`,`industry_id` FROM `fox_industry` WHERE ( industry_pid=0 )  [ RunTime:0.0004s ]
SQL: SELECT `industry_id`,`industry_name` FROM `fox_industry` WHERE ( industry_pid=1 )  [ RunTime:0.0003s ]
SQL: SELECT `industry_id`,`industry_name` FROM `fox_industry` WHERE ( industry_pid=2 )  [ RunTime:0.0002s ]
SQL: SELECT `industry_id`,`industry_name` FROM `fox_industry` WHERE ( industry_pid=8 )  [ RunTime:0.0002s ]
SQL: SHOW COLUMNS FROM `fox_user` [ RunTime:0.0042s ]
SQL: SHOW COLUMNS FROM `fox_district` [ RunTime:0.0034s ]
SQL: SHOW COLUMNS FROM `fox_auth_realname` [ RunTime:0.0026s ]
SQL: SHOW COLUMNS FROM `fox_auth_alipay` [ RunTime:0.0021s ]
SQL: SHOW COLUMNS FROM `fox_auth_bank` [ RunTime:0.0025s ]
SQL: SELECT * FROM `fox_district` WHERE ( upid=3 )  [ RunTime:0.0003s ]

[ 2016-11-02T18:03:37+08:00 ] 127.0.0.1 /index.php/Home/User/administration.html?upid=1
INFO: [ app_begin ] --START--
INFO: Run Behavior\ReadHtmlCacheBehavior [ RunTime:0.000599s ]
INFO: [ app_begin ] --END-- [ RunTime:0.000946s ]
SQL: SHOW COLUMNS FROM `fox_industry` [ RunTime:0.0040s ]
SQL: SELECT `industry_name`,`pic`,`industry_id` FROM `fox_industry` WHERE ( industry_pid=0 )  [ RunTime:0.0002s ]
SQL: SELECT `industry_id`,`industry_name` FROM `fox_industry` WHERE ( industry_pid=1 )  [ RunTime:0.0002s ]
SQL: SELECT `industry_id`,`industry_name` FROM `fox_industry` WHERE ( industry_pid=2 )  [ RunTime:0.0001s ]
SQL: SELECT `industry_id`,`industry_name` FROM `fox_industry` WHERE ( industry_pid=8 )  [ RunTime:0.0001s ]
SQL: SHOW COLUMNS FROM `fox_user` [ RunTime:0.0029s ]
SQL: SHOW COLUMNS FROM `fox_district` [ RunTime:0.0025s ]
SQL: SHOW COLUMNS FROM `fox_auth_realname` [ RunTime:0.0022s ]
SQL: SHOW COLUMNS FROM `fox_auth_alipay` [ RunTime:0.0025s ]
SQL: SHOW COLUMNS FROM `fox_auth_bank` [ RunTime:0.0023s ]
SQL: SELECT * FROM `fox_district` WHERE ( upid=1 )  [ RunTime:0.0003s ]

