[ 2016-10-12T09:51:31+08:00 ] 127.0.0.1 /index.php/Home/Index/verify.html
ERR: 非法操作:verify

[ 2016-10-12T09:51:32+08:00 ] 127.0.0.1 /index.php/Home/Index/verify.html
ERR: 非法操作:verify

[ 2016-10-12T11:20:35+08:00 ] 127.0.0.1 /index.php/Home/Index/U('index/register')
INFO: [ app_begin ] --START--
INFO: Run Behavior\ReadHtmlCacheBehavior [ RunTime:0.000516s ]
INFO: [ app_begin ] --END-- [ RunTime:0.000840s ]

[ 2016-10-12T11:20:35+08:00 ] 127.0.0.1 /index.php/Home/Index/reception.html
INFO: [ app_begin ] --START--
INFO: Run Behavior\ReadHtmlCacheBehavior [ RunTime:0.000334s ]
INFO: [ app_begin ] --END-- [ RunTime:0.000594s ]
SQL: SHOW COLUMNS FROM `fox_user` [ RunTime:0.0032s ]
INFO: [ view_parse ] --START--
INFO: [ template_filter ] --START--
INFO: Run Behavior\ContentReplaceBehavior [ RunTime:0.000030s ]
INFO: [ template_filter ] --END-- [ RunTime:0.000060s ]
INFO: Run Behavior\ParseTemplateBehavior [ RunTime:0.003849s ]
INFO: [ view_parse ] --END-- [ RunTime:0.003884s ]
INFO: [ view_filter ] --START--
INFO: Run Behavior\WriteHtmlCacheBehavior [ RunTime:0.000311s ]
INFO: [ view_filter ] --END-- [ RunTime:0.000336s ]
INFO: [ app_end ] --START--
INFO: Run Behavior\ShowPageTraceBehavior [ RunTime:0.000385s ]
INFO: [ app_end ] --END-- [ RunTime:0.000409s ]

[ 2016-10-12T11:22:07+08:00 ] 127.0.0.1 /index.php/Home/Index/U(register')
INFO: [ app_begin ] --START--
INFO: Run Behavior\ReadHtmlCacheBehavior [ RunTime:0.000379s ]
INFO: [ app_begin ] --END-- [ RunTime:0.000696s ]

[ 2016-10-12T11:22:07+08:00 ] 127.0.0.1 /index.php/Home/Index/reception.html
INFO: [ app_begin ] --START--
INFO: Run Behavior\ReadHtmlCacheBehavior [ RunTime:0.000325s ]
INFO: [ app_begin ] --END-- [ RunTime:0.000558s ]
SQL: SHOW COLUMNS FROM `fox_user` [ RunTime:0.0045s ]
INFO: [ view_parse ] --START--
INFO: [ template_filter ] --START--
INFO: Run Behavior\ContentReplaceBehavior [ RunTime:0.000034s ]
INFO: [ template_filter ] --END-- [ RunTime:0.000069s ]
INFO: Run Behavior\ParseTemplateBehavior [ RunTime:0.004214s ]
INFO: [ view_parse ] --END-- [ RunTime:0.004252s ]
INFO: [ view_filter ] --START--
INFO: Run Behavior\WriteHtmlCacheBehavior [ RunTime:0.000245s ]
INFO: [ view_filter ] --END-- [ RunTime:0.000268s ]
INFO: [ app_end ] --START--
INFO: Run Behavior\ShowPageTraceBehavior [ RunTime:0.000316s ]
INFO: [ app_end ] --END-- [ RunTime:0.000340s ]

[ 2016-10-12T11:22:36+08:00 ] 127.0.0.1 /index.php/Home/Index/U(%22register%22)
INFO: [ app_begin ] --START--
INFO: Run Behavior\ReadHtmlCacheBehavior [ RunTime:0.000532s ]
INFO: [ app_begin ] --END-- [ RunTime:0.000915s ]

[ 2016-10-12T11:22:36+08:00 ] 127.0.0.1 /index.php/Home/Index/reception.html
INFO: [ app_begin ] --START--
INFO: Run Behavior\ReadHtmlCacheBehavior [ RunTime:0.000333s ]
INFO: [ app_begin ] --END-- [ RunTime:0.000565s ]
SQL: SHOW COLUMNS FROM `fox_user` [ RunTime:0.0035s ]
INFO: [ view_parse ] --START--
INFO: [ template_filter ] --START--
INFO: Run Behavior\ContentReplaceBehavior [ RunTime:0.000048s ]
INFO: [ template_filter ] --END-- [ RunTime:0.000087s ]
INFO: Run Behavior\ParseTemplateBehavior [ RunTime:0.004023s ]
INFO: [ view_parse ] --END-- [ RunTime:0.004055s ]
INFO: [ view_filter ] --START--
INFO: Run Behavior\WriteHtmlCacheBehavior [ RunTime:0.000241s ]
INFO: [ view_filter ] --END-- [ RunTime:0.000263s ]
INFO: [ app_end ] --START--
INFO: Run Behavior\ShowPageTraceBehavior [ RunTime:0.000371s ]
INFO: [ app_end ] --END-- [ RunTime:0.000395s ]

[ 2016-10-12T11:28:01+08:00 ] 127.0.0.1 /index.php/Home/index/register.html
INFO: [ app_begin ] --START--
INFO: Run Behavior\ReadHtmlCacheBehavior [ RunTime:0.000670s ]
INFO: [ app_begin ] --END-- [ RunTime:0.001143s ]
SQL: SHOW COLUMNS FROM `fox_user` [ RunTime:0.0082s ]
NOTIC: [8] Undefined index: username D:\xampps\entefox\Application\Home\Controller\IndexController.class.php 第 24 行.
SQL: SELECT * FROM `fox_user` WHERE `username` = null LIMIT 1   [ RunTime:0.0003s ]
NOTIC: [8] Undefined index: email D:\xampps\entefox\Application\Home\Controller\IndexController.class.php 第 28 行.

[ 2016-10-12T11:28:30+08:00 ] 127.0.0.1 /index.php/Home/index/register.html
INFO: [ app_begin ] --START--
INFO: Run Behavior\ReadHtmlCacheBehavior [ RunTime:0.000435s ]
INFO: [ app_begin ] --END-- [ RunTime:0.000740s ]
SQL: SHOW COLUMNS FROM `fox_user` [ RunTime:0.0086s ]
NOTIC: [8] Undefined index: username D:\xampps\entefox\Application\Home\Controller\IndexController.class.php 第 24 行.
SQL: SELECT * FROM `fox_user` WHERE `username` = null LIMIT 1   [ RunTime:0.0003s ]
NOTIC: [8] Undefined index: email D:\xampps\entefox\Application\Home\Controller\IndexController.class.php 第 28 行.

[ 2016-10-12T11:31:08+08:00 ] 127.0.0.1 /index.php/Home/index/register.html
INFO: [ app_begin ] --START--
INFO: Run Behavior\ReadHtmlCacheBehavior [ RunTime:0.000475s ]
INFO: [ app_begin ] --END-- [ RunTime:0.000827s ]
SQL: SHOW COLUMNS FROM `fox_user` [ RunTime:0.0028s ]
NOTIC: [8] Undefined index: username D:\xampps\entefox\Application\Home\Controller\IndexController.class.php 第 24 行.

[ 2016-10-12T11:31:57+08:00 ] 127.0.0.1 /index.php/Home/index/register.html
INFO: [ app_begin ] --START--
INFO: Run Behavior\ReadHtmlCacheBehavior [ RunTime:0.000430s ]
INFO: [ app_begin ] --END-- [ RunTime:0.000770s ]
SQL: SHOW COLUMNS FROM `fox_user` [ RunTime:0.0088s ]
NOTIC: [8] Undefined index: username D:\xampps\entefox\Application\Home\Controller\IndexController.class.php 第 24 行.

[ 2016-10-12T11:32:19+08:00 ] 127.0.0.1 /index.php/Home/index/register.html
INFO: [ app_begin ] --START--
INFO: Run Behavior\ReadHtmlCacheBehavior [ RunTime:0.000348s ]
INFO: [ app_begin ] --END-- [ RunTime:0.000620s ]
SQL: SHOW COLUMNS FROM `fox_user` [ RunTime:0.0044s ]
NOTIC: [8] Undefined index: username D:\xampps\entefox\Application\Home\Controller\IndexController.class.php 第 24 行.

[ 2016-10-12T11:32:58+08:00 ] 127.0.0.1 /index.php/Home/index/register.html
INFO: [ app_begin ] --START--
INFO: Run Behavior\ReadHtmlCacheBehavior [ RunTime:0.000471s ]
INFO: [ app_begin ] --END-- [ RunTime:0.000815s ]
SQL: SHOW COLUMNS FROM `fox_user` [ RunTime:0.0052s ]
NOTIC: [8] Undefined index: username D:\xampps\entefox\Application\Home\Controller\IndexController.class.php 第 24 行.

[ 2016-10-12T11:33:41+08:00 ] 127.0.0.1 /index.php/Home/index/register.html
INFO: [ app_begin ] --START--
INFO: Run Behavior\ReadHtmlCacheBehavior [ RunTime:0.000301s ]
INFO: [ app_begin ] --END-- [ RunTime:0.000536s ]
SQL: SHOW COLUMNS FROM `fox_user` [ RunTime:0.0047s ]
NOTIC: [8] Undefined index: username D:\xampps\entefox\Application\Home\Controller\IndexController.class.php 第 24 行.
SQL: SELECT * FROM `fox_user` WHERE `username` = null LIMIT 1   [ RunTime:0.0002s ]
NOTIC: [8] Undefined index: email D:\xampps\entefox\Application\Home\Controller\IndexController.class.php 第 31 行.

[ 2016-10-12T11:33:49+08:00 ] 127.0.0.1 /index.php/Home/index/register.html
INFO: [ app_begin ] --START--
INFO: Run Behavior\ReadHtmlCacheBehavior [ RunTime:0.000553s ]
INFO: [ app_begin ] --END-- [ RunTime:0.000867s ]
SQL: SHOW COLUMNS FROM `fox_user` [ RunTime:0.0047s ]
NOTIC: [8] Undefined index: username D:\xampps\entefox\Application\Home\Controller\IndexController.class.php 第 24 行.

[ 2016-10-12T11:33:57+08:00 ] 127.0.0.1 /index.php/Home/index/register.html
INFO: [ app_begin ] --START--
INFO: Run Behavior\ReadHtmlCacheBehavior [ RunTime:0.000545s ]
INFO: [ app_begin ] --END-- [ RunTime:0.000796s ]
SQL: SHOW COLUMNS FROM `fox_user` [ RunTime:0.0033s ]
NOTIC: [8] Undefined index: username D:\xampps\entefox\Application\Home\Controller\IndexController.class.php 第 24 行.
SQL: SELECT * FROM `fox_user` WHERE `username` = null LIMIT 1   [ RunTime:0.0002s ]
NOTIC: [8] Undefined index: email D:\xampps\entefox\Application\Home\Controller\IndexController.class.php 第 31 行.

[ 2016-10-12T11:35:49+08:00 ] 127.0.0.1 /index.php/Home/index/register.html
INFO: [ app_begin ] --START--
INFO: Run Behavior\ReadHtmlCacheBehavior [ RunTime:0.000409s ]
INFO: [ app_begin ] --END-- [ RunTime:0.001504s ]
SQL: SHOW COLUMNS FROM `fox_user` [ RunTime:0.0082s ]
SQL: SELECT * FROM `fox_user` WHERE `username` = '123' LIMIT 1   [ RunTime:0.0002s ]
SQL: INSERT INTO `fox_user` (`username`,`password`,`email`) VALUES ('123','123','569795939@qq.com') [ RunTime:0.0032s ]

[ 2016-10-12T11:47:56+08:00 ] 127.0.0.1 /index.php/Home/index/register.html
INFO: [ app_begin ] --START--
INFO: Run Behavior\ReadHtmlCacheBehavior [ RunTime:0.000320s ]
INFO: [ app_begin ] --END-- [ RunTime:0.000588s ]
SQL: SHOW COLUMNS FROM `fox_user` [ RunTime:0.0059s ]
SQL: SELECT * FROM `fox_user` WHERE `username` = '123' LIMIT 1   [ RunTime:0.0005s ]

[ 2016-10-12T11:49:08+08:00 ] 127.0.0.1 /index.php/Home/index/register.html
INFO: [ app_begin ] --START--
INFO: Run Behavior\ReadHtmlCacheBehavior [ RunTime:0.000354s ]
INFO: [ app_begin ] --END-- [ RunTime:0.000618s ]
SQL: SHOW COLUMNS FROM `fox_user` [ RunTime:0.0046s ]
SQL: SELECT * FROM `fox_user` WHERE `username` = '123' LIMIT 1   [ RunTime:0.0002s ]
SQL: INSERT INTO `fox_user` (`username`,`password`,`email`) VALUES ('123','123','569795939@qq.com') [ RunTime:0.0019s ]

[ 2016-10-12T13:47:06+08:00 ] 127.0.0.1 /index.php/Home/index/register.html
INFO: [ app_begin ] --START--
INFO: Run Behavior\ReadHtmlCacheBehavior [ RunTime:0.000325s ]
INFO: [ app_begin ] --END-- [ RunTime:0.000581s ]
SQL: SHOW COLUMNS FROM `fox_user` [ RunTime:0.0080s ]

[ 2016-10-12T13:47:15+08:00 ] 127.0.0.1 /index.php/Home/index/register.html
INFO: [ app_begin ] --START--
INFO: Run Behavior\ReadHtmlCacheBehavior [ RunTime:0.000313s ]
INFO: [ app_begin ] --END-- [ RunTime:0.000549s ]
SQL: SHOW COLUMNS FROM `fox_user` [ RunTime:0.0048s ]

[ 2016-10-12T13:47:19+08:00 ] 127.0.0.1 /index.php/Home/index/register.html
INFO: [ app_begin ] --START--
INFO: Run Behavior\ReadHtmlCacheBehavior [ RunTime:0.000313s ]
INFO: [ app_begin ] --END-- [ RunTime:0.000573s ]
SQL: SHOW COLUMNS FROM `fox_user` [ RunTime:0.0048s ]

