[ 2016-10-17T10:49:26+08:00 ] 127.0.0.1 /index.php/Home/index/register.html
INFO: [ app_begin ] --START--
INFO: Run Behavior\ReadHtmlCacheBehavior [ RunTime:0.000310s ]
INFO: [ app_begin ] --END-- [ RunTime:0.000564s ]
SQL: SHOW COLUMNS FROM `fox_user` [ RunTime:0.0027s ]
SQL: SELECT * FROM `fox_user` WHERE `username` = 'qwe' LIMIT 1   [ RunTime:0.0007s ]
SQL: INSERT INTO `fox_user` (`username`,`password`,`email`) VALUES ('qwe','123456','569795939@qq.com') [ RunTime:0.0025s ]

[ 2016-10-17T11:16:23+08:00 ] 127.0.0.1 /index.php/Home/Index/index.html
INFO: [ app_begin ] --START--
INFO: Run Behavior\ReadHtmlCacheBehavior [ RunTime:0.000425s ]
INFO: [ app_begin ] --END-- [ RunTime:0.000713s ]

[ 2016-10-17T11:16:23+08:00 ] 127.0.0.1 /index.php/Home/Index/reception.html
INFO: [ app_begin ] --START--
INFO: Run Behavior\ReadHtmlCacheBehavior [ RunTime:0.000428s ]
INFO: [ app_begin ] --END-- [ RunTime:0.000714s ]
SQL: SHOW COLUMNS FROM `fox_user` [ RunTime:0.0025s ]
INFO: [ view_parse ] --START--
INFO: [ template_filter ] --START--
INFO: Run Behavior\ContentReplaceBehavior [ RunTime:0.000028s ]
INFO: [ template_filter ] --END-- [ RunTime:0.000055s ]
INFO: Run Behavior\ParseTemplateBehavior [ RunTime:0.004222s ]
INFO: [ view_parse ] --END-- [ RunTime:0.004249s ]
INFO: [ view_filter ] --START--
INFO: Run Behavior\WriteHtmlCacheBehavior [ RunTime:0.000266s ]
INFO: [ view_filter ] --END-- [ RunTime:0.000285s ]
INFO: [ app_end ] --START--
INFO: Run Behavior\ShowPageTraceBehavior [ RunTime:0.000438s ]
INFO: [ app_end ] --END-- [ RunTime:0.000482s ]

[ 2016-10-17T11:16:37+08:00 ] 127.0.0.1 /index.php/Home/Index/index.html
INFO: [ app_begin ] --START--
INFO: Run Behavior\ReadHtmlCacheBehavior [ RunTime:0.000378s ]
INFO: [ app_begin ] --END-- [ RunTime:0.000641s ]

[ 2016-10-17T11:16:37+08:00 ] 127.0.0.1 /index.php/Home/Index/reception.html
INFO: [ app_begin ] --START--
INFO: Run Behavior\ReadHtmlCacheBehavior [ RunTime:0.000326s ]
INFO: [ app_begin ] --END-- [ RunTime:0.000591s ]
SQL: SHOW COLUMNS FROM `fox_user` [ RunTime:0.0048s ]
INFO: [ view_parse ] --START--
INFO: [ template_filter ] --START--
INFO: Run Behavior\ContentReplaceBehavior [ RunTime:0.000030s ]
INFO: [ template_filter ] --END-- [ RunTime:0.000064s ]
INFO: Run Behavior\ParseTemplateBehavior [ RunTime:0.004487s ]
INFO: [ view_parse ] --END-- [ RunTime:0.004520s ]
INFO: [ view_filter ] --START--
INFO: Run Behavior\WriteHtmlCacheBehavior [ RunTime:0.000327s ]
INFO: [ view_filter ] --END-- [ RunTime:0.000350s ]
INFO: [ app_end ] --START--
INFO: Run Behavior\ShowPageTraceBehavior [ RunTime:0.000470s ]
INFO: [ app_end ] --END-- [ RunTime:0.000502s ]

[ 2016-10-17T11:20:04+08:00 ] 127.0.0.1 /index.php/Home/Index/index.html
INFO: [ app_begin ] --START--
INFO: Run Behavior\ReadHtmlCacheBehavior [ RunTime:0.000418s ]
INFO: [ app_begin ] --END-- [ RunTime:0.000682s ]

[ 2016-10-17T11:20:04+08:00 ] 127.0.0.1 /index.php/Home/Index/reception.html
INFO: [ app_begin ] --START--
INFO: Run Behavior\ReadHtmlCacheBehavior [ RunTime:0.000436s ]
INFO: [ app_begin ] --END-- [ RunTime:0.000736s ]
SQL: SHOW COLUMNS FROM `fox_user` [ RunTime:0.0024s ]
INFO: [ view_parse ] --START--
INFO: [ template_filter ] --START--
INFO: Run Behavior\ContentReplaceBehavior [ RunTime:0.000027s ]
INFO: [ template_filter ] --END-- [ RunTime:0.000051s ]
INFO: Run Behavior\ParseTemplateBehavior [ RunTime:0.004177s ]
INFO: [ view_parse ] --END-- [ RunTime:0.004211s ]
INFO: [ view_filter ] --START--
INFO: Run Behavior\WriteHtmlCacheBehavior [ RunTime:0.000280s ]
INFO: [ view_filter ] --END-- [ RunTime:0.000300s ]
INFO: [ app_end ] --START--
INFO: Run Behavior\ShowPageTraceBehavior [ RunTime:0.000434s ]
INFO: [ app_end ] --END-- [ RunTime:0.000458s ]

[ 2016-10-17T11:20:55+08:00 ] 127.0.0.1 /index.php/Home/Index/index.html
INFO: [ app_begin ] --START--
INFO: Run Behavior\ReadHtmlCacheBehavior [ RunTime:0.000433s ]
INFO: [ app_begin ] --END-- [ RunTime:0.000782s ]

[ 2016-10-17T11:20:55+08:00 ] 127.0.0.1 /index.php/Home/Index/reception.html
INFO: [ app_begin ] --START--
INFO: Run Behavior\ReadHtmlCacheBehavior [ RunTime:0.000307s ]
INFO: [ app_begin ] --END-- [ RunTime:0.000545s ]
SQL: SHOW COLUMNS FROM `fox_user` [ RunTime:0.0048s ]
INFO: [ view_parse ] --START--
INFO: [ template_filter ] --START--
INFO: Run Behavior\ContentReplaceBehavior [ RunTime:0.000028s ]
INFO: [ template_filter ] --END-- [ RunTime:0.000051s ]
INFO: Run Behavior\ParseTemplateBehavior [ RunTime:0.003863s ]
INFO: [ view_parse ] --END-- [ RunTime:0.003890s ]
INFO: [ view_filter ] --START--
INFO: Run Behavior\WriteHtmlCacheBehavior [ RunTime:0.000258s ]
INFO: [ view_filter ] --END-- [ RunTime:0.000278s ]
INFO: [ app_end ] --START--
INFO: Run Behavior\ShowPageTraceBehavior [ RunTime:0.000308s ]
INFO: [ app_end ] --END-- [ RunTime:0.000332s ]

[ 2016-10-17T11:22:16+08:00 ] 127.0.0.1 /index.php/Home/Index/index.html
INFO: [ app_begin ] --START--
INFO: Run Behavior\ReadHtmlCacheBehavior [ RunTime:0.000384s ]
INFO: [ app_begin ] --END-- [ RunTime:0.000697s ]
SQL: SHOW COLUMNS FROM `fox_user` [ RunTime:0.0046s ]
SQL: SELECT `user_id` FROM `fox_user` WHERE `username` = '' AND `password` = 'd41d8cd98f00b204e9800998ecf8427e' LIMIT 1   [ RunTime:0.0003s ]
SQL: SELECT `is_activate` FROM `fox_user` WHERE `username` = '' AND `password` = 'd41d8cd98f00b204e9800998ecf8427e' LIMIT 1   [ RunTime:0.0002s ]

[ 2016-10-17T11:25:38+08:00 ] 127.0.0.1 /index.php/Home/index/register.html
INFO: [ app_begin ] --START--
INFO: Run Behavior\ReadHtmlCacheBehavior [ RunTime:0.000469s ]
INFO: [ app_begin ] --END-- [ RunTime:0.000783s ]
SQL: SHOW COLUMNS FROM `fox_user` [ RunTime:0.0315s ]
SQL: SELECT * FROM `fox_user` WHERE `username` = 'qwe' LIMIT 1   [ RunTime:0.0003s ]
SQL: INSERT INTO `fox_user` (`username`,`password`,`email`) VALUES ('qwe','efe6398127928f1b2e9ef3207fb82663','569795939@qq.com') [ RunTime:0.0021s ]

[ 2016-10-17T11:26:16+08:00 ] 127.0.0.1 /index.php/Home/Index/index.html
INFO: [ app_begin ] --START--
INFO: Run Behavior\ReadHtmlCacheBehavior [ RunTime:0.000394s ]
INFO: [ app_begin ] --END-- [ RunTime:0.000704s ]
SQL: SHOW COLUMNS FROM `fox_user` [ RunTime:0.0033s ]
SQL: SELECT `user_id` FROM `fox_user` WHERE `username` = '' AND `password` = 'd41d8cd98f00b204e9800998ecf8427e' LIMIT 1   [ RunTime:0.0002s ]
SQL: SELECT `is_activate` FROM `fox_user` WHERE `username` = '' AND `password` = 'd41d8cd98f00b204e9800998ecf8427e' LIMIT 1   [ RunTime:0.0002s ]

[ 2016-10-17T11:26:30+08:00 ] 127.0.0.1 /index.php/Home/Index/index.html
INFO: [ app_begin ] --START--
INFO: Run Behavior\ReadHtmlCacheBehavior [ RunTime:0.000574s ]
INFO: [ app_begin ] --END-- [ RunTime:0.001059s ]
SQL: SHOW COLUMNS FROM `fox_user` [ RunTime:0.0048s ]
SQL: SELECT `user_id` FROM `fox_user` WHERE `username` = '' AND `password` = 'd41d8cd98f00b204e9800998ecf8427e' LIMIT 1   [ RunTime:0.0004s ]
SQL: SELECT `is_activate` FROM `fox_user` WHERE `username` = '' AND `password` = 'd41d8cd98f00b204e9800998ecf8427e' LIMIT 1   [ RunTime:0.0002s ]

[ 2016-10-17T11:27:03+08:00 ] 127.0.0.1 /index.php/Home/Index/index.html
INFO: [ app_begin ] --START--
INFO: Run Behavior\ReadHtmlCacheBehavior [ RunTime:0.000474s ]
INFO: [ app_begin ] --END-- [ RunTime:0.000825s ]
SQL: SHOW COLUMNS FROM `fox_user` [ RunTime:0.0045s ]

[ 2016-10-17T11:27:29+08:00 ] 127.0.0.1 /index.php/Home/Index/index.html
INFO: [ app_begin ] --START--
INFO: Run Behavior\ReadHtmlCacheBehavior [ RunTime:0.000390s ]
INFO: [ app_begin ] --END-- [ RunTime:0.000665s ]
SQL: SHOW COLUMNS FROM `fox_user` [ RunTime:0.0029s ]

[ 2016-10-17T11:28:24+08:00 ] 127.0.0.1 /index.php/Home/Index/index.html
INFO: [ app_begin ] --START--
INFO: Run Behavior\ReadHtmlCacheBehavior [ RunTime:0.000348s ]
INFO: [ app_begin ] --END-- [ RunTime:0.000599s ]
SQL: SHOW COLUMNS FROM `fox_user` [ RunTime:0.0026s ]

[ 2016-10-17T11:28:46+08:00 ] 127.0.0.1 /index.php/Home/Index/index.html
INFO: [ app_begin ] --START--
INFO: Run Behavior\ReadHtmlCacheBehavior [ RunTime:0.000590s ]
INFO: [ app_begin ] --END-- [ RunTime:0.000931s ]
SQL: SHOW COLUMNS FROM `fox_user` [ RunTime:0.0024s ]

[ 2016-10-17T11:29:13+08:00 ] 127.0.0.1 /index.php/Home/Index/index.html
INFO: [ app_begin ] --START--
INFO: Run Behavior\ReadHtmlCacheBehavior [ RunTime:0.000613s ]
INFO: [ app_begin ] --END-- [ RunTime:0.001000s ]
SQL: SHOW COLUMNS FROM `fox_user` [ RunTime:0.0045s ]

[ 2016-10-17T11:29:17+08:00 ] 127.0.0.1 /index.php/Home/Index/index.html
INFO: [ app_begin ] --START--
INFO: Run Behavior\ReadHtmlCacheBehavior [ RunTime:0.000539s ]
INFO: [ app_begin ] --END-- [ RunTime:0.000885s ]
SQL: SHOW COLUMNS FROM `fox_user` [ RunTime:0.0044s ]

[ 2016-10-17T11:29:55+08:00 ] 127.0.0.1 /index.php/Home/Index/index.html
INFO: [ app_begin ] --START--
INFO: Run Behavior\ReadHtmlCacheBehavior [ RunTime:0.000514s ]
INFO: [ app_begin ] --END-- [ RunTime:0.000820s ]
SQL: SHOW COLUMNS FROM `fox_user` [ RunTime:0.0053s ]

[ 2016-10-17T11:30:34+08:00 ] 127.0.0.1 /index.php/Home/Index/index.html
INFO: [ app_begin ] --START--
INFO: Run Behavior\ReadHtmlCacheBehavior [ RunTime:0.000435s ]
INFO: [ app_begin ] --END-- [ RunTime:0.000723s ]
SQL: SHOW COLUMNS FROM `fox_user` [ RunTime:0.0033s ]
SQL: SELECT `user_id` FROM `fox_user` WHERE `username` = 'qwe' AND `password` = '4297f44b13955235245b2497399d7a93' LIMIT 1   [ RunTime:0.0003s ]
SQL: SELECT `is_activate` FROM `fox_user` WHERE `username` = 'qwe' AND `password` = '4297f44b13955235245b2497399d7a93' LIMIT 1   [ RunTime:0.0002s ]

[ 2016-10-17T11:30:54+08:00 ] 127.0.0.1 /index.php/Home/Index/index.html
INFO: [ app_begin ] --START--
INFO: Run Behavior\ReadHtmlCacheBehavior [ RunTime:0.000680s ]
INFO: [ app_begin ] --END-- [ RunTime:0.001170s ]
SQL: SHOW COLUMNS FROM `fox_user` [ RunTime:0.0034s ]
SQL: SELECT `user_id` FROM `fox_user` WHERE `username` = 'qwe' AND `password` = 'efe6398127928f1b2e9ef3207fb82663' LIMIT 1   [ RunTime:0.0002s ]
SQL: SELECT `is_activate` FROM `fox_user` WHERE `username` = 'qwe' AND `password` = 'efe6398127928f1b2e9ef3207fb82663' LIMIT 1   [ RunTime:0.0001s ]

[ 2016-10-17T11:31:08+08:00 ] 127.0.0.1 /index.php/Home/Index/index.html
INFO: [ app_begin ] --START--
INFO: Run Behavior\ReadHtmlCacheBehavior [ RunTime:0.000334s ]
INFO: [ app_begin ] --END-- [ RunTime:0.000705s ]
SQL: SHOW COLUMNS FROM `fox_user` [ RunTime:0.0028s ]
SQL: SELECT `user_id` FROM `fox_user` WHERE `username` = 'qwe' AND `password` = 'efe6398127928f1b2e9ef3207fb82663' LIMIT 1   [ RunTime:0.0003s ]
SQL: SELECT `is_activate` FROM `fox_user` WHERE `username` = 'qwe' AND `password` = 'efe6398127928f1b2e9ef3207fb82663' LIMIT 1   [ RunTime:0.0002s ]

[ 2016-10-17T11:32:43+08:00 ] 127.0.0.1 /index.php/Home/Index/index.html
INFO: [ app_begin ] --START--
INFO: Run Behavior\ReadHtmlCacheBehavior [ RunTime:0.000351s ]
INFO: [ app_begin ] --END-- [ RunTime:0.000624s ]
SQL: SHOW COLUMNS FROM `fox_user` [ RunTime:0.0025s ]
SQL: SELECT `user_id` FROM `fox_user` WHERE `username` = 'qwe' AND `password` = 'efe6398127928f1b2e9ef3207fb82663' LIMIT 1   [ RunTime:0.0002s ]
SQL: SELECT `is_activate` FROM `fox_user` WHERE `username` = 'qwe' AND `password` = 'efe6398127928f1b2e9ef3207fb82663' LIMIT 1   [ RunTime:0.0002s ]
SQL: SELECT * FROM `fox_user` LIMIT 1   [ RunTime:0.0002s ]

[ 2016-10-17T11:34:03+08:00 ] 127.0.0.1 /index.php/Home/Index/index.html
INFO: [ app_begin ] --START--
INFO: Run Behavior\ReadHtmlCacheBehavior [ RunTime:0.000455s ]
INFO: [ app_begin ] --END-- [ RunTime:0.000739s ]
SQL: SHOW COLUMNS FROM `fox_user` [ RunTime:0.0043s ]
SQL: SELECT `user_id` FROM `fox_user` WHERE `username` = 'qwe' AND `password` = 'efe6398127928f1b2e9ef3207fb82663' LIMIT 1   [ RunTime:0.0002s ]
SQL: SELECT `is_activate` FROM `fox_user` WHERE `username` = 'qwe' AND `password` = 'efe6398127928f1b2e9ef3207fb82663' LIMIT 1   [ RunTime:0.0001s ]
SQL: SELECT * FROM `fox_user` LIMIT 1   [ RunTime:0.0002s ]

[ 2016-10-17T11:34:54+08:00 ] 127.0.0.1 /index.php/Home/Index/index.html
INFO: [ app_begin ] --START--
INFO: Run Behavior\ReadHtmlCacheBehavior [ RunTime:0.000808s ]
INFO: [ app_begin ] --END-- [ RunTime:0.001409s ]
SQL: SHOW COLUMNS FROM `fox_user` [ RunTime:0.0027s ]
SQL: SELECT `user_id` FROM `fox_user` WHERE `username` = 'qwe' AND `password` = 'efe6398127928f1b2e9ef3207fb82663' LIMIT 1   [ RunTime:0.0002s ]
SQL: SELECT `is_activate` FROM `fox_user` WHERE `username` = 'qwe' AND `password` = 'efe6398127928f1b2e9ef3207fb82663' LIMIT 1   [ RunTime:0.0001s ]
SQL: SELECT * FROM `fox_user` LIMIT 1   [ RunTime:0.0001s ]

[ 2016-10-17T11:47:58+08:00 ] 127.0.0.1 /index.php/Home/Index/index.html
INFO: [ app_begin ] --START--
INFO: Run Behavior\ReadHtmlCacheBehavior [ RunTime:0.000740s ]
INFO: [ app_begin ] --END-- [ RunTime:0.001223s ]
SQL: SHOW COLUMNS FROM `fox_user` [ RunTime:0.0032s ]
SQL: SELECT `user_id` FROM `fox_user` WHERE `username` = 'qwe' AND `password` = 'efe6398127928f1b2e9ef3207fb82663' LIMIT 1   [ RunTime:0.0003s ]
SQL: SELECT `is_activate` FROM `fox_user` WHERE `username` = 'qwe' AND `password` = 'efe6398127928f1b2e9ef3207fb82663' LIMIT 1   [ RunTime:0.0003s ]
SQL: SELECT * FROM `fox_user` LIMIT 1   [ RunTime:0.0002s ]

[ 2016-10-17T11:48:57+08:00 ] 127.0.0.1 /index.php/Home/Index/index.html
INFO: [ app_begin ] --START--
INFO: Run Behavior\ReadHtmlCacheBehavior [ RunTime:0.000499s ]
INFO: [ app_begin ] --END-- [ RunTime:0.000933s ]
SQL: SHOW COLUMNS FROM `fox_user` [ RunTime:0.0026s ]
SQL: SELECT `user_id` FROM `fox_user` WHERE `username` = 'qwe' AND `password` = 'efe6398127928f1b2e9ef3207fb82663' LIMIT 1   [ RunTime:0.0002s ]
SQL: SELECT `is_activate` FROM `fox_user` WHERE `username` = 'qwe' AND `password` = 'efe6398127928f1b2e9ef3207fb82663' LIMIT 1   [ RunTime:0.0001s ]
SQL: SELECT * FROM `fox_user` LIMIT 1   [ RunTime:0.0002s ]

[ 2016-10-17T11:49:46+08:00 ] 127.0.0.1 /index.php/Home/Index/index.html
INFO: [ app_begin ] --START--
INFO: Run Behavior\ReadHtmlCacheBehavior [ RunTime:0.000417s ]
INFO: [ app_begin ] --END-- [ RunTime:0.000693s ]
SQL: SHOW COLUMNS FROM `fox_user` [ RunTime:0.0027s ]
SQL: SELECT `user_id` FROM `fox_user` WHERE `username` = 'qwe' AND `password` = 'efe6398127928f1b2e9ef3207fb82663' LIMIT 1   [ RunTime:0.0002s ]
SQL: SELECT `is_activate` FROM `fox_user` WHERE `username` = 'qwe' AND `password` = 'efe6398127928f1b2e9ef3207fb82663' LIMIT 1   [ RunTime:0.0002s ]
SQL: SELECT * FROM `fox_user` LIMIT 1   [ RunTime:0.0002s ]

[ 2016-10-17T11:50:32+08:00 ] 127.0.0.1 /index.php/Home/Index/index.html
INFO: [ app_begin ] --START--
INFO: Run Behavior\ReadHtmlCacheBehavior [ RunTime:0.000412s ]
INFO: [ app_begin ] --END-- [ RunTime:0.000710s ]
SQL: SHOW COLUMNS FROM `fox_user` [ RunTime:0.0078s ]
SQL: SELECT `user_id` FROM `fox_user` WHERE `username` = 'qwe' AND `password` = 'efe6398127928f1b2e9ef3207fb82663' LIMIT 1   [ RunTime:0.0002s ]
SQL: SELECT `is_activate` FROM `fox_user` WHERE `username` = 'qwe' AND `password` = 'efe6398127928f1b2e9ef3207fb82663' LIMIT 1   [ RunTime:0.0001s ]
SQL: SELECT * FROM `fox_user` LIMIT 1   [ RunTime:0.0001s ]

[ 2016-10-17T11:50:58+08:00 ] 127.0.0.1 /index.php/Home/Index/index.html
INFO: [ app_begin ] --START--
INFO: Run Behavior\ReadHtmlCacheBehavior [ RunTime:0.000311s ]
INFO: [ app_begin ] --END-- [ RunTime:0.000565s ]
SQL: SHOW COLUMNS FROM `fox_user` [ RunTime:0.0026s ]
SQL: SELECT `user_id` FROM `fox_user` WHERE `username` = 'qwe' AND `password` = 'efe6398127928f1b2e9ef3207fb82663' LIMIT 1   [ RunTime:0.0002s ]
SQL: SELECT `is_activate` FROM `fox_user` WHERE `username` = 'qwe' AND `password` = 'efe6398127928f1b2e9ef3207fb82663' LIMIT 1   [ RunTime:0.0001s ]
SQL: SELECT * FROM `fox_user` LIMIT 1   [ RunTime:0.0001s ]

